2025-12-20 23:05:27 - ml.src.pipeline_config_extended - INFO - Pipeline configuration validated successfully
2025-12-20 23:05:27 - __main__ - INFO - 
================================================================================
2025-12-20 23:05:27 - __main__ - INFO - SEQUENCE XGBoost TRAINING PIPELINE - XAU/USD 1-Minute Data
2025-12-20 23:05:27 - __main__ - INFO - ================================================================================
2025-12-20 23:05:27 - __main__ - INFO - Log file: C:\Users\Arek\Documents\Repos\Traiding\Trading-ML\ml\outputs\logs\sequence_xgb_train_years_2025_20251220_230527.log
2025-12-20 23:05:27 - __main__ - INFO - Start time: 2025-12-20 23:05:27
2025-12-20 23:05:27 - __main__ - INFO - Data years: [2025]
2025-12-20 23:05:27 - __main__ - INFO - 
Pipeline Configuration:
2025-12-20 23:05:27 - __main__ - INFO -   Feature engineering version: v1
2025-12-20 23:05:27 - __main__ - INFO -   Window size: 60 candles
2025-12-20 23:05:27 - __main__ - INFO -   ATR SL multiplier: 1x (from risk_config.py)
2025-12-20 23:05:27 - __main__ - INFO -   ATR TP multiplier: 2x (from risk_config.py)
2025-12-20 23:05:27 - __main__ - INFO -   Min hold time: 5 minutes
2025-12-20 23:05:27 - __main__ - INFO -   Max horizon: 60 candles
2025-12-20 23:05:27 - __main__ - INFO -   Trading session: london_ny
2025-12-20 23:05:27 - __main__ - INFO -   Min precision threshold: 0.7
2025-12-20 23:05:27 - __main__ - INFO -   M5 alignment filter: disabled
2025-12-20 23:05:27 - __main__ - INFO -   Trend filter: disabled
2025-12-20 23:05:27 - __main__ - INFO -   Pullback filter: disabled
2025-12-20 23:05:27 - __main__ - INFO -   Random state: 42
2025-12-20 23:05:27 - __main__ - INFO - ================================================================================

2025-12-20 23:05:27 - ml.src.pipeline_stages - INFO - Loading data from C:\Users\Arek\Documents\Repos\Traiding\Trading-ML\ml\src\data
2025-12-20 23:05:27 - ml.src.data_loading.loaders - INFO - Year filter applied: loading only [2025]
2025-12-20 23:05:27 - ml.src.pipeline_stages - INFO - Loaded 18,875 rows from C:\Users\Arek\Documents\Repos\Traiding\Trading-ML\ml\src\data
2025-12-20 23:05:27 - ml.src.pipeline_stages - INFO - Date range: 2025-12-01 00:00:00 to 2025-12-18 17:39:00
2025-12-20 23:05:27 - ml.src.pipeline_stages - WARNING - feature_version parameter is deprecated and ignored (passed: v1)
2025-12-20 23:05:27 - ml.src.pipeline_stages - INFO - Aggregating M1 data to M5 timeframe...
2025-12-20 23:05:27 - ml.src.features.engineer_m5 - INFO - Aggregating 18875 M1 candles to M5...
2025-12-20 23:05:27 - ml.src.features.engineer_m5 - INFO - Aggregated to 3776 M5 candles (5.0x compression)
2025-12-20 23:05:27 - ml.src.pipeline_stages - INFO - Aggregated 18,875 M1 candles → 3,776 M5 candles (20.0% compression)
2025-12-20 23:05:27 - ml.src.pipeline_stages - INFO - Engineering technical features on M5 timeframe (with M15/M60 context)...
2025-12-20 23:05:27 - ml.src.features.engineer_m5 - INFO - Engineering M5 features...
2025-12-20 23:05:27 - ml.src.features.engineer_m5 - INFO - Aggregating 3776 M1 candles to M5...
2025-12-20 23:05:27 - ml.src.features.engineer_m5 - INFO - Aggregated to 3776 M5 candles (1.0x compression)
2025-12-20 23:05:27 - ml.src.features.engineer_m5 - INFO - Computing M5 primary features...
2025-12-20 23:05:27 - ml.src.features.engineer_m5 - INFO - Computing M15 context from M5...
2025-12-20 23:05:27 - ml.src.features.engineer_m5 - INFO - Computing M60 context from M5...
2025-12-20 23:05:27 - ml.src.features.engineer_m5 - INFO - M5 feature engineering complete: 3776 rows × 18 features
2025-12-20 23:05:27 - ml.src.features.engineer_m5 - INFO - Timeframe: M5 (5-minute candles)
2025-12-20 23:05:27 - ml.src.features.engineer_m5 - INFO - Date range: 2025-12-01 00:00:00 to 2025-12-18 17:35:00
2025-12-20 23:05:27 - ml.src.pipeline_stages - INFO - Features shape: (3776, 18)
2025-12-20 23:05:27 - ml.src.pipeline_stages - INFO - Feature columns: 18
2025-12-20 23:05:27 - ml.src.features.engineer_m5 - INFO - Aggregating 18875 M1 candles to M5...
2025-12-20 23:05:27 - ml.src.features.engineer_m5 - INFO - Aggregated to 3776 M5 candles (5.0x compression)
2025-12-20 23:05:27 - ml.src.pipeline_stages - INFO - Creating targets on M5 timeframe (SL=1×ATR, TP=2×ATR, min_hold=5 M5 candles, max_horizon=60 M5 candles)
2025-12-20 23:05:27 - ml.src.targets.target_maker - INFO - Creating targets (SL/TP simulation) for 3,776 candles...
2025-12-20 23:05:27 - ml.src.targets.target_maker - INFO - Parameters: SL=1×ATR, TP=2×ATR, min_hold=5min, max_horizon=60min
2025-12-20 23:05:27 - ml.src.targets.target_maker - INFO - Calculating M1 ATR(14) for SL/TP targets (fallback)
2025-12-20 23:05:27 - ml.src.targets.target_maker - INFO - Target creation complete: 3,716 valid targets
2025-12-20 23:05:27 - ml.src.pipeline_stages - INFO - Targets shape: 3716
2025-12-20 23:05:27 - ml.src.pipeline_stages - INFO - Positive class (win): 1,290 (34.71%)
2025-12-20 23:05:27 - ml.src.pipeline_stages - INFO - Negative class (loss): 2,426 (65.29%)
2025-12-20 23:05:27 - ml.src.pipeline_stages - INFO - Creating sequences on M5 timeframe (window_size=60 M5 candles = 300 minutes)...
2025-12-20 23:05:27 - ml.src.pipeline_stages - INFO - Filter config: m5_alignment=False (already M5), trend=False, pullback=False, max_windows=200,000
2025-12-20 23:05:27 - ml.src.sequences.sequencer - INFO - M5 alignment filter disabled; keeping all timestamps irrespective of minute alignment
2025-12-20 23:05:27 - ml.src.sequences.sequencer - INFO - Trend filter disabled; not enforcing SMA/ADX conditions
2025-12-20 23:05:27 - ml.src.sequences.sequencer - INFO - Pullback filter disabled; not constraining RSI_M5
2025-12-20 23:05:27 - ml.src.sequences.sequencer - INFO - Session filter 'london_ny': keeping 2,240 / 3,657 windows (61.3%)
2025-12-20 23:05:27 - ml.src.pipeline_stages - INFO - Sequences created: X.shape=(2240, 1080), y.shape=(2240,)
2025-12-20 23:05:27 - ml.src.pipeline_stages - INFO - Positive class in sequences: 771 (34.42%)
2025-12-20 23:05:27 - ml.src.pipeline_stages - INFO - Splitting data chronologically (train/val/test)...
2025-12-20 23:05:27 - ml.src.pipeline_stages - INFO - Using percentage split (70/15/15) for year_filter=[2025]
2025-12-20 23:05:27 - ml.src.pipeline_stages - INFO - Split sizes: train=1,568, val=336, test=336
2025-12-20 23:05:27 - ml.src.pipeline_stages - INFO - Scaling features with RobustScaler (robust to outliers)...
2025-12-20 23:05:28 - ml.src.pipeline_stages - INFO - Feature scaling complete: mean=0.0253, std=0.7474
2025-12-20 23:05:28 - ml.src.pipeline_stages - INFO - Training XGBoost classifier...
2025-12-20 23:05:28 - ml.src.training.sequence_xgb_trainer - INFO - Class balance (train): pos=534, neg=1,034, imbalance_ratio=1.94
2025-12-20 23:05:28 - ml.src.training.sequence_xgb_trainer - INFO - Applied scale_pos_weight=1.9363 to handle class imbalance
2025-12-20 23:05:28 - ml.src.training.sequence_xgb_trainer - INFO - Training XGBoost classifier...
2025-12-20 23:05:35 - ml.src.training.sequence_xgb_trainer - INFO - Training completed
2025-12-20 23:05:35 - ml.src.pipeline_stages - INFO - Evaluating model on test set...
2025-12-20 23:05:35 - ml.src.training.sequence_evaluation - INFO - Probability stats: min=0.3471, max=0.6077, mean=0.4590, std=0.0485
2025-12-20 23:05:35 - ml.src.training.sequence_evaluation - WARNING - No threshold met precision >= 0.70 with >= 5 trades. Falling back to maximizing precision with stability constraint.
2025-12-20 23:05:36 - ml.src.training.sequence_evaluation - INFO - Confusion matrix@thr=0.20:
2025-12-20 23:05:36 - ml.src.training.sequence_evaluation - INFO -   [[TN=208, FP=19],
2025-12-20 23:05:36 - ml.src.training.sequence_evaluation - INFO -    [FN=98, TP=11]]
2025-12-20 23:05:36 - ml.src.pipeline_stages - INFO - Evaluation metrics: threshold=0.20, win_rate=0.3667 (36.67%), precision=0.3667, recall=0.1009, f1=0.1583, roc_auc=0.5232, pr_auc=0.3279
2025-12-20 23:05:36 - ml.src.pipeline_stages - INFO - Saving artifacts...
2025-12-20 23:05:36 - ml.src.training.sequence_artifacts - INFO - Saved model to sequence_xgb_model.pkl
2025-12-20 23:05:36 - ml.src.training.sequence_artifacts - INFO - Saved scaler to sequence_scaler.pkl (required for inference)
2025-12-20 23:05:36 - ml.src.training.sequence_artifacts - INFO - Saved feature columns to sequence_feature_columns.json
2025-12-20 23:05:36 - ml.src.training.sequence_artifacts - INFO - Saved metadata to sequence_threshold.json (analysis_window=7 days)
2025-12-20 23:05:36 - ml.src.training.sequence_artifacts - INFO - Analyzing feature importance...
2025-12-20 23:05:36 - ml.src.training.sequence_feature_analysis - INFO - 
Top 30 most important features:
2025-12-20 23:05:36 - ml.src.training.sequence_feature_analysis - INFO -    1. t-1_rsi_m60                              = 0.011705
2025-12-20 23:05:36 - ml.src.training.sequence_feature_analysis - INFO -    2. t-3_bb_pos_m60                           = 0.009362
2025-12-20 23:05:36 - ml.src.training.sequence_feature_analysis - INFO -    3. t-13_rsi_m60                             = 0.005360
2025-12-20 23:05:36 - ml.src.training.sequence_feature_analysis - INFO -    4. t-8_stoch_d_m5                           = 0.005291
2025-12-20 23:05:36 - ml.src.training.sequence_feature_analysis - INFO -    5. t-38_rsi_m5                              = 0.004803
2025-12-20 23:05:36 - ml.src.training.sequence_feature_analysis - INFO -    6. t-10_rsi_m60                             = 0.004632
2025-12-20 23:05:36 - ml.src.training.sequence_feature_analysis - INFO -    7. t-46_bb_pos_m15                          = 0.004558
2025-12-20 23:05:36 - ml.src.training.sequence_feature_analysis - INFO -    8. t-20_bb_pos_m60                          = 0.004498
2025-12-20 23:05:36 - ml.src.training.sequence_feature_analysis - INFO -    9. t-12_bb_pos_m60                          = 0.004402
2025-12-20 23:05:36 - ml.src.training.sequence_feature_analysis - INFO -   10. t-0_rsi_m60                              = 0.004212
2025-12-20 23:05:36 - ml.src.training.sequence_feature_analysis - INFO -   11. t-42_bb_pos_m60                          = 0.004195
2025-12-20 23:05:36 - ml.src.training.sequence_feature_analysis - INFO -   12. t-48_bb_pos_m15                          = 0.004181
2025-12-20 23:05:36 - ml.src.training.sequence_feature_analysis - INFO -   13. t-9_rsi_m60                              = 0.004009
2025-12-20 23:05:36 - ml.src.training.sequence_feature_analysis - INFO -   14. t-54_adx                                 = 0.003952
2025-12-20 23:05:36 - ml.src.training.sequence_feature_analysis - INFO -   15. t-31_dist_sma_200                        = 0.003947
2025-12-20 23:05:36 - ml.src.training.sequence_feature_analysis - INFO -   16. t-38_atr_norm_m5                         = 0.003880
2025-12-20 23:05:36 - ml.src.training.sequence_feature_analysis - INFO -   17. t-12_rsi_m60                             = 0.003874
2025-12-20 23:05:36 - ml.src.training.sequence_feature_analysis - INFO -   18. t-54_stoch_d_m5                          = 0.003856
2025-12-20 23:05:36 - ml.src.training.sequence_feature_analysis - INFO -   19. t-14_rsi_m60                             = 0.003607
2025-12-20 23:05:36 - ml.src.training.sequence_feature_analysis - INFO -   20. t-55_bb_pos_m60                          = 0.003575
2025-12-20 23:05:36 - ml.src.training.sequence_feature_analysis - INFO -   21. t-1_bb_pos_m60                           = 0.003473
2025-12-20 23:05:36 - ml.src.training.sequence_feature_analysis - INFO -   22. t-42_rsi_m15                             = 0.003441
2025-12-20 23:05:36 - ml.src.training.sequence_feature_analysis - INFO -   23. t-52_rsi_m15                             = 0.003399
2025-12-20 23:05:36 - ml.src.training.sequence_feature_analysis - INFO -   24. t-8_dist_sma_20_m15                      = 0.003396
2025-12-20 23:05:36 - ml.src.training.sequence_feature_analysis - INFO -   25. t-51_bb_pos_m15                          = 0.003385
2025-12-20 23:05:36 - ml.src.training.sequence_feature_analysis - INFO -   26. t-2_adx                                  = 0.003383
2025-12-20 23:05:36 - ml.src.training.sequence_feature_analysis - INFO -   27. t-53_macd_hist_m5                        = 0.003381
2025-12-20 23:05:36 - ml.src.training.sequence_feature_analysis - INFO -   28. t-35_adx                                 = 0.003360
2025-12-20 23:05:36 - ml.src.training.sequence_feature_analysis - INFO -   29. t-8_adx                                  = 0.003279
2025-12-20 23:05:36 - ml.src.training.sequence_feature_analysis - INFO -   30. t-58_dist_sma_20_m5                      = 0.003252
2025-12-20 23:05:36 - ml.src.training.sequence_feature_analysis - INFO - 
Aggregated importance by feature type:
2025-12-20 23:05:36 - ml.src.training.sequence_feature_analysis - INFO -   rsi_m60                        = 0.094975
2025-12-20 23:05:36 - ml.src.training.sequence_feature_analysis - INFO -   bb_pos_m60                     = 0.086793
2025-12-20 23:05:36 - ml.src.training.sequence_feature_analysis - INFO -   adx                            = 0.080954
2025-12-20 23:05:36 - ml.src.training.sequence_feature_analysis - INFO -   atr_norm_m5                    = 0.070461
2025-12-20 23:05:36 - ml.src.training.sequence_feature_analysis - INFO -   bb_pos_m15                     = 0.070380
2025-12-20 23:05:36 - ml.src.training.sequence_feature_analysis - INFO -   volume_m15_norm                = 0.064041
2025-12-20 23:05:36 - ml.src.training.sequence_feature_analysis - INFO -   dist_sma_200                   = 0.058412
2025-12-20 23:05:36 - ml.src.training.sequence_feature_analysis - INFO -   rsi_m15                        = 0.056857
2025-12-20 23:05:36 - ml.src.training.sequence_feature_analysis - INFO -   macd_hist_m5                   = 0.056020
2025-12-20 23:05:36 - ml.src.training.sequence_feature_analysis - INFO -   stoch_d_m5                     = 0.053750
2025-12-20 23:05:36 - ml.src.training.sequence_artifacts - INFO - Saved feature importance to sequence_feature_importance.json
2025-12-20 23:05:36 - ml.src.pipeline_stages - INFO - Artifacts saved to C:\Users\Arek\Documents\Repos\Traiding\Trading-ML\ml\outputs\models
2025-12-20 23:05:36 - __main__ - INFO - 
================================================================================
2025-12-20 23:05:36 - __main__ - INFO - TRAINING COMPLETE - SUMMARY
2025-12-20 23:05:36 - __main__ - INFO - ================================================================================
2025-12-20 23:05:36 - __main__ - INFO - End time: 2025-12-20 23:05:36
2025-12-20 23:05:36 - __main__ - INFO - 
Final Metrics:
2025-12-20 23:05:36 - __main__ - INFO -   Window Size:       60 candles
2025-12-20 23:05:36 - __main__ - INFO -   Threshold:         0.2000
2025-12-20 23:05:36 - __main__ - INFO -   WIN RATE:          0.3667 (36.67%)
2025-12-20 23:05:36 - __main__ - INFO -   Precision:         0.3667
2025-12-20 23:05:36 - __main__ - INFO -   Recall:            0.1009
2025-12-20 23:05:36 - __main__ - INFO -   F1 Score:          0.1583
2025-12-20 23:05:36 - __main__ - INFO -   ROC-AUC:           0.5232
2025-12-20 23:05:36 - __main__ - INFO -   PR-AUC:            0.3279
2025-12-20 23:05:36 - __main__ - INFO - 
Artifacts saved to: C:\Users\Arek\Documents\Repos\Traiding\Trading-ML\ml\outputs\models
2025-12-20 23:05:36 - __main__ - INFO - ================================================================================
