2025-12-22 14:14:51 - ml.src.pipeline_config_extended - INFO - Pipeline configuration validated successfully
2025-12-22 14:14:51 - __main__ - INFO - 
================================================================================
2025-12-22 14:14:51 - __main__ - INFO - SEQUENCE XGBoost TRAINING PIPELINE - XAU/USD 1-Minute Data
2025-12-22 14:14:51 - __main__ - INFO - ================================================================================
2025-12-22 14:14:51 - __main__ - INFO - Log file: C:\Users\Arek\Documents\Repos\Traiding\Trading-ML\ml\outputs\logs\sequence_xgb_train_years_2024_20251222_141451.log
2025-12-22 14:14:51 - __main__ - INFO - Start time: 2025-12-22 14:14:51
2025-12-22 14:14:51 - __main__ - INFO - Data years: [2024]
2025-12-22 14:14:51 - __main__ - INFO - 
Pipeline Configuration:
2025-12-22 14:14:51 - __main__ - INFO -   Feature engineering version: v1
2025-12-22 14:14:51 - __main__ - INFO -   Window size: 60 candles
2025-12-22 14:14:51 - __main__ - INFO -   ATR SL multiplier: 1.0x (from risk_config.py)
2025-12-22 14:14:51 - __main__ - INFO -   ATR TP multiplier: 2.0x (from risk_config.py)
2025-12-22 14:14:51 - __main__ - INFO -   Min hold time: 2 M5 candles
2025-12-22 14:14:51 - __main__ - INFO -   Max horizon: 60 M5 candles
2025-12-22 14:14:51 - __main__ - INFO -   Trading session: london_ny
2025-12-22 14:14:51 - __main__ - INFO -   Threshold optimization: HYBRID (EV with precision AND recall floors)
2025-12-22 14:14:51 - __main__ - INFO -     - Min precision: 0.55
2025-12-22 14:14:51 - __main__ - INFO -     - Min recall: 0.0
2025-12-22 14:14:51 - __main__ - INFO -     - Win coefficient: 1.0
2025-12-22 14:14:51 - __main__ - INFO -     - Loss coefficient: -1.0
2025-12-22 14:14:51 - __main__ - INFO -   M5 alignment filter: disabled
2025-12-22 14:14:51 - __main__ - INFO -   Trend filter: enabled
2025-12-22 14:14:51 - __main__ - INFO -   Pullback filter: disabled
2025-12-22 14:14:51 - __main__ - INFO -   Random state: 42
2025-12-22 14:14:51 - __main__ - INFO - ================================================================================

2025-12-22 14:14:51 - ml.src.pipeline_stages - INFO - Loading data from C:\Users\Arek\Documents\Repos\Traiding\Trading-ML\ml\src\data
2025-12-22 14:14:51 - ml.src.data_loading.loaders - INFO - Year filter applied: loading only [2024]
2025-12-22 14:14:52 - ml.src.pipeline_stages - INFO - Loaded 355,661 rows from C:\Users\Arek\Documents\Repos\Traiding\Trading-ML\ml\src\data
2025-12-22 14:14:52 - ml.src.pipeline_stages - INFO - Date range: 2024-01-02 01:00:00 to 2024-12-31 23:46:00
2025-12-22 14:14:52 - ml.src.pipeline_stages - WARNING - feature_version parameter is deprecated and ignored (passed: v1)
2025-12-22 14:14:52 - ml.src.pipeline_stages - INFO - Aggregating M1 data to M5 timeframe...
2025-12-22 14:14:52 - ml.src.features.engineer_m5 - INFO - Aggregating 355661 M1 candles to M5...
2025-12-22 14:14:52 - ml.src.features.engineer_m5 - INFO - Aggregated to 71208 M5 candles (5.0x compression)
2025-12-22 14:14:52 - ml.src.pipeline_stages - INFO - Aggregated 355,661 M1 candles → 71,208 M5 candles (20.0% compression)
2025-12-22 14:14:52 - ml.src.pipeline_stages - INFO - Engineering technical features on M5 timeframe (with M15/M60 context)...
2025-12-22 14:14:52 - ml.src.features.engineer_m5 - INFO - Engineering M5 features...
2025-12-22 14:14:52 - ml.src.features.engineer_m5 - INFO - Aggregating 71208 M1 candles to M5...
2025-12-22 14:14:52 - ml.src.features.engineer_m5 - INFO - Aggregated to 71208 M5 candles (1.0x compression)
2025-12-22 14:14:52 - ml.src.features.engineer_m5 - INFO - Computing M5 primary features...
2025-12-22 14:14:56 - ml.src.features.engineer_m5 - INFO - Computing M15 context from M5...
2025-12-22 14:14:57 - ml.src.features.engineer_m5 - INFO - Computing M60 context from M5...
2025-12-22 14:14:58 - ml.src.features.engineer_m5 - INFO - M5 feature engineering complete: 71208 rows × 24 features
2025-12-22 14:14:58 - ml.src.features.engineer_m5 - INFO - Timeframe: M5 (5-minute candles)
2025-12-22 14:14:58 - ml.src.features.engineer_m5 - INFO - Date range: 2024-01-02 01:00:00 to 2024-12-31 23:45:00
2025-12-22 14:14:58 - ml.src.pipeline_stages - INFO - Features shape: (71208, 24)
2025-12-22 14:14:58 - ml.src.pipeline_stages - INFO - Feature columns: 24
2025-12-22 14:14:58 - ml.src.features.engineer_m5 - INFO - Aggregating 355660 M1 candles to M5...
2025-12-22 14:14:58 - ml.src.features.engineer_m5 - INFO - Aggregated to 71208 M5 candles (5.0x compression)
2025-12-22 14:14:58 - ml.src.pipeline_stages - INFO - Creating targets on M5 timeframe (SL=1.0×ATR, TP=2.0×ATR, min_hold=2 M5 candles, max_horizon=60 M5 candles)
2025-12-22 14:14:58 - ml.src.targets.target_maker - INFO - Creating targets (SL/TP simulation) for 71,208 candles...
2025-12-22 14:14:58 - ml.src.targets.target_maker - INFO - Parameters: SL=1.0×ATR, TP=2.0×ATR, min_hold=2min, max_horizon=60min
2025-12-22 14:14:58 - ml.src.targets.target_maker - INFO - Calculating M1 ATR(14) for SL/TP targets (fallback)
2025-12-22 14:14:58 - ml.src.targets.target_maker - INFO - Target creation complete: 71,148 valid targets
2025-12-22 14:14:58 - ml.src.pipeline_stages - INFO - Targets shape: 71148
2025-12-22 14:14:58 - ml.src.pipeline_stages - INFO - Positive class (win): 25,616 (36.00%)
2025-12-22 14:14:58 - ml.src.pipeline_stages - INFO - Negative class (loss): 45,532 (64.00%)
2025-12-22 14:14:58 - ml.src.pipeline_stages - INFO - Creating sequences on M5 timeframe (window_size=60 M5 candles = 300 minutes)...
2025-12-22 14:14:58 - ml.src.pipeline_stages - INFO - Filter config: m5_alignment=False (already M5), trend=True, pullback=False, max_windows=10,000
2025-12-22 14:14:58 - ml.src.sequences.sequencer - INFO - M5 alignment filter disabled; keeping all timestamps irrespective of minute alignment
2025-12-22 14:14:58 - ml.src.sequences.sequencer - INFO - Applied Trend Filter (dist_sma_200 > 0.00, ADX > 15.00): kept 38063/71089 (53.5%)
2025-12-22 14:14:58 - ml.src.sequences.sequencer - INFO - Pullback filter disabled; not constraining RSI_M5
2025-12-22 14:14:58 - ml.src.sequences.sequencer - INFO - Session filter 'london_ny': keeping 23,203 / 71,089 windows (32.6%)
2025-12-22 14:14:58 - ml.src.sequences.sequencer - WARNING - Too many windows (23,203) for memory safety. Capping to last 10,000 windows.
2025-12-22 14:14:58 - ml.src.sequences.sequencer - INFO - After capping: 10,000 windows
2025-12-22 14:14:58 - ml.src.pipeline_stages - INFO - Sequences created: X.shape=(10000, 1440), y.shape=(10000,)
2025-12-22 14:14:58 - ml.src.pipeline_stages - INFO - Positive class in sequences: 3,673 (36.73%)
2025-12-22 14:14:58 - ml.src.pipeline_stages - INFO - Using chronological 3-way split (train/val/test)...
2025-12-22 14:14:58 - ml.src.pipeline_stages - INFO - Using percentage split (70/15/15) for year_filter=[2024]
2025-12-22 14:14:58 - ml.src.pipeline_stages - INFO - Split sizes: train=7,000, val=1,500, test=1,500
2025-12-22 14:14:58 - ml.src.pipeline_stages - INFO - Class distribution validation:
2025-12-22 14:14:58 - ml.src.pipeline_stages - INFO -   TRAIN: pos=2,646 (37.8%), neg=4,354 (62.2%)
2025-12-22 14:14:58 - ml.src.pipeline_stages - INFO -   VAL: pos=546 (36.4%), neg=954 (63.6%)
2025-12-22 14:14:58 - ml.src.pipeline_stages - INFO -   TEST: pos=481 (32.1%), neg=1,019 (67.9%)
2025-12-22 14:14:58 - ml.src.pipeline_stages - INFO -   Max difference in positive class: 5.7% (tolerance: 10.0%)
2025-12-22 14:14:58 - ml.src.pipeline_stages - INFO -   ✅ Class distributions are stable (max diff: 5.7% < 10.0%)
2025-12-22 14:14:58 - ml.src.pipeline_stages - WARNING - ⚠️  59 sequences cross train/val boundary (potential data leakage)
2025-12-22 14:14:58 - ml.src.pipeline_stages - WARNING - ⚠️  59 sequences cross val/test boundary (potential data leakage)
2025-12-22 14:14:58 - ml.src.pipeline_stages - WARNING -    Consider removing boundary-crossing sequences to prevent data leakage
2025-12-22 14:14:58 - ml.src.pipeline_stages - INFO - Scaling features with RobustScaler (robust to outliers)...
2025-12-22 14:14:59 - ml.src.pipeline_stages - INFO - Feature scaling complete: mean=-0.0317, std=0.7248
2025-12-22 14:14:59 - ml.src.pipeline_stages - INFO - Training XGBoost model...
2025-12-22 14:14:59 - ml.src.pipeline_stages - INFO - 
[POINT 1 OPTIMIZATION] Applying cost-sensitive learning...
2025-12-22 14:14:59 - ml.src.pipeline_stages - INFO -   Sample weights: positive=3.0, negative=1.0
2025-12-22 14:14:59 - ml.src.pipeline_stages - INFO -   Weight ratio (positive/negative): 3.00x
2025-12-22 14:14:59 - ml.src.training.sequence_xgb_trainer - INFO - Class balance (train): pos=2,646, neg=4,354, imbalance_ratio=1.65
2025-12-22 14:14:59 - ml.src.training.sequence_xgb_trainer - INFO - Applied scale_pos_weight=1.6455 to handle class imbalance
2025-12-22 14:14:59 - ml.src.training.sequence_xgb_trainer - INFO - [POINT 1] Cost-Sensitive Learning: using sample weights (mean=1.7560)
2025-12-22 14:14:59 - ml.src.training.sequence_xgb_trainer - INFO - Training XGBoost classifier...
2025-12-22 14:16:04 - ml.src.training.sequence_xgb_trainer - INFO - Training completed
2025-12-22 14:16:04 - ml.src.pipeline_stages - INFO - Model training complete
2025-12-22 14:16:04 - ml.src.pipeline_stages - INFO - Optimizing decision threshold on VAL set...
2025-12-22 14:16:04 - ml.src.training.sequence_evaluation - INFO - Running threshold optimization on VAL set...
2025-12-22 14:16:06 - ml.src.training.sequence_evaluation - INFO - 
Top 5 thresholds on VAL set:
2025-12-22 14:16:06 - ml.src.training.sequence_evaluation - INFO -   T=0.99: Precision=1.0000, Recall=0.0018, F1=0.0037, Score=1.0000
2025-12-22 14:16:06 - ml.src.training.sequence_evaluation - INFO -   T=0.95: Precision=0.8906, Recall=0.1044, F1=0.1869, Score=1.0000
2025-12-22 14:16:06 - ml.src.training.sequence_evaluation - INFO -   T=0.94: Precision=0.8824, Recall=0.1099, F1=0.1954, Score=1.0000
2025-12-22 14:16:06 - ml.src.training.sequence_evaluation - INFO -   T=0.94: Precision=0.8750, Recall=0.1154, F1=0.2039, Score=1.0000
2025-12-22 14:16:06 - ml.src.training.sequence_evaluation - INFO -   T=0.94: Precision=0.8667, Recall=0.1190, F1=0.2093, Score=1.0000
2025-12-22 14:16:06 - ml.src.pipeline_stages - INFO - Optimal threshold: 0.3303 (Score=1.0000 on VAL)
2025-12-22 14:16:06 - ml.src.pipeline_stages - INFO - Evaluating on TEST set with optimized threshold...
2025-12-22 14:16:06 - ml.src.training.sequence_evaluation - INFO - Probability stats: min=0.0059, max=0.9946, mean=0.4379, std=0.3167
2025-12-22 14:16:06 - ml.src.training.sequence_evaluation - INFO - Using fixed threshold: 0.3303
2025-12-22 14:16:06 - ml.src.training.sequence_evaluation - INFO - Confusion matrix@thr=0.3303:
2025-12-22 14:16:06 - ml.src.training.sequence_evaluation - INFO -   [[TN=965, FP=54],
2025-12-22 14:16:06 - ml.src.training.sequence_evaluation - INFO -    [FN=303, TP=178]]
2025-12-22 14:16:06 - ml.src.training.sequence_evaluation - INFO - 
TEST SET EVALUATION:
2025-12-22 14:16:06 - ml.src.training.sequence_evaluation - INFO -   Precision: 0.7672
2025-12-22 14:16:06 - ml.src.training.sequence_evaluation - INFO -   Recall:    0.3701
2025-12-22 14:16:06 - ml.src.training.sequence_evaluation - INFO -   F1:        0.4993
2025-12-22 14:16:06 - ml.src.training.sequence_evaluation - INFO -   ROC-AUC:   0.8805
2025-12-22 14:16:06 - ml.src.pipeline_stages - INFO - Final TEST metrics: threshold=0.3303, win_rate=0.7672 (76.72%), precision=0.7672, recall=0.3701, f1=0.4993, roc_auc=0.8805, pr_auc=0.7800
2025-12-22 14:16:06 - ml.src.pipeline_stages - INFO - Saving artifacts...
2025-12-22 14:16:06 - ml.src.training.sequence_artifacts - INFO - Saved model to sequence_xgb_model.pkl
2025-12-22 14:16:06 - ml.src.training.sequence_artifacts - INFO - Saved scaler to sequence_scaler.pkl (required for inference)
2025-12-22 14:16:06 - ml.src.training.sequence_artifacts - INFO - Saved feature columns to sequence_feature_columns.json
2025-12-22 14:16:06 - ml.src.training.sequence_artifacts - INFO - Saved metadata to sequence_threshold.json (analysis_window=7 days)
2025-12-22 14:16:06 - ml.src.training.sequence_artifacts - INFO - Analyzing feature importance...
2025-12-22 14:16:06 - ml.src.training.sequence_feature_analysis - INFO - 
Top 30 most important features:
2025-12-22 14:16:06 - ml.src.training.sequence_feature_analysis - INFO -    1. t-20_bb_pos_m60                          = 0.007717
2025-12-22 14:16:06 - ml.src.training.sequence_feature_analysis - INFO -    2. t-21_bb_pos_m60                          = 0.005069
2025-12-22 14:16:06 - ml.src.training.sequence_feature_analysis - INFO -    3. t-4_cvd_m15                              = 0.004852
2025-12-22 14:16:06 - ml.src.training.sequence_feature_analysis - INFO -    4. t-36_dist_sma_200                        = 0.004725
2025-12-22 14:16:06 - ml.src.training.sequence_feature_analysis - INFO -    5. t-16_bb_pos_m60                          = 0.004104
2025-12-22 14:16:06 - ml.src.training.sequence_feature_analysis - INFO -    6. t-4_bb_pos_m60                           = 0.004084
2025-12-22 14:16:06 - ml.src.training.sequence_feature_analysis - INFO -    7. t-3_bb_pos_m60                           = 0.004001
2025-12-22 14:16:06 - ml.src.training.sequence_feature_analysis - INFO -    8. t-23_cvd_m60                             = 0.003866
2025-12-22 14:16:06 - ml.src.training.sequence_feature_analysis - INFO -    9. t-5_bb_pos_m60                           = 0.003685
2025-12-22 14:16:06 - ml.src.training.sequence_feature_analysis - INFO -   10. t-5_cvd_m15                              = 0.003448
2025-12-22 14:16:06 - ml.src.training.sequence_feature_analysis - INFO -   11. t-24_cvd_m60                             = 0.003311
2025-12-22 14:16:06 - ml.src.training.sequence_feature_analysis - INFO -   12. t-2_bb_pos_m60                           = 0.003189
2025-12-22 14:16:06 - ml.src.training.sequence_feature_analysis - INFO -   13. t-10_dist_sma_200                        = 0.003161
2025-12-22 14:16:06 - ml.src.training.sequence_feature_analysis - INFO -   14. t-6_bb_pos_m60                           = 0.003087
2025-12-22 14:16:06 - ml.src.training.sequence_feature_analysis - INFO -   15. t-3_cvd_m15                              = 0.002964
2025-12-22 14:16:06 - ml.src.training.sequence_feature_analysis - INFO -   16. t-22_cvd_m60                             = 0.002926
2025-12-22 14:16:06 - ml.src.training.sequence_feature_analysis - INFO -   17. t-19_bb_pos_m60                          = 0.002861
2025-12-22 14:16:06 - ml.src.training.sequence_feature_analysis - INFO -   18. t-36_cvd_m5                              = 0.002644
2025-12-22 14:16:06 - ml.src.training.sequence_feature_analysis - INFO -   19. t-23_obv_m60                             = 0.002608
2025-12-22 14:16:06 - ml.src.training.sequence_feature_analysis - INFO -   20. t-1_bb_pos_m60                           = 0.002568
2025-12-22 14:16:06 - ml.src.training.sequence_feature_analysis - INFO -   21. t-31_cvd_m60                             = 0.002382
2025-12-22 14:16:06 - ml.src.training.sequence_feature_analysis - INFO -   22. t-7_bb_pos_m60                           = 0.002346
2025-12-22 14:16:06 - ml.src.training.sequence_feature_analysis - INFO -   23. t-0_cvd_m5                               = 0.002325
2025-12-22 14:16:06 - ml.src.training.sequence_feature_analysis - INFO -   24. t-18_cvd_m60                             = 0.002306
2025-12-22 14:16:06 - ml.src.training.sequence_feature_analysis - INFO -   25. t-5_cvd_m60                              = 0.002304
2025-12-22 14:16:06 - ml.src.training.sequence_feature_analysis - INFO -   26. t-4_dist_sma_20_m15                      = 0.002257
2025-12-22 14:16:06 - ml.src.training.sequence_feature_analysis - INFO -   27. t-3_cvd_m60                              = 0.002241
2025-12-22 14:16:06 - ml.src.training.sequence_feature_analysis - INFO -   28. t-24_bb_pos_m60                          = 0.002209
2025-12-22 14:16:06 - ml.src.training.sequence_feature_analysis - INFO -   29. t-27_cvd_m60                             = 0.002186
2025-12-22 14:16:06 - ml.src.training.sequence_feature_analysis - INFO -   30. t-4_bb_pos_m15                           = 0.002185
2025-12-22 14:16:06 - ml.src.training.sequence_feature_analysis - INFO - 
Aggregated importance by feature type:
2025-12-22 14:16:06 - ml.src.training.sequence_feature_analysis - INFO -   bb_pos_m60                     = 0.094425
2025-12-22 14:16:06 - ml.src.training.sequence_feature_analysis - INFO -   cvd_m60                        = 0.079623
2025-12-22 14:16:06 - ml.src.training.sequence_feature_analysis - INFO -   dist_sma_200                   = 0.052165
2025-12-22 14:16:06 - ml.src.training.sequence_feature_analysis - INFO -   cvd_m15                        = 0.052010
2025-12-22 14:16:06 - ml.src.training.sequence_feature_analysis - INFO -   rsi_m15                        = 0.051457
2025-12-22 14:16:06 - ml.src.training.sequence_feature_analysis - INFO -   dist_sma_20_m15                = 0.051032
2025-12-22 14:16:06 - ml.src.training.sequence_feature_analysis - INFO -   obv_m60                        = 0.048755
2025-12-22 14:16:06 - ml.src.training.sequence_feature_analysis - INFO -   rsi_m60                        = 0.047436
2025-12-22 14:16:06 - ml.src.training.sequence_feature_analysis - INFO -   bb_pos_m15                     = 0.047200
2025-12-22 14:16:06 - ml.src.training.sequence_feature_analysis - INFO -   volume_m15_norm                = 0.041502
2025-12-22 14:16:06 - ml.src.training.sequence_artifacts - INFO - Saved feature importance to sequence_feature_importance.json
2025-12-22 14:16:06 - ml.src.pipeline_stages - INFO - Artifacts saved to C:\Users\Arek\Documents\Repos\Traiding\Trading-ML\ml\outputs\models
2025-12-22 14:16:06 - __main__ - INFO - 
================================================================================
2025-12-22 14:16:06 - __main__ - INFO - TRAINING COMPLETE - SUMMARY
2025-12-22 14:16:06 - __main__ - INFO - ================================================================================
2025-12-22 14:16:06 - __main__ - INFO - End time: 2025-12-22 14:16:06
2025-12-22 14:16:06 - __main__ - INFO - 
Final Metrics:
2025-12-22 14:16:06 - __main__ - INFO -   Window Size:       60 candles
2025-12-22 14:16:06 - __main__ - INFO -   Threshold:         0.3303
2025-12-22 14:16:06 - __main__ - INFO -   WIN RATE:          0.7672 (76.72%)
2025-12-22 14:16:06 - __main__ - INFO -   Precision:         0.7672
2025-12-22 14:16:06 - __main__ - INFO -   Recall:            0.3701
2025-12-22 14:16:06 - __main__ - INFO -   F1 Score:          0.4993
2025-12-22 14:16:06 - __main__ - INFO -   ROC-AUC:           0.8805
2025-12-22 14:16:06 - __main__ - INFO -   PR-AUC:            0.7800
2025-12-22 14:16:06 - __main__ - INFO - 
Artifacts saved to: C:\Users\Arek\Documents\Repos\Traiding\Trading-ML\ml\outputs\models
2025-12-22 14:16:06 - __main__ - INFO - ================================================================================
