2025-12-21 20:34:59 - ml.src.pipeline_config_extended - INFO - Pipeline configuration validated successfully
2025-12-21 20:34:59 - __main__ - INFO - 
================================================================================
2025-12-21 20:34:59 - __main__ - INFO - SEQUENCE XGBoost TRAINING PIPELINE - XAU/USD 1-Minute Data
2025-12-21 20:34:59 - __main__ - INFO - ================================================================================
2025-12-21 20:34:59 - __main__ - INFO - Log file: C:\Users\Arek\Documents\Repos\Traiding\Trading-ML\ml\outputs\logs\sequence_xgb_train_years_2023_2024_2025_20251221_203459.log
2025-12-21 20:34:59 - __main__ - INFO - Start time: 2025-12-21 20:34:59
2025-12-21 20:34:59 - __main__ - INFO - Data years: [2023, 2024, 2025]
2025-12-21 20:34:59 - __main__ - INFO - 
Pipeline Configuration:
2025-12-21 20:34:59 - __main__ - INFO -   Feature engineering version: v1
2025-12-21 20:34:59 - __main__ - INFO -   Window size: 50 candles
2025-12-21 20:34:59 - __main__ - INFO -   ATR SL multiplier: 1.0x (from risk_config.py)
2025-12-21 20:34:59 - __main__ - INFO -   ATR TP multiplier: 2.0x (from risk_config.py)
2025-12-21 20:34:59 - __main__ - INFO -   Min hold time: 2 M5 candles
2025-12-21 20:34:59 - __main__ - INFO -   Max horizon: 60 M5 candles
2025-12-21 20:34:59 - __main__ - INFO -   Trading session: london_ny
2025-12-21 20:34:59 - __main__ - INFO -   Threshold optimization: HYBRID (EV with precision AND recall floors)
2025-12-21 20:34:59 - __main__ - INFO -     - Min precision: 0.55
2025-12-21 20:34:59 - __main__ - INFO -     - Min recall: 0.2
2025-12-21 20:34:59 - __main__ - INFO -     - Win coefficient: 1.0
2025-12-21 20:34:59 - __main__ - INFO -     - Loss coefficient: -1.0
2025-12-21 20:34:59 - __main__ - INFO -   M5 alignment filter: disabled
2025-12-21 20:34:59 - __main__ - INFO -   Trend filter: enabled
2025-12-21 20:34:59 - __main__ - INFO -   Pullback filter: disabled
2025-12-21 20:34:59 - __main__ - INFO -   Random state: 42
2025-12-21 20:34:59 - __main__ - INFO - ================================================================================

2025-12-21 20:34:59 - ml.src.pipeline_stages - INFO - Loading data from C:\Users\Arek\Documents\Repos\Traiding\Trading-ML\ml\src\data
2025-12-21 20:34:59 - ml.src.data_loading.loaders - INFO - Year filter applied: loading only [2023, 2024, 2025]
2025-12-21 20:35:00 - ml.src.pipeline_stages - INFO - Loaded 727,280 rows from C:\Users\Arek\Documents\Repos\Traiding\Trading-ML\ml\src\data
2025-12-21 20:35:00 - ml.src.pipeline_stages - INFO - Date range: 2023-01-03 01:01:00 to 2025-12-18 17:39:00
2025-12-21 20:35:00 - ml.src.pipeline_stages - WARNING - window_size parameter is deprecated and ignored (passed: 50)
2025-12-21 20:35:00 - ml.src.pipeline_stages - WARNING - feature_version parameter is deprecated and ignored (passed: v1)
2025-12-21 20:35:00 - ml.src.pipeline_stages - INFO - Aggregating M1 data to M5 timeframe...
2025-12-21 20:35:00 - ml.src.features.engineer_m5 - INFO - Aggregating 727280 M1 candles to M5...
2025-12-21 20:35:00 - ml.src.features.engineer_m5 - INFO - Aggregated to 145652 M5 candles (5.0x compression)
2025-12-21 20:35:00 - ml.src.pipeline_stages - INFO - Aggregated 727,280 M1 candles → 145,652 M5 candles (20.0% compression)
2025-12-21 20:35:00 - ml.src.pipeline_stages - INFO - Engineering technical features on M5 timeframe (with M15/M60 context)...
2025-12-21 20:35:00 - ml.src.features.engineer_m5 - INFO - Engineering M5 features...
2025-12-21 20:35:00 - ml.src.features.engineer_m5 - INFO - Aggregating 145652 M1 candles to M5...
2025-12-21 20:35:00 - ml.src.features.engineer_m5 - INFO - Aggregated to 145652 M5 candles (1.0x compression)
2025-12-21 20:35:00 - ml.src.features.engineer_m5 - INFO - Computing M5 primary features...
2025-12-21 20:35:08 - ml.src.features.engineer_m5 - INFO - Computing M15 context from M5...
2025-12-21 20:35:10 - ml.src.features.engineer_m5 - INFO - Computing M60 context from M5...
2025-12-21 20:35:11 - ml.src.features.engineer_m5 - INFO - M5 feature engineering complete: 145652 rows × 24 features
2025-12-21 20:35:11 - ml.src.features.engineer_m5 - INFO - Timeframe: M5 (5-minute candles)
2025-12-21 20:35:11 - ml.src.features.engineer_m5 - INFO - Date range: 2023-01-03 01:00:00 to 2025-12-18 17:35:00
2025-12-21 20:35:11 - ml.src.pipeline_stages - INFO - Features shape: (145652, 24)
2025-12-21 20:35:11 - ml.src.pipeline_stages - INFO - Feature columns: 24
2025-12-21 20:35:11 - ml.src.features.engineer_m5 - INFO - Aggregating 727280 M1 candles to M5...
2025-12-21 20:35:11 - ml.src.features.engineer_m5 - INFO - Aggregated to 145652 M5 candles (5.0x compression)
2025-12-21 20:35:11 - ml.src.pipeline_stages - INFO - Creating targets on M5 timeframe (SL=1.0×ATR, TP=2.0×ATR, min_hold=2 M5 candles, max_horizon=60 M5 candles)
2025-12-21 20:35:11 - ml.src.targets.target_maker - INFO - Creating targets (SL/TP simulation) for 145,652 candles...
2025-12-21 20:35:11 - ml.src.targets.target_maker - INFO - Parameters: SL=1.0×ATR, TP=2.0×ATR, min_hold=2min, max_horizon=60min
2025-12-21 20:35:11 - ml.src.targets.target_maker - INFO - Calculating M1 ATR(14) for SL/TP targets (fallback)
2025-12-21 20:35:11 - ml.src.targets.target_maker - INFO - Target creation complete: 145,592 valid targets
2025-12-21 20:35:11 - ml.src.pipeline_stages - INFO - Targets shape: 145592
2025-12-21 20:35:11 - ml.src.pipeline_stages - INFO - Positive class (win): 50,879 (34.95%)
2025-12-21 20:35:11 - ml.src.pipeline_stages - INFO - Negative class (loss): 94,713 (65.05%)
2025-12-21 20:35:11 - ml.src.pipeline_stages - INFO - Creating sequences on M5 timeframe (window_size=50 M5 candles = 250 minutes)...
2025-12-21 20:35:11 - ml.src.pipeline_stages - INFO - Filter config: m5_alignment=False (already M5), trend=True, pullback=False, max_windows=200,000
2025-12-21 20:35:11 - ml.src.sequences.sequencer - INFO - M5 alignment filter disabled; keeping all timestamps irrespective of minute alignment
2025-12-21 20:35:11 - ml.src.sequences.sequencer - INFO - Applied Trend Filter (dist_sma_200 > 0.00, ADX > 15.00): kept 72702/145543 (50.0%)
2025-12-21 20:35:11 - ml.src.sequences.sequencer - INFO - Pullback filter disabled; not constraining RSI_M5
2025-12-21 20:35:11 - ml.src.sequences.sequencer - INFO - Session filter 'london_ny': keeping 44,641 / 145,543 windows (30.7%)
2025-12-21 20:35:11 - ml.src.pipeline_stages - INFO - Sequences created: X.shape=(44641, 1200), y.shape=(44641,)
2025-12-21 20:35:11 - ml.src.pipeline_stages - INFO - Positive class in sequences: 14,878 (33.33%)
2025-12-21 20:35:11 - ml.src.pipeline_stages - INFO - Splitting data chronologically (train/val/test)...
2025-12-21 20:35:11 - ml.src.pipeline_stages - INFO - Using percentage split (70/15/15) for year_filter=[2023, 2024, 2025]
2025-12-21 20:35:11 - ml.src.pipeline_stages - INFO - Split sizes: train=31,248, val=6,696, test=6,697
2025-12-21 20:35:11 - ml.src.pipeline_stages - INFO - Scaling features with RobustScaler (robust to outliers)...
2025-12-21 20:35:13 - ml.src.pipeline_stages - INFO - Feature scaling complete: mean=0.0018, std=0.7530
2025-12-21 20:35:13 - ml.src.pipeline_stages - INFO - 
[POINT 1 OPTIMIZATION] Applying cost-sensitive learning...
2025-12-21 20:35:13 - ml.src.pipeline_stages - INFO -   Sample weights: positive=3.0, negative=1.0
2025-12-21 20:35:13 - ml.src.pipeline_stages - INFO -   Weight ratio (positive/negative): 3.00x
2025-12-21 20:35:13 - ml.src.pipeline_stages - INFO - Training XGBoost classifier...
2025-12-21 20:35:13 - ml.src.training.sequence_xgb_trainer - INFO - Class balance (train): pos=10,291, neg=20,957, imbalance_ratio=2.04
2025-12-21 20:35:13 - ml.src.training.sequence_xgb_trainer - INFO - Applied scale_pos_weight=2.0364 to handle class imbalance
2025-12-21 20:35:13 - ml.src.training.sequence_xgb_trainer - INFO - [POINT 1] Cost-Sensitive Learning: using sample weights (mean=1.6587)
2025-12-21 20:35:13 - ml.src.training.sequence_xgb_trainer - INFO - Training XGBoost classifier...
2025-12-21 20:38:11 - ml.src.training.sequence_xgb_trainer - INFO - Training completed
2025-12-21 20:38:11 - ml.src.pipeline_stages - INFO - Evaluating model on test set...
2025-12-21 20:38:11 - ml.src.training.sequence_evaluation - INFO - Probability stats: min=0.0001, max=0.9995, mean=0.4769, std=0.3520
2025-12-21 20:38:11 - ml.src.training.sequence_evaluation - INFO - Using HYBRID optimization: EV with precision AND recall floors...
2025-12-21 20:38:14 - ml.src.training.sequence_evaluation - INFO - Hybrid-optimized threshold: 0.30 with EV=-0.4756 (precision=0.8231, recall=0.2622, win_coeff=1.0, loss_coeff=-1.0)
2025-12-21 20:38:14 - ml.src.training.sequence_evaluation - INFO - Confusion matrix@thr=0.30:
2025-12-21 20:38:14 - ml.src.training.sequence_evaluation - INFO -   [[TN=4485, FP=118],
2025-12-21 20:38:14 - ml.src.training.sequence_evaluation - INFO -    [FN=1545, TP=549]]
2025-12-21 20:38:14 - ml.src.pipeline_stages - INFO - Evaluation metrics: threshold=0.30, win_rate=0.8231 (82.31%), precision=0.8231, recall=0.2622, f1=0.3977, roc_auc=0.9021, pr_auc=0.8185
2025-12-21 20:38:14 - ml.src.pipeline_stages - INFO - Saving artifacts...
2025-12-21 20:38:14 - ml.src.training.sequence_artifacts - INFO - Saved model to sequence_xgb_model.pkl
2025-12-21 20:38:14 - ml.src.training.sequence_artifacts - INFO - Saved scaler to sequence_scaler.pkl (required for inference)
2025-12-21 20:38:14 - ml.src.training.sequence_artifacts - INFO - Saved feature columns to sequence_feature_columns.json
2025-12-21 20:38:14 - ml.src.training.sequence_artifacts - INFO - Saved metadata to sequence_threshold.json (analysis_window=7 days)
2025-12-21 20:38:14 - ml.src.training.sequence_artifacts - INFO - Analyzing feature importance...
2025-12-21 20:38:14 - ml.src.training.sequence_feature_analysis - INFO - 
Top 30 most important features:
2025-12-21 20:38:14 - ml.src.training.sequence_feature_analysis - INFO -    1. t-4_bb_pos_m60                           = 0.008931
2025-12-21 20:38:14 - ml.src.training.sequence_feature_analysis - INFO -    2. t-1_bb_pos_m60                           = 0.007154
2025-12-21 20:38:14 - ml.src.training.sequence_feature_analysis - INFO -    3. t-20_bb_pos_m60                          = 0.006576
2025-12-21 20:38:14 - ml.src.training.sequence_feature_analysis - INFO -    4. t-21_bb_pos_m60                          = 0.006431
2025-12-21 20:38:14 - ml.src.training.sequence_feature_analysis - INFO -    5. t-2_bb_pos_m60                           = 0.005936
2025-12-21 20:38:14 - ml.src.training.sequence_feature_analysis - INFO -    6. t-22_bb_pos_m60                          = 0.005921
2025-12-21 20:38:14 - ml.src.training.sequence_feature_analysis - INFO -    7. t-3_bb_pos_m60                           = 0.005787
2025-12-21 20:38:14 - ml.src.training.sequence_feature_analysis - INFO -    8. t-19_bb_pos_m60                          = 0.005713
2025-12-21 20:38:14 - ml.src.training.sequence_feature_analysis - INFO -    9. t-0_bb_pos_m60                           = 0.005619
2025-12-21 20:38:14 - ml.src.training.sequence_feature_analysis - INFO -   10. t-5_bb_pos_m60                           = 0.005199
2025-12-21 20:38:14 - ml.src.training.sequence_feature_analysis - INFO -   11. t-0_bb_pos_m15                           = 0.005029
2025-12-21 20:38:14 - ml.src.training.sequence_feature_analysis - INFO -   12. t-4_bb_pos_m15                           = 0.004958
2025-12-21 20:38:14 - ml.src.training.sequence_feature_analysis - INFO -   13. t-0_cvd_m5                               = 0.003989
2025-12-21 20:38:14 - ml.src.training.sequence_feature_analysis - INFO -   14. t-6_bb_pos_m60                           = 0.003712
2025-12-21 20:38:14 - ml.src.training.sequence_feature_analysis - INFO -   15. t-4_dist_sma_20_m15                      = 0.003530
2025-12-21 20:38:14 - ml.src.training.sequence_feature_analysis - INFO -   16. t-3_bb_pos_m15                           = 0.003188
2025-12-21 20:38:14 - ml.src.training.sequence_feature_analysis - INFO -   17. t-0_dist_sma_200                         = 0.003150
2025-12-21 20:38:14 - ml.src.training.sequence_feature_analysis - INFO -   18. t-7_bb_pos_m60                           = 0.002958
2025-12-21 20:38:14 - ml.src.training.sequence_feature_analysis - INFO -   19. t-0_dist_sma_20_m15                      = 0.002958
2025-12-21 20:38:14 - ml.src.training.sequence_feature_analysis - INFO -   20. t-4_cvd_m15                              = 0.002875
2025-12-21 20:38:14 - ml.src.training.sequence_feature_analysis - INFO -   21. t-23_bb_pos_m60                          = 0.002874
2025-12-21 20:38:14 - ml.src.training.sequence_feature_analysis - INFO -   22. t-18_bb_pos_m60                          = 0.002661
2025-12-21 20:38:14 - ml.src.training.sequence_feature_analysis - INFO -   23. t-13_bb_pos_m15                          = 0.002608
2025-12-21 20:38:14 - ml.src.training.sequence_feature_analysis - INFO -   24. t-3_dist_sma_20_m15                      = 0.002562
2025-12-21 20:38:14 - ml.src.training.sequence_feature_analysis - INFO -   25. t-8_bb_pos_m60                           = 0.002490
2025-12-21 20:38:14 - ml.src.training.sequence_feature_analysis - INFO -   26. t-28_bb_pos_m60                          = 0.002373
2025-12-21 20:38:14 - ml.src.training.sequence_feature_analysis - INFO -   27. t-0_dist_sma_20_m5                       = 0.002314
2025-12-21 20:38:14 - ml.src.training.sequence_feature_analysis - INFO -   28. t-9_bb_pos_m60                           = 0.002261
2025-12-21 20:38:14 - ml.src.training.sequence_feature_analysis - INFO -   29. t-14_bb_pos_m15                          = 0.002244
2025-12-21 20:38:14 - ml.src.training.sequence_feature_analysis - INFO -   30. t-5_bb_pos_m15                           = 0.002164
2025-12-21 20:38:14 - ml.src.training.sequence_feature_analysis - INFO - 
Aggregated importance by feature type:
2025-12-21 20:38:14 - ml.src.training.sequence_feature_analysis - INFO -   bb_pos_m60                     = 0.122646
2025-12-21 20:38:14 - ml.src.training.sequence_feature_analysis - INFO -   bb_pos_m15                     = 0.061888
2025-12-21 20:38:14 - ml.src.training.sequence_feature_analysis - INFO -   dist_sma_20_m15                = 0.054182
2025-12-21 20:38:14 - ml.src.training.sequence_feature_analysis - INFO -   cvd_m60                        = 0.050950
2025-12-21 20:38:14 - ml.src.training.sequence_feature_analysis - INFO -   cvd_m15                        = 0.050498
2025-12-21 20:38:14 - ml.src.training.sequence_feature_analysis - INFO -   rsi_m60                        = 0.049938
2025-12-21 20:38:14 - ml.src.training.sequence_feature_analysis - INFO -   volume_m15_norm                = 0.048192
2025-12-21 20:38:14 - ml.src.training.sequence_feature_analysis - INFO -   obv_m60                        = 0.044929
2025-12-21 20:38:14 - ml.src.training.sequence_feature_analysis - INFO -   dist_sma_200                   = 0.043222
2025-12-21 20:38:14 - ml.src.training.sequence_feature_analysis - INFO -   rsi_m15                        = 0.041852
2025-12-21 20:38:14 - ml.src.training.sequence_artifacts - INFO - Saved feature importance to sequence_feature_importance.json
2025-12-21 20:38:14 - ml.src.pipeline_stages - INFO - Artifacts saved to C:\Users\Arek\Documents\Repos\Traiding\Trading-ML\ml\outputs\models
2025-12-21 20:38:14 - __main__ - INFO - 
================================================================================
2025-12-21 20:38:14 - __main__ - INFO - TRAINING COMPLETE - SUMMARY
2025-12-21 20:38:14 - __main__ - INFO - ================================================================================
2025-12-21 20:38:14 - __main__ - INFO - End time: 2025-12-21 20:38:14
2025-12-21 20:38:14 - __main__ - INFO - 
Final Metrics:
2025-12-21 20:38:14 - __main__ - INFO -   Window Size:       50 candles
2025-12-21 20:38:14 - __main__ - INFO -   Threshold:         0.3000
2025-12-21 20:38:14 - __main__ - INFO -   WIN RATE:          0.8231 (82.31%)
2025-12-21 20:38:14 - __main__ - INFO -   Precision:         0.8231
2025-12-21 20:38:14 - __main__ - INFO -   Recall:            0.2622
2025-12-21 20:38:14 - __main__ - INFO -   F1 Score:          0.3977
2025-12-21 20:38:14 - __main__ - INFO -   ROC-AUC:           0.9021
2025-12-21 20:38:14 - __main__ - INFO -   PR-AUC:            0.8185
2025-12-21 20:38:14 - __main__ - INFO - 
Artifacts saved to: C:\Users\Arek\Documents\Repos\Traiding\Trading-ML\ml\outputs\models
2025-12-21 20:38:14 - __main__ - INFO - ================================================================================
