2025-12-20 22:43:28 - ml.src.pipeline_config_extended - INFO - Pipeline configuration validated successfully
2025-12-20 22:43:28 - __main__ - INFO - 
================================================================================
2025-12-20 22:43:28 - __main__ - INFO - SEQUENCE XGBoost TRAINING PIPELINE - XAU/USD 1-Minute Data
2025-12-20 22:43:28 - __main__ - INFO - ================================================================================
2025-12-20 22:43:28 - __main__ - INFO - Log file: C:\Users\Arek\Documents\Repos\Traiding\Trading-ML\ml\outputs\logs\sequence_xgb_train_years_2025_20251220_224328.log
2025-12-20 22:43:28 - __main__ - INFO - Start time: 2025-12-20 22:43:28
2025-12-20 22:43:28 - __main__ - INFO - Data years: [2025]
2025-12-20 22:43:28 - __main__ - INFO - 
Pipeline Configuration:
2025-12-20 22:43:28 - __main__ - INFO -   Feature engineering version: v1
2025-12-20 22:43:28 - __main__ - INFO -   Window size: 100 candles
2025-12-20 22:43:28 - __main__ - INFO -   ATR SL multiplier: 1x (from risk_config.py)
2025-12-20 22:43:28 - __main__ - INFO -   ATR TP multiplier: 2x (from risk_config.py)
2025-12-20 22:43:28 - __main__ - INFO -   Min hold time: 5 minutes
2025-12-20 22:43:28 - __main__ - INFO -   Max horizon: 600 candles
2025-12-20 22:43:28 - __main__ - INFO -   Trading session: london_ny
2025-12-20 22:43:28 - __main__ - INFO -   Min precision threshold: 0.7
2025-12-20 22:43:28 - __main__ - INFO -   M5 alignment filter: enabled
2025-12-20 22:43:28 - __main__ - INFO -   Trend filter: enabled
2025-12-20 22:43:28 - __main__ - INFO -   Pullback filter: enabled
2025-12-20 22:43:28 - __main__ - INFO -   Random state: 42
2025-12-20 22:43:28 - __main__ - INFO - ================================================================================

2025-12-20 22:43:28 - ml.src.pipeline_stages - INFO - Loading data from C:\Users\Arek\Documents\Repos\Traiding\Trading-ML\ml\src\data
2025-12-20 22:43:28 - ml.src.data_loading.loaders - INFO - Year filter applied: loading only [2025]
2025-12-20 22:43:28 - ml.src.pipeline_stages - INFO - Loaded 18,875 rows from C:\Users\Arek\Documents\Repos\Traiding\Trading-ML\ml\src\data
2025-12-20 22:43:28 - ml.src.pipeline_stages - INFO - Date range: 2025-12-01 00:00:00 to 2025-12-18 17:39:00
2025-12-20 22:43:28 - ml.src.pipeline_stages - WARNING - window_size parameter is deprecated and ignored (passed: 100)
2025-12-20 22:43:28 - ml.src.pipeline_stages - WARNING - feature_version parameter is deprecated and ignored (passed: v1)
2025-12-20 22:43:28 - ml.src.pipeline_stages - INFO - Aggregating M1 data to M5 timeframe...
2025-12-20 22:43:28 - ml.src.features.engineer_m5 - INFO - Aggregating 18875 M1 candles to M5...
2025-12-20 22:43:28 - ml.src.features.engineer_m5 - INFO - Aggregated to 3776 M5 candles (5.0x compression)
2025-12-20 22:43:28 - ml.src.pipeline_stages - INFO - Aggregated 18,875 M1 candles → 3,776 M5 candles (20.0% compression)
2025-12-20 22:43:28 - ml.src.pipeline_stages - INFO - Engineering technical features on M5 timeframe (with M15/M60 context)...
2025-12-20 22:43:28 - ml.src.features.engineer_m5 - INFO - Engineering M5 features...
2025-12-20 22:43:28 - ml.src.features.engineer_m5 - INFO - Aggregating 3776 M1 candles to M5...
2025-12-20 22:43:28 - ml.src.features.engineer_m5 - INFO - Aggregated to 3776 M5 candles (1.0x compression)
2025-12-20 22:43:28 - ml.src.features.engineer_m5 - INFO - Computing M5 primary features...
2025-12-20 22:43:28 - ml.src.features.engineer_m5 - INFO - Computing M15 context from M5...
2025-12-20 22:43:28 - ml.src.features.engineer_m5 - INFO - Computing M60 context from M5...
2025-12-20 22:43:28 - ml.src.features.engineer_m5 - INFO - M5 feature engineering complete: 3776 rows × 18 features
2025-12-20 22:43:28 - ml.src.features.engineer_m5 - INFO - Timeframe: M5 (5-minute candles)
2025-12-20 22:43:28 - ml.src.features.engineer_m5 - INFO - Date range: 2025-12-01 00:00:00 to 2025-12-18 17:35:00
2025-12-20 22:43:28 - ml.src.pipeline_stages - INFO - Features shape: (3776, 18)
2025-12-20 22:43:28 - ml.src.pipeline_stages - INFO - Feature columns: 18
2025-12-20 22:43:28 - ml.src.features.engineer_m5 - INFO - Aggregating 18875 M1 candles to M5...
2025-12-20 22:43:28 - ml.src.features.engineer_m5 - INFO - Aggregated to 3776 M5 candles (5.0x compression)
2025-12-20 22:43:28 - ml.src.pipeline_stages - INFO - Creating targets on M5 timeframe (SL=1×ATR, TP=2×ATR, min_hold=5 M5 candles, max_horizon=600 M5 candles)
2025-12-20 22:43:28 - ml.src.targets.target_maker - INFO - Creating targets (SL/TP simulation) for 3,776 candles...
2025-12-20 22:43:28 - ml.src.targets.target_maker - INFO - Parameters: SL=1×ATR, TP=2×ATR, min_hold=5min, max_horizon=600min
2025-12-20 22:43:28 - ml.src.targets.target_maker - INFO - Calculating M1 ATR(14) for SL/TP targets (fallback)
2025-12-20 22:43:28 - ml.src.targets.target_maker - INFO - Target creation complete: 3,176 valid targets
2025-12-20 22:43:28 - ml.src.pipeline_stages - INFO - Targets shape: 3176
2025-12-20 22:43:28 - ml.src.pipeline_stages - INFO - Positive class (win): 1,120 (35.26%)
2025-12-20 22:43:28 - ml.src.pipeline_stages - INFO - Negative class (loss): 2,056 (64.74%)
2025-12-20 22:43:28 - ml.src.pipeline_stages - INFO - Creating sequences on M5 timeframe (window_size=100 M5 candles = 500 minutes)...
2025-12-20 22:43:28 - ml.src.pipeline_stages - WARNING - M5 alignment filter is DISABLED for M5 data (data already M5-aligned)
2025-12-20 22:43:28 - ml.src.pipeline_stages - INFO - Filter config: m5_alignment=False (already M5), trend=True, pullback=True, max_windows=200,000
2025-12-20 22:43:28 - ml.src.sequences.sequencer - INFO - M5 alignment filter disabled; keeping all timestamps irrespective of minute alignment
2025-12-20 22:43:28 - ml.src.sequences.sequencer - INFO - Applied Trend Filter (dist_sma_200 > 0.00, ADX > 15.00): kept 1292/3077 (42.0%)
2025-12-20 22:43:28 - ml.src.sequences.sequencer - INFO - Applied Pullback Filter (RSI_M5 < 75.00): kept 2845/3077 (92.5%)
2025-12-20 22:43:28 - ml.src.sequences.sequencer - INFO - Session filter 'london_ny': keeping 711 / 3,077 windows (23.1%)
2025-12-20 22:43:28 - ml.src.pipeline_stages - INFO - Sequences created: X.shape=(711, 1800), y.shape=(711,)
2025-12-20 22:43:28 - ml.src.pipeline_stages - INFO - Positive class in sequences: 248 (34.88%)
2025-12-20 22:43:28 - ml.src.pipeline_stages - INFO - Splitting data chronologically (train/val/test)...
2025-12-20 22:43:28 - ml.src.pipeline_stages - INFO - Using percentage split (70/15/15) for year_filter=[2025]
2025-12-20 22:43:28 - ml.src.pipeline_stages - INFO - Split sizes: train=497, val=107, test=107
2025-12-20 22:43:28 - ml.src.pipeline_stages - INFO - Scaling features with RobustScaler (robust to outliers)...
2025-12-20 22:43:28 - ml.src.pipeline_stages - INFO - Feature scaling complete: mean=-0.0066, std=0.7596
2025-12-20 22:43:28 - ml.src.pipeline_stages - INFO - Training XGBoost classifier...
2025-12-20 22:43:28 - ml.src.training.sequence_xgb_trainer - INFO - Class balance (train): pos=154, neg=343, imbalance_ratio=2.23
2025-12-20 22:43:28 - ml.src.training.sequence_xgb_trainer - INFO - Applied scale_pos_weight=2.2273 to handle class imbalance
2025-12-20 22:43:28 - ml.src.training.sequence_xgb_trainer - INFO - Training XGBoost classifier...
2025-12-20 22:43:34 - ml.src.training.sequence_xgb_trainer - INFO - Training completed
2025-12-20 22:43:34 - ml.src.pipeline_stages - INFO - Evaluating model on test set...
2025-12-20 22:43:34 - ml.src.training.sequence_evaluation - INFO - Probability stats: min=0.4854, max=0.5125, mean=0.4935, std=0.0103
2025-12-20 22:43:34 - ml.src.training.sequence_evaluation - WARNING - ⚠️  Model has very low discriminative power (ROC-AUC=0.4386). Results may be random.
2025-12-20 22:43:34 - ml.src.training.sequence_evaluation - WARNING - No threshold met precision >= 0.70 with >= 10 trades. Falling back to maximizing precision with stability constraint.
2025-12-20 22:43:34 - ml.src.training.sequence_evaluation - INFO - Confusion matrix@thr=0.50:
2025-12-20 22:43:34 - ml.src.training.sequence_evaluation - INFO -   [[TN=64, FP=6],
2025-12-20 22:43:34 - ml.src.training.sequence_evaluation - INFO -    [FN=36, TP=1]]
2025-12-20 22:43:34 - ml.src.pipeline_stages - INFO - Evaluation metrics: threshold=0.50, win_rate=0.1429 (14.29%), precision=0.1429, recall=0.0270, f1=0.0455, roc_auc=0.4386, pr_auc=0.3212
2025-12-20 22:43:34 - ml.src.pipeline_stages - INFO - Saving artifacts...
2025-12-20 22:43:34 - ml.src.training.sequence_artifacts - INFO - Saved model to sequence_xgb_model.pkl
2025-12-20 22:43:34 - ml.src.training.sequence_artifacts - INFO - Saved scaler to sequence_scaler.pkl (required for inference)
2025-12-20 22:43:34 - ml.src.training.sequence_artifacts - INFO - Saved feature columns to sequence_feature_columns.json
2025-12-20 22:43:34 - ml.src.training.sequence_artifacts - INFO - Saved metadata to sequence_threshold.json (analysis_window=7 days)
2025-12-20 22:43:34 - ml.src.training.sequence_artifacts - INFO - Analyzing feature importance...
2025-12-20 22:43:34 - ml.src.training.sequence_feature_analysis - INFO - 
Top 30 most important features:
2025-12-20 22:43:34 - ml.src.training.sequence_feature_analysis - INFO -    1. t-41_stoch_d_m5                          = 0.009692
2025-12-20 22:43:34 - ml.src.training.sequence_feature_analysis - INFO -    2. t-13_stoch_k_m5                          = 0.009526
2025-12-20 22:43:34 - ml.src.training.sequence_feature_analysis - INFO -    3. t-84_bb_pos_m60                          = 0.008649
2025-12-20 22:43:34 - ml.src.training.sequence_feature_analysis - INFO -    4. t-68_rsi_m60                             = 0.007912
2025-12-20 22:43:34 - ml.src.training.sequence_feature_analysis - INFO -    5. t-74_bb_pos_m60                          = 0.007288
2025-12-20 22:43:34 - ml.src.training.sequence_feature_analysis - INFO -    6. t-37_bb_pos_m15                          = 0.007104
2025-12-20 22:43:34 - ml.src.training.sequence_feature_analysis - INFO -    7. t-70_rsi_m60                             = 0.006996
2025-12-20 22:43:34 - ml.src.training.sequence_feature_analysis - INFO -    8. t-40_rsi_m5                              = 0.006541
2025-12-20 22:43:34 - ml.src.training.sequence_feature_analysis - INFO -    9. t-96_dist_sma_20_m15                     = 0.006268
2025-12-20 22:43:34 - ml.src.training.sequence_feature_analysis - INFO -   10. t-82_bb_pos_m60                          = 0.005986
2025-12-20 22:43:34 - ml.src.training.sequence_feature_analysis - INFO -   11. t-22_rsi_m15                             = 0.005920
2025-12-20 22:43:34 - ml.src.training.sequence_feature_analysis - INFO -   12. t-64_rsi_m60                             = 0.005919
2025-12-20 22:43:34 - ml.src.training.sequence_feature_analysis - INFO -   13. t-73_bb_pos_m15                          = 0.005741
2025-12-20 22:43:34 - ml.src.training.sequence_feature_analysis - INFO -   14. t-35_rsi_m60                             = 0.005734
2025-12-20 22:43:34 - ml.src.training.sequence_feature_analysis - INFO -   15. t-52_bb_pos_m15                          = 0.005553
2025-12-20 22:43:34 - ml.src.training.sequence_feature_analysis - INFO -   16. t-62_stoch_d_m5                          = 0.005520
2025-12-20 22:43:34 - ml.src.training.sequence_feature_analysis - INFO -   17. t-8_bb_pos_m60                           = 0.005376
2025-12-20 22:43:34 - ml.src.training.sequence_feature_analysis - INFO -   18. t-3_volume_m15_norm                      = 0.005334
2025-12-20 22:43:34 - ml.src.training.sequence_feature_analysis - INFO -   19. t-7_adx                                  = 0.005317
2025-12-20 22:43:34 - ml.src.training.sequence_feature_analysis - INFO -   20. t-29_dist_sma_20_m5                      = 0.005303
2025-12-20 22:43:34 - ml.src.training.sequence_feature_analysis - INFO -   21. t-98_dist_sma_200                        = 0.005273
2025-12-20 22:43:34 - ml.src.training.sequence_feature_analysis - INFO -   22. t-32_bb_pos_m60                          = 0.005229
2025-12-20 22:43:34 - ml.src.training.sequence_feature_analysis - INFO -   23. t-55_dist_sma_200                        = 0.005181
2025-12-20 22:43:34 - ml.src.training.sequence_feature_analysis - INFO -   24. t-35_bb_pos_m60                          = 0.004934
2025-12-20 22:43:34 - ml.src.training.sequence_feature_analysis - INFO -   25. t-62_rsi_m60                             = 0.004704
2025-12-20 22:43:34 - ml.src.training.sequence_feature_analysis - INFO -   26. t-81_bb_pos_m60                          = 0.004610
2025-12-20 22:43:34 - ml.src.training.sequence_feature_analysis - INFO -   27. t-3_rsi_m60                              = 0.004521
2025-12-20 22:43:34 - ml.src.training.sequence_feature_analysis - INFO -   28. t-7_bb_pos_m60                           = 0.004459
2025-12-20 22:43:34 - ml.src.training.sequence_feature_analysis - INFO -   29. t-32_volume_m15_norm                     = 0.004447
2025-12-20 22:43:34 - ml.src.training.sequence_feature_analysis - INFO -   30. t-65_rsi_m60                             = 0.004446
2025-12-20 22:43:34 - ml.src.training.sequence_feature_analysis - INFO - 
Aggregated importance by feature type:
2025-12-20 22:43:34 - ml.src.training.sequence_feature_analysis - INFO -   rsi_m60                        = 0.080706
2025-12-20 22:43:34 - ml.src.training.sequence_feature_analysis - INFO -   atr_norm_m5                    = 0.078461
2025-12-20 22:43:34 - ml.src.training.sequence_feature_analysis - INFO -   bb_pos_m60                     = 0.074244
2025-12-20 22:43:34 - ml.src.training.sequence_feature_analysis - INFO -   adx                            = 0.074033
2025-12-20 22:43:34 - ml.src.training.sequence_feature_analysis - INFO -   rsi_m5                         = 0.072103
2025-12-20 22:43:34 - ml.src.training.sequence_feature_analysis - INFO -   dist_sma_200                   = 0.068571
2025-12-20 22:43:34 - ml.src.training.sequence_feature_analysis - INFO -   stoch_d_m5                     = 0.068302
2025-12-20 22:43:34 - ml.src.training.sequence_feature_analysis - INFO -   macd_hist_m5                   = 0.066674
2025-12-20 22:43:34 - ml.src.training.sequence_feature_analysis - INFO -   volume_m15_norm                = 0.063961
2025-12-20 22:43:34 - ml.src.training.sequence_feature_analysis - INFO -   bb_pos_m15                     = 0.054811
2025-12-20 22:43:34 - ml.src.training.sequence_artifacts - INFO - Saved feature importance to sequence_feature_importance.json
2025-12-20 22:43:34 - ml.src.pipeline_stages - INFO - Artifacts saved to C:\Users\Arek\Documents\Repos\Traiding\Trading-ML\ml\outputs\models
2025-12-20 22:43:34 - __main__ - INFO - 
================================================================================
2025-12-20 22:43:34 - __main__ - INFO - TRAINING COMPLETE - SUMMARY
2025-12-20 22:43:34 - __main__ - INFO - ================================================================================
2025-12-20 22:43:34 - __main__ - INFO - End time: 2025-12-20 22:43:34
2025-12-20 22:43:34 - __main__ - INFO - 
Final Metrics:
2025-12-20 22:43:34 - __main__ - INFO -   Window Size:       100 candles
2025-12-20 22:43:34 - __main__ - INFO -   Threshold:         0.5000
2025-12-20 22:43:34 - __main__ - INFO -   WIN RATE:          0.1429 (14.29%)
2025-12-20 22:43:34 - __main__ - INFO -   Precision:         0.1429
2025-12-20 22:43:34 - __main__ - INFO -   Recall:            0.0270
2025-12-20 22:43:34 - __main__ - INFO -   F1 Score:          0.0455
2025-12-20 22:43:34 - __main__ - INFO -   ROC-AUC:           0.4386
2025-12-20 22:43:34 - __main__ - INFO -   PR-AUC:            0.3212
2025-12-20 22:43:34 - __main__ - INFO - 
Artifacts saved to: C:\Users\Arek\Documents\Repos\Traiding\Trading-ML\ml\outputs\models
2025-12-20 22:43:34 - __main__ - INFO - ================================================================================
