2025-12-23 14:47:55 - ml.src.pipeline_config_extended - INFO - Pipeline configuration validated successfully
2025-12-23 14:47:55 - __main__ - INFO - 
================================================================================
2025-12-23 14:47:55 - __main__ - INFO - SEQUENCE XGBoost TRAINING PIPELINE - XAU/USD 1-Minute Data
2025-12-23 14:47:55 - __main__ - INFO - ================================================================================
2025-12-23 14:47:55 - __main__ - INFO - Log file: C:\Users\anajdere\source\repos\Tst IDT\ML\Trading-ML\ml\outputs\logs\sequence_xgb_train_years_2025_20251223_144755.log
2025-12-23 14:47:55 - __main__ - INFO - Start time: 2025-12-23 14:47:55
2025-12-23 14:47:55 - __main__ - INFO - Data years: [2025]
2025-12-23 14:47:55 - __main__ - INFO - 
Pipeline Configuration:
2025-12-23 14:47:55 - __main__ - INFO -   Feature engineering version: v1
2025-12-23 14:47:55 - __main__ - INFO -   Window size: 80 candles
2025-12-23 14:47:55 - __main__ - INFO -   ATR SL multiplier: 1.0x (from risk_config.py)
2025-12-23 14:47:55 - __main__ - INFO -   ATR TP multiplier: 2.0x (from risk_config.py)
2025-12-23 14:47:55 - __main__ - INFO -   Min hold time: 3 M5 candles
2025-12-23 14:47:55 - __main__ - INFO -   Max horizon: 60 M5 candles
2025-12-23 14:47:55 - __main__ - INFO -   Trading session: london_ny
2025-12-23 14:47:55 - __main__ - INFO -   Threshold optimization: HYBRID (EV with precision AND recall floors)
2025-12-23 14:47:55 - __main__ - INFO -     - Min precision: 0.6
2025-12-23 14:47:55 - __main__ - INFO -     - Min recall: 0.0
2025-12-23 14:47:55 - __main__ - INFO -     - Win coefficient: 1.0
2025-12-23 14:47:55 - __main__ - INFO -     - Loss coefficient: -1.0
2025-12-23 14:47:55 - __main__ - INFO -   M5 alignment filter: disabled
2025-12-23 14:47:55 - __main__ - INFO -   Trend filter: enabled
2025-12-23 14:47:55 - __main__ - INFO -   Pullback filter: disabled
2025-12-23 14:47:55 - __main__ - INFO -   Random state: 42
2025-12-23 14:47:55 - __main__ - INFO - ================================================================================

2025-12-23 14:47:55 - ml.src.pipeline_stages - INFO - Loading data from C:\Users\anajdere\source\repos\Tst IDT\ML\Trading-ML\ml\src\data
2025-12-23 14:47:55 - ml.src.data_loading.loaders - INFO - Year filter applied: loading only [2025]
2025-12-23 14:47:55 - ml.src.pipeline_stages - INFO - Loaded 80,985 rows from C:\Users\anajdere\source\repos\Tst IDT\ML\Trading-ML\ml\src\data
2025-12-23 14:47:55 - ml.src.pipeline_stages - INFO - Date range: 2025-09-08 05:12:00 to 2025-11-28 19:43:00
2025-12-23 14:47:55 - ml.src.pipeline_stages - WARNING - window_size parameter is deprecated and ignored (passed: 80)
2025-12-23 14:47:55 - ml.src.pipeline_stages - WARNING - feature_version parameter is deprecated and ignored (passed: v1)
2025-12-23 14:47:55 - ml.src.pipeline_stages - INFO - Aggregating M1 data to M5 timeframe...
2025-12-23 14:47:55 - ml.src.features.engineer_m5 - INFO - Aggregating 80985 M1 candles to M5...
2025-12-23 14:47:55 - ml.src.features.engineer_m5 - INFO - Aggregated to 16200 M5 candles (5.0x compression)
2025-12-23 14:47:55 - ml.src.pipeline_stages - INFO - Aggregated 80,985 M1 candles → 16,200 M5 candles (20.0% compression)
2025-12-23 14:47:55 - ml.src.pipeline_stages - INFO - Engineering technical features on M5 timeframe (with M15/M60 context)...
2025-12-23 14:47:55 - ml.src.features.engineer_m5 - INFO - Engineering M5 features...
2025-12-23 14:47:55 - ml.src.features.engineer_m5 - INFO - Aggregating 16200 M1 candles to M5...
2025-12-23 14:47:55 - ml.src.features.engineer_m5 - INFO - Aggregated to 16200 M5 candles (1.0x compression)
2025-12-23 14:47:55 - ml.src.features.engineer_m5 - INFO - Computing M5 primary features...
2025-12-23 14:47:57 - ml.src.features.engineer_m5 - INFO - Computing M15 context from M5...
2025-12-23 14:47:57 - ml.src.features.engineer_m5 - INFO - Computing M60 context from M5...
2025-12-23 14:47:58 - ml.src.features.engineer_m5 - INFO - M5 feature engineering complete: 16200 rows × 26 features
2025-12-23 14:47:58 - ml.src.features.engineer_m5 - INFO - Timeframe: M5 (5-minute candles)
2025-12-23 14:47:58 - ml.src.features.engineer_m5 - INFO - Date range: 2025-09-08 05:10:00 to 2025-11-28 19:40:00
2025-12-23 14:47:58 - ml.src.pipeline_stages - INFO - Features shape: (16200, 26)
2025-12-23 14:47:58 - ml.src.pipeline_stages - INFO - Feature columns: 26
2025-12-23 14:47:58 - ml.src.features.engineer_m5 - INFO - Aggregating 80982 M1 candles to M5...
2025-12-23 14:47:58 - ml.src.features.engineer_m5 - INFO - Aggregated to 16200 M5 candles (5.0x compression)
2025-12-23 14:47:58 - ml.src.pipeline_stages - INFO - Creating targets on M5 timeframe (SL=1.0×ATR, TP=2.0×ATR, min_hold=3 M5 candles, max_horizon=60 M5 candles)
2025-12-23 14:47:58 - ml.src.targets.target_maker - INFO - Creating targets (SL/TP simulation) for 16,200 candles...
2025-12-23 14:47:58 - ml.src.targets.target_maker - INFO - Parameters: SL=1.0×ATR, TP=2.0×ATR, min_hold=3min, max_horizon=60min
2025-12-23 14:47:58 - ml.src.targets.target_maker - INFO - Calculating M1 ATR(14) for SL/TP targets (fallback)
2025-12-23 14:47:58 - ml.src.targets.target_maker - INFO - Target creation complete: 16,140 valid targets
2025-12-23 14:47:58 - ml.src.pipeline_stages - INFO - Targets shape: 16140
2025-12-23 14:47:58 - ml.src.pipeline_stages - INFO - Positive class (win): 6,113 (37.87%)
2025-12-23 14:47:58 - ml.src.pipeline_stages - INFO - Negative class (loss): 10,027 (62.13%)
2025-12-23 14:47:58 - ml.src.pipeline_stages - INFO - Creating sequences on M5 timeframe (window_size=80 M5 candles = 400 minutes)...
2025-12-23 14:47:58 - ml.src.pipeline_stages - INFO - Filter config: m5_alignment=False (already M5), trend=True, pullback=False, max_windows=200,000
2025-12-23 14:47:58 - ml.src.sequences.sequencer - INFO - M5 alignment filter disabled; keeping all timestamps irrespective of minute alignment
2025-12-23 14:47:58 - ml.src.sequences.sequencer - INFO - Applied Trend Filter (dist_sma_200 > 0.00, ADX > 15.00): kept 9120/16061 (56.8%)
2025-12-23 14:47:58 - ml.src.sequences.sequencer - INFO - Pullback filter disabled; not constraining RSI_M5
2025-12-23 14:47:58 - ml.src.sequences.sequencer - INFO - Session filter 'london_ny': keeping 5,527 / 16,061 windows (34.4%)
2025-12-23 14:47:58 - ml.src.pipeline_stages - INFO - Sequences created: X.shape=(5527, 2080), y.shape=(5527,)
2025-12-23 14:47:58 - ml.src.pipeline_stages - INFO - Positive class in sequences: 1,917 (34.68%)
2025-12-23 14:47:58 - ml.src.pipeline_stages - INFO - Using chronological 3-way split (train/val/test)...
2025-12-23 14:47:58 - ml.src.pipeline_stages - INFO - Using percentage split (70/15/15) for year_filter=[2025]
2025-12-23 14:47:58 - ml.src.pipeline_stages - INFO - Split sizes: train=3,868, val=829, test=830
2025-12-23 14:47:58 - ml.src.pipeline_stages - INFO - Class distribution validation:
2025-12-23 14:47:58 - ml.src.pipeline_stages - INFO -   TRAIN: pos=1,371 (35.4%), neg=2,497 (64.6%)
2025-12-23 14:47:58 - ml.src.pipeline_stages - INFO -   VAL: pos=253 (30.5%), neg=576 (69.5%)
2025-12-23 14:47:58 - ml.src.pipeline_stages - INFO -   TEST: pos=293 (35.3%), neg=537 (64.7%)
2025-12-23 14:47:58 - ml.src.pipeline_stages - INFO -   Max difference in positive class: 4.9% (tolerance: 10.0%)
2025-12-23 14:47:58 - ml.src.pipeline_stages - INFO -   ✅ Class distributions are stable (max diff: 4.9% < 10.0%)
2025-12-23 14:47:58 - ml.src.pipeline_stages - WARNING - ⚠️  85 sequences cross train/val boundary (potential data leakage)
2025-12-23 14:47:58 - ml.src.pipeline_stages - WARNING - ⚠️  85 sequences cross val/test boundary (potential data leakage)
2025-12-23 14:47:58 - ml.src.pipeline_stages - WARNING -    Consider removing boundary-crossing sequences to prevent data leakage
2025-12-23 14:47:58 - ml.src.pipeline_stages - INFO - Scaling features with RobustScaler (robust to outliers)...
2025-12-23 14:47:59 - ml.src.pipeline_stages - INFO - Feature scaling complete: mean=-0.0411, std=0.7844
2025-12-23 14:47:59 - ml.src.pipeline_stages - INFO - Training XGBoost model...
2025-12-23 14:47:59 - ml.src.pipeline_stages - INFO - 
[POINT 1 OPTIMIZATION] Applying cost-sensitive learning...
2025-12-23 14:47:59 - ml.src.pipeline_stages - INFO -   Sample weights: positive=3.0, negative=1.0
2025-12-23 14:47:59 - ml.src.pipeline_stages - INFO -   Weight ratio (positive/negative): 3.00x
2025-12-23 14:47:59 - ml.src.training.sequence_xgb_trainer - INFO - Class balance (train): pos=1,371, neg=2,497, imbalance_ratio=1.82
2025-12-23 14:47:59 - ml.src.training.sequence_xgb_trainer - INFO - Applied scale_pos_weight=1.8213 to handle class imbalance
2025-12-23 14:47:59 - ml.src.training.sequence_xgb_trainer - INFO - [POINT 1] Cost-Sensitive Learning: using sample weights (mean=1.7089)
2025-12-23 14:47:59 - ml.src.training.sequence_xgb_trainer - INFO - Training XGBoost classifier...
2025-12-23 14:49:28 - ml.src.training.sequence_xgb_trainer - INFO - Training completed
2025-12-23 14:49:28 - ml.src.pipeline_stages - INFO - Model training complete
2025-12-23 14:49:28 - ml.src.pipeline_stages - INFO - Optimizing decision threshold on VAL set...
2025-12-23 14:49:29 - ml.src.training.sequence_evaluation - INFO - Running threshold optimization on VAL set...
2025-12-23 14:49:32 - ml.src.training.sequence_evaluation - INFO - 
Top 5 thresholds on VAL set:
2025-12-23 14:49:32 - ml.src.training.sequence_evaluation - INFO -   T=0.90: Precision=0.8966, Recall=0.1028, F1=0.1844, Score=1.0000
2025-12-23 14:49:32 - ml.src.training.sequence_evaluation - INFO -   T=0.90: Precision=0.8438, Recall=0.1067, F1=0.1895, Score=1.0000
2025-12-23 14:49:32 - ml.src.training.sequence_evaluation - INFO -   T=0.84: Precision=0.8525, Recall=0.2055, F1=0.3312, Score=1.0000
2025-12-23 14:49:32 - ml.src.training.sequence_evaluation - INFO -   T=0.84: Precision=0.8448, Recall=0.1937, F1=0.3151, Score=1.0000
2025-12-23 14:49:32 - ml.src.training.sequence_evaluation - INFO -   T=0.85: Precision=0.8393, Recall=0.1858, F1=0.3042, Score=1.0000
2025-12-23 14:49:32 - ml.src.pipeline_stages - INFO - Optimal threshold: 0.5228 (Score=1.0000 on VAL)
2025-12-23 14:49:32 - ml.src.pipeline_stages - INFO - Evaluating on TEST set with optimized threshold...
2025-12-23 14:49:32 - ml.src.training.sequence_evaluation - INFO - Probability stats: min=0.0083, max=0.9827, mean=0.4217, std=0.2972
2025-12-23 14:49:32 - ml.src.training.sequence_evaluation - INFO - Using fixed threshold: 0.5228
2025-12-23 14:49:32 - ml.src.training.sequence_evaluation - INFO - Confusion matrix@thr=0.5228:
2025-12-23 14:49:32 - ml.src.training.sequence_evaluation - INFO -   [[TN=512, FP=25],
2025-12-23 14:49:32 - ml.src.training.sequence_evaluation - INFO -    [FN=188, TP=105]]
2025-12-23 14:49:32 - ml.src.training.sequence_evaluation - INFO - 
TEST SET EVALUATION:
2025-12-23 14:49:32 - ml.src.training.sequence_evaluation - INFO -   Precision: 0.8077
2025-12-23 14:49:32 - ml.src.training.sequence_evaluation - INFO -   Recall:    0.3584
2025-12-23 14:49:32 - ml.src.training.sequence_evaluation - INFO -   F1:        0.4965
2025-12-23 14:49:32 - ml.src.training.sequence_evaluation - INFO -   ROC-AUC:   0.8639
2025-12-23 14:49:32 - ml.src.pipeline_stages - INFO - Final TEST metrics: threshold=0.5228, win_rate=0.8077 (80.77%), precision=0.8077, recall=0.3584, f1=0.4965, roc_auc=0.8639, pr_auc=0.7842
2025-12-23 14:49:32 - ml.src.pipeline_stages - INFO - Saving artifacts...
2025-12-23 14:49:32 - ml.src.training.sequence_artifacts - INFO - Saved model to sequence_xgb_model.pkl
2025-12-23 14:49:32 - ml.src.training.sequence_artifacts - INFO - Saved scaler to sequence_scaler.pkl (required for inference)
2025-12-23 14:49:32 - ml.src.training.sequence_artifacts - INFO - Saved feature columns to sequence_feature_columns.json
2025-12-23 14:49:32 - ml.src.training.sequence_artifacts - INFO - Saved metadata to sequence_threshold.json (analysis_window=7 days)
2025-12-23 14:49:32 - ml.src.training.sequence_artifacts - INFO - Analyzing feature importance...
2025-12-23 14:49:32 - ml.src.training.sequence_feature_analysis - INFO - 
Top 30 most important features:
2025-12-23 14:49:32 - ml.src.training.sequence_feature_analysis - INFO -    1. t-2_bb_pos_m60                           = 0.004743
2025-12-23 14:49:32 - ml.src.training.sequence_feature_analysis - INFO -    2. t-24_bb_pos_m60                          = 0.004368
2025-12-23 14:49:32 - ml.src.training.sequence_feature_analysis - INFO -    3. t-35_obv_m60                             = 0.004049
2025-12-23 14:49:32 - ml.src.training.sequence_feature_analysis - INFO -    4. t-5_bb_pos_m5                            = 0.003838
2025-12-23 14:49:32 - ml.src.training.sequence_feature_analysis - INFO -    5. t-19_obv_m60                             = 0.003633
2025-12-23 14:49:32 - ml.src.training.sequence_feature_analysis - INFO -    6. t-69_obv_m60                             = 0.003605
2025-12-23 14:49:32 - ml.src.training.sequence_feature_analysis - INFO -    7. t-40_cvd_m60                             = 0.003223
2025-12-23 14:49:32 - ml.src.training.sequence_feature_analysis - INFO -    8. t-4_cvd_m60                              = 0.003184
2025-12-23 14:49:32 - ml.src.training.sequence_feature_analysis - INFO -    9. t-77_rsi_m60                             = 0.003121
2025-12-23 14:49:32 - ml.src.training.sequence_feature_analysis - INFO -   10. t-77_cvd_m60                             = 0.003016
2025-12-23 14:49:32 - ml.src.training.sequence_feature_analysis - INFO -   11. t-19_rsi_m60                             = 0.002948
2025-12-23 14:49:32 - ml.src.training.sequence_feature_analysis - INFO -   12. t-4_bb_pos_m60                           = 0.002901
2025-12-23 14:49:32 - ml.src.training.sequence_feature_analysis - INFO -   13. t-72_rsi_m60                             = 0.002893
2025-12-23 14:49:32 - ml.src.training.sequence_feature_analysis - INFO -   14. t-66_obv_m60                             = 0.002717
2025-12-23 14:49:32 - ml.src.training.sequence_feature_analysis - INFO -   15. t-20_bb_pos_m60                          = 0.002612
2025-12-23 14:49:32 - ml.src.training.sequence_feature_analysis - INFO -   16. t-23_rsi_m60                             = 0.002541
2025-12-23 14:49:32 - ml.src.training.sequence_feature_analysis - INFO -   17. t-30_dist_sma_200_m15                    = 0.002535
2025-12-23 14:49:32 - ml.src.training.sequence_feature_analysis - INFO -   18. t-3_cvd_m60                              = 0.002525
2025-12-23 14:49:32 - ml.src.training.sequence_feature_analysis - INFO -   19. t-36_rsi_m60                             = 0.002520
2025-12-23 14:49:32 - ml.src.training.sequence_feature_analysis - INFO -   20. t-21_obv_m60                             = 0.002511
2025-12-23 14:49:32 - ml.src.training.sequence_feature_analysis - INFO -   21. t-52_bb_pos_m15                          = 0.002460
2025-12-23 14:49:32 - ml.src.training.sequence_feature_analysis - INFO -   22. t-60_bb_pos_m60                          = 0.002424
2025-12-23 14:49:32 - ml.src.training.sequence_feature_analysis - INFO -   23. t-1_macd_hist_m5                         = 0.002421
2025-12-23 14:49:32 - ml.src.training.sequence_feature_analysis - INFO -   24. t-1_stoch_d_m5                           = 0.002303
2025-12-23 14:49:32 - ml.src.training.sequence_feature_analysis - INFO -   25. t-70_rsi_m60                             = 0.002259
2025-12-23 14:49:32 - ml.src.training.sequence_feature_analysis - INFO -   26. t-20_rsi_m60                             = 0.002255
2025-12-23 14:49:32 - ml.src.training.sequence_feature_analysis - INFO -   27. t-5_dist_sma_200                         = 0.002239
2025-12-23 14:49:32 - ml.src.training.sequence_feature_analysis - INFO -   28. t-21_rsi_m60                             = 0.002230
2025-12-23 14:49:32 - ml.src.training.sequence_feature_analysis - INFO -   29. t-40_dist_sma_200                        = 0.002198
2025-12-23 14:49:32 - ml.src.training.sequence_feature_analysis - INFO -   30. t-72_dist_sma_200_m15                    = 0.002155
2025-12-23 14:49:32 - ml.src.training.sequence_feature_analysis - INFO - 
Aggregated importance by feature type:
2025-12-23 14:49:32 - ml.src.training.sequence_feature_analysis - INFO -   bb_pos_m60                     = 0.069728
2025-12-23 14:49:32 - ml.src.training.sequence_feature_analysis - INFO -   cvd_m60                        = 0.066589
2025-12-23 14:49:32 - ml.src.training.sequence_feature_analysis - INFO -   rsi_m60                        = 0.065819
2025-12-23 14:49:32 - ml.src.training.sequence_feature_analysis - INFO -   obv_m60                        = 0.059842
2025-12-23 14:49:32 - ml.src.training.sequence_feature_analysis - INFO -   bb_pos_m15                     = 0.047260
2025-12-23 14:49:32 - ml.src.training.sequence_feature_analysis - INFO -   dist_sma_20_m15                = 0.046588
2025-12-23 14:49:32 - ml.src.training.sequence_feature_analysis - INFO -   cvd_m15                        = 0.045551
2025-12-23 14:49:32 - ml.src.training.sequence_feature_analysis - INFO -   adx                            = 0.044285
2025-12-23 14:49:32 - ml.src.training.sequence_feature_analysis - INFO -   macd_hist_m5                   = 0.042217
2025-12-23 14:49:32 - ml.src.training.sequence_feature_analysis - INFO -   volume_m15_norm                = 0.039966
2025-12-23 14:49:32 - ml.src.training.sequence_artifacts - INFO - Saved feature importance to sequence_feature_importance.json
2025-12-23 14:49:32 - ml.src.pipeline_stages - INFO - Artifacts saved to C:\Users\anajdere\source\repos\Tst IDT\ML\Trading-ML\ml\outputs\models
2025-12-23 14:49:32 - __main__ - INFO - 
================================================================================
2025-12-23 14:49:32 - __main__ - INFO - TRAINING COMPLETE - SUMMARY
2025-12-23 14:49:32 - __main__ - INFO - ================================================================================
2025-12-23 14:49:32 - __main__ - INFO - End time: 2025-12-23 14:49:32
2025-12-23 14:49:32 - __main__ - INFO - 
Final Metrics:
2025-12-23 14:49:32 - __main__ - INFO -   Window Size:       80 candles
2025-12-23 14:49:32 - __main__ - INFO -   Threshold:         0.5228
2025-12-23 14:49:32 - __main__ - INFO -   WIN RATE:          0.8077 (80.77%)
2025-12-23 14:49:32 - __main__ - INFO -   Precision:         0.8077
2025-12-23 14:49:32 - __main__ - INFO -   Recall:            0.3584
2025-12-23 14:49:32 - __main__ - INFO -   F1 Score:          0.4965
2025-12-23 14:49:32 - __main__ - INFO -   ROC-AUC:           0.8639
2025-12-23 14:49:32 - __main__ - INFO -   PR-AUC:            0.7842
2025-12-23 14:49:32 - __main__ - INFO - 
Artifacts saved to: C:\Users\anajdere\source\repos\Tst IDT\ML\Trading-ML\ml\outputs\models
2025-12-23 14:49:32 - __main__ - INFO - ================================================================================
