2025-12-20 22:53:13 - ml.src.pipeline_config_extended - INFO - Pipeline configuration validated successfully
2025-12-20 22:53:13 - __main__ - INFO - 
================================================================================
2025-12-20 22:53:13 - __main__ - INFO - SEQUENCE XGBoost TRAINING PIPELINE - XAU/USD 1-Minute Data
2025-12-20 22:53:13 - __main__ - INFO - ================================================================================
2025-12-20 22:53:13 - __main__ - INFO - Log file: C:\Users\Arek\Documents\Repos\Traiding\Trading-ML\ml\outputs\logs\sequence_xgb_train_years_2025_20251220_225313.log
2025-12-20 22:53:13 - __main__ - INFO - Start time: 2025-12-20 22:53:13
2025-12-20 22:53:13 - __main__ - INFO - Data years: [2025]
2025-12-20 22:53:13 - __main__ - INFO - 
Pipeline Configuration:
2025-12-20 22:53:13 - __main__ - INFO -   Feature engineering version: v1
2025-12-20 22:53:13 - __main__ - INFO -   Window size: 100 candles
2025-12-20 22:53:13 - __main__ - INFO -   ATR SL multiplier: 1x (from risk_config.py)
2025-12-20 22:53:13 - __main__ - INFO -   ATR TP multiplier: 2x (from risk_config.py)
2025-12-20 22:53:13 - __main__ - INFO -   Min hold time: 5 minutes
2025-12-20 22:53:13 - __main__ - INFO -   Max horizon: 60 candles
2025-12-20 22:53:13 - __main__ - INFO -   Trading session: london_ny
2025-12-20 22:53:13 - __main__ - INFO -   Min precision threshold: 0.7
2025-12-20 22:53:13 - __main__ - INFO -   M5 alignment filter: disabled
2025-12-20 22:53:13 - __main__ - INFO -   Trend filter: disabled
2025-12-20 22:53:13 - __main__ - INFO -   Pullback filter: disabled
2025-12-20 22:53:13 - __main__ - INFO -   Random state: 42
2025-12-20 22:53:13 - __main__ - INFO - ================================================================================

2025-12-20 22:53:13 - ml.src.pipeline_stages - INFO - Loading data from C:\Users\Arek\Documents\Repos\Traiding\Trading-ML\ml\src\data
2025-12-20 22:53:13 - ml.src.data_loading.loaders - INFO - Year filter applied: loading only [2025]
2025-12-20 22:53:13 - ml.src.pipeline_stages - INFO - Loaded 18,875 rows from C:\Users\Arek\Documents\Repos\Traiding\Trading-ML\ml\src\data
2025-12-20 22:53:13 - ml.src.pipeline_stages - INFO - Date range: 2025-12-01 00:00:00 to 2025-12-18 17:39:00
2025-12-20 22:53:13 - ml.src.pipeline_stages - WARNING - window_size parameter is deprecated and ignored (passed: 100)
2025-12-20 22:53:13 - ml.src.pipeline_stages - WARNING - feature_version parameter is deprecated and ignored (passed: v1)
2025-12-20 22:53:13 - ml.src.pipeline_stages - INFO - Aggregating M1 data to M5 timeframe...
2025-12-20 22:53:13 - ml.src.features.engineer_m5 - INFO - Aggregating 18875 M1 candles to M5...
2025-12-20 22:53:13 - ml.src.features.engineer_m5 - INFO - Aggregated to 3776 M5 candles (5.0x compression)
2025-12-20 22:53:13 - ml.src.pipeline_stages - INFO - Aggregated 18,875 M1 candles → 3,776 M5 candles (20.0% compression)
2025-12-20 22:53:13 - ml.src.pipeline_stages - INFO - Engineering technical features on M5 timeframe (with M15/M60 context)...
2025-12-20 22:53:13 - ml.src.features.engineer_m5 - INFO - Engineering M5 features...
2025-12-20 22:53:13 - ml.src.features.engineer_m5 - INFO - Aggregating 3776 M1 candles to M5...
2025-12-20 22:53:13 - ml.src.features.engineer_m5 - INFO - Aggregated to 3776 M5 candles (1.0x compression)
2025-12-20 22:53:13 - ml.src.features.engineer_m5 - INFO - Computing M5 primary features...
2025-12-20 22:53:13 - ml.src.features.engineer_m5 - INFO - Computing M15 context from M5...
2025-12-20 22:53:13 - ml.src.features.engineer_m5 - INFO - Computing M60 context from M5...
2025-12-20 22:53:13 - ml.src.features.engineer_m5 - INFO - M5 feature engineering complete: 3776 rows × 18 features
2025-12-20 22:53:13 - ml.src.features.engineer_m5 - INFO - Timeframe: M5 (5-minute candles)
2025-12-20 22:53:13 - ml.src.features.engineer_m5 - INFO - Date range: 2025-12-01 00:00:00 to 2025-12-18 17:35:00
2025-12-20 22:53:13 - ml.src.pipeline_stages - INFO - Features shape: (3776, 18)
2025-12-20 22:53:13 - ml.src.pipeline_stages - INFO - Feature columns: 18
2025-12-20 22:53:13 - ml.src.features.engineer_m5 - INFO - Aggregating 18875 M1 candles to M5...
2025-12-20 22:53:13 - ml.src.features.engineer_m5 - INFO - Aggregated to 3776 M5 candles (5.0x compression)
2025-12-20 22:53:13 - ml.src.pipeline_stages - INFO - Creating targets on M5 timeframe (SL=1×ATR, TP=2×ATR, min_hold=5 M5 candles, max_horizon=60 M5 candles)
2025-12-20 22:53:13 - ml.src.targets.target_maker - INFO - Creating targets (SL/TP simulation) for 3,776 candles...
2025-12-20 22:53:13 - ml.src.targets.target_maker - INFO - Parameters: SL=1×ATR, TP=2×ATR, min_hold=5min, max_horizon=60min
2025-12-20 22:53:13 - ml.src.targets.target_maker - INFO - Calculating M1 ATR(14) for SL/TP targets (fallback)
2025-12-20 22:53:13 - ml.src.targets.target_maker - INFO - Target creation complete: 3,716 valid targets
2025-12-20 22:53:13 - ml.src.pipeline_stages - INFO - Targets shape: 3716
2025-12-20 22:53:13 - ml.src.pipeline_stages - INFO - Positive class (win): 1,290 (34.71%)
2025-12-20 22:53:13 - ml.src.pipeline_stages - INFO - Negative class (loss): 2,426 (65.29%)
2025-12-20 22:53:13 - ml.src.pipeline_stages - INFO - Creating sequences on M5 timeframe (window_size=100 M5 candles = 500 minutes)...
2025-12-20 22:53:13 - ml.src.pipeline_stages - INFO - Filter config: m5_alignment=False (already M5), trend=False, pullback=False, max_windows=200,000
2025-12-20 22:53:13 - ml.src.sequences.sequencer - INFO - M5 alignment filter disabled; keeping all timestamps irrespective of minute alignment
2025-12-20 22:53:13 - ml.src.sequences.sequencer - INFO - Trend filter disabled; not enforcing SMA/ADX conditions
2025-12-20 22:53:13 - ml.src.sequences.sequencer - INFO - Pullback filter disabled; not constraining RSI_M5
2025-12-20 22:53:13 - ml.src.sequences.sequencer - INFO - Session filter 'london_ny': keeping 2,237 / 3,617 windows (61.8%)
2025-12-20 22:53:13 - ml.src.pipeline_stages - INFO - Sequences created: X.shape=(2237, 1800), y.shape=(2237,)
2025-12-20 22:53:13 - ml.src.pipeline_stages - INFO - Positive class in sequences: 771 (34.47%)
2025-12-20 22:53:13 - ml.src.pipeline_stages - INFO - Splitting data chronologically (train/val/test)...
2025-12-20 22:53:13 - ml.src.pipeline_stages - INFO - Using percentage split (70/15/15) for year_filter=[2025]
2025-12-20 22:53:13 - ml.src.pipeline_stages - INFO - Split sizes: train=1,565, val=336, test=336
2025-12-20 22:53:13 - ml.src.pipeline_stages - INFO - Scaling features with RobustScaler (robust to outliers)...
2025-12-20 22:53:13 - ml.src.pipeline_stages - INFO - Feature scaling complete: mean=0.0000, std=0.3437
2025-12-20 22:53:13 - ml.src.pipeline_stages - INFO - Training XGBoost classifier...
2025-12-20 22:53:13 - ml.src.training.sequence_xgb_trainer - INFO - Class balance (train): pos=534, neg=1,031, imbalance_ratio=1.93
2025-12-20 22:53:13 - ml.src.training.sequence_xgb_trainer - INFO - Applied scale_pos_weight=1.9307 to handle class imbalance
2025-12-20 22:53:13 - ml.src.training.sequence_xgb_trainer - INFO - Training XGBoost classifier...
2025-12-20 22:53:16 - ml.src.training.sequence_xgb_trainer - INFO - Training completed
2025-12-20 22:53:16 - ml.src.pipeline_stages - INFO - Evaluating model on test set...
2025-12-20 22:53:16 - ml.src.training.sequence_evaluation - INFO - Probability stats: min=0.3145, max=0.6023, mean=0.4849, std=0.0646
2025-12-20 22:53:16 - ml.src.training.sequence_evaluation - WARNING - No threshold met precision >= 0.70 with >= 10 trades. Falling back to maximizing precision with stability constraint.
2025-12-20 22:53:17 - ml.src.training.sequence_evaluation - INFO - Confusion matrix@thr=0.57:
2025-12-20 22:53:17 - ml.src.training.sequence_evaluation - INFO -   [[TN=217, FP=10],
2025-12-20 22:53:17 - ml.src.training.sequence_evaluation - INFO -    [FN=99, TP=10]]
2025-12-20 22:53:17 - ml.src.pipeline_stages - INFO - Evaluation metrics: threshold=0.57, win_rate=0.5000 (50.00%), precision=0.5000, recall=0.0917, f1=0.1550, roc_auc=0.5560, pr_auc=0.4074
2025-12-20 22:53:17 - ml.src.pipeline_stages - INFO - Saving artifacts...
2025-12-20 22:53:17 - ml.src.training.sequence_artifacts - INFO - Saved model to sequence_xgb_model.pkl
2025-12-20 22:53:17 - ml.src.training.sequence_artifacts - INFO - Saved scaler to sequence_scaler.pkl (required for inference)
2025-12-20 22:53:17 - ml.src.training.sequence_artifacts - INFO - Saved feature columns to sequence_feature_columns.json
2025-12-20 22:53:17 - ml.src.training.sequence_artifacts - INFO - Saved metadata to sequence_threshold.json (analysis_window=7 days)
2025-12-20 22:53:17 - ml.src.training.sequence_artifacts - INFO - Analyzing feature importance...
2025-12-20 22:53:17 - ml.src.training.sequence_feature_analysis - INFO - 
Top 30 most important features:
2025-12-20 22:53:17 - ml.src.training.sequence_feature_analysis - INFO -    1. t-35_volume_m15_norm                     = 0.012449
2025-12-20 22:53:17 - ml.src.training.sequence_feature_analysis - INFO -    2. t-0_volume_m15_norm                      = 0.008313
2025-12-20 22:53:17 - ml.src.training.sequence_feature_analysis - INFO -    3. t-58_cvd_m5                              = 0.007458
2025-12-20 22:53:17 - ml.src.training.sequence_feature_analysis - INFO -    4. t-1_volume_m15_norm                      = 0.007369
2025-12-20 22:53:17 - ml.src.training.sequence_feature_analysis - INFO -    5. t-2_cvd_m5                               = 0.006506
2025-12-20 22:53:17 - ml.src.training.sequence_feature_analysis - INFO -    6. t-38_volume_m15_norm                     = 0.006032
2025-12-20 22:53:17 - ml.src.training.sequence_feature_analysis - INFO -    7. t-83_cvd_m5                              = 0.006014
2025-12-20 22:53:17 - ml.src.training.sequence_feature_analysis - INFO -    8. t-24_volume_m15_norm                     = 0.006004
2025-12-20 22:53:17 - ml.src.training.sequence_feature_analysis - INFO -    9. t-94_volume_m15_norm                     = 0.005945
2025-12-20 22:53:17 - ml.src.training.sequence_feature_analysis - INFO -   10. t-41_cvd_m5                              = 0.005890
2025-12-20 22:53:17 - ml.src.training.sequence_feature_analysis - INFO -   11. t-15_volume_m5_norm                      = 0.005828
2025-12-20 22:53:17 - ml.src.training.sequence_feature_analysis - INFO -   12. t-57_cvd_m5                              = 0.005824
2025-12-20 22:53:17 - ml.src.training.sequence_feature_analysis - INFO -   13. t-87_volume_m15_norm                     = 0.005657
2025-12-20 22:53:17 - ml.src.training.sequence_feature_analysis - INFO -   14. t-42_volume_m15_norm                     = 0.005644
2025-12-20 22:53:17 - ml.src.training.sequence_feature_analysis - INFO -   15. t-37_cvd_m5                              = 0.005578
2025-12-20 22:53:17 - ml.src.training.sequence_feature_analysis - INFO -   16. t-63_volume_m15_norm                     = 0.005474
2025-12-20 22:53:17 - ml.src.training.sequence_feature_analysis - INFO -   17. t-73_cvd_m5                              = 0.005453
2025-12-20 22:53:17 - ml.src.training.sequence_feature_analysis - INFO -   18. t-98_volume_m15_norm                     = 0.005438
2025-12-20 22:53:17 - ml.src.training.sequence_feature_analysis - INFO -   19. t-37_volume_m15_norm                     = 0.005398
2025-12-20 22:53:17 - ml.src.training.sequence_feature_analysis - INFO -   20. t-35_cvd_m5                              = 0.005283
2025-12-20 22:53:17 - ml.src.training.sequence_feature_analysis - INFO -   21. t-74_volume_m15_norm                     = 0.005277
2025-12-20 22:53:17 - ml.src.training.sequence_feature_analysis - INFO -   22. t-23_volume_m15_norm                     = 0.005212
2025-12-20 22:53:17 - ml.src.training.sequence_feature_analysis - INFO -   23. t-31_cvd_m5                              = 0.005176
2025-12-20 22:53:17 - ml.src.training.sequence_feature_analysis - INFO -   24. t-5_volume_m15_norm                      = 0.005136
2025-12-20 22:53:17 - ml.src.training.sequence_feature_analysis - INFO -   25. t-14_volume_m15_norm                     = 0.005129
2025-12-20 22:53:17 - ml.src.training.sequence_feature_analysis - INFO -   26. t-16_volume_m15_norm                     = 0.005124
2025-12-20 22:53:17 - ml.src.training.sequence_feature_analysis - INFO -   27. t-77_volume_m15_norm                     = 0.005111
2025-12-20 22:53:17 - ml.src.training.sequence_feature_analysis - INFO -   28. t-2_volume_m15_norm                      = 0.005026
2025-12-20 22:53:17 - ml.src.training.sequence_feature_analysis - INFO -   29. t-98_volume_m5_norm                      = 0.004994
2025-12-20 22:53:17 - ml.src.training.sequence_feature_analysis - INFO -   30. t-53_volume_m5_norm                      = 0.004982
2025-12-20 22:53:17 - ml.src.training.sequence_feature_analysis - INFO - 
Aggregated importance by feature type:
2025-12-20 22:53:17 - ml.src.training.sequence_feature_analysis - INFO -   volume_m15_norm                = 0.391205
2025-12-20 22:53:17 - ml.src.training.sequence_feature_analysis - INFO -   cvd_m5                         = 0.347710
2025-12-20 22:53:17 - ml.src.training.sequence_feature_analysis - INFO -   volume_m5_norm                 = 0.261085
2025-12-20 22:53:17 - ml.src.training.sequence_feature_analysis - INFO -   rsi_m5                         = 0.000000
2025-12-20 22:53:17 - ml.src.training.sequence_feature_analysis - INFO -   bb_pos_m5                      = 0.000000
2025-12-20 22:53:17 - ml.src.training.sequence_feature_analysis - INFO -   dist_sma_20_m5                 = 0.000000
2025-12-20 22:53:17 - ml.src.training.sequence_feature_analysis - INFO -   stoch_k_m5                     = 0.000000
2025-12-20 22:53:17 - ml.src.training.sequence_feature_analysis - INFO -   stoch_d_m5                     = 0.000000
2025-12-20 22:53:17 - ml.src.training.sequence_feature_analysis - INFO -   macd_hist_m5                   = 0.000000
2025-12-20 22:53:17 - ml.src.training.sequence_feature_analysis - INFO -   atr_norm_m5                    = 0.000000
2025-12-20 22:53:17 - ml.src.training.sequence_artifacts - INFO - Saved feature importance to sequence_feature_importance.json
2025-12-20 22:53:17 - ml.src.pipeline_stages - INFO - Artifacts saved to C:\Users\Arek\Documents\Repos\Traiding\Trading-ML\ml\outputs\models
2025-12-20 22:53:17 - __main__ - INFO - 
================================================================================
2025-12-20 22:53:17 - __main__ - INFO - TRAINING COMPLETE - SUMMARY
2025-12-20 22:53:17 - __main__ - INFO - ================================================================================
2025-12-20 22:53:17 - __main__ - INFO - End time: 2025-12-20 22:53:17
2025-12-20 22:53:17 - __main__ - INFO - 
Final Metrics:
2025-12-20 22:53:17 - __main__ - INFO -   Window Size:       100 candles
2025-12-20 22:53:17 - __main__ - INFO -   Threshold:         0.5700
2025-12-20 22:53:17 - __main__ - INFO -   WIN RATE:          0.5000 (50.00%)
2025-12-20 22:53:17 - __main__ - INFO -   Precision:         0.5000
2025-12-20 22:53:17 - __main__ - INFO -   Recall:            0.0917
2025-12-20 22:53:17 - __main__ - INFO -   F1 Score:          0.1550
2025-12-20 22:53:17 - __main__ - INFO -   ROC-AUC:           0.5560
2025-12-20 22:53:17 - __main__ - INFO -   PR-AUC:            0.4074
2025-12-20 22:53:17 - __main__ - INFO - 
Artifacts saved to: C:\Users\Arek\Documents\Repos\Traiding\Trading-ML\ml\outputs\models
2025-12-20 22:53:17 - __main__ - INFO - ================================================================================
