2025-12-28 21:47:03 - ml.src.pipeline_config_extended - INFO - Pipeline configuration validated successfully
2025-12-28 21:47:03 - __main__ - INFO - 
================================================================================
2025-12-28 21:47:03 - __main__ - INFO - SEQUENCE XGBoost TRAINING PIPELINE - XAU/USD 1-Minute Data
2025-12-28 21:47:03 - __main__ - INFO - ================================================================================
2025-12-28 21:47:03 - __main__ - INFO - Log file: C:\Users\Arek\Documents\Repos\Traiding\Trading-ML\ml\outputs\logs\sequence_xgb_train_years_2020_2021_2022_2023_2024_2025_20251228_214703.log
2025-12-28 21:47:03 - __main__ - INFO - Start time: 2025-12-28 21:47:03
2025-12-28 21:47:03 - __main__ - INFO - Data years: [2020, 2021, 2022, 2023, 2024, 2025]
2025-12-28 21:47:03 - __main__ - INFO - 
Pipeline Configuration:
2025-12-28 21:47:03 - __main__ - INFO -   Feature engineering version: v1
2025-12-28 21:47:03 - __main__ - INFO -   Window size: 80 candles
2025-12-28 21:47:03 - __main__ - INFO -   ATR SL multiplier: 1.0x (from risk_config.py)
2025-12-28 21:47:03 - __main__ - INFO -   ATR TP multiplier: 2.0x (from risk_config.py)
2025-12-28 21:47:03 - __main__ - INFO -   Min hold time: 3 M5 candles
2025-12-28 21:47:03 - __main__ - INFO -   Max horizon: 60 M5 candles
2025-12-28 21:47:03 - __main__ - INFO -   Trading session: london_ny
2025-12-28 21:47:03 - __main__ - INFO -   Threshold optimization: HYBRID (EV with precision AND recall floors)
2025-12-28 21:47:03 - __main__ - INFO -     - Min precision: 0.6
2025-12-28 21:47:03 - __main__ - INFO -     - Min recall: 0.0
2025-12-28 21:47:03 - __main__ - INFO -     - Win coefficient: 1.0
2025-12-28 21:47:03 - __main__ - INFO -     - Loss coefficient: -1.0
2025-12-28 21:47:03 - __main__ - INFO -   M5 alignment filter: disabled
2025-12-28 21:47:03 - __main__ - INFO -   Trend filter: enabled
2025-12-28 21:47:03 - __main__ - INFO -   Pullback filter: disabled
2025-12-28 21:47:03 - __main__ - INFO -   Random state: 42
2025-12-28 21:47:03 - __main__ - INFO - ================================================================================

2025-12-28 21:47:03 - ml.src.pipeline_stages - INFO - Loading data from C:\Users\Arek\Documents\Repos\Traiding\Trading-ML\ml\src\data
2025-12-28 21:47:03 - ml.src.data_loading.loaders - INFO - Year filter applied: loading only [2020, 2021, 2022, 2023, 2024, 2025]
2025-12-28 21:47:06 - ml.src.pipeline_stages - INFO - Loaded 1,844,538 rows from C:\Users\Arek\Documents\Repos\Traiding\Trading-ML\ml\src\data
2025-12-28 21:47:06 - ml.src.pipeline_stages - INFO - Date range: 2020-01-02 06:00:00 to 2025-11-28 19:43:00
2025-12-28 21:47:06 - ml.src.pipeline_stages - WARNING - window_size parameter is deprecated and ignored (passed: 80)
2025-12-28 21:47:06 - ml.src.pipeline_stages - WARNING - feature_version parameter is deprecated and ignored (passed: v1)
2025-12-28 21:47:06 - ml.src.pipeline_stages - INFO - Aggregating M1 data to M5 timeframe...
2025-12-28 21:47:06 - ml.src.features.engineer_m5 - INFO - Aggregating 1844538 M1 candles to M5...
2025-12-28 21:47:07 - ml.src.features.engineer_m5 - INFO - Aggregated to 369330 M5 candles (5.0x compression)
2025-12-28 21:47:07 - ml.src.pipeline_stages - INFO - Aggregated 1,844,538 M1 candles → 369,330 M5 candles (20.0% compression)
2025-12-28 21:47:07 - ml.src.pipeline_stages - INFO - Engineering technical features on M5 timeframe (with M15/M60 context)...
2025-12-28 21:47:07 - ml.src.features.engineer_m5 - INFO - Engineering M5 features...
2025-12-28 21:47:07 - ml.src.features.engineer_m5 - INFO - Aggregating 369330 M1 candles to M5...
2025-12-28 21:47:07 - ml.src.features.engineer_m5 - INFO - Aggregated to 369330 M5 candles (1.0x compression)
2025-12-28 21:47:07 - ml.src.features.engineer_m5 - INFO - Computing M5 primary features...
2025-12-28 21:47:27 - ml.src.features.engineer_m5 - INFO - Computing M15 context from M5...
2025-12-28 21:47:33 - ml.src.features.engineer_m5 - INFO - Computing M60 context from M5...
2025-12-28 21:47:36 - ml.src.features.engineer_m5 - INFO - M5 feature engineering complete: 369327 rows × 28 features
2025-12-28 21:47:36 - ml.src.features.engineer_m5 - INFO - Timeframe: M5 (5-minute candles)
2025-12-28 21:47:36 - ml.src.features.engineer_m5 - INFO - Date range: 2020-01-02 06:15:00 to 2025-11-28 19:40:00
2025-12-28 21:47:36 - ml.src.pipeline_stages - INFO - Features shape: (369327, 28)
2025-12-28 21:47:36 - ml.src.pipeline_stages - INFO - Feature columns: 28
2025-12-28 21:47:36 - ml.src.features.engineer_m5 - INFO - Aggregating 1844520 M1 candles to M5...
2025-12-28 21:47:37 - ml.src.features.engineer_m5 - INFO - Aggregated to 369327 M5 candles (5.0x compression)
2025-12-28 21:47:37 - ml.src.pipeline_stages - INFO - Creating targets on M5 timeframe (SL=1.0×ATR, TP=2.0×ATR, min_hold=3 M5 candles, max_horizon=60 M5 candles)
2025-12-28 21:47:37 - ml.src.targets.target_maker - INFO - Creating targets (SL/TP simulation) for 369,327 candles...
2025-12-28 21:47:37 - ml.src.targets.target_maker - INFO - Parameters: SL=1.0×ATR, TP=2.0×ATR, min_hold=3min, max_horizon=60min
2025-12-28 21:47:37 - ml.src.targets.target_maker - INFO - No precomputed ATR column found; calculating ATR (14) on provided timeframe
2025-12-28 21:47:37 - ml.src.targets.target_maker - INFO - Target creation complete: 369,267 valid targets
2025-12-28 21:47:37 - ml.src.pipeline_stages - INFO - Targets shape: 369267
2025-12-28 21:47:37 - ml.src.pipeline_stages - INFO - Positive class (win): 130,645 (35.38%)
2025-12-28 21:47:37 - ml.src.pipeline_stages - INFO - Negative class (loss): 238,622 (64.62%)
2025-12-28 21:47:37 - ml.src.pipeline_stages - INFO - Creating sequences on M5 timeframe (window_size=80 M5 candles = 400 minutes)...
2025-12-28 21:47:37 - ml.src.pipeline_stages - INFO - Filter config: m5_alignment=False (already M5), trend=True, pullback=False, max_windows=200,000
2025-12-28 21:47:37 - ml.src.sequences.sequencer - INFO - M5 alignment filter disabled; keeping all timestamps irrespective of minute alignment
2025-12-28 21:47:37 - ml.src.sequences.sequencer - INFO - Applied Trend Filter (dist_sma_200 > 0.00, ADX > 15.00): kept 181638/369188 (49.2%)
2025-12-28 21:47:37 - ml.src.sequences.sequencer - INFO - Pullback filter disabled; not constraining RSI_M5
2025-12-28 21:47:37 - ml.src.sequences.sequencer - INFO - Session filter 'london_ny': keeping 111,372 / 369,188 windows (30.2%)
2025-12-28 21:47:37 - ml.src.pipeline_stages - INFO - Sequences created: X.shape=(111372, 2240), y.shape=(111372,)
2025-12-28 21:47:37 - ml.src.pipeline_stages - INFO - Positive class in sequences: 38,645 (34.70%)
2025-12-28 21:47:37 - ml.src.pipeline_stages - INFO - Using chronological 3-way split (train/val/test)...
2025-12-28 21:47:37 - ml.src.pipeline_stages - INFO - Using percentage split (70/15/15) for year_filter=[2020, 2021, 2022, 2023, 2024, 2025]
2025-12-28 21:47:37 - ml.src.pipeline_stages - INFO - Split sizes: train=77,960, val=16,706, test=16,706
2025-12-28 21:47:37 - ml.src.pipeline_stages - INFO - Class distribution validation:
2025-12-28 21:47:37 - ml.src.pipeline_stages - INFO -   TRAIN: pos=26,791 (34.4%), neg=51,169 (65.6%)
2025-12-28 21:47:37 - ml.src.pipeline_stages - INFO -   VAL: pos=6,006 (36.0%), neg=10,700 (64.0%)
2025-12-28 21:47:37 - ml.src.pipeline_stages - INFO -   TEST: pos=5,848 (35.0%), neg=10,858 (65.0%)
2025-12-28 21:47:37 - ml.src.pipeline_stages - INFO -   Max difference in positive class: 1.6% (tolerance: 10.0%)
2025-12-28 21:47:37 - ml.src.pipeline_stages - INFO -   ✅ Class distributions are stable (max diff: 1.6% < 10.0%)
2025-12-28 21:47:37 - ml.src.pipeline_stages - WARNING - ⚠️  79 sequences cross train/val boundary (potential data leakage)
2025-12-28 21:47:37 - ml.src.pipeline_stages - WARNING - ⚠️  79 sequences cross val/test boundary (potential data leakage)
2025-12-28 21:47:37 - ml.src.pipeline_stages - WARNING -    Consider removing boundary-crossing sequences to prevent data leakage
2025-12-28 21:47:37 - ml.src.pipeline_stages - INFO - Scaling features with RobustScaler (robust to outliers)...
2025-12-28 21:47:51 - ml.src.pipeline_stages - INFO - Feature scaling complete: mean=0.0034, std=0.7562
2025-12-28 21:47:51 - ml.src.pipeline_stages - INFO - Training XGBoost model...
2025-12-28 21:47:51 - ml.src.pipeline_stages - INFO - 
[POINT 1 OPTIMIZATION] Applying cost-sensitive learning...
2025-12-28 21:47:51 - ml.src.pipeline_stages - INFO -   Sample weights: positive=3.0, negative=1.0
2025-12-28 21:47:51 - ml.src.pipeline_stages - INFO -   Weight ratio (positive/negative): 3.00x
2025-12-28 21:47:51 - ml.src.training.sequence_xgb_trainer - INFO - Class balance (train): pos=26,791, neg=51,169, imbalance_ratio=1.91
2025-12-28 21:47:51 - ml.src.training.sequence_xgb_trainer - INFO - Applied scale_pos_weight=1.9099 to handle class imbalance
2025-12-28 21:47:51 - ml.src.training.sequence_xgb_trainer - INFO - [POINT 1] Cost-Sensitive Learning: using sample weights (mean=1.6873)
2025-12-28 21:47:51 - ml.src.training.sequence_xgb_trainer - INFO - Training XGBoost classifier...
2025-12-28 21:58:56 - ml.src.training.sequence_xgb_trainer - INFO - Training completed
2025-12-28 21:58:56 - ml.src.pipeline_stages - INFO - Model training complete
2025-12-28 21:58:56 - ml.src.pipeline_stages - INFO - Optimizing decision threshold on VAL set...
2025-12-28 21:58:56 - ml.src.training.sequence_evaluation - INFO - Running threshold optimization on VAL set...
2025-12-28 21:59:00 - ml.src.training.sequence_evaluation - INFO - 
Top 5 thresholds on VAL set:
2025-12-28 21:59:00 - ml.src.training.sequence_evaluation - INFO -   T=0.94: Precision=0.8821, Recall=0.0859, F1=0.1566, Score=1.0000
2025-12-28 21:59:00 - ml.src.training.sequence_evaluation - INFO -   T=0.94: Precision=0.8877, Recall=0.0803, F1=0.1472, Score=1.0000
2025-12-28 21:59:00 - ml.src.training.sequence_evaluation - INFO -   T=0.94: Precision=0.8944, Recall=0.0748, F1=0.1380, Score=1.0000
2025-12-28 21:59:00 - ml.src.training.sequence_evaluation - INFO -   T=0.95: Precision=0.9022, Recall=0.0691, F1=0.1284, Score=1.0000
2025-12-28 21:59:00 - ml.src.training.sequence_evaluation - INFO -   T=0.95: Precision=0.9043, Recall=0.0629, F1=0.1177, Score=1.0000
2025-12-28 21:59:00 - ml.src.pipeline_stages - INFO - Optimal threshold: 0.6634 (Score=1.0000 on VAL)
2025-12-28 21:59:00 - ml.src.pipeline_stages - INFO - Evaluating on TEST set with optimized threshold...
2025-12-28 21:59:00 - ml.src.training.sequence_evaluation - INFO - Probability stats: min=0.0005, max=0.9925, mean=0.5449, std=0.2691
2025-12-28 21:59:00 - ml.src.training.sequence_evaluation - INFO - Using fixed threshold: 0.6634
2025-12-28 21:59:01 - ml.src.training.sequence_evaluation - INFO - Confusion matrix@thr=0.6634:
2025-12-28 21:59:01 - ml.src.training.sequence_evaluation - INFO -   [[TN=10244, FP=614],
2025-12-28 21:59:01 - ml.src.training.sequence_evaluation - INFO -    [FN=4181, TP=1667]]
2025-12-28 21:59:01 - ml.src.training.sequence_evaluation - INFO - 
TEST SET EVALUATION:
2025-12-28 21:59:01 - ml.src.training.sequence_evaluation - INFO -   Precision: 0.7308
2025-12-28 21:59:01 - ml.src.training.sequence_evaluation - INFO -   Recall:    0.2851
2025-12-28 21:59:01 - ml.src.training.sequence_evaluation - INFO -   F1:        0.4101
2025-12-28 21:59:01 - ml.src.training.sequence_evaluation - INFO -   ROC-AUC:   0.7917
2025-12-28 21:59:01 - ml.src.pipeline_stages - INFO - Final TEST metrics: threshold=0.6634, win_rate=0.7308 (73.08%), precision=0.7308, recall=0.2851, f1=0.4101, roc_auc=0.7917, pr_auc=0.6841
2025-12-28 21:59:01 - ml.src.pipeline_stages - INFO - Saving artifacts...
2025-12-28 21:59:01 - ml.src.training.sequence_artifacts - INFO - Saved model to sequence_xgb_model.pkl
2025-12-28 21:59:01 - ml.src.training.sequence_artifacts - INFO - Saved scaler to sequence_scaler.pkl (required for inference)
2025-12-28 21:59:01 - ml.src.training.sequence_artifacts - INFO - Saved feature columns to sequence_feature_columns.json
2025-12-28 21:59:01 - ml.src.training.sequence_artifacts - INFO - Saved metadata to sequence_threshold.json (analysis_window=7 days)
2025-12-28 21:59:01 - ml.src.training.sequence_artifacts - INFO - Analyzing feature importance...
2025-12-28 21:59:01 - ml.src.training.sequence_feature_analysis - INFO - 
Top 30 most important features:
2025-12-28 21:59:01 - ml.src.training.sequence_feature_analysis - INFO -    1. t-10_rsi_m60                             = 0.006196
2025-12-28 21:59:01 - ml.src.training.sequence_feature_analysis - INFO -    2. t-10_bb_pos_m60                          = 0.004005
2025-12-28 21:59:01 - ml.src.training.sequence_feature_analysis - INFO -    3. t-9_bb_pos_m60                           = 0.003886
2025-12-28 21:59:01 - ml.src.training.sequence_feature_analysis - INFO -    4. t-8_bb_pos_m60                           = 0.003865
2025-12-28 21:59:01 - ml.src.training.sequence_feature_analysis - INFO -    5. t-0_bb_pos_m60                           = 0.002905
2025-12-28 21:59:01 - ml.src.training.sequence_feature_analysis - INFO -    6. t-11_bb_pos_m60                          = 0.002864
2025-12-28 21:59:01 - ml.src.training.sequence_feature_analysis - INFO -    7. t-1_bb_pos_m60                           = 0.002781
2025-12-28 21:59:01 - ml.src.training.sequence_feature_analysis - INFO -    8. t-1_dist_sma_200                         = 0.002707
2025-12-28 21:59:01 - ml.src.training.sequence_feature_analysis - INFO -    9. t-8_rsi_m60                              = 0.002545
2025-12-28 21:59:01 - ml.src.training.sequence_feature_analysis - INFO -   10. t-7_bb_pos_m60                           = 0.001924
2025-12-28 21:59:01 - ml.src.training.sequence_feature_analysis - INFO -   11. t-0_dist_sma_200_m5                      = 0.001829
2025-12-28 21:59:01 - ml.src.training.sequence_feature_analysis - INFO -   12. t-2_cvd_m15                              = 0.001790
2025-12-28 21:59:01 - ml.src.training.sequence_feature_analysis - INFO -   13. t-0_rsi_m60                              = 0.001784
2025-12-28 21:59:01 - ml.src.training.sequence_feature_analysis - INFO -   14. t-2_dist_sma_20_m15                      = 0.001713
2025-12-28 21:59:01 - ml.src.training.sequence_feature_analysis - INFO -   15. t-2_bb_pos_m60                           = 0.001673
2025-12-28 21:59:01 - ml.src.training.sequence_feature_analysis - INFO -   16. t-44_dist_sma_200                        = 0.001552
2025-12-28 21:59:01 - ml.src.training.sequence_feature_analysis - INFO -   17. t-12_bb_pos_m60                          = 0.001550
2025-12-28 21:59:01 - ml.src.training.sequence_feature_analysis - INFO -   18. t-0_dist_sma_200                         = 0.001410
2025-12-28 21:59:01 - ml.src.training.sequence_feature_analysis - INFO -   19. t-0_stoch_k_m5                           = 0.001366
2025-12-28 21:59:01 - ml.src.training.sequence_feature_analysis - INFO -   20. t-48_sma_200                             = 0.001291
2025-12-28 21:59:01 - ml.src.training.sequence_feature_analysis - INFO -   21. t-20_bb_pos_m60                          = 0.001279
2025-12-28 21:59:01 - ml.src.training.sequence_feature_analysis - INFO -   22. t-12_cvd_m60                             = 0.001266
2025-12-28 21:59:01 - ml.src.training.sequence_feature_analysis - INFO -   23. t-19_bb_pos_m60                          = 0.001253
2025-12-28 21:59:01 - ml.src.training.sequence_feature_analysis - INFO -   24. t-2_bb_pos_m15                           = 0.001216
2025-12-28 21:59:01 - ml.src.training.sequence_feature_analysis - INFO -   25. t-50_sma_200                             = 0.001204
2025-12-28 21:59:01 - ml.src.training.sequence_feature_analysis - INFO -   26. t-55_sma_200                             = 0.001201
2025-12-28 21:59:01 - ml.src.training.sequence_feature_analysis - INFO -   27. t-11_cvd_m60                             = 0.001154
2025-12-28 21:59:01 - ml.src.training.sequence_feature_analysis - INFO -   28. t-42_dist_sma_200                        = 0.001153
2025-12-28 21:59:01 - ml.src.training.sequence_feature_analysis - INFO -   29. t-74_dist_sma_200_m5                     = 0.001148
2025-12-28 21:59:01 - ml.src.training.sequence_feature_analysis - INFO -   30. t-23_sma_200                             = 0.001148
2025-12-28 21:59:01 - ml.src.training.sequence_feature_analysis - INFO - 
Aggregated importance by feature type:
2025-12-28 21:59:01 - ml.src.training.sequence_feature_analysis - INFO -   bb_pos_m60                     = 0.072605
2025-12-28 21:59:01 - ml.src.training.sequence_feature_analysis - INFO -   rsi_m60                        = 0.059108
2025-12-28 21:59:01 - ml.src.training.sequence_feature_analysis - INFO -   cvd_m60                        = 0.049433
2025-12-28 21:59:01 - ml.src.training.sequence_feature_analysis - INFO -   sma_200                        = 0.048293
2025-12-28 21:59:01 - ml.src.training.sequence_feature_analysis - INFO -   atr_m5                         = 0.044509
2025-12-28 21:59:01 - ml.src.training.sequence_feature_analysis - INFO -   dist_sma_200                   = 0.043816
2025-12-28 21:59:01 - ml.src.training.sequence_feature_analysis - INFO -   dist_sma_200_m5                = 0.041689
2025-12-28 21:59:01 - ml.src.training.sequence_feature_analysis - INFO -   obv_m60                        = 0.041073
2025-12-28 21:59:01 - ml.src.training.sequence_feature_analysis - INFO -   dist_sma_200_m15               = 0.040776
2025-12-28 21:59:01 - ml.src.training.sequence_feature_analysis - INFO -   cvd_m15                        = 0.040527
2025-12-28 21:59:01 - ml.src.training.sequence_artifacts - INFO - Saved feature importance to sequence_feature_importance.json
2025-12-28 21:59:01 - ml.src.pipeline_stages - INFO - Artifacts saved to C:\Users\Arek\Documents\Repos\Traiding\Trading-ML\ml\outputs\models
2025-12-28 21:59:01 - __main__ - INFO - 
================================================================================
2025-12-28 21:59:01 - __main__ - INFO - TRAINING COMPLETE - SUMMARY
2025-12-28 21:59:01 - __main__ - INFO - ================================================================================
2025-12-28 21:59:01 - __main__ - INFO - End time: 2025-12-28 21:59:01
2025-12-28 21:59:01 - __main__ - INFO - 
Final Metrics:
2025-12-28 21:59:01 - __main__ - INFO -   Window Size:       80 candles
2025-12-28 21:59:01 - __main__ - INFO -   Threshold:         0.6634
2025-12-28 21:59:01 - __main__ - INFO -   WIN RATE:          0.7308 (73.08%)
2025-12-28 21:59:01 - __main__ - INFO -   Precision:         0.7308
2025-12-28 21:59:01 - __main__ - INFO -   Recall:            0.2851
2025-12-28 21:59:01 - __main__ - INFO -   F1 Score:          0.4101
2025-12-28 21:59:01 - __main__ - INFO -   ROC-AUC:           0.7917
2025-12-28 21:59:01 - __main__ - INFO -   PR-AUC:            0.6841
2025-12-28 21:59:01 - __main__ - INFO - 
Artifacts saved to: C:\Users\Arek\Documents\Repos\Traiding\Trading-ML\ml\outputs\models
2025-12-28 21:59:01 - __main__ - INFO - ================================================================================
