2025-12-20 23:54:19 - ml.src.pipeline_config_extended - INFO - Pipeline configuration validated successfully
2025-12-20 23:54:19 - __main__ - INFO - 
================================================================================
2025-12-20 23:54:19 - __main__ - INFO - SEQUENCE XGBoost TRAINING PIPELINE - XAU/USD 1-Minute Data
2025-12-20 23:54:19 - __main__ - INFO - ================================================================================
2025-12-20 23:54:19 - __main__ - INFO - Log file: C:\Users\Arek\Documents\Repos\Traiding\Trading-ML\ml\outputs\logs\sequence_xgb_train_years_2025_20251220_235419.log
2025-12-20 23:54:19 - __main__ - INFO - Start time: 2025-12-20 23:54:19
2025-12-20 23:54:19 - __main__ - INFO - Data years: [2025]
2025-12-20 23:54:19 - __main__ - INFO - 
Pipeline Configuration:
2025-12-20 23:54:19 - __main__ - INFO -   Feature engineering version: v1
2025-12-20 23:54:19 - __main__ - INFO -   Window size: 50 candles
2025-12-20 23:54:19 - __main__ - INFO -   ATR SL multiplier: 1x (from risk_config.py)
2025-12-20 23:54:19 - __main__ - INFO -   ATR TP multiplier: 3.0x (from risk_config.py)
2025-12-20 23:54:19 - __main__ - INFO -   Min hold time: 5 minutes
2025-12-20 23:54:19 - __main__ - INFO -   Max horizon: 60 candles
2025-12-20 23:54:19 - __main__ - INFO -   Trading session: london_ny
2025-12-20 23:54:19 - __main__ - INFO -   Min precision threshold: 0.55
2025-12-20 23:54:19 - __main__ - INFO -   M5 alignment filter: disabled
2025-12-20 23:54:19 - __main__ - INFO -   Trend filter: enabled
2025-12-20 23:54:19 - __main__ - INFO -   Pullback filter: disabled
2025-12-20 23:54:19 - __main__ - INFO -   Random state: 42
2025-12-20 23:54:19 - __main__ - INFO - ================================================================================

2025-12-20 23:54:19 - ml.src.pipeline_stages - INFO - Loading data from C:\Users\Arek\Documents\Repos\Traiding\Trading-ML\ml\src\data
2025-12-20 23:54:19 - ml.src.data_loading.loaders - INFO - Year filter applied: loading only [2025]
2025-12-20 23:54:19 - ml.src.pipeline_stages - INFO - Loaded 18,875 rows from C:\Users\Arek\Documents\Repos\Traiding\Trading-ML\ml\src\data
2025-12-20 23:54:19 - ml.src.pipeline_stages - INFO - Date range: 2025-12-01 00:00:00 to 2025-12-18 17:39:00
2025-12-20 23:54:19 - ml.src.pipeline_stages - WARNING - window_size parameter is deprecated and ignored (passed: 50)
2025-12-20 23:54:19 - ml.src.pipeline_stages - WARNING - feature_version parameter is deprecated and ignored (passed: v1)
2025-12-20 23:54:19 - ml.src.pipeline_stages - INFO - Aggregating M1 data to M5 timeframe...
2025-12-20 23:54:19 - ml.src.features.engineer_m5 - INFO - Aggregating 18875 M1 candles to M5...
2025-12-20 23:54:19 - ml.src.features.engineer_m5 - INFO - Aggregated to 3776 M5 candles (5.0x compression)
2025-12-20 23:54:19 - ml.src.pipeline_stages - INFO - Aggregated 18,875 M1 candles → 3,776 M5 candles (20.0% compression)
2025-12-20 23:54:19 - ml.src.pipeline_stages - INFO - Engineering technical features on M5 timeframe (with M15/M60 context)...
2025-12-20 23:54:19 - ml.src.features.engineer_m5 - INFO - Engineering M5 features...
2025-12-20 23:54:19 - ml.src.features.engineer_m5 - INFO - Aggregating 3776 M1 candles to M5...
2025-12-20 23:54:19 - ml.src.features.engineer_m5 - INFO - Aggregated to 3776 M5 candles (1.0x compression)
2025-12-20 23:54:19 - ml.src.features.engineer_m5 - INFO - Computing M5 primary features...
2025-12-20 23:54:20 - ml.src.features.engineer_m5 - INFO - Computing M15 context from M5...
2025-12-20 23:54:20 - ml.src.features.engineer_m5 - INFO - Computing M60 context from M5...
2025-12-20 23:54:20 - ml.src.features.engineer_m5 - INFO - M5 feature engineering complete: 3776 rows × 26 features
2025-12-20 23:54:20 - ml.src.features.engineer_m5 - INFO - Timeframe: M5 (5-minute candles)
2025-12-20 23:54:20 - ml.src.features.engineer_m5 - INFO - Date range: 2025-12-01 00:00:00 to 2025-12-18 17:35:00
2025-12-20 23:54:20 - ml.src.pipeline_stages - INFO - Features shape: (3776, 26)
2025-12-20 23:54:20 - ml.src.pipeline_stages - INFO - Feature columns: 26
2025-12-20 23:54:20 - ml.src.features.engineer_m5 - INFO - Aggregating 18875 M1 candles to M5...
2025-12-20 23:54:20 - ml.src.features.engineer_m5 - INFO - Aggregated to 3776 M5 candles (5.0x compression)
2025-12-20 23:54:20 - ml.src.pipeline_stages - INFO - Creating targets on M5 timeframe (SL=1×ATR, TP=3.0×ATR, min_hold=5 M5 candles, max_horizon=60 M5 candles)
2025-12-20 23:54:20 - ml.src.targets.target_maker - INFO - Creating targets (SL/TP simulation) for 3,776 candles...
2025-12-20 23:54:20 - ml.src.targets.target_maker - INFO - Parameters: SL=1×ATR, TP=3.0×ATR, min_hold=5min, max_horizon=60min
2025-12-20 23:54:20 - ml.src.targets.target_maker - INFO - Calculating M1 ATR(14) for SL/TP targets (fallback)
2025-12-20 23:54:20 - ml.src.targets.target_maker - INFO - Target creation complete: 3,716 valid targets
2025-12-20 23:54:20 - ml.src.pipeline_stages - INFO - Targets shape: 3716
2025-12-20 23:54:20 - ml.src.pipeline_stages - INFO - Positive class (win): 976 (26.26%)
2025-12-20 23:54:20 - ml.src.pipeline_stages - INFO - Negative class (loss): 2,740 (73.74%)
2025-12-20 23:54:20 - ml.src.pipeline_stages - INFO - Creating sequences on M5 timeframe (window_size=50 M5 candles = 250 minutes)...
2025-12-20 23:54:20 - ml.src.pipeline_stages - INFO - Filter config: m5_alignment=False (already M5), trend=True, pullback=False, max_windows=200,000
2025-12-20 23:54:20 - ml.src.sequences.sequencer - INFO - M5 alignment filter disabled; keeping all timestamps irrespective of minute alignment
2025-12-20 23:54:20 - ml.src.sequences.sequencer - INFO - Applied Trend Filter (dist_sma_200 > 0.00, ADX > 15.00): kept 1711/3667 (46.7%)
2025-12-20 23:54:20 - ml.src.sequences.sequencer - INFO - Pullback filter disabled; not constraining RSI_M5
2025-12-20 23:54:20 - ml.src.sequences.sequencer - INFO - Session filter 'london_ny': keeping 1,039 / 3,667 windows (28.3%)
2025-12-20 23:54:20 - ml.src.pipeline_stages - INFO - Sequences created: X.shape=(1039, 1300), y.shape=(1039,)
2025-12-20 23:54:20 - ml.src.pipeline_stages - INFO - Positive class in sequences: 230 (22.14%)
2025-12-20 23:54:20 - ml.src.pipeline_stages - INFO - Splitting data chronologically (train/val/test)...
2025-12-20 23:54:20 - ml.src.pipeline_stages - INFO - Using percentage split (70/15/15) for year_filter=[2025]
2025-12-20 23:54:20 - ml.src.pipeline_stages - INFO - Split sizes: train=727, val=156, test=156
2025-12-20 23:54:20 - ml.src.pipeline_stages - INFO - Scaling features with RobustScaler (robust to outliers)...
2025-12-20 23:54:20 - ml.src.pipeline_stages - INFO - Feature scaling complete: mean=-0.0109, std=0.7442
2025-12-20 23:54:20 - ml.src.pipeline_stages - INFO - Training XGBoost classifier...
2025-12-20 23:54:20 - ml.src.training.sequence_xgb_trainer - INFO - Class balance (train): pos=177, neg=550, imbalance_ratio=3.11
2025-12-20 23:54:20 - ml.src.training.sequence_xgb_trainer - INFO - Applied scale_pos_weight=3.1073 to handle class imbalance
2025-12-20 23:54:20 - ml.src.training.sequence_xgb_trainer - INFO - Training XGBoost classifier...
2025-12-20 23:54:38 - ml.src.training.sequence_xgb_trainer - INFO - Training completed
2025-12-20 23:54:38 - ml.src.pipeline_stages - INFO - Evaluating model on test set...
2025-12-20 23:54:38 - ml.src.training.sequence_evaluation - INFO - Probability stats: min=0.0107, max=0.5745, mean=0.1293, std=0.1093
2025-12-20 23:54:39 - ml.src.training.sequence_evaluation - INFO - Confusion matrix@thr=0.20:
2025-12-20 23:54:39 - ml.src.training.sequence_evaluation - INFO -   [[TN=119, FP=5],
2025-12-20 23:54:39 - ml.src.training.sequence_evaluation - INFO -    [FN=24, TP=8]]
2025-12-20 23:54:39 - ml.src.pipeline_stages - INFO - Evaluation metrics: threshold=0.20, win_rate=0.6154 (61.54%), precision=0.6154, recall=0.2500, f1=0.3556, roc_auc=0.5572, pr_auc=0.4051
2025-12-20 23:54:39 - ml.src.pipeline_stages - INFO - Saving artifacts...
2025-12-20 23:54:39 - ml.src.training.sequence_artifacts - INFO - Saved model to sequence_xgb_model.pkl
2025-12-20 23:54:39 - ml.src.training.sequence_artifacts - INFO - Saved scaler to sequence_scaler.pkl (required for inference)
2025-12-20 23:54:39 - ml.src.training.sequence_artifacts - INFO - Saved feature columns to sequence_feature_columns.json
2025-12-20 23:54:39 - ml.src.training.sequence_artifacts - INFO - Saved metadata to sequence_threshold.json (analysis_window=7 days)
2025-12-20 23:54:39 - ml.src.training.sequence_artifacts - INFO - Analyzing feature importance...
2025-12-20 23:54:39 - ml.src.training.sequence_feature_analysis - INFO - 
Top 30 most important features:
2025-12-20 23:54:39 - ml.src.training.sequence_feature_analysis - INFO -    1. t-32_obv_m60                             = 0.012609
2025-12-20 23:54:39 - ml.src.training.sequence_feature_analysis - INFO -    2. t-0_obv_m60                              = 0.011069
2025-12-20 23:54:39 - ml.src.training.sequence_feature_analysis - INFO -    3. t-1_obv_m60                              = 0.008022
2025-12-20 23:54:39 - ml.src.training.sequence_feature_analysis - INFO -    4. t-30_mfi_m60                             = 0.007835
2025-12-20 23:54:39 - ml.src.training.sequence_feature_analysis - INFO -    5. t-7_volume_m15_norm                      = 0.007532
2025-12-20 23:54:39 - ml.src.training.sequence_feature_analysis - INFO -    6. t-13_cvd_m15                             = 0.006753
2025-12-20 23:54:39 - ml.src.training.sequence_feature_analysis - INFO -    7. t-22_mfi_m60                             = 0.006144
2025-12-20 23:54:39 - ml.src.training.sequence_feature_analysis - INFO -    8. t-16_rsi_m60                             = 0.006002
2025-12-20 23:54:39 - ml.src.training.sequence_feature_analysis - INFO -    9. t-30_obv_m60                             = 0.005687
2025-12-20 23:54:39 - ml.src.training.sequence_feature_analysis - INFO -   10. t-15_adx                                 = 0.005671
2025-12-20 23:54:39 - ml.src.training.sequence_feature_analysis - INFO -   11. t-9_mfi_m60                              = 0.005379
2025-12-20 23:54:39 - ml.src.training.sequence_feature_analysis - INFO -   12. t-5_obv_m60                              = 0.005270
2025-12-20 23:54:39 - ml.src.training.sequence_feature_analysis - INFO -   13. t-33_mfi_m15                             = 0.005213
2025-12-20 23:54:39 - ml.src.training.sequence_feature_analysis - INFO -   14. t-8_mfi_m60                              = 0.005002
2025-12-20 23:54:39 - ml.src.training.sequence_feature_analysis - INFO -   15. t-18_rsi_m60                             = 0.004971
2025-12-20 23:54:39 - ml.src.training.sequence_feature_analysis - INFO -   16. t-0_cvd_m60                              = 0.004950
2025-12-20 23:54:39 - ml.src.training.sequence_feature_analysis - INFO -   17. t-19_bb_pos_m60                          = 0.004869
2025-12-20 23:54:39 - ml.src.training.sequence_feature_analysis - INFO -   18. t-49_rsi_m60                             = 0.004807
2025-12-20 23:54:39 - ml.src.training.sequence_feature_analysis - INFO -   19. t-5_mfi_m60                              = 0.004611
2025-12-20 23:54:39 - ml.src.training.sequence_feature_analysis - INFO -   20. t-17_bb_pos_m60                          = 0.004457
2025-12-20 23:54:39 - ml.src.training.sequence_feature_analysis - INFO -   21. t-42_stoch_d_m5                          = 0.004232
2025-12-20 23:54:39 - ml.src.training.sequence_feature_analysis - INFO -   22. t-12_atr_norm_m5                         = 0.004195
2025-12-20 23:54:39 - ml.src.training.sequence_feature_analysis - INFO -   23. t-29_cvd_m60                             = 0.004159
2025-12-20 23:54:39 - ml.src.training.sequence_feature_analysis - INFO -   24. t-6_cvd_m15                              = 0.004154
2025-12-20 23:54:39 - ml.src.training.sequence_feature_analysis - INFO -   25. t-13_obv_m60                             = 0.004082
2025-12-20 23:54:39 - ml.src.training.sequence_feature_analysis - INFO -   26. t-27_bb_pos_m15                          = 0.004045
2025-12-20 23:54:39 - ml.src.training.sequence_feature_analysis - INFO -   27. t-45_dist_sma_200                        = 0.003865
2025-12-20 23:54:39 - ml.src.training.sequence_feature_analysis - INFO -   28. t-41_stoch_d_m5                          = 0.003780
2025-12-20 23:54:39 - ml.src.training.sequence_feature_analysis - INFO -   29. t-15_volume_m5_norm                      = 0.003583
2025-12-20 23:54:39 - ml.src.training.sequence_feature_analysis - INFO -   30. t-31_stoch_d_m5                          = 0.003561
2025-12-20 23:54:39 - ml.src.training.sequence_feature_analysis - INFO - 
Aggregated importance by feature type:
2025-12-20 23:54:39 - ml.src.training.sequence_feature_analysis - INFO -   obv_m60                        = 0.072126
2025-12-20 23:54:39 - ml.src.training.sequence_feature_analysis - INFO -   mfi_m60                        = 0.062714
2025-12-20 23:54:39 - ml.src.training.sequence_feature_analysis - INFO -   rsi_m60                        = 0.046455
2025-12-20 23:54:39 - ml.src.training.sequence_feature_analysis - INFO -   stoch_d_m5                     = 0.046246
2025-12-20 23:54:39 - ml.src.training.sequence_feature_analysis - INFO -   atr_norm_m5                    = 0.046121
2025-12-20 23:54:39 - ml.src.training.sequence_feature_analysis - INFO -   adx                            = 0.045352
2025-12-20 23:54:39 - ml.src.training.sequence_feature_analysis - INFO -   bb_pos_m60                     = 0.045112
2025-12-20 23:54:39 - ml.src.training.sequence_feature_analysis - INFO -   cvd_m15                        = 0.043742
2025-12-20 23:54:39 - ml.src.training.sequence_feature_analysis - INFO -   macd_hist_m5                   = 0.042011
2025-12-20 23:54:39 - ml.src.training.sequence_feature_analysis - INFO -   volume_m15_norm                = 0.040208
2025-12-20 23:54:39 - ml.src.training.sequence_artifacts - INFO - Saved feature importance to sequence_feature_importance.json
2025-12-20 23:54:39 - ml.src.pipeline_stages - INFO - Artifacts saved to C:\Users\Arek\Documents\Repos\Traiding\Trading-ML\ml\outputs\models
2025-12-20 23:54:39 - __main__ - INFO - 
================================================================================
2025-12-20 23:54:39 - __main__ - INFO - TRAINING COMPLETE - SUMMARY
2025-12-20 23:54:39 - __main__ - INFO - ================================================================================
2025-12-20 23:54:39 - __main__ - INFO - End time: 2025-12-20 23:54:39
2025-12-20 23:54:39 - __main__ - INFO - 
Final Metrics:
2025-12-20 23:54:39 - __main__ - INFO -   Window Size:       50 candles
2025-12-20 23:54:39 - __main__ - INFO -   Threshold:         0.2000
2025-12-20 23:54:39 - __main__ - INFO -   WIN RATE:          0.6154 (61.54%)
2025-12-20 23:54:39 - __main__ - INFO -   Precision:         0.6154
2025-12-20 23:54:39 - __main__ - INFO -   Recall:            0.2500
2025-12-20 23:54:39 - __main__ - INFO -   F1 Score:          0.3556
2025-12-20 23:54:39 - __main__ - INFO -   ROC-AUC:           0.5572
2025-12-20 23:54:39 - __main__ - INFO -   PR-AUC:            0.4051
2025-12-20 23:54:39 - __main__ - INFO - 
Artifacts saved to: C:\Users\Arek\Documents\Repos\Traiding\Trading-ML\ml\outputs\models
2025-12-20 23:54:39 - __main__ - INFO - ================================================================================
