2025-12-17 19:05:59 - ml.src.pipeline_config_extended - INFO - Pipeline configuration validated successfully
2025-12-17 19:05:59 - __main__ - INFO - 
================================================================================
2025-12-17 19:05:59 - __main__ - INFO - SEQUENCE XGBoost TRAINING PIPELINE - XAU/USD 1-Minute Data
2025-12-17 19:05:59 - __main__ - INFO - ================================================================================
2025-12-17 19:05:59 - __main__ - INFO - Log file: C:\Users\Arek\Documents\Repos\Traiding\Trading-ML\ml\outputs\logs\sequence_xgb_train_years_2024_20251217_190559.log
2025-12-17 19:05:59 - __main__ - INFO - Start time: 2025-12-17 19:05:59
2025-12-17 19:05:59 - __main__ - INFO - Data years: [2024]
2025-12-17 19:05:59 - __main__ - INFO - 
Pipeline Configuration:
2025-12-17 19:05:59 - __main__ - INFO -   Feature engineering version: v2
2025-12-17 19:05:59 - __main__ - INFO -   Window size: 60 candles
2025-12-17 19:05:59 - __main__ - INFO -   ATR SL multiplier: 0.1x (OPTION B optimized)
2025-12-17 19:05:59 - __main__ - INFO -   ATR TP multiplier: 0.2x (OPTION B optimized)
2025-12-17 19:05:59 - __main__ - INFO -   Min hold time: 5 minutes
2025-12-17 19:05:59 - __main__ - INFO -   Max horizon: 60 candles
2025-12-17 19:05:59 - __main__ - INFO -   Trading session: london_ny
2025-12-17 19:05:59 - __main__ - INFO -   Min precision threshold: 0.85
2025-12-17 19:05:59 - __main__ - INFO -   M5 alignment filter: enabled
2025-12-17 19:05:59 - __main__ - INFO -   Trend filter: enabled
2025-12-17 19:05:59 - __main__ - INFO -   Pullback filter: enabled
2025-12-17 19:05:59 - __main__ - INFO -   Random state: 42
2025-12-17 19:05:59 - __main__ - INFO - ================================================================================

2025-12-17 19:05:59 - ml.src.pipeline_stages - INFO - Loading data from C:\Users\Arek\Documents\Repos\Traiding\Trading-ML\ml\src\data
2025-12-17 19:05:59 - ml.src.data_loading.loaders - INFO - Year filter applied: loading only [2024]
2025-12-17 19:05:59 - ml.src.pipeline_stages - INFO - Loaded 355,661 rows from C:\Users\Arek\Documents\Repos\Traiding\Trading-ML\ml\src\data
2025-12-17 19:05:59 - ml.src.pipeline_stages - INFO - Date range: 2024-01-02 01:00:00 to 2024-12-31 23:46:00
2025-12-17 19:05:59 - ml.src.pipeline_stages - INFO - Engineering technical features (version=v2, window_size=60)...
2025-12-17 19:05:59 - ml.src.features.engineer_v2 - INFO - Engineering features for 355,661 candles (V2 - Multi-TF Focus)...
2025-12-17 19:05:59 - ml.src.features.engineer_v2 - INFO - Computing M5 features using rolling windows...
2025-12-17 19:06:00 - ml.src.features.engineer_v2 - INFO - Computing M15 features using rolling windows...
2025-12-17 19:06:00 - ml.src.features.engineer_v2 - INFO - Computing M60 features using rolling windows...
2025-12-17 19:06:00 - ml.src.features.engineer_v2 - INFO - Feature engineering V2 complete: 355661 rows × 15 features
2025-12-17 19:06:00 - ml.src.pipeline_stages - INFO - Features shape: (355661, 15)
2025-12-17 19:06:00 - ml.src.pipeline_stages - INFO - Feature columns: 15
2025-12-17 19:06:00 - ml.src.pipeline_stages - INFO - Creating targets (SL=0.1×ATR, TP=0.2×ATR, min_hold=5min, max_horizon=60)
2025-12-17 19:06:00 - ml.src.targets.target_maker - INFO - Creating targets (SL/TP simulation) for 355,661 candles...
2025-12-17 19:06:00 - ml.src.targets.target_maker - INFO - Parameters: SL=0.1×ATR, TP=0.2×ATR, min_hold=5min, max_horizon=60min
2025-12-17 19:06:00 - ml.src.targets.target_maker - INFO - Calculating M1 ATR(14) for SL/TP targets (fallback)
2025-12-17 19:06:00 - ml.src.targets.target_maker - INFO - Target creation complete: 355,601 valid targets
2025-12-17 19:06:00 - ml.src.pipeline_stages - INFO - Targets shape: 355601
2025-12-17 19:06:00 - ml.src.pipeline_stages - INFO - Positive class (win): 207,791 (58.43%)
2025-12-17 19:06:00 - ml.src.pipeline_stages - INFO - Negative class (loss): 147,810 (41.57%)
2025-12-17 19:06:00 - ml.src.pipeline_stages - INFO - Creating sequences (window_size=60)...
2025-12-17 19:06:00 - ml.src.pipeline_stages - INFO - Filter config: m5=True, trend=True, pullback=True, max_windows=200,000
2025-12-17 19:06:00 - ml.src.sequences.sequencer - INFO - Applied M5 alignment filter (keeping only candles ending at 4, 9, 14... to trade at 0, 5, 10...)
2025-12-17 19:06:00 - ml.src.sequences.sequencer - WARNING - dist_sma_200 or adx feature not found; skipping trend filter
2025-12-17 19:06:00 - ml.src.sequences.sequencer - INFO - Applied Pullback Filter (RSI_M5 < 75.00): kept 292319/355542 (82.2%)
2025-12-17 19:06:00 - ml.src.sequences.sequencer - INFO - Session filter 'london_ny': keeping 35,880 / 355,542 windows (10.1%)
2025-12-17 19:06:00 - ml.src.pipeline_stages - INFO - Sequences created: X.shape=(35880, 900), y.shape=(35880,)
2025-12-17 19:06:00 - ml.src.pipeline_stages - INFO - Positive class in sequences: 20,848 (58.10%)
2025-12-17 19:06:00 - ml.src.pipeline_stages - INFO - Splitting data chronologically (train/val/test)...
2025-12-17 19:06:00 - ml.src.pipeline_stages - INFO - Using percentage split (70/15/15) for year_filter=[2024]
2025-12-17 19:06:00 - ml.src.pipeline_stages - INFO - Split sizes: train=25,116, val=5,382, test=5,382
2025-12-17 19:06:00 - ml.src.pipeline_stages - INFO - Scaling features with RobustScaler (robust to outliers)...
2025-12-17 19:06:02 - ml.src.pipeline_stages - INFO - Feature scaling complete: mean=0.0152, std=0.7472
2025-12-17 19:06:02 - ml.src.pipeline_stages - INFO - Training XGBoost classifier...
2025-12-17 19:06:02 - ml.src.training.sequence_xgb_trainer - INFO - Class balance (train): pos=14,628, neg=10,488, imbalance_ratio=0.72
2025-12-17 19:06:02 - ml.src.training.sequence_xgb_trainer - INFO - Applied scale_pos_weight=0.7170 to handle class imbalance
2025-12-17 19:06:02 - ml.src.training.sequence_xgb_trainer - INFO - Training XGBoost classifier...
2025-12-17 19:06:20 - ml.src.training.sequence_xgb_trainer - INFO - Training completed
2025-12-17 19:06:20 - ml.src.pipeline_stages - INFO - Evaluating model on test set...
2025-12-17 19:06:20 - ml.src.training.sequence_evaluation - INFO - Probability stats: min=0.4869, max=0.5126, mean=0.5001, std=0.0028
2025-12-17 19:06:20 - ml.src.training.sequence_evaluation - WARNING - ⚠️  Model has very low discriminative power (ROC-AUC=0.5137). Results may be random.
2025-12-17 19:06:20 - ml.src.training.sequence_evaluation - WARNING - No threshold met precision >= 0.85 with >= 25 trades. Falling back to maximizing precision with stability constraint.
2025-12-17 19:06:20 - ml.src.training.sequence_evaluation - INFO - Confusion matrix@thr=0.51:
2025-12-17 19:06:20 - ml.src.training.sequence_evaluation - INFO -   [[TN=2286, FP=18],
2025-12-17 19:06:20 - ml.src.training.sequence_evaluation - INFO -    [FN=3047, TP=31]]
2025-12-17 19:06:20 - ml.src.pipeline_stages - INFO - Evaluation metrics: threshold=0.51, win_rate=0.6327 (63.27%), precision=0.6327, recall=0.0101, f1=0.0198, roc_auc=0.5137, pr_auc=0.5827
2025-12-17 19:06:20 - ml.src.pipeline_stages - INFO - Saving artifacts...
2025-12-17 19:06:20 - ml.src.training.sequence_artifacts - INFO - Saved model to sequence_xgb_model.pkl
2025-12-17 19:06:20 - ml.src.training.sequence_artifacts - INFO - Saved scaler to sequence_scaler.pkl (required for inference)
2025-12-17 19:06:20 - ml.src.training.sequence_artifacts - INFO - Saved feature columns to sequence_feature_columns.json
2025-12-17 19:06:20 - ml.src.training.sequence_artifacts - INFO - Saved metadata to sequence_threshold.json
2025-12-17 19:06:20 - ml.src.training.sequence_artifacts - INFO - Analyzing feature importance...
2025-12-17 19:06:20 - ml.src.training.sequence_feature_analysis - INFO - 
Top 30 most important features:
2025-12-17 19:06:20 - ml.src.training.sequence_feature_analysis - INFO -    1. t-27_dist_sma_20_m15                     = 0.002816
2025-12-17 19:06:20 - ml.src.training.sequence_feature_analysis - INFO -    2. t-54_bb_pos_m60                          = 0.002540
2025-12-17 19:06:20 - ml.src.training.sequence_feature_analysis - INFO -    3. t-4_dist_sma_20_m15                      = 0.002420
2025-12-17 19:06:20 - ml.src.training.sequence_feature_analysis - INFO -    4. t-3_atr_14                               = 0.002403
2025-12-17 19:06:20 - ml.src.training.sequence_feature_analysis - INFO -    5. t-19_rsi_m60                             = 0.002377
2025-12-17 19:06:20 - ml.src.training.sequence_feature_analysis - INFO -    6. t-35_atr_14                              = 0.002311
2025-12-17 19:06:20 - ml.src.training.sequence_feature_analysis - INFO -    7. t-56_rsi_m15                             = 0.002285
2025-12-17 19:06:20 - ml.src.training.sequence_feature_analysis - INFO -    8. t-52_bb_pos_m60                          = 0.002198
2025-12-17 19:06:20 - ml.src.training.sequence_feature_analysis - INFO -    9. t-44_bb_pos_m15                          = 0.002171
2025-12-17 19:06:20 - ml.src.training.sequence_feature_analysis - INFO -   10. t-54_bb_position                         = 0.002132
2025-12-17 19:06:20 - ml.src.training.sequence_feature_analysis - INFO -   11. t-35_rsi_m60                             = 0.002106
2025-12-17 19:06:20 - ml.src.training.sequence_feature_analysis - INFO -   12. t-8_dist_sma_20_m5                       = 0.002104
2025-12-17 19:06:20 - ml.src.training.sequence_feature_analysis - INFO -   13. t-15_rsi_m15                             = 0.002104
2025-12-17 19:06:20 - ml.src.training.sequence_feature_analysis - INFO -   14. t-33_dist_sma_20                         = 0.002027
2025-12-17 19:06:20 - ml.src.training.sequence_feature_analysis - INFO -   15. t-59_bb_pos_m15                          = 0.001987
2025-12-17 19:06:20 - ml.src.training.sequence_feature_analysis - INFO -   16. t-43_bb_pos_m60                          = 0.001971
2025-12-17 19:06:20 - ml.src.training.sequence_feature_analysis - INFO -   17. t-12_dist_sma_20_m15                     = 0.001964
2025-12-17 19:06:20 - ml.src.training.sequence_feature_analysis - INFO -   18. t-28_rsi_m15                             = 0.001935
2025-12-17 19:06:20 - ml.src.training.sequence_feature_analysis - INFO -   19. t-16_dist_sma_20_m5                      = 0.001932
2025-12-17 19:06:20 - ml.src.training.sequence_feature_analysis - INFO -   20. t-49_rsi_14                              = 0.001924
2025-12-17 19:06:20 - ml.src.training.sequence_feature_analysis - INFO -   21. t-48_bb_position                         = 0.001916
2025-12-17 19:06:20 - ml.src.training.sequence_feature_analysis - INFO -   22. t-53_rsi_m15                             = 0.001908
2025-12-17 19:06:20 - ml.src.training.sequence_feature_analysis - INFO -   23. t-39_rsi_m15                             = 0.001896
2025-12-17 19:06:20 - ml.src.training.sequence_feature_analysis - INFO -   24. t-18_bb_pos_m15                          = 0.001883
2025-12-17 19:06:20 - ml.src.training.sequence_feature_analysis - INFO -   25. t-1_dist_sma_20_m15                      = 0.001880
2025-12-17 19:06:20 - ml.src.training.sequence_feature_analysis - INFO -   26. t-47_bb_position                         = 0.001860
2025-12-17 19:06:20 - ml.src.training.sequence_feature_analysis - INFO -   27. t-37_dist_sma_20                         = 0.001860
2025-12-17 19:06:20 - ml.src.training.sequence_feature_analysis - INFO -   28. t-28_rsi_m5                              = 0.001856
2025-12-17 19:06:20 - ml.src.training.sequence_feature_analysis - INFO -   29. t-43_atr_14                              = 0.001849
2025-12-17 19:06:20 - ml.src.training.sequence_feature_analysis - INFO -   30. t-30_bb_pos_m15                          = 0.001841
2025-12-17 19:06:20 - ml.src.training.sequence_feature_analysis - INFO - 
Aggregated importance by feature type:
2025-12-17 19:06:20 - ml.src.training.sequence_feature_analysis - INFO -   bb_pos_m15                     = 0.074229
2025-12-17 19:06:20 - ml.src.training.sequence_feature_analysis - INFO -   ret_1                          = 0.073840
2025-12-17 19:06:20 - ml.src.training.sequence_feature_analysis - INFO -   rsi_m5                         = 0.072953
2025-12-17 19:06:20 - ml.src.training.sequence_feature_analysis - INFO -   rsi_14                         = 0.072852
2025-12-17 19:06:20 - ml.src.training.sequence_feature_analysis - INFO -   stoch_k_m5                     = 0.072422
2025-12-17 19:06:20 - ml.src.training.sequence_feature_analysis - INFO -   bb_pos_m5                      = 0.071980
2025-12-17 19:06:20 - ml.src.training.sequence_feature_analysis - INFO -   macd_hist_m5                   = 0.070693
2025-12-17 19:06:20 - ml.src.training.sequence_feature_analysis - INFO -   bb_position                    = 0.069595
2025-12-17 19:06:20 - ml.src.training.sequence_feature_analysis - INFO -   rsi_m15                        = 0.068406
2025-12-17 19:06:20 - ml.src.training.sequence_feature_analysis - INFO -   dist_sma_20                    = 0.067714
2025-12-17 19:06:20 - ml.src.training.sequence_artifacts - INFO - Saved feature importance to sequence_feature_importance.json
2025-12-17 19:06:20 - ml.src.pipeline_stages - INFO - Artifacts saved to C:\Users\Arek\Documents\Repos\Traiding\Trading-ML\ml\outputs\models
2025-12-17 19:06:20 - __main__ - INFO - 
================================================================================
2025-12-17 19:06:20 - __main__ - INFO - TRAINING COMPLETE - SUMMARY
2025-12-17 19:06:20 - __main__ - INFO - ================================================================================
2025-12-17 19:06:20 - __main__ - INFO - End time: 2025-12-17 19:06:20
2025-12-17 19:06:20 - __main__ - INFO - 
Final Metrics:
2025-12-17 19:06:20 - __main__ - INFO -   Window Size:       60 candles
2025-12-17 19:06:20 - __main__ - INFO -   Threshold:         0.5100
2025-12-17 19:06:20 - __main__ - INFO -   WIN RATE:          0.6327 (63.27%)
2025-12-17 19:06:20 - __main__ - INFO -   Precision:         0.6327
2025-12-17 19:06:20 - __main__ - INFO -   Recall:            0.0101
2025-12-17 19:06:20 - __main__ - INFO -   F1 Score:          0.0198
2025-12-17 19:06:20 - __main__ - INFO -   ROC-AUC:           0.5137
2025-12-17 19:06:20 - __main__ - INFO -   PR-AUC:            0.5827
2025-12-17 19:06:20 - __main__ - INFO - 
Artifacts saved to: C:\Users\Arek\Documents\Repos\Traiding\Trading-ML\ml\outputs\models
2025-12-17 19:06:20 - __main__ - INFO - ================================================================================
