2025-12-28 21:42:44 - ml.src.pipeline_config_extended - INFO - Pipeline configuration validated successfully
2025-12-28 21:42:44 - __main__ - INFO - 
================================================================================
2025-12-28 21:42:44 - __main__ - INFO - SEQUENCE XGBoost TRAINING PIPELINE - XAU/USD 1-Minute Data
2025-12-28 21:42:44 - __main__ - INFO - ================================================================================
2025-12-28 21:42:44 - __main__ - INFO - Log file: C:\Users\Arek\Documents\Repos\Traiding\Trading-ML\ml\outputs\logs\sequence_xgb_train_years_2020_2021_20251228_214244.log
2025-12-28 21:42:44 - __main__ - INFO - Start time: 2025-12-28 21:42:44
2025-12-28 21:42:44 - __main__ - INFO - Data years: [2020, 2021]
2025-12-28 21:42:44 - __main__ - INFO - 
Pipeline Configuration:
2025-12-28 21:42:44 - __main__ - INFO -   Feature engineering version: v1
2025-12-28 21:42:44 - __main__ - INFO -   Window size: 80 candles
2025-12-28 21:42:44 - __main__ - INFO -   ATR SL multiplier: 1.0x (from risk_config.py)
2025-12-28 21:42:44 - __main__ - INFO -   ATR TP multiplier: 2.0x (from risk_config.py)
2025-12-28 21:42:44 - __main__ - INFO -   Min hold time: 3 M5 candles
2025-12-28 21:42:44 - __main__ - INFO -   Max horizon: 60 M5 candles
2025-12-28 21:42:44 - __main__ - INFO -   Trading session: london_ny
2025-12-28 21:42:44 - __main__ - INFO -   Threshold optimization: HYBRID (EV with precision AND recall floors)
2025-12-28 21:42:44 - __main__ - INFO -     - Min precision: 0.6
2025-12-28 21:42:44 - __main__ - INFO -     - Min recall: 0.0
2025-12-28 21:42:44 - __main__ - INFO -     - Win coefficient: 1.0
2025-12-28 21:42:44 - __main__ - INFO -     - Loss coefficient: -1.0
2025-12-28 21:42:44 - __main__ - INFO -   M5 alignment filter: disabled
2025-12-28 21:42:44 - __main__ - INFO -   Trend filter: enabled
2025-12-28 21:42:44 - __main__ - INFO -   Pullback filter: disabled
2025-12-28 21:42:44 - __main__ - INFO -   Random state: 42
2025-12-28 21:42:44 - __main__ - INFO - ================================================================================

2025-12-28 21:42:44 - ml.src.pipeline_stages - INFO - Loading data from C:\Users\Arek\Documents\Repos\Traiding\Trading-ML\ml\src\data
2025-12-28 21:42:44 - ml.src.data_loading.loaders - INFO - Year filter applied: loading only [2020, 2021]
2025-12-28 21:42:45 - ml.src.pipeline_stages - INFO - Loaded 702,260 rows from C:\Users\Arek\Documents\Repos\Traiding\Trading-ML\ml\src\data
2025-12-28 21:42:45 - ml.src.pipeline_stages - INFO - Date range: 2020-01-02 06:00:00 to 2021-12-31 20:47:00
2025-12-28 21:42:45 - ml.src.pipeline_stages - WARNING - window_size parameter is deprecated and ignored (passed: 80)
2025-12-28 21:42:45 - ml.src.pipeline_stages - WARNING - feature_version parameter is deprecated and ignored (passed: v1)
2025-12-28 21:42:45 - ml.src.pipeline_stages - INFO - Aggregating M1 data to M5 timeframe...
2025-12-28 21:42:45 - ml.src.features.engineer_m5 - INFO - Aggregating 702260 M1 candles to M5...
2025-12-28 21:42:46 - ml.src.features.engineer_m5 - INFO - Aggregated to 140547 M5 candles (5.0x compression)
2025-12-28 21:42:46 - ml.src.pipeline_stages - INFO - Aggregated 702,260 M1 candles → 140,547 M5 candles (20.0% compression)
2025-12-28 21:42:46 - ml.src.pipeline_stages - INFO - Engineering technical features on M5 timeframe (with M15/M60 context)...
2025-12-28 21:42:46 - ml.src.features.engineer_m5 - INFO - Engineering M5 features...
2025-12-28 21:42:46 - ml.src.features.engineer_m5 - INFO - Aggregating 140547 M1 candles to M5...
2025-12-28 21:42:46 - ml.src.features.engineer_m5 - INFO - Aggregated to 140547 M5 candles (1.0x compression)
2025-12-28 21:42:46 - ml.src.features.engineer_m5 - INFO - Computing M5 primary features...
2025-12-28 21:42:53 - ml.src.features.engineer_m5 - INFO - Computing M15 context from M5...
2025-12-28 21:42:56 - ml.src.features.engineer_m5 - INFO - Computing M60 context from M5...
2025-12-28 21:42:57 - ml.src.features.engineer_m5 - INFO - M5 feature engineering complete: 140544 rows × 28 features
2025-12-28 21:42:57 - ml.src.features.engineer_m5 - INFO - Timeframe: M5 (5-minute candles)
2025-12-28 21:42:57 - ml.src.features.engineer_m5 - INFO - Date range: 2020-01-02 06:15:00 to 2021-12-31 20:45:00
2025-12-28 21:42:57 - ml.src.pipeline_stages - INFO - Features shape: (140544, 28)
2025-12-28 21:42:57 - ml.src.pipeline_stages - INFO - Feature columns: 28
2025-12-28 21:42:57 - ml.src.features.engineer_m5 - INFO - Aggregating 702243 M1 candles to M5...
2025-12-28 21:42:57 - ml.src.features.engineer_m5 - INFO - Aggregated to 140544 M5 candles (5.0x compression)
2025-12-28 21:42:57 - ml.src.pipeline_stages - INFO - Creating targets on M5 timeframe (SL=1.0×ATR, TP=2.0×ATR, min_hold=3 M5 candles, max_horizon=60 M5 candles)
2025-12-28 21:42:57 - ml.src.targets.target_maker - INFO - Creating targets (SL/TP simulation) for 140,544 candles...
2025-12-28 21:42:57 - ml.src.targets.target_maker - INFO - Parameters: SL=1.0×ATR, TP=2.0×ATR, min_hold=3min, max_horizon=60min
2025-12-28 21:42:57 - ml.src.targets.target_maker - INFO - No precomputed ATR column found; calculating ATR (14) on provided timeframe
2025-12-28 21:42:57 - ml.src.targets.target_maker - INFO - Target creation complete: 140,484 valid targets
2025-12-28 21:42:57 - ml.src.pipeline_stages - INFO - Targets shape: 140484
2025-12-28 21:42:57 - ml.src.pipeline_stages - INFO - Positive class (win): 49,212 (35.03%)
2025-12-28 21:42:57 - ml.src.pipeline_stages - INFO - Negative class (loss): 91,272 (64.97%)
2025-12-28 21:42:57 - ml.src.pipeline_stages - INFO - Creating sequences on M5 timeframe (window_size=80 M5 candles = 400 minutes)...
2025-12-28 21:42:57 - ml.src.pipeline_stages - INFO - Filter config: m5_alignment=False (already M5), trend=True, pullback=False, max_windows=100
2025-12-28 21:42:57 - ml.src.sequences.sequencer - INFO - M5 alignment filter disabled; keeping all timestamps irrespective of minute alignment
2025-12-28 21:42:57 - ml.src.sequences.sequencer - INFO - Applied Trend Filter (dist_sma_200 > 0.00, ADX > 15.00): kept 69161/140405 (49.3%)
2025-12-28 21:42:57 - ml.src.sequences.sequencer - INFO - Pullback filter disabled; not constraining RSI_M5
2025-12-28 21:42:57 - ml.src.sequences.sequencer - INFO - Session filter 'london_ny': keeping 42,500 / 140,405 windows (30.3%)
2025-12-28 21:42:57 - ml.src.sequences.sequencer - WARNING - Too many windows (42,500) for memory safety. Capping to last 100 windows.
2025-12-28 21:42:57 - ml.src.sequences.sequencer - INFO - After capping: 100 windows
2025-12-28 21:42:57 - ml.src.pipeline_stages - INFO - Sequences created: X.shape=(100, 2240), y.shape=(100,)
2025-12-28 21:42:57 - ml.src.pipeline_stages - INFO - Positive class in sequences: 52 (52.00%)
2025-12-28 21:42:57 - ml.src.pipeline_stages - INFO - Using chronological 3-way split (train/val/test)...
2025-12-28 21:42:57 - ml.src.pipeline_stages - INFO - Using percentage split (70/15/15) for year_filter=[2020, 2021]
2025-12-28 21:42:57 - ml.src.pipeline_stages - INFO - Split sizes: train=70, val=15, test=15
2025-12-28 21:42:57 - ml.src.pipeline_stages - INFO - Class distribution validation:
2025-12-28 21:42:57 - ml.src.pipeline_stages - INFO -   TRAIN: pos=34 (48.6%), neg=36 (51.4%)
2025-12-28 21:42:57 - ml.src.pipeline_stages - INFO -   VAL: pos=9 (60.0%), neg=6 (40.0%)
2025-12-28 21:42:57 - ml.src.pipeline_stages - INFO -   TEST: pos=9 (60.0%), neg=6 (40.0%)
2025-12-28 21:42:57 - ml.src.pipeline_stages - INFO -   Max difference in positive class: 11.4% (tolerance: 10.0%)
2025-12-28 21:42:57 - ml.src.pipeline_stages - WARNING - ⚠️  Class distributions differ significantly (max diff: 11.4% > 10.0%)
2025-12-28 21:42:57 - ml.src.pipeline_stages - WARNING -    This may indicate market regime changes or data quality issues
2025-12-28 21:42:57 - ml.src.pipeline_stages - WARNING -    Model performance may be unstable across time periods
2025-12-28 21:42:57 - ml.src.pipeline_stages - WARNING - ⚠️  70 sequences cross train/val boundary (potential data leakage)
2025-12-28 21:42:57 - ml.src.pipeline_stages - WARNING - ⚠️  79 sequences cross val/test boundary (potential data leakage)
2025-12-28 21:42:57 - ml.src.pipeline_stages - WARNING -    Consider removing boundary-crossing sequences to prevent data leakage
2025-12-28 21:42:57 - ml.src.pipeline_stages - INFO - Scaling features with RobustScaler (robust to outliers)...
2025-12-28 21:42:57 - ml.src.pipeline_stages - INFO - Feature scaling complete: mean=0.0032, std=1.1353
2025-12-28 21:42:57 - ml.src.pipeline_stages - INFO - Training XGBoost model...
2025-12-28 21:42:57 - ml.src.pipeline_stages - INFO - 
[POINT 1 OPTIMIZATION] Applying cost-sensitive learning...
2025-12-28 21:42:57 - ml.src.pipeline_stages - INFO -   Sample weights: positive=3.0, negative=1.0
2025-12-28 21:42:57 - ml.src.pipeline_stages - INFO -   Weight ratio (positive/negative): 3.00x
2025-12-28 21:42:57 - ml.src.training.sequence_xgb_trainer - INFO - Class balance (train): pos=34, neg=36, imbalance_ratio=1.06
2025-12-28 21:42:57 - ml.src.training.sequence_xgb_trainer - INFO - Applied scale_pos_weight=1.0588 to handle class imbalance
2025-12-28 21:42:57 - ml.src.training.sequence_xgb_trainer - INFO - [POINT 1] Cost-Sensitive Learning: using sample weights (mean=1.9714)
2025-12-28 21:42:57 - ml.src.training.sequence_xgb_trainer - INFO - Training XGBoost classifier...
2025-12-28 21:42:58 - ml.src.training.sequence_xgb_trainer - INFO - Training completed
2025-12-28 21:42:58 - ml.src.pipeline_stages - INFO - Model training complete
2025-12-28 21:42:58 - ml.src.pipeline_stages - INFO - Optimizing decision threshold on VAL set...
2025-12-28 21:42:58 - ml.src.training.sequence_evaluation - INFO - Running threshold optimization on VAL set...
2025-12-28 21:42:59 - ml.src.training.sequence_evaluation - INFO - 
Top 5 thresholds on VAL set:
2025-12-28 21:42:59 - ml.src.training.sequence_evaluation - INFO -   T=0.00: Precision=0.6000, Recall=1.0000, F1=0.7500, Score=1.0000
2025-12-28 21:42:59 - ml.src.training.sequence_evaluation - INFO -   T=0.66: Precision=0.6000, Recall=1.0000, F1=0.7500, Score=1.0000
2025-12-28 21:42:59 - ml.src.training.sequence_evaluation - INFO -   T=0.66: Precision=0.6667, Recall=0.8889, F1=0.7619, Score=1.0000
2025-12-28 21:42:59 - ml.src.training.sequence_evaluation - INFO -   T=0.66: Precision=0.6667, Recall=0.8889, F1=0.7619, Score=1.0000
2025-12-28 21:42:59 - ml.src.training.sequence_evaluation - INFO -   T=0.66: Precision=0.6667, Recall=0.8889, F1=0.7619, Score=1.0000
2025-12-28 21:42:59 - ml.src.pipeline_stages - INFO - Optimal threshold: 0.0010 (Score=1.0000 on VAL)
2025-12-28 21:42:59 - ml.src.pipeline_stages - INFO - Evaluating on TEST set with optimized threshold...
2025-12-28 21:42:59 - ml.src.training.sequence_evaluation - INFO - Probability stats: min=0.6466, max=0.7435, mean=0.6812, std=0.0397
2025-12-28 21:42:59 - ml.src.training.sequence_evaluation - INFO - Using fixed threshold: 0.0010
2025-12-28 21:42:59 - ml.src.training.sequence_evaluation - INFO - Confusion matrix@thr=0.0010:
2025-12-28 21:42:59 - ml.src.training.sequence_evaluation - INFO -   [[TN=0, FP=6],
2025-12-28 21:42:59 - ml.src.training.sequence_evaluation - INFO -    [FN=0, TP=9]]
2025-12-28 21:42:59 - ml.src.training.sequence_evaluation - INFO - 
TEST SET EVALUATION:
2025-12-28 21:42:59 - ml.src.training.sequence_evaluation - INFO -   Precision: 0.6000
2025-12-28 21:42:59 - ml.src.training.sequence_evaluation - INFO -   Recall:    1.0000
2025-12-28 21:42:59 - ml.src.training.sequence_evaluation - INFO -   F1:        0.7500
2025-12-28 21:42:59 - ml.src.training.sequence_evaluation - INFO -   ROC-AUC:   0.6204
2025-12-28 21:42:59 - ml.src.pipeline_stages - INFO - Final TEST metrics: threshold=0.0010, win_rate=0.6000 (60.00%), precision=0.6000, recall=1.0000, f1=0.7500, roc_auc=0.6204, pr_auc=0.6648
2025-12-28 21:42:59 - ml.src.pipeline_stages - INFO - Saving artifacts...
2025-12-28 21:42:59 - ml.src.training.sequence_artifacts - INFO - Saved model to sequence_xgb_model.pkl
2025-12-28 21:42:59 - ml.src.training.sequence_artifacts - INFO - Saved scaler to sequence_scaler.pkl (required for inference)
2025-12-28 21:42:59 - ml.src.training.sequence_artifacts - INFO - Saved feature columns to sequence_feature_columns.json
2025-12-28 21:42:59 - ml.src.training.sequence_artifacts - INFO - Saved metadata to sequence_threshold.json (analysis_window=7 days)
2025-12-28 21:42:59 - ml.src.training.sequence_artifacts - INFO - Analyzing feature importance...
2025-12-28 21:42:59 - ml.src.training.sequence_feature_analysis - INFO - 
Top 30 most important features:
2025-12-28 21:42:59 - ml.src.training.sequence_feature_analysis - INFO -    1. t-0_bb_pos_m15                           = 0.074380
2025-12-28 21:42:59 - ml.src.training.sequence_feature_analysis - INFO -    2. t-74_dist_sma_200_m15                    = 0.068395
2025-12-28 21:42:59 - ml.src.training.sequence_feature_analysis - INFO -    3. t-54_rsi_m15                             = 0.057453
2025-12-28 21:42:59 - ml.src.training.sequence_feature_analysis - INFO -    4. t-0_dist_sma_20_m5                       = 0.055374
2025-12-28 21:42:59 - ml.src.training.sequence_feature_analysis - INFO -    5. t-30_bb_pos_m15                          = 0.054045
2025-12-28 21:42:59 - ml.src.training.sequence_feature_analysis - INFO -    6. t-3_obv_m5                               = 0.053132
2025-12-28 21:42:59 - ml.src.training.sequence_feature_analysis - INFO -    7. t-30_dist_sma_20_m15                     = 0.050624
2025-12-28 21:42:59 - ml.src.training.sequence_feature_analysis - INFO -    8. t-0_dist_sma_200_m15                     = 0.047629
2025-12-28 21:42:59 - ml.src.training.sequence_feature_analysis - INFO -    9. t-24_cvd_m15                             = 0.037971
2025-12-28 21:42:59 - ml.src.training.sequence_feature_analysis - INFO -   10. t-66_bb_pos_m5                           = 0.035763
2025-12-28 21:42:59 - ml.src.training.sequence_feature_analysis - INFO -   11. t-1_rsi_m60                              = 0.035671
2025-12-28 21:42:59 - ml.src.training.sequence_feature_analysis - INFO -   12. t-13_stoch_k_m5                          = 0.034405
2025-12-28 21:42:59 - ml.src.training.sequence_feature_analysis - INFO -   13. t-73_dist_sma_200_m15                    = 0.034057
2025-12-28 21:42:59 - ml.src.training.sequence_feature_analysis - INFO -   14. t-75_dist_sma_200_m15                    = 0.031317
2025-12-28 21:42:59 - ml.src.training.sequence_feature_analysis - INFO -   15. t-64_bb_pos_m15                          = 0.030838
2025-12-28 21:42:59 - ml.src.training.sequence_feature_analysis - INFO -   16. t-77_dist_sma_200_m15                    = 0.030432
2025-12-28 21:42:59 - ml.src.training.sequence_feature_analysis - INFO -   17. t-66_stoch_k_m5                          = 0.023957
2025-12-28 21:42:59 - ml.src.training.sequence_feature_analysis - INFO -   18. t-24_bb_pos_m5                           = 0.022460
2025-12-28 21:42:59 - ml.src.training.sequence_feature_analysis - INFO -   19. t-68_stoch_k_m5                          = 0.022086
2025-12-28 21:42:59 - ml.src.training.sequence_feature_analysis - INFO -   20. t-76_dist_sma_200                        = 0.021416
2025-12-28 21:42:59 - ml.src.training.sequence_feature_analysis - INFO -   21. t-74_cvd_m5                              = 0.021405
2025-12-28 21:42:59 - ml.src.training.sequence_feature_analysis - INFO -   22. t-74_bb_pos_m15                          = 0.020365
2025-12-28 21:42:59 - ml.src.training.sequence_feature_analysis - INFO -   23. t-77_adx                                 = 0.019184
2025-12-28 21:42:59 - ml.src.training.sequence_feature_analysis - INFO -   24. t-78_volume_m5_norm                      = 0.018547
2025-12-28 21:42:59 - ml.src.training.sequence_feature_analysis - INFO -   25. t-67_stoch_k_m5                          = 0.016153
2025-12-28 21:42:59 - ml.src.training.sequence_feature_analysis - INFO -   26. t-65_cvd_m5                              = 0.015212
2025-12-28 21:42:59 - ml.src.training.sequence_feature_analysis - INFO -   27. t-78_adx                                 = 0.011881
2025-12-28 21:42:59 - ml.src.training.sequence_feature_analysis - INFO -   28. t-76_atr_m5                              = 0.009573
2025-12-28 21:42:59 - ml.src.training.sequence_feature_analysis - INFO -   29. t-72_bb_pos_m5                           = 0.007475
2025-12-28 21:42:59 - ml.src.training.sequence_feature_analysis - INFO -   30. t-79_rsi_m15                             = 0.007259
2025-12-28 21:42:59 - ml.src.training.sequence_feature_analysis - INFO - 
Aggregated importance by feature type:
2025-12-28 21:42:59 - ml.src.training.sequence_feature_analysis - INFO -   dist_sma_200_m15               = 0.211831
2025-12-28 21:42:59 - ml.src.training.sequence_feature_analysis - INFO -   bb_pos_m15                     = 0.179628
2025-12-28 21:42:59 - ml.src.training.sequence_feature_analysis - INFO -   stoch_k_m5                     = 0.103905
2025-12-28 21:42:59 - ml.src.training.sequence_feature_analysis - INFO -   bb_pos_m5                      = 0.065698
2025-12-28 21:42:59 - ml.src.training.sequence_feature_analysis - INFO -   rsi_m15                        = 0.064711
2025-12-28 21:42:59 - ml.src.training.sequence_feature_analysis - INFO -   dist_sma_20_m5                 = 0.056356
2025-12-28 21:42:59 - ml.src.training.sequence_feature_analysis - INFO -   obv_m5                         = 0.053766
2025-12-28 21:42:59 - ml.src.training.sequence_feature_analysis - INFO -   dist_sma_20_m15                = 0.050624
2025-12-28 21:42:59 - ml.src.training.sequence_feature_analysis - INFO -   cvd_m15                        = 0.037971
2025-12-28 21:42:59 - ml.src.training.sequence_feature_analysis - INFO -   cvd_m5                         = 0.036617
2025-12-28 21:42:59 - ml.src.training.sequence_artifacts - INFO - Saved feature importance to sequence_feature_importance.json
2025-12-28 21:42:59 - ml.src.pipeline_stages - INFO - Artifacts saved to C:\Users\Arek\Documents\Repos\Traiding\Trading-ML\ml\outputs\models
2025-12-28 21:42:59 - __main__ - INFO - 
================================================================================
2025-12-28 21:42:59 - __main__ - INFO - TRAINING COMPLETE - SUMMARY
2025-12-28 21:42:59 - __main__ - INFO - ================================================================================
2025-12-28 21:42:59 - __main__ - INFO - End time: 2025-12-28 21:42:59
2025-12-28 21:42:59 - __main__ - INFO - 
Final Metrics:
2025-12-28 21:42:59 - __main__ - INFO -   Window Size:       80 candles
2025-12-28 21:42:59 - __main__ - INFO -   Threshold:         0.0010
2025-12-28 21:42:59 - __main__ - INFO -   WIN RATE:          0.6000 (60.00%)
2025-12-28 21:42:59 - __main__ - INFO -   Precision:         0.6000
2025-12-28 21:42:59 - __main__ - INFO -   Recall:            1.0000
2025-12-28 21:42:59 - __main__ - INFO -   F1 Score:          0.7500
2025-12-28 21:42:59 - __main__ - INFO -   ROC-AUC:           0.6204
2025-12-28 21:42:59 - __main__ - INFO -   PR-AUC:            0.6648
2025-12-28 21:42:59 - __main__ - INFO - 
Artifacts saved to: C:\Users\Arek\Documents\Repos\Traiding\Trading-ML\ml\outputs\models
2025-12-28 21:42:59 - __main__ - INFO - ================================================================================
