2025-12-17 19:31:46 - ml.src.pipeline_config_extended - INFO - Pipeline configuration validated successfully
2025-12-17 19:31:46 - __main__ - INFO - 
================================================================================
2025-12-17 19:31:46 - __main__ - INFO - SEQUENCE XGBoost TRAINING PIPELINE - XAU/USD 1-Minute Data
2025-12-17 19:31:46 - __main__ - INFO - ================================================================================
2025-12-17 19:31:46 - __main__ - INFO - Log file: C:\Users\Arek\Documents\Repos\Traiding\Trading-ML\ml\outputs\logs\sequence_xgb_train_years_2024_20251217_193146.log
2025-12-17 19:31:46 - __main__ - INFO - Start time: 2025-12-17 19:31:46
2025-12-17 19:31:46 - __main__ - INFO - Data years: [2024]
2025-12-17 19:31:46 - __main__ - INFO - 
Pipeline Configuration:
2025-12-17 19:31:46 - __main__ - INFO -   Feature engineering version: v2
2025-12-17 19:31:46 - __main__ - INFO -   Window size: 60 candles
2025-12-17 19:31:46 - __main__ - INFO -   ATR SL multiplier: 0.1x (OPTION B optimized)
2025-12-17 19:31:46 - __main__ - INFO -   ATR TP multiplier: 0.2x (OPTION B optimized)
2025-12-17 19:31:46 - __main__ - INFO -   Min hold time: 5 minutes
2025-12-17 19:31:46 - __main__ - INFO -   Max horizon: 60 candles
2025-12-17 19:31:46 - __main__ - INFO -   Trading session: london_ny
2025-12-17 19:31:46 - __main__ - INFO -   Min precision threshold: 0.85
2025-12-17 19:31:46 - __main__ - INFO -   M5 alignment filter: enabled
2025-12-17 19:31:46 - __main__ - INFO -   Trend filter: enabled
2025-12-17 19:31:46 - __main__ - INFO -   Pullback filter: enabled
2025-12-17 19:31:46 - __main__ - INFO -   Random state: 42
2025-12-17 19:31:46 - __main__ - INFO - ================================================================================

2025-12-17 19:31:46 - ml.src.pipeline_stages - INFO - Loading data from C:\Users\Arek\Documents\Repos\Traiding\Trading-ML\ml\src\data
2025-12-17 19:31:46 - ml.src.data_loading.loaders - INFO - Year filter applied: loading only [2024]
2025-12-17 19:31:47 - ml.src.pipeline_stages - INFO - Loaded 355,661 rows from C:\Users\Arek\Documents\Repos\Traiding\Trading-ML\ml\src\data
2025-12-17 19:31:47 - ml.src.pipeline_stages - INFO - Date range: 2024-01-02 01:00:00 to 2024-12-31 23:46:00
2025-12-17 19:31:47 - ml.src.pipeline_stages - INFO - Engineering technical features (version=v2, window_size=60)...
2025-12-17 19:31:47 - ml.src.features.engineer_v2 - INFO - Engineering features for 355,661 candles (V2 - Multi-TF Focus)...
2025-12-17 19:31:47 - ml.src.features.engineer_v2 - INFO - Computing M5 features using proper resample aggregation...
2025-12-17 19:31:47 - ml.src.features.engineer_v2 - INFO - Computing M15 features using proper resample aggregation...
2025-12-17 19:31:47 - ml.src.features.engineer_v2 - INFO - Computing M60 features using proper resample aggregation...
2025-12-17 19:31:48 - __main__ - ERROR - Training pipeline failed: 'rsi_5m'
Traceback (most recent call last):
  File "C:\Users\Arek\Documents\Repos\Traiding\Trading-ML\ml\src\pipelines\sequence_training_pipeline.py", line 317, in <module>
    metrics = run_pipeline(params)
  File "C:\Users\Arek\Documents\Repos\Traiding\Trading-ML\ml\src\pipelines\sequence_training_pipeline.py", line 195, in run_pipeline
    features = engineer_features_stage(df, window_size=params.window_size, feature_version=params.feature_version)
  File "C:\Users\Arek\Documents\Repos\Traiding\Trading-ML\ml\src\pipeline_stages.py", line 137, in engineer_features_stage
    features = engineer_candle_features_v2(df)
  File "C:\Users\Arek\Documents\Repos\Traiding\Trading-ML\ml\src\features\engineer_v2.py", line 209, in engineer_candle_features_v2
    "rsi_m5": m5_feat["rsi_5m"],
              ~~~~~~~^^^^^^^^^^
KeyError: 'rsi_5m'
