2025-12-17 20:47:36 - ml.src.pipeline_config_extended - INFO - Pipeline configuration validated successfully
2025-12-17 20:47:36 - __main__ - INFO - 
================================================================================
2025-12-17 20:47:36 - __main__ - INFO - SEQUENCE XGBoost TRAINING PIPELINE - XAU/USD 1-Minute Data
2025-12-17 20:47:36 - __main__ - INFO - ================================================================================
2025-12-17 20:47:36 - __main__ - INFO - Log file: C:\Users\Arek\Documents\Repos\Traiding\Trading-ML\ml\outputs\logs\sequence_xgb_train_years_2024_20251217_204736.log
2025-12-17 20:47:36 - __main__ - INFO - Start time: 2025-12-17 20:47:36
2025-12-17 20:47:36 - __main__ - INFO - Data years: [2024]
2025-12-17 20:47:36 - __main__ - INFO - 
Pipeline Configuration:
2025-12-17 20:47:36 - __main__ - INFO -   Feature engineering version: v2
2025-12-17 20:47:36 - __main__ - INFO -   Window size: 60 candles
2025-12-17 20:47:36 - __main__ - INFO -   ATR SL multiplier: 0.1x (OPTION B optimized)
2025-12-17 20:47:36 - __main__ - INFO -   ATR TP multiplier: 0.2x (OPTION B optimized)
2025-12-17 20:47:36 - __main__ - INFO -   Min hold time: 5 minutes
2025-12-17 20:47:36 - __main__ - INFO -   Max horizon: 60 candles
2025-12-17 20:47:36 - __main__ - INFO -   Trading session: london
2025-12-17 20:47:36 - __main__ - INFO -   Min precision threshold: 0.7
2025-12-17 20:47:36 - __main__ - INFO -   M5 alignment filter: enabled
2025-12-17 20:47:36 - __main__ - INFO -   Trend filter: enabled
2025-12-17 20:47:36 - __main__ - INFO -   Pullback filter: enabled
2025-12-17 20:47:36 - __main__ - INFO -   Random state: 42
2025-12-17 20:47:36 - __main__ - INFO - ================================================================================

2025-12-17 20:47:36 - ml.src.pipeline_stages - INFO - Loading data from C:\Users\Arek\Documents\Repos\Traiding\Trading-ML\ml\src\data
2025-12-17 20:47:36 - ml.src.data_loading.loaders - INFO - Year filter applied: loading only [2024]
2025-12-17 20:47:37 - ml.src.pipeline_stages - INFO - Loaded 355,661 rows from C:\Users\Arek\Documents\Repos\Traiding\Trading-ML\ml\src\data
2025-12-17 20:47:37 - ml.src.pipeline_stages - INFO - Date range: 2024-01-02 01:00:00 to 2024-12-31 23:46:00
2025-12-17 20:47:37 - ml.src.pipeline_stages - INFO - Engineering technical features (version=v2, window_size=60)...
2025-12-17 20:47:37 - ml.src.features.engineer_v2 - INFO - Engineering features for 355,661 candles (V2 - Multi-TF Focus)...
2025-12-17 20:47:37 - ml.src.features.engineer_v2 - INFO - Computing M5 features using proper resample aggregation...
2025-12-17 20:47:37 - ml.src.features.engineer_v2 - INFO - Computing M15 features using proper resample aggregation...
2025-12-17 20:47:37 - ml.src.features.engineer_v2 - INFO - Computing M60 features using proper resample aggregation...
2025-12-17 20:47:38 - ml.src.features.engineer_v2 - INFO - Feature engineering V2 complete: 355661 rows × 15 features
2025-12-17 20:47:38 - ml.src.pipeline_stages - INFO - Features shape: (355661, 15)
2025-12-17 20:47:38 - ml.src.pipeline_stages - INFO - Feature columns: 15
2025-12-17 20:47:38 - ml.src.pipeline_stages - INFO - Creating targets (SL=0.1×ATR, TP=0.2×ATR, min_hold=5min, max_horizon=60)
2025-12-17 20:47:38 - ml.src.targets.target_maker - INFO - Creating targets (SL/TP simulation) for 355,661 candles...
2025-12-17 20:47:38 - ml.src.targets.target_maker - INFO - Parameters: SL=0.1×ATR, TP=0.2×ATR, min_hold=5min, max_horizon=60min
2025-12-17 20:47:38 - ml.src.targets.target_maker - INFO - Calculating M1 ATR(14) for SL/TP targets (fallback)
2025-12-17 20:47:38 - ml.src.targets.target_maker - INFO - Target creation complete: 355,601 valid targets
2025-12-17 20:47:38 - ml.src.pipeline_stages - INFO - Targets shape: 355601
2025-12-17 20:47:38 - ml.src.pipeline_stages - INFO - Positive class (win): 207,791 (58.43%)
2025-12-17 20:47:38 - ml.src.pipeline_stages - INFO - Negative class (loss): 147,810 (41.57%)
2025-12-17 20:47:38 - ml.src.pipeline_stages - INFO - Creating sequences (window_size=60)...
2025-12-17 20:47:38 - ml.src.pipeline_stages - INFO - Filter config: m5=True, trend=True, pullback=True, max_windows=50,000
2025-12-17 20:47:38 - ml.src.sequences.sequencer - INFO - Applied M5 alignment filter (keeping only candles ending at 4, 9, 14... to trade at 0, 5, 10...)
2025-12-17 20:47:38 - ml.src.sequences.sequencer - WARNING - dist_sma_200 or adx feature not found; skipping trend filter
2025-12-17 20:47:38 - ml.src.sequences.sequencer - INFO - Applied Pullback Filter (RSI_M5 < 75.00): kept 302054/355542 (85.0%)
2025-12-17 20:47:38 - ml.src.sequences.sequencer - INFO - Session filter 'london': keeping 22,322 / 355,542 windows (6.3%)
2025-12-17 20:47:38 - ml.src.pipeline_stages - INFO - Sequences created: X.shape=(22322, 900), y.shape=(22322,)
2025-12-17 20:47:38 - ml.src.pipeline_stages - INFO - Positive class in sequences: 12,888 (57.74%)
2025-12-17 20:47:38 - ml.src.pipeline_stages - INFO - Splitting data chronologically (train/val/test)...
2025-12-17 20:47:38 - ml.src.pipeline_stages - INFO - Using percentage split (70/15/15) for year_filter=[2024]
2025-12-17 20:47:38 - ml.src.pipeline_stages - INFO - Split sizes: train=15,625, val=3,348, test=3,349
2025-12-17 20:47:38 - ml.src.pipeline_stages - INFO - Scaling features with RobustScaler (robust to outliers)...
2025-12-17 20:47:39 - ml.src.pipeline_stages - INFO - Feature scaling complete: mean=-0.3506, std=4.4872
2025-12-17 20:47:39 - ml.src.pipeline_stages - INFO - Training XGBoost classifier...
2025-12-17 20:47:39 - ml.src.training.sequence_xgb_trainer - INFO - Class balance (train): pos=9,023, neg=6,602, imbalance_ratio=0.73
2025-12-17 20:47:39 - ml.src.training.sequence_xgb_trainer - INFO - Applied scale_pos_weight=0.7317 to handle class imbalance
2025-12-17 20:47:39 - ml.src.training.sequence_xgb_trainer - INFO - Training XGBoost classifier...
2025-12-17 20:49:21 - ml.src.training.sequence_xgb_trainer - INFO - Training completed
2025-12-17 20:49:21 - ml.src.pipeline_stages - INFO - Evaluating model on test set...
2025-12-17 20:49:21 - ml.src.training.sequence_evaluation - INFO - Probability stats: min=0.0122, max=0.9944, mean=0.5434, std=0.2567
2025-12-17 20:49:22 - ml.src.training.sequence_evaluation - INFO - Confusion matrix@thr=0.40:
2025-12-17 20:49:22 - ml.src.training.sequence_evaluation - INFO -   [[TN=722, FP=689],
2025-12-17 20:49:22 - ml.src.training.sequence_evaluation - INFO -    [FN=231, TP=1707]]
2025-12-17 20:49:22 - ml.src.pipeline_stages - INFO - Evaluation metrics: threshold=0.40, win_rate=0.7124 (71.24%), precision=0.7124, recall=0.8808, f1=0.7877, roc_auc=0.8012, pr_auc=0.8488
2025-12-17 20:49:22 - ml.src.pipeline_stages - INFO - Saving artifacts...
2025-12-17 20:49:22 - ml.src.training.sequence_artifacts - INFO - Saved model to sequence_xgb_model.pkl
2025-12-17 20:49:22 - ml.src.training.sequence_artifacts - INFO - Saved scaler to sequence_scaler.pkl (required for inference)
2025-12-17 20:49:22 - ml.src.training.sequence_artifacts - INFO - Saved feature columns to sequence_feature_columns.json
2025-12-17 20:49:22 - ml.src.training.sequence_artifacts - INFO - Saved metadata to sequence_threshold.json
2025-12-17 20:49:22 - ml.src.training.sequence_artifacts - INFO - Analyzing feature importance...
2025-12-17 20:49:22 - ml.src.training.sequence_feature_analysis - INFO - 
Top 30 most important features:
2025-12-17 20:49:22 - ml.src.training.sequence_feature_analysis - INFO -    1. t-1_bb_pos_m15                           = 0.020424
2025-12-17 20:49:22 - ml.src.training.sequence_feature_analysis - INFO -    2. t-0_bb_pos_m15                           = 0.009438
2025-12-17 20:49:22 - ml.src.training.sequence_feature_analysis - INFO -    3. t-0_dist_sma_20_m15                      = 0.009225
2025-12-17 20:49:22 - ml.src.training.sequence_feature_analysis - INFO -    4. t-0_rsi_m15                              = 0.007202
2025-12-17 20:49:22 - ml.src.training.sequence_feature_analysis - INFO -    5. t-2_bb_pos_m15                           = 0.006729
2025-12-17 20:49:22 - ml.src.training.sequence_feature_analysis - INFO -    6. t-1_dist_sma_20_m15                      = 0.006187
2025-12-17 20:49:22 - ml.src.training.sequence_feature_analysis - INFO -    7. t-1_dist_sma_20_m5                       = 0.006018
2025-12-17 20:49:22 - ml.src.training.sequence_feature_analysis - INFO -    8. t-3_bb_pos_m15                           = 0.005645
2025-12-17 20:49:22 - ml.src.training.sequence_feature_analysis - INFO -    9. t-0_dist_sma_20_m5                       = 0.005575
2025-12-17 20:49:22 - ml.src.training.sequence_feature_analysis - INFO -   10. t-2_dist_sma_20_m15                      = 0.004880
2025-12-17 20:49:22 - ml.src.training.sequence_feature_analysis - INFO -   11. t-2_dist_sma_20_m5                       = 0.004286
2025-12-17 20:49:22 - ml.src.training.sequence_feature_analysis - INFO -   12. t-10_rsi_m15                             = 0.004272
2025-12-17 20:49:22 - ml.src.training.sequence_feature_analysis - INFO -   13. t-0_rsi_m5                               = 0.004232
2025-12-17 20:49:22 - ml.src.training.sequence_feature_analysis - INFO -   14. t-0_bb_pos_m5                            = 0.003445
2025-12-17 20:49:22 - ml.src.training.sequence_feature_analysis - INFO -   15. t-6_bb_pos_m15                           = 0.003195
2025-12-17 20:49:22 - ml.src.training.sequence_feature_analysis - INFO -   16. t-4_dist_sma_20_m15                      = 0.003181
2025-12-17 20:49:22 - ml.src.training.sequence_feature_analysis - INFO -   17. t-3_dist_sma_20_m5                       = 0.003045
2025-12-17 20:49:22 - ml.src.training.sequence_feature_analysis - INFO -   18. t-5_bb_pos_m15                           = 0.002993
2025-12-17 20:49:22 - ml.src.training.sequence_feature_analysis - INFO -   19. t-4_bb_pos_m15                           = 0.002805
2025-12-17 20:49:22 - ml.src.training.sequence_feature_analysis - INFO -   20. t-1_stoch_k_m5                           = 0.002794
2025-12-17 20:49:22 - ml.src.training.sequence_feature_analysis - INFO -   21. t-0_dist_sma_20                          = 0.002748
2025-12-17 20:49:22 - ml.src.training.sequence_feature_analysis - INFO -   22. t-4_dist_sma_20_m5                       = 0.002735
2025-12-17 20:49:22 - ml.src.training.sequence_feature_analysis - INFO -   23. t-3_dist_sma_20_m15                      = 0.002717
2025-12-17 20:49:22 - ml.src.training.sequence_feature_analysis - INFO -   24. t-11_bb_pos_m15                          = 0.002669
2025-12-17 20:49:22 - ml.src.training.sequence_feature_analysis - INFO -   25. t-41_bb_pos_m60                          = 0.002652
2025-12-17 20:49:22 - ml.src.training.sequence_feature_analysis - INFO -   26. t-10_bb_pos_m15                          = 0.002640
2025-12-17 20:49:22 - ml.src.training.sequence_feature_analysis - INFO -   27. t-2_bb_pos_m5                            = 0.002530
2025-12-17 20:49:22 - ml.src.training.sequence_feature_analysis - INFO -   28. t-45_rsi_m15                             = 0.002491
2025-12-17 20:49:22 - ml.src.training.sequence_feature_analysis - INFO -   29. t-26_bb_pos_m60                          = 0.002373
2025-12-17 20:49:22 - ml.src.training.sequence_feature_analysis - INFO -   30. t-0_stoch_k_m5                           = 0.002300
2025-12-17 20:49:22 - ml.src.training.sequence_feature_analysis - INFO - 
Aggregated importance by feature type:
2025-12-17 20:49:22 - ml.src.training.sequence_feature_analysis - INFO -   bb_pos_m15                     = 0.121335
2025-12-17 20:49:22 - ml.src.training.sequence_feature_analysis - INFO -   dist_sma_20_m15                = 0.089536
2025-12-17 20:49:22 - ml.src.training.sequence_feature_analysis - INFO -   dist_sma_20_m5                 = 0.080389
2025-12-17 20:49:22 - ml.src.training.sequence_feature_analysis - INFO -   bb_pos_m60                     = 0.077789
2025-12-17 20:49:22 - ml.src.training.sequence_feature_analysis - INFO -   bb_pos_m5                      = 0.068676
2025-12-17 20:49:22 - ml.src.training.sequence_feature_analysis - INFO -   stoch_k_m5                     = 0.067124
2025-12-17 20:49:22 - ml.src.training.sequence_feature_analysis - INFO -   macd_hist_m5                   = 0.065698
2025-12-17 20:49:22 - ml.src.training.sequence_feature_analysis - INFO -   dist_sma_20                    = 0.064060
2025-12-17 20:49:22 - ml.src.training.sequence_feature_analysis - INFO -   rsi_m5                         = 0.063381
2025-12-17 20:49:22 - ml.src.training.sequence_feature_analysis - INFO -   bb_position                    = 0.062723
2025-12-17 20:49:22 - ml.src.training.sequence_artifacts - INFO - Saved feature importance to sequence_feature_importance.json
2025-12-17 20:49:22 - ml.src.pipeline_stages - INFO - Artifacts saved to C:\Users\Arek\Documents\Repos\Traiding\Trading-ML\ml\outputs\models
2025-12-17 20:49:22 - __main__ - INFO - 
================================================================================
2025-12-17 20:49:22 - __main__ - INFO - TRAINING COMPLETE - SUMMARY
2025-12-17 20:49:22 - __main__ - INFO - ================================================================================
2025-12-17 20:49:22 - __main__ - INFO - End time: 2025-12-17 20:49:22
2025-12-17 20:49:22 - __main__ - INFO - 
Final Metrics:
2025-12-17 20:49:22 - __main__ - INFO -   Window Size:       60 candles
2025-12-17 20:49:22 - __main__ - INFO -   Threshold:         0.4000
2025-12-17 20:49:22 - __main__ - INFO -   WIN RATE:          0.7124 (71.24%)
2025-12-17 20:49:22 - __main__ - INFO -   Precision:         0.7124
2025-12-17 20:49:22 - __main__ - INFO -   Recall:            0.8808
2025-12-17 20:49:22 - __main__ - INFO -   F1 Score:          0.7877
2025-12-17 20:49:22 - __main__ - INFO -   ROC-AUC:           0.8012
2025-12-17 20:49:22 - __main__ - INFO -   PR-AUC:            0.8488
2025-12-17 20:49:22 - __main__ - INFO - 
Artifacts saved to: C:\Users\Arek\Documents\Repos\Traiding\Trading-ML\ml\outputs\models
2025-12-17 20:49:22 - __main__ - INFO - ================================================================================
