2026-01-08 11:20:59 - ml.src.pipeline_config_extended - INFO - Pipeline configuration validated successfully
2026-01-08 11:20:59 - __main__ - INFO - 
================================================================================
2026-01-08 11:20:59 - __main__ - INFO - SEQUENCE XGBoost TRAINING PIPELINE - XAU/USD 1-Minute Data
2026-01-08 11:20:59 - __main__ - INFO - ================================================================================
2026-01-08 11:20:59 - __main__ - INFO - Log file: C:\Users\Arek\Documents\Repos\Traiding\Trading-ML\ml\outputs\logs\sequence_xgb_train_years_2020_2021_2022_2023_2024_2025_20260108_112059.log
2026-01-08 11:20:59 - __main__ - INFO - Start time: 2026-01-08 11:20:59
2026-01-08 11:20:59 - __main__ - INFO - Data years: [2020, 2021, 2022, 2023, 2024, 2025]
2026-01-08 11:20:59 - __main__ - INFO - 
Pipeline Configuration:
2026-01-08 11:20:59 - __main__ - INFO -   Feature engineering version: v1
2026-01-08 11:20:59 - __main__ - INFO -   Window size: 80 candles
2026-01-08 11:20:59 - __main__ - INFO -   ATR SL multiplier: 1.0x (from risk_config.py)
2026-01-08 11:20:59 - __main__ - INFO -   ATR TP multiplier: 2.0x (from risk_config.py)
2026-01-08 11:20:59 - __main__ - INFO -   Min hold time: 2 M5 candles
2026-01-08 11:20:59 - __main__ - INFO -   Max horizon: 60 M5 candles
2026-01-08 11:20:59 - __main__ - INFO -   Trading session: london_ny
2026-01-08 11:20:59 - __main__ - INFO -   Threshold optimization: HYBRID (EV with precision AND recall floors)
2026-01-08 11:20:59 - __main__ - INFO -     - Min precision: 0.65
2026-01-08 11:20:59 - __main__ - INFO -     - Min recall: 0.3
2026-01-08 11:20:59 - __main__ - INFO -     - Win coefficient: 1.2
2026-01-08 11:20:59 - __main__ - INFO -     - Loss coefficient: -1.0
2026-01-08 11:20:59 - __main__ - INFO -   M5 alignment filter: disabled
2026-01-08 11:20:59 - __main__ - INFO -   Trend filter: enabled
2026-01-08 11:20:59 - __main__ - INFO -   Pullback filter: disabled
2026-01-08 11:20:59 - __main__ - INFO -   Random state: 42
2026-01-08 11:20:59 - __main__ - INFO -   XGBoost profile: regularized
2026-01-08 11:20:59 - __main__ - INFO -   XGBoost overrides: none
2026-01-08 11:20:59 - __main__ - INFO - ================================================================================

2026-01-08 11:20:59 - ml.src.pipeline_stages - INFO - Loading data from C:\Users\Arek\Documents\Repos\Traiding\Trading-ML\ml\src\data
2026-01-08 11:20:59 - ml.src.data_loading.loaders - INFO - Year filter applied: loading only [2020, 2021, 2022, 2023, 2024, 2025]
2026-01-08 11:21:04 - ml.src.pipeline_stages - INFO - Loaded 1,844,538 rows from C:\Users\Arek\Documents\Repos\Traiding\Trading-ML\ml\src\data
2026-01-08 11:21:04 - ml.src.pipeline_stages - INFO - Date range: 2020-01-02 06:00:00 to 2025-11-28 19:43:00
2026-01-08 11:21:04 - ml.src.pipeline_stages - WARNING - window_size parameter is deprecated and ignored (passed: 80)
2026-01-08 11:21:04 - ml.src.pipeline_stages - WARNING - feature_version parameter is deprecated and ignored (passed: v1)
2026-01-08 11:21:04 - ml.src.pipeline_stages - INFO - Aggregating M1 data to M5 timeframe...
2026-01-08 11:21:04 - ml.src.features.engineer_m5 - INFO - Aggregating 1844538 M1 candles to M5...
2026-01-08 11:21:04 - ml.src.features.engineer_m5 - INFO - Aggregated to 369330 M5 candles (5.0x compression)
2026-01-08 11:21:04 - ml.src.pipeline_stages - INFO - Aggregated 1,844,538 M1 candles → 369,330 M5 candles (20.0% compression)
2026-01-08 11:21:04 - ml.src.pipeline_stages - INFO - Engineering technical features on M5 timeframe (with M15/M60 context)...
2026-01-08 11:21:04 - ml.src.features.engineer_m5 - INFO - Engineering M5 features...
2026-01-08 11:21:04 - ml.src.features.engineer_m5 - INFO - Aggregating 369330 M1 candles to M5...
2026-01-08 11:21:05 - ml.src.features.engineer_m5 - INFO - Aggregated to 369330 M5 candles (1.0x compression)
2026-01-08 11:21:05 - ml.src.features.engineer_m5 - INFO - Computing M5 primary features...
2026-01-08 11:21:09 - ml.src.features.engineer_m5 - INFO - Computing M15 context from M5...
2026-01-08 11:21:09 - ml.src.features.engineer_m5 - INFO - Computing M60 context from M5...
2026-01-08 11:21:10 - ml.src.features.engineer_m5 - INFO - M5 feature engineering complete: 369327 rows × 36 features
2026-01-08 11:21:10 - ml.src.features.engineer_m5 - INFO - Timeframe: M5 (5-minute candles)
2026-01-08 11:21:10 - ml.src.features.engineer_m5 - INFO - Date range: 2020-01-02 06:15:00 to 2025-11-28 19:40:00
2026-01-08 11:21:10 - ml.src.pipeline_stages - INFO - Features shape: (369327, 36)
2026-01-08 11:21:10 - ml.src.pipeline_stages - INFO - Feature columns: 36
2026-01-08 11:21:10 - ml.src.pipeline_stages - INFO - Creating targets on M5 timeframe (SL=1.0×ATR, TP=2.0×ATR, min_hold=2 M5 candles, max_horizon=60 M5 candles)
2026-01-08 11:21:10 - ml.src.targets.target_maker - INFO - Creating targets (SL/TP simulation) for 369,327 candles...
2026-01-08 11:21:10 - ml.src.targets.target_maker - INFO - Parameters: SL=1.0×ATR, TP=2.0×ATR, min_hold=2min, max_horizon=60min
2026-01-08 11:21:10 - ml.src.targets.target_maker - INFO - Using pre-calculated M5 ATR (atr_m5) for SL/TP targets
2026-01-08 11:21:10 - ml.src.targets.target_maker - INFO - Target creation complete: 369,267 valid targets
2026-01-08 11:21:10 - ml.src.pipeline_stages - INFO - Targets shape: 369267
2026-01-08 11:21:10 - ml.src.pipeline_stages - INFO - Positive class (win): 125,985 (34.12%)
2026-01-08 11:21:10 - ml.src.pipeline_stages - INFO - Negative class (loss): 243,282 (65.88%)
2026-01-08 11:21:10 - ml.src.pipeline_stages - INFO - Creating sequences on M5 timeframe (window_size=80 M5 candles = 400 minutes)...
2026-01-08 11:21:10 - ml.src.pipeline_stages - INFO - Filter config: m5_alignment=False (already M5), trend=True, pullback=False, max_windows=200,000
2026-01-08 11:21:11 - ml.src.sequences.sequencer - INFO - M5 alignment filter disabled; keeping all timestamps irrespective of minute alignment
2026-01-08 11:21:11 - ml.src.sequences.sequencer - INFO - Applied Trend Filter (dist_sma_200 > 0.00, ADX > 15.00): kept 185353/369188 (50.2%)
2026-01-08 11:21:11 - ml.src.sequences.sequencer - INFO - Pullback filter disabled; not constraining RSI_M5
2026-01-08 11:21:11 - ml.src.sequences.sequencer - INFO - Session filter 'london_ny': keeping 113,504 / 369,188 windows (30.7%)
2026-01-08 11:21:12 - ml.src.pipeline_stages - INFO - Sequences created: X.shape=(113504, 2880), y.shape=(113504,)
2026-01-08 11:21:12 - ml.src.pipeline_stages - INFO - Positive class in sequences: 39,556 (34.85%)
2026-01-08 11:21:12 - ml.src.pipeline_stages - INFO - Using chronological 3-way split (train/val/test)...
2026-01-08 11:21:12 - ml.src.pipeline_stages - INFO - Using percentage split (70/15/15) for year_filter=[2020, 2021, 2022, 2023, 2024, 2025]
2026-01-08 11:21:12 - ml.src.pipeline_stages - INFO - Split sizes: train=79,452, val=17,026, test=17,026
2026-01-08 11:21:12 - ml.src.pipeline_stages - INFO - Class distribution validation:
2026-01-08 11:21:12 - ml.src.pipeline_stages - INFO -   TRAIN: pos=27,608 (34.7%), neg=51,844 (65.3%)
2026-01-08 11:21:12 - ml.src.pipeline_stages - INFO -   VAL: pos=5,988 (35.2%), neg=11,038 (64.8%)
2026-01-08 11:21:12 - ml.src.pipeline_stages - INFO -   TEST: pos=5,960 (35.0%), neg=11,066 (65.0%)
2026-01-08 11:21:12 - ml.src.pipeline_stages - INFO -   Max difference in positive class: 0.4% (tolerance: 10.0%)
2026-01-08 11:21:12 - ml.src.pipeline_stages - INFO -   ✅ Class distributions are stable (max diff: 0.4% < 10.0%)
2026-01-08 11:21:12 - ml.src.pipeline_stages - WARNING - ⚠️  158 sequences cross temporal boundaries (potential data leakage)
2026-01-08 11:21:12 - ml.src.pipeline_stages - WARNING -    Removing 158 sequences to prevent data leakage
2026-01-08 11:21:12 - ml.src.pipeline_stages - INFO - Removing 158 boundary-crossing sequences...
2026-01-08 11:21:13 - ml.src.pipeline_stages - INFO - After removal: train=79,342, val=17,002, test=17,002
2026-01-08 11:21:13 - ml.src.pipeline_stages - INFO - Scaling features with RobustScaler (robust to outliers)...
