2025-12-17 23:48:08 - ml.src.pipeline_config_extended - INFO - Pipeline configuration validated successfully
2025-12-17 23:48:08 - __main__ - INFO - 
================================================================================
2025-12-17 23:48:08 - __main__ - INFO - SEQUENCE XGBoost TRAINING PIPELINE - XAU/USD 1-Minute Data
2025-12-17 23:48:08 - __main__ - INFO - ================================================================================
2025-12-17 23:48:08 - __main__ - INFO - Log file: C:\Users\Arek\Documents\Repos\Traiding\Trading-ML\ml\outputs\logs\sequence_xgb_train_years_2024_20251217_234808.log
2025-12-17 23:48:08 - __main__ - INFO - Start time: 2025-12-17 23:48:08
2025-12-17 23:48:08 - __main__ - INFO - Data years: [2024]
2025-12-17 23:48:08 - __main__ - INFO - 
Pipeline Configuration:
2025-12-17 23:48:08 - __main__ - INFO -   Feature engineering version: v1
2025-12-17 23:48:08 - __main__ - INFO -   Window size: 100 candles
2025-12-17 23:48:08 - __main__ - INFO -   ATR SL multiplier: 2.0x (OPTION B optimized)
2025-12-17 23:48:08 - __main__ - INFO -   ATR TP multiplier: 4.0x (OPTION B optimized)
2025-12-17 23:48:08 - __main__ - INFO -   Min hold time: 5 minutes
2025-12-17 23:48:08 - __main__ - INFO -   Max horizon: 60 candles
2025-12-17 23:48:08 - __main__ - INFO -   Trading session: london_ny
2025-12-17 23:48:08 - __main__ - INFO -   Min precision threshold: 0.85
2025-12-17 23:48:08 - __main__ - INFO -   M5 alignment filter: enabled
2025-12-17 23:48:08 - __main__ - INFO -   Trend filter: enabled
2025-12-17 23:48:08 - __main__ - INFO -   Pullback filter: enabled
2025-12-17 23:48:08 - __main__ - INFO -   Random state: 42
2025-12-17 23:48:08 - __main__ - INFO - ================================================================================

2025-12-17 23:48:08 - ml.src.pipeline_stages - INFO - Loading data from C:\Users\Arek\Documents\Repos\Traiding\Trading-ML\ml\src\data
2025-12-17 23:48:08 - ml.src.data_loading.loaders - INFO - Year filter applied: loading only [2024]
2025-12-17 23:48:08 - ml.src.pipeline_stages - INFO - Loaded 355,661 rows from C:\Users\Arek\Documents\Repos\Traiding\Trading-ML\ml\src\data
2025-12-17 23:48:08 - ml.src.pipeline_stages - INFO - Date range: 2024-01-02 01:00:00 to 2024-12-31 23:46:00
2025-12-17 23:48:08 - ml.src.pipeline_stages - WARNING - window_size parameter is deprecated and ignored (passed: 100)
2025-12-17 23:48:08 - ml.src.pipeline_stages - WARNING - feature_version parameter is deprecated and ignored (passed: v1)
2025-12-17 23:48:08 - ml.src.pipeline_stages - INFO - Engineering technical features (multi-timeframe)...
2025-12-17 23:48:09 - ml.src.pipeline_stages - INFO - Features shape: (355661, 15)
2025-12-17 23:48:09 - ml.src.pipeline_stages - INFO - Feature columns: 15
2025-12-17 23:48:09 - ml.src.pipeline_stages - INFO - Creating targets (SL=2.0×ATR, TP=4.0×ATR, min_hold=5min, max_horizon=60)
2025-12-17 23:48:09 - ml.src.targets.target_maker - INFO - Creating targets (SL/TP simulation) for 355,661 candles...
2025-12-17 23:48:09 - ml.src.targets.target_maker - INFO - Parameters: SL=2.0×ATR, TP=4.0×ATR, min_hold=5min, max_horizon=60min
2025-12-17 23:48:09 - ml.src.targets.target_maker - INFO - Calculating M1 ATR(14) for SL/TP targets (fallback)
2025-12-17 23:48:09 - ml.src.targets.target_maker - INFO - Target creation complete: 355,601 valid targets
2025-12-17 23:48:09 - ml.src.pipeline_stages - INFO - Targets shape: 355601
2025-12-17 23:48:09 - ml.src.pipeline_stages - INFO - Positive class (win): 112,385 (31.60%)
2025-12-17 23:48:09 - ml.src.pipeline_stages - INFO - Negative class (loss): 243,216 (68.40%)
2025-12-17 23:48:09 - ml.src.pipeline_stages - INFO - Creating sequences (window_size=100)...
2025-12-17 23:48:09 - ml.src.pipeline_stages - INFO - Filter config: m5=True, trend=True, pullback=True, max_windows=200,000
2025-12-17 23:48:09 - ml.src.sequences.sequencer - INFO - Applied M5 alignment filter (keeping only candles ending at 4, 9, 14... to trade at 0, 5, 10...)
2025-12-17 23:48:09 - ml.src.sequences.sequencer - WARNING - dist_sma_200 or adx feature not found; skipping trend filter
2025-12-17 23:48:09 - ml.src.sequences.sequencer - INFO - Applied Pullback Filter (RSI_M5 < 75.00): kept 302028/355502 (85.0%)
2025-12-17 23:48:09 - ml.src.sequences.sequencer - INFO - Session filter 'london_ny': keeping 39,067 / 355,502 windows (11.0%)
2025-12-17 23:48:10 - ml.src.pipeline_stages - INFO - Sequences created: X.shape=(39067, 1500), y.shape=(39067,)
2025-12-17 23:48:10 - ml.src.pipeline_stages - INFO - Positive class in sequences: 12,069 (30.89%)
2025-12-17 23:48:10 - ml.src.pipeline_stages - INFO - Splitting data chronologically (train/val/test)...
2025-12-17 23:48:10 - ml.src.pipeline_stages - INFO - Using percentage split (70/15/15) for year_filter=[2024]
2025-12-17 23:48:10 - ml.src.pipeline_stages - INFO - Split sizes: train=27,346, val=5,860, test=5,861
2025-12-17 23:48:10 - ml.src.pipeline_stages - INFO - Scaling features with RobustScaler (robust to outliers)...
2025-12-17 23:48:12 - ml.src.pipeline_stages - INFO - Feature scaling complete: mean=-0.3566, std=4.4261
2025-12-17 23:48:12 - ml.src.pipeline_stages - INFO - Training XGBoost classifier...
2025-12-17 23:48:12 - ml.src.training.sequence_xgb_trainer - INFO - Class balance (train): pos=8,464, neg=18,882, imbalance_ratio=2.23
2025-12-17 23:48:12 - ml.src.training.sequence_xgb_trainer - INFO - Applied scale_pos_weight=2.2309 to handle class imbalance
2025-12-17 23:48:12 - ml.src.training.sequence_xgb_trainer - INFO - Training XGBoost classifier...
2025-12-17 23:50:44 - ml.src.training.sequence_xgb_trainer - INFO - Training completed
2025-12-17 23:50:44 - ml.src.pipeline_stages - INFO - Evaluating model on test set...
2025-12-17 23:50:44 - ml.src.training.sequence_evaluation - INFO - Probability stats: min=0.0023, max=0.9927, mean=0.3971, std=0.2527
2025-12-17 23:50:44 - ml.src.training.sequence_evaluation - INFO - Confusion matrix@thr=0.81:
2025-12-17 23:50:44 - ml.src.training.sequence_evaluation - INFO -   [[TN=4072, FP=60],
2025-12-17 23:50:44 - ml.src.training.sequence_evaluation - INFO -    [FN=1373, TP=356]]
2025-12-17 23:50:44 - ml.src.pipeline_stages - INFO - Evaluation metrics: threshold=0.81, win_rate=0.8558 (85.58%), precision=0.8558, recall=0.2059, f1=0.3319, roc_auc=0.8118, pr_auc=0.6613
2025-12-17 23:50:44 - ml.src.pipeline_stages - INFO - Saving artifacts...
2025-12-17 23:50:44 - ml.src.training.sequence_artifacts - INFO - Saved model to sequence_xgb_model.pkl
2025-12-17 23:50:44 - ml.src.training.sequence_artifacts - INFO - Saved scaler to sequence_scaler.pkl (required for inference)
2025-12-17 23:50:44 - ml.src.training.sequence_artifacts - INFO - Saved feature columns to sequence_feature_columns.json
2025-12-17 23:50:44 - ml.src.training.sequence_artifacts - INFO - Saved metadata to sequence_threshold.json
2025-12-17 23:50:44 - ml.src.training.sequence_artifacts - INFO - Analyzing feature importance...
2025-12-17 23:50:44 - ml.src.training.sequence_feature_analysis - INFO - 
Top 30 most important features:
2025-12-17 23:50:44 - ml.src.training.sequence_feature_analysis - INFO -    1. t-0_rsi_m15                              = 0.022561
2025-12-17 23:50:44 - ml.src.training.sequence_feature_analysis - INFO -    2. t-71_bb_pos_m60                          = 0.009823
2025-12-17 23:50:44 - ml.src.training.sequence_feature_analysis - INFO -    3. t-0_bb_pos_m15                           = 0.007912
2025-12-17 23:50:44 - ml.src.training.sequence_feature_analysis - INFO -    4. t-11_bb_pos_m60                          = 0.007732
2025-12-17 23:50:44 - ml.src.training.sequence_feature_analysis - INFO -    5. t-3_rsi_m60                              = 0.005844
2025-12-17 23:50:44 - ml.src.training.sequence_feature_analysis - INFO -    6. t-0_dist_sma_20_m15                      = 0.005816
2025-12-17 23:50:44 - ml.src.training.sequence_feature_analysis - INFO -    7. t-4_rsi_m60                              = 0.005488
2025-12-17 23:50:44 - ml.src.training.sequence_feature_analysis - INFO -    8. t-13_bb_pos_m60                          = 0.005414
2025-12-17 23:50:44 - ml.src.training.sequence_feature_analysis - INFO -    9. t-31_bb_pos_m60                          = 0.005135
2025-12-17 23:50:44 - ml.src.training.sequence_feature_analysis - INFO -   10. t-19_rsi_m60                             = 0.005079
2025-12-17 23:50:44 - ml.src.training.sequence_feature_analysis - INFO -   11. t-12_bb_pos_m60                          = 0.004899
2025-12-17 23:50:44 - ml.src.training.sequence_feature_analysis - INFO -   12. t-34_rsi_m60                             = 0.004892
2025-12-17 23:50:44 - ml.src.training.sequence_feature_analysis - INFO -   13. t-0_rsi_m60                              = 0.004701
2025-12-17 23:50:44 - ml.src.training.sequence_feature_analysis - INFO -   14. t-75_bb_pos_m60                          = 0.004689
2025-12-17 23:50:44 - ml.src.training.sequence_feature_analysis - INFO -   15. t-35_rsi_m60                             = 0.004331
2025-12-17 23:50:44 - ml.src.training.sequence_feature_analysis - INFO -   16. t-1_dist_sma_20_m15                      = 0.004104
2025-12-17 23:50:44 - ml.src.training.sequence_feature_analysis - INFO -   17. t-2_rsi_m60                              = 0.003808
2025-12-17 23:50:44 - ml.src.training.sequence_feature_analysis - INFO -   18. t-33_bb_pos_m60                          = 0.003759
2025-12-17 23:50:44 - ml.src.training.sequence_feature_analysis - INFO -   19. t-18_rsi_m60                             = 0.003686
2025-12-17 23:50:44 - ml.src.training.sequence_feature_analysis - INFO -   20. t-36_rsi_m60                             = 0.003536
2025-12-17 23:50:44 - ml.src.training.sequence_feature_analysis - INFO -   21. t-45_bb_pos_m60                          = 0.003477
2025-12-17 23:50:44 - ml.src.training.sequence_feature_analysis - INFO -   22. t-7_bb_pos_m60                           = 0.003469
2025-12-17 23:50:44 - ml.src.training.sequence_feature_analysis - INFO -   23. t-1_bb_pos_m60                           = 0.003371
2025-12-17 23:50:44 - ml.src.training.sequence_feature_analysis - INFO -   24. t-2_dist_sma_20_m15                      = 0.003353
2025-12-17 23:50:44 - ml.src.training.sequence_feature_analysis - INFO -   25. t-2_bb_pos_m60                           = 0.003248
2025-12-17 23:50:44 - ml.src.training.sequence_feature_analysis - INFO -   26. t-41_bb_pos_m60                          = 0.003065
2025-12-17 23:50:44 - ml.src.training.sequence_feature_analysis - INFO -   27. t-6_bb_pos_m60                           = 0.002913
2025-12-17 23:50:44 - ml.src.training.sequence_feature_analysis - INFO -   28. t-1_bb_pos_m15                           = 0.002866
2025-12-17 23:50:44 - ml.src.training.sequence_feature_analysis - INFO -   29. t-14_rsi_m60                             = 0.002809
2025-12-17 23:50:44 - ml.src.training.sequence_feature_analysis - INFO -   30. t-22_bb_pos_m60                          = 0.002778
2025-12-17 23:50:44 - ml.src.training.sequence_feature_analysis - INFO - 
Aggregated importance by feature type:
2025-12-17 23:50:44 - ml.src.training.sequence_feature_analysis - INFO -   bb_pos_m60                     = 0.148827
2025-12-17 23:50:44 - ml.src.training.sequence_feature_analysis - INFO -   rsi_m60                        = 0.094768
2025-12-17 23:50:44 - ml.src.training.sequence_feature_analysis - INFO -   dist_sma_20_m15                = 0.075933
2025-12-17 23:50:44 - ml.src.training.sequence_feature_analysis - INFO -   bb_pos_m15                     = 0.071748
2025-12-17 23:50:44 - ml.src.training.sequence_feature_analysis - INFO -   dist_sma_20_m5                 = 0.065371
2025-12-17 23:50:44 - ml.src.training.sequence_feature_analysis - INFO -   atr_14                         = 0.061109
2025-12-17 23:50:44 - ml.src.training.sequence_feature_analysis - INFO -   bb_pos_m5                      = 0.060262
2025-12-17 23:50:44 - ml.src.training.sequence_feature_analysis - INFO -   dist_sma_20                    = 0.059498
2025-12-17 23:50:44 - ml.src.training.sequence_feature_analysis - INFO -   stoch_k_m5                     = 0.058562
2025-12-17 23:50:44 - ml.src.training.sequence_feature_analysis - INFO -   macd_hist_m5                   = 0.056994
2025-12-17 23:50:44 - ml.src.training.sequence_artifacts - INFO - Saved feature importance to sequence_feature_importance.json
2025-12-17 23:50:44 - ml.src.pipeline_stages - INFO - Artifacts saved to C:\Users\Arek\Documents\Repos\Traiding\Trading-ML\ml\outputs\models
2025-12-17 23:50:45 - __main__ - INFO - 
================================================================================
2025-12-17 23:50:45 - __main__ - INFO - TRAINING COMPLETE - SUMMARY
2025-12-17 23:50:45 - __main__ - INFO - ================================================================================
2025-12-17 23:50:45 - __main__ - INFO - End time: 2025-12-17 23:50:45
2025-12-17 23:50:45 - __main__ - INFO - 
Final Metrics:
2025-12-17 23:50:45 - __main__ - INFO -   Window Size:       100 candles
2025-12-17 23:50:45 - __main__ - INFO -   Threshold:         0.8100
2025-12-17 23:50:45 - __main__ - INFO -   WIN RATE:          0.8558 (85.58%)
2025-12-17 23:50:45 - __main__ - INFO -   Precision:         0.8558
2025-12-17 23:50:45 - __main__ - INFO -   Recall:            0.2059
2025-12-17 23:50:45 - __main__ - INFO -   F1 Score:          0.3319
2025-12-17 23:50:45 - __main__ - INFO -   ROC-AUC:           0.8118
2025-12-17 23:50:45 - __main__ - INFO -   PR-AUC:            0.6613
2025-12-17 23:50:45 - __main__ - INFO - 
Artifacts saved to: C:\Users\Arek\Documents\Repos\Traiding\Trading-ML\ml\outputs\models
2025-12-17 23:50:45 - __main__ - INFO - ================================================================================
