2025-12-20 23:35:11 - ml.src.pipeline_config_extended - INFO - Pipeline configuration validated successfully
2025-12-20 23:35:11 - __main__ - INFO - 
================================================================================
2025-12-20 23:35:11 - __main__ - INFO - SEQUENCE XGBoost TRAINING PIPELINE - XAU/USD 1-Minute Data
2025-12-20 23:35:11 - __main__ - INFO - ================================================================================
2025-12-20 23:35:11 - __main__ - INFO - Log file: C:\Users\Arek\Documents\Repos\Traiding\Trading-ML\ml\outputs\logs\sequence_xgb_train_years_2024_20251220_233511.log
2025-12-20 23:35:11 - __main__ - INFO - Start time: 2025-12-20 23:35:11
2025-12-20 23:35:11 - __main__ - INFO - Data years: [2024]
2025-12-20 23:35:11 - __main__ - INFO - 
Pipeline Configuration:
2025-12-20 23:35:11 - __main__ - INFO -   Feature engineering version: v1
2025-12-20 23:35:11 - __main__ - INFO -   Window size: 50 candles
2025-12-20 23:35:11 - __main__ - INFO -   ATR SL multiplier: 1x (from risk_config.py)
2025-12-20 23:35:11 - __main__ - INFO -   ATR TP multiplier: 3.0x (from risk_config.py)
2025-12-20 23:35:11 - __main__ - INFO -   Min hold time: 5 minutes
2025-12-20 23:35:11 - __main__ - INFO -   Max horizon: 60 candles
2025-12-20 23:35:11 - __main__ - INFO -   Trading session: london_ny
2025-12-20 23:35:11 - __main__ - INFO -   Min precision threshold: 0.55
2025-12-20 23:35:11 - __main__ - INFO -   M5 alignment filter: disabled
2025-12-20 23:35:11 - __main__ - INFO -   Trend filter: enabled
2025-12-20 23:35:11 - __main__ - INFO -   Pullback filter: disabled
2025-12-20 23:35:11 - __main__ - INFO -   Random state: 42
2025-12-20 23:35:11 - __main__ - INFO - ================================================================================

2025-12-20 23:35:11 - ml.src.pipeline_stages - INFO - Loading data from C:\Users\Arek\Documents\Repos\Traiding\Trading-ML\ml\src\data
2025-12-20 23:35:11 - ml.src.data_loading.loaders - INFO - Year filter applied: loading only [2024]
2025-12-20 23:35:11 - ml.src.pipeline_stages - INFO - Loaded 355,661 rows from C:\Users\Arek\Documents\Repos\Traiding\Trading-ML\ml\src\data
2025-12-20 23:35:11 - ml.src.pipeline_stages - INFO - Date range: 2024-01-02 01:00:00 to 2024-12-31 23:46:00
2025-12-20 23:35:11 - ml.src.pipeline_stages - WARNING - window_size parameter is deprecated and ignored (passed: 50)
2025-12-20 23:35:11 - ml.src.pipeline_stages - WARNING - feature_version parameter is deprecated and ignored (passed: v1)
2025-12-20 23:35:11 - ml.src.pipeline_stages - INFO - Aggregating M1 data to M5 timeframe...
2025-12-20 23:35:11 - ml.src.features.engineer_m5 - INFO - Aggregating 355661 M1 candles to M5...
2025-12-20 23:35:11 - ml.src.features.engineer_m5 - INFO - Aggregated to 71208 M5 candles (5.0x compression)
2025-12-20 23:35:11 - ml.src.pipeline_stages - INFO - Aggregated 355,661 M1 candles → 71,208 M5 candles (20.0% compression)
2025-12-20 23:35:11 - ml.src.pipeline_stages - INFO - Engineering technical features on M5 timeframe (with M15/M60 context)...
2025-12-20 23:35:11 - ml.src.features.engineer_m5 - INFO - Engineering M5 features...
2025-12-20 23:35:11 - ml.src.features.engineer_m5 - INFO - Aggregating 71208 M1 candles to M5...
2025-12-20 23:35:11 - ml.src.features.engineer_m5 - INFO - Aggregated to 71208 M5 candles (1.0x compression)
2025-12-20 23:35:11 - ml.src.features.engineer_m5 - INFO - Computing M5 primary features...
2025-12-20 23:35:12 - ml.src.features.engineer_m5 - INFO - Computing M15 context from M5...
2025-12-20 23:35:12 - ml.src.features.engineer_m5 - INFO - Computing M60 context from M5...
2025-12-20 23:35:12 - ml.src.features.engineer_m5 - INFO - M5 feature engineering complete: 71208 rows × 20 features
2025-12-20 23:35:12 - ml.src.features.engineer_m5 - INFO - Timeframe: M5 (5-minute candles)
2025-12-20 23:35:12 - ml.src.features.engineer_m5 - INFO - Date range: 2024-01-02 01:00:00 to 2024-12-31 23:45:00
2025-12-20 23:35:12 - ml.src.pipeline_stages - INFO - Features shape: (71208, 20)
2025-12-20 23:35:12 - ml.src.pipeline_stages - INFO - Feature columns: 20
2025-12-20 23:35:12 - ml.src.features.engineer_m5 - INFO - Aggregating 355661 M1 candles to M5...
2025-12-20 23:35:12 - ml.src.features.engineer_m5 - INFO - Aggregated to 71208 M5 candles (5.0x compression)
2025-12-20 23:35:12 - ml.src.pipeline_stages - INFO - Creating targets on M5 timeframe (SL=1×ATR, TP=3.0×ATR, min_hold=5 M5 candles, max_horizon=60 M5 candles)
2025-12-20 23:35:12 - ml.src.targets.target_maker - INFO - Creating targets (SL/TP simulation) for 71,208 candles...
2025-12-20 23:35:12 - ml.src.targets.target_maker - INFO - Parameters: SL=1×ATR, TP=3.0×ATR, min_hold=5min, max_horizon=60min
2025-12-20 23:35:12 - ml.src.targets.target_maker - INFO - Calculating M1 ATR(14) for SL/TP targets (fallback)
2025-12-20 23:35:12 - ml.src.targets.target_maker - INFO - Target creation complete: 71,148 valid targets
2025-12-20 23:35:12 - ml.src.pipeline_stages - INFO - Targets shape: 71148
2025-12-20 23:35:12 - ml.src.pipeline_stages - INFO - Positive class (win): 21,310 (29.95%)
2025-12-20 23:35:12 - ml.src.pipeline_stages - INFO - Negative class (loss): 49,838 (70.05%)
2025-12-20 23:35:12 - ml.src.pipeline_stages - INFO - Creating sequences on M5 timeframe (window_size=50 M5 candles = 250 minutes)...
2025-12-20 23:35:12 - ml.src.pipeline_stages - INFO - Filter config: m5_alignment=False (already M5), trend=True, pullback=False, max_windows=200,000
2025-12-20 23:35:12 - ml.src.sequences.sequencer - INFO - M5 alignment filter disabled; keeping all timestamps irrespective of minute alignment
2025-12-20 23:35:12 - ml.src.sequences.sequencer - INFO - Applied Trend Filter (dist_sma_200 > 0.00, ADX > 15.00): kept 37292/71099 (52.5%)
2025-12-20 23:35:12 - ml.src.sequences.sequencer - INFO - Pullback filter disabled; not constraining RSI_M5
2025-12-20 23:35:12 - ml.src.sequences.sequencer - INFO - Session filter 'london_ny': keeping 22,857 / 71,099 windows (32.1%)
2025-12-20 23:35:12 - ml.src.pipeline_stages - INFO - Sequences created: X.shape=(22857, 1000), y.shape=(22857,)
2025-12-20 23:35:12 - ml.src.pipeline_stages - INFO - Positive class in sequences: 6,461 (28.27%)
2025-12-20 23:35:12 - ml.src.pipeline_stages - INFO - Splitting data chronologically (train/val/test)...
2025-12-20 23:35:12 - ml.src.pipeline_stages - INFO - Using percentage split (70/15/15) for year_filter=[2024]
2025-12-20 23:35:12 - ml.src.pipeline_stages - INFO - Split sizes: train=15,999, val=3,429, test=3,429
2025-12-20 23:35:12 - ml.src.pipeline_stages - INFO - Scaling features with RobustScaler (robust to outliers)...
2025-12-20 23:35:13 - ml.src.pipeline_stages - INFO - Feature scaling complete: mean=-0.0036, std=0.7728
2025-12-20 23:35:13 - ml.src.pipeline_stages - INFO - Training XGBoost classifier...
2025-12-20 23:35:13 - ml.src.training.sequence_xgb_trainer - INFO - Class balance (train): pos=4,738, neg=11,261, imbalance_ratio=2.38
2025-12-20 23:35:13 - ml.src.training.sequence_xgb_trainer - INFO - Applied scale_pos_weight=2.3767 to handle class imbalance
2025-12-20 23:35:13 - ml.src.training.sequence_xgb_trainer - INFO - Training XGBoost classifier...
2025-12-20 23:36:44 - ml.src.training.sequence_xgb_trainer - INFO - Training completed
2025-12-20 23:36:44 - ml.src.pipeline_stages - INFO - Evaluating model on test set...
2025-12-20 23:36:44 - ml.src.training.sequence_evaluation - INFO - Probability stats: min=0.0060, max=0.9863, mean=0.3504, std=0.2340
2025-12-20 23:36:45 - ml.src.training.sequence_evaluation - INFO - Confusion matrix@thr=0.53:
2025-12-20 23:36:45 - ml.src.training.sequence_evaluation - INFO -   [[TN=2486, FP=103],
2025-12-20 23:36:45 - ml.src.training.sequence_evaluation - INFO -    [FN=631, TP=209]]
2025-12-20 23:36:45 - ml.src.pipeline_stages - INFO - Evaluation metrics: threshold=0.53, win_rate=0.6699 (66.99%), precision=0.6699, recall=0.2488, f1=0.3628, roc_auc=0.7516, pr_auc=0.5201
2025-12-20 23:36:45 - ml.src.pipeline_stages - INFO - Saving artifacts...
2025-12-20 23:36:45 - ml.src.training.sequence_artifacts - INFO - Saved model to sequence_xgb_model.pkl
2025-12-20 23:36:45 - ml.src.training.sequence_artifacts - INFO - Saved scaler to sequence_scaler.pkl (required for inference)
2025-12-20 23:36:45 - ml.src.training.sequence_artifacts - INFO - Saved feature columns to sequence_feature_columns.json
2025-12-20 23:36:45 - ml.src.training.sequence_artifacts - INFO - Saved metadata to sequence_threshold.json (analysis_window=7 days)
2025-12-20 23:36:45 - ml.src.training.sequence_artifacts - INFO - Analyzing feature importance...
2025-12-20 23:36:45 - ml.src.training.sequence_feature_analysis - INFO - 
Top 30 most important features:
2025-12-20 23:36:45 - ml.src.training.sequence_feature_analysis - INFO -    1. t-1_bb_pos_m60                           = 0.005029
2025-12-20 23:36:45 - ml.src.training.sequence_feature_analysis - INFO -    2. t-7_bb_pos_m60                           = 0.004825
2025-12-20 23:36:45 - ml.src.training.sequence_feature_analysis - INFO -    3. t-11_bb_pos_m60                          = 0.004300
2025-12-20 23:36:45 - ml.src.training.sequence_feature_analysis - INFO -    4. t-12_bb_pos_m60                          = 0.004182
2025-12-20 23:36:45 - ml.src.training.sequence_feature_analysis - INFO -    5. t-0_bb_pos_m60                           = 0.004131
2025-12-20 23:36:45 - ml.src.training.sequence_feature_analysis - INFO -    6. t-8_bb_pos_m60                           = 0.004028
2025-12-20 23:36:45 - ml.src.training.sequence_feature_analysis - INFO -    7. t-10_bb_pos_m60                          = 0.003844
2025-12-20 23:36:45 - ml.src.training.sequence_feature_analysis - INFO -    8. t-39_bb_pos_m60                          = 0.003652
2025-12-20 23:36:45 - ml.src.training.sequence_feature_analysis - INFO -    9. t-0_dist_sma_200                         = 0.003360
2025-12-20 23:36:45 - ml.src.training.sequence_feature_analysis - INFO -   10. t-2_bb_pos_m60                           = 0.003306
2025-12-20 23:36:45 - ml.src.training.sequence_feature_analysis - INFO -   11. t-13_bb_pos_m60                          = 0.003226
2025-12-20 23:36:45 - ml.src.training.sequence_feature_analysis - INFO -   12. t-6_bb_pos_m60                           = 0.003173
2025-12-20 23:36:45 - ml.src.training.sequence_feature_analysis - INFO -   13. t-9_bb_pos_m60                           = 0.003017
2025-12-20 23:36:45 - ml.src.training.sequence_feature_analysis - INFO -   14. t-12_cvd_m60                             = 0.002577
2025-12-20 23:36:45 - ml.src.training.sequence_feature_analysis - INFO -   15. t-2_cvd_m15                              = 0.002539
2025-12-20 23:36:45 - ml.src.training.sequence_feature_analysis - INFO -   16. t-1_cvd_m15                              = 0.002436
2025-12-20 23:36:45 - ml.src.training.sequence_feature_analysis - INFO -   17. t-2_dist_sma_20_m15                      = 0.002418
2025-12-20 23:36:45 - ml.src.training.sequence_feature_analysis - INFO -   18. t-2_bb_pos_m15                           = 0.002328
2025-12-20 23:36:45 - ml.src.training.sequence_feature_analysis - INFO -   19. t-0_rsi_m60                              = 0.002305
2025-12-20 23:36:45 - ml.src.training.sequence_feature_analysis - INFO -   20. t-0_cvd_m5                               = 0.002214
2025-12-20 23:36:45 - ml.src.training.sequence_feature_analysis - INFO -   21. t-4_dist_sma_20_m15                      = 0.002209
2025-12-20 23:36:45 - ml.src.training.sequence_feature_analysis - INFO -   22. t-25_bb_pos_m60                          = 0.002195
2025-12-20 23:36:45 - ml.src.training.sequence_feature_analysis - INFO -   23. t-1_dist_sma_200                         = 0.002113
2025-12-20 23:36:45 - ml.src.training.sequence_feature_analysis - INFO -   24. t-0_dist_sma_20_m5                       = 0.002100
2025-12-20 23:36:45 - ml.src.training.sequence_feature_analysis - INFO -   25. t-10_rsi_m60                             = 0.002084
2025-12-20 23:36:45 - ml.src.training.sequence_feature_analysis - INFO -   26. t-38_bb_pos_m60                          = 0.002070
2025-12-20 23:36:45 - ml.src.training.sequence_feature_analysis - INFO -   27. t-15_bb_pos_m60                          = 0.002067
2025-12-20 23:36:45 - ml.src.training.sequence_feature_analysis - INFO -   28. t-9_rsi_m60                              = 0.002062
2025-12-20 23:36:45 - ml.src.training.sequence_feature_analysis - INFO -   29. t-37_rsi_m60                             = 0.002043
2025-12-20 23:36:45 - ml.src.training.sequence_feature_analysis - INFO -   30. t-47_bb_pos_m60                          = 0.002041
2025-12-20 23:36:46 - ml.src.training.sequence_feature_analysis - INFO - 
Aggregated importance by feature type:
2025-12-20 23:36:46 - ml.src.training.sequence_feature_analysis - INFO -   bb_pos_m60                     = 0.105438
2025-12-20 23:36:46 - ml.src.training.sequence_feature_analysis - INFO -   cvd_m60                        = 0.073006
2025-12-20 23:36:46 - ml.src.training.sequence_feature_analysis - INFO -   rsi_m60                        = 0.071196
2025-12-20 23:36:46 - ml.src.training.sequence_feature_analysis - INFO -   cvd_m15                        = 0.058385
2025-12-20 23:36:46 - ml.src.training.sequence_feature_analysis - INFO -   dist_sma_200                   = 0.056784
2025-12-20 23:36:46 - ml.src.training.sequence_feature_analysis - INFO -   rsi_m15                        = 0.055553
2025-12-20 23:36:46 - ml.src.training.sequence_feature_analysis - INFO -   bb_pos_m15                     = 0.053961
2025-12-20 23:36:46 - ml.src.training.sequence_feature_analysis - INFO -   dist_sma_20_m15                = 0.053491
2025-12-20 23:36:46 - ml.src.training.sequence_feature_analysis - INFO -   volume_m15_norm                = 0.051383
2025-12-20 23:36:46 - ml.src.training.sequence_feature_analysis - INFO -   adx                            = 0.050773
2025-12-20 23:36:46 - ml.src.training.sequence_artifacts - INFO - Saved feature importance to sequence_feature_importance.json
2025-12-20 23:36:46 - ml.src.pipeline_stages - INFO - Artifacts saved to C:\Users\Arek\Documents\Repos\Traiding\Trading-ML\ml\outputs\models
2025-12-20 23:36:46 - __main__ - INFO - 
================================================================================
2025-12-20 23:36:46 - __main__ - INFO - TRAINING COMPLETE - SUMMARY
2025-12-20 23:36:46 - __main__ - INFO - ================================================================================
2025-12-20 23:36:46 - __main__ - INFO - End time: 2025-12-20 23:36:46
2025-12-20 23:36:46 - __main__ - INFO - 
Final Metrics:
2025-12-20 23:36:46 - __main__ - INFO -   Window Size:       50 candles
2025-12-20 23:36:46 - __main__ - INFO -   Threshold:         0.5300
2025-12-20 23:36:46 - __main__ - INFO -   WIN RATE:          0.6699 (66.99%)
2025-12-20 23:36:46 - __main__ - INFO -   Precision:         0.6699
2025-12-20 23:36:46 - __main__ - INFO -   Recall:            0.2488
2025-12-20 23:36:46 - __main__ - INFO -   F1 Score:          0.3628
2025-12-20 23:36:46 - __main__ - INFO -   ROC-AUC:           0.7516
2025-12-20 23:36:46 - __main__ - INFO -   PR-AUC:            0.5201
2025-12-20 23:36:46 - __main__ - INFO - 
Artifacts saved to: C:\Users\Arek\Documents\Repos\Traiding\Trading-ML\ml\outputs\models
2025-12-20 23:36:46 - __main__ - INFO - ================================================================================
