2025-12-19 17:47:42 - ml.src.pipeline_config_extended - INFO - Pipeline configuration validated successfully
2025-12-19 17:47:42 - __main__ - INFO - 
================================================================================
2025-12-19 17:47:42 - __main__ - INFO - SEQUENCE XGBoost TRAINING PIPELINE - XAU/USD 1-Minute Data
2025-12-19 17:47:42 - __main__ - INFO - ================================================================================
2025-12-19 17:47:42 - __main__ - INFO - Log file: C:\Users\Arek\Documents\Repos\Traiding\Trading-ML\ml\outputs\logs\sequence_xgb_train_years_2025_20251219_174742.log
2025-12-19 17:47:42 - __main__ - INFO - Start time: 2025-12-19 17:47:42
2025-12-19 17:47:42 - __main__ - INFO - Data years: [2025]
2025-12-19 17:47:42 - __main__ - INFO - 
Pipeline Configuration:
2025-12-19 17:47:42 - __main__ - INFO -   Feature engineering version: v1
2025-12-19 17:47:42 - __main__ - INFO -   Window size: 60 candles
2025-12-19 17:47:42 - __main__ - INFO -   ATR SL multiplier: 0.8x (from risk_config.py)
2025-12-19 17:47:42 - __main__ - INFO -   ATR TP multiplier: 1.8x (from risk_config.py)
2025-12-19 17:47:42 - __main__ - INFO -   Min hold time: 5 minutes
2025-12-19 17:47:42 - __main__ - INFO -   Max horizon: 60 candles
2025-12-19 17:47:42 - __main__ - INFO -   Trading session: london_ny
2025-12-19 17:47:42 - __main__ - INFO -   Min precision threshold: 0.6
2025-12-19 17:47:42 - __main__ - INFO -   M5 alignment filter: disabled
2025-12-19 17:47:42 - __main__ - INFO -   Trend filter: disabled
2025-12-19 17:47:42 - __main__ - INFO -   Pullback filter: disabled
2025-12-19 17:47:42 - __main__ - INFO -   Random state: 42
2025-12-19 17:47:42 - __main__ - INFO - ================================================================================

2025-12-19 17:47:42 - ml.src.pipeline_stages - INFO - Loading data from C:\Users\Arek\Documents\Repos\Traiding\Trading-ML\ml\src\data
2025-12-19 17:47:42 - ml.src.data_loading.loaders - INFO - Year filter applied: loading only [2025]
2025-12-19 17:47:42 - ml.src.pipeline_stages - INFO - Loaded 18,875 rows from C:\Users\Arek\Documents\Repos\Traiding\Trading-ML\ml\src\data
2025-12-19 17:47:42 - ml.src.pipeline_stages - INFO - Date range: 2025-12-01 00:00:00 to 2025-12-18 17:39:00
2025-12-19 17:47:42 - ml.src.pipeline_stages - WARNING - feature_version parameter is deprecated and ignored (passed: v1)
2025-12-19 17:47:42 - ml.src.pipeline_stages - INFO - Aggregating M1 data to M5 timeframe...
2025-12-19 17:47:42 - ml.src.features.engineer_m5 - INFO - Aggregating 18875 M1 candles to M5...
2025-12-19 17:47:42 - ml.src.features.engineer_m5 - INFO - Aggregated to 3776 M5 candles (5.0x compression)
2025-12-19 17:47:42 - ml.src.pipeline_stages - INFO - Aggregated 18,875 M1 candles → 3,776 M5 candles (20.0% compression)
2025-12-19 17:47:42 - ml.src.pipeline_stages - INFO - Engineering technical features on M5 timeframe (with M15/M60 context)...
2025-12-19 17:47:42 - ml.src.features.engineer_m5 - INFO - Engineering M5 features...
2025-12-19 17:47:42 - ml.src.features.engineer_m5 - INFO - Aggregating 3776 M1 candles to M5...
2025-12-19 17:47:42 - ml.src.features.engineer_m5 - INFO - Aggregated to 3776 M5 candles (1.0x compression)
2025-12-19 17:47:42 - ml.src.features.engineer_m5 - INFO - Computing M5 primary features...
2025-12-19 17:47:42 - ml.src.features.engineer_m5 - INFO - Computing M15 context from M5...
2025-12-19 17:47:43 - ml.src.features.engineer_m5 - INFO - Computing M60 context from M5...
2025-12-19 17:47:43 - ml.src.features.engineer_m5 - INFO - M5 feature engineering complete: 3776 rows × 15 features
2025-12-19 17:47:43 - ml.src.features.engineer_m5 - INFO - Timeframe: M5 (5-minute candles)
2025-12-19 17:47:43 - ml.src.features.engineer_m5 - INFO - Date range: 2025-12-01 00:00:00 to 2025-12-18 17:35:00
2025-12-19 17:47:43 - ml.src.pipeline_stages - INFO - Features shape: (3776, 15)
2025-12-19 17:47:43 - ml.src.pipeline_stages - INFO - Feature columns: 15
2025-12-19 17:47:43 - ml.src.features.engineer_m5 - INFO - Aggregating 18875 M1 candles to M5...
2025-12-19 17:47:43 - ml.src.features.engineer_m5 - INFO - Aggregated to 3776 M5 candles (5.0x compression)
2025-12-19 17:47:43 - ml.src.pipeline_stages - INFO - Creating targets on M5 timeframe (SL=0.8×ATR, TP=1.8×ATR, min_hold=5 M5 candles, max_horizon=60 M5 candles)
2025-12-19 17:47:43 - ml.src.targets.target_maker - INFO - Creating targets (SL/TP simulation) for 3,776 candles...
2025-12-19 17:47:43 - ml.src.targets.target_maker - INFO - Parameters: SL=0.8×ATR, TP=1.8×ATR, min_hold=5min, max_horizon=60min
2025-12-19 17:47:43 - ml.src.targets.target_maker - INFO - Calculating M1 ATR(14) for SL/TP targets (fallback)
2025-12-19 17:47:43 - ml.src.targets.target_maker - INFO - Target creation complete: 3,716 valid targets
2025-12-19 17:47:43 - ml.src.pipeline_stages - INFO - Targets shape: 3716
2025-12-19 17:47:43 - ml.src.pipeline_stages - INFO - Positive class (win): 1,311 (35.28%)
2025-12-19 17:47:43 - ml.src.pipeline_stages - INFO - Negative class (loss): 2,405 (64.72%)
2025-12-19 17:47:43 - ml.src.pipeline_stages - INFO - Creating sequences on M5 timeframe (window_size=60 M5 candles = 300 minutes)...
2025-12-19 17:47:43 - ml.src.pipeline_stages - INFO - Filter config: m5_alignment=False (already M5), trend=False, pullback=False, max_windows=200,000
2025-12-19 17:47:43 - ml.src.sequences.sequencer - INFO - M5 alignment filter disabled; keeping all timestamps irrespective of minute alignment
2025-12-19 17:47:43 - ml.src.sequences.sequencer - INFO - Trend filter disabled; not enforcing SMA/ADX conditions
2025-12-19 17:47:43 - ml.src.sequences.sequencer - INFO - Pullback filter disabled; not constraining RSI_M5
2025-12-19 17:47:43 - ml.src.sequences.sequencer - INFO - Session filter 'london_ny': keeping 2,240 / 3,657 windows (61.3%)
2025-12-19 17:47:43 - ml.src.pipeline_stages - INFO - Sequences created: X.shape=(2240, 900), y.shape=(2240,)
2025-12-19 17:47:43 - ml.src.pipeline_stages - INFO - Positive class in sequences: 787 (35.13%)
2025-12-19 17:47:43 - ml.src.pipeline_stages - INFO - Splitting data chronologically (train/val/test)...
2025-12-19 17:47:43 - ml.src.pipeline_stages - INFO - Using percentage split (70/15/15) for year_filter=[2025]
2025-12-19 17:47:43 - ml.src.pipeline_stages - INFO - Split sizes: train=1,568, val=336, test=336
2025-12-19 17:47:43 - ml.src.pipeline_stages - INFO - Scaling features with RobustScaler (robust to outliers)...
2025-12-19 17:47:43 - ml.src.pipeline_stages - INFO - Feature scaling complete: mean=0.0296, std=0.7261
2025-12-19 17:47:43 - ml.src.pipeline_stages - INFO - Training XGBoost classifier...
2025-12-19 17:47:43 - ml.src.training.sequence_xgb_trainer - INFO - Class balance (train): pos=534, neg=1,034, imbalance_ratio=1.94
2025-12-19 17:47:43 - ml.src.training.sequence_xgb_trainer - INFO - Applied scale_pos_weight=1.9363 to handle class imbalance
2025-12-19 17:47:43 - ml.src.training.sequence_xgb_trainer - INFO - Training XGBoost classifier...
2025-12-19 17:47:49 - ml.src.training.sequence_xgb_trainer - INFO - Training completed
2025-12-19 17:47:49 - ml.src.pipeline_stages - INFO - Evaluating model on test set...
2025-12-19 17:47:49 - ml.src.training.sequence_evaluation - INFO - Probability stats: min=0.3327, max=0.6230, mean=0.4696, std=0.0563
2025-12-19 17:47:49 - ml.src.training.sequence_evaluation - WARNING - No threshold met precision >= 0.60 with >= 25 trades. Falling back to maximizing precision with stability constraint.
2025-12-19 17:47:49 - ml.src.training.sequence_evaluation - INFO - Confusion matrix@thr=0.49:
2025-12-19 17:47:49 - ml.src.training.sequence_evaluation - INFO -   [[TN=168, FP=49],
2025-12-19 17:47:49 - ml.src.training.sequence_evaluation - INFO -    [FN=66, TP=53]]
2025-12-19 17:47:49 - ml.src.pipeline_stages - INFO - Evaluation metrics: threshold=0.49, win_rate=0.5196 (51.96%), precision=0.5196, recall=0.4454, f1=0.4796, roc_auc=0.5996, pr_auc=0.4071
2025-12-19 17:47:49 - ml.src.pipeline_stages - INFO - Saving artifacts...
2025-12-19 17:47:49 - ml.src.training.sequence_artifacts - INFO - Saved model to sequence_xgb_model.pkl
2025-12-19 17:47:49 - ml.src.training.sequence_artifacts - INFO - Saved scaler to sequence_scaler.pkl (required for inference)
2025-12-19 17:47:49 - ml.src.training.sequence_artifacts - INFO - Saved feature columns to sequence_feature_columns.json
2025-12-19 17:47:49 - ml.src.training.sequence_artifacts - INFO - Saved metadata to sequence_threshold.json (analysis_window=7 days)
2025-12-19 17:47:49 - ml.src.training.sequence_artifacts - INFO - Analyzing feature importance...
2025-12-19 17:47:49 - ml.src.training.sequence_feature_analysis - INFO - 
Top 30 most important features:
2025-12-19 17:47:49 - ml.src.training.sequence_feature_analysis - INFO -    1. t-44_macd_hist_m5                        = 0.006925
2025-12-19 17:47:49 - ml.src.training.sequence_feature_analysis - INFO -    2. t-37_rsi_m60                             = 0.006101
2025-12-19 17:47:49 - ml.src.training.sequence_feature_analysis - INFO -    3. t-34_rsi_m60                             = 0.005240
2025-12-19 17:47:49 - ml.src.training.sequence_feature_analysis - INFO -    4. t-23_bb_pos_m15                          = 0.005222
2025-12-19 17:47:49 - ml.src.training.sequence_feature_analysis - INFO -    5. t-35_dist_sma_200                        = 0.004825
2025-12-19 17:47:49 - ml.src.training.sequence_feature_analysis - INFO -    6. t-0_dist_sma_20_m15                      = 0.004713
2025-12-19 17:47:49 - ml.src.training.sequence_feature_analysis - INFO -    7. t-41_rsi_m60                             = 0.004567
2025-12-19 17:47:49 - ml.src.training.sequence_feature_analysis - INFO -    8. t-32_dist_sma_200                        = 0.004533
2025-12-19 17:47:49 - ml.src.training.sequence_feature_analysis - INFO -    9. t-12_rsi_m60                             = 0.004321
2025-12-19 17:47:49 - ml.src.training.sequence_feature_analysis - INFO -   10. t-56_stoch_d_m5                          = 0.004266
2025-12-19 17:47:49 - ml.src.training.sequence_feature_analysis - INFO -   11. t-41_bb_pos_m60                          = 0.004202
2025-12-19 17:47:49 - ml.src.training.sequence_feature_analysis - INFO -   12. t-48_bb_pos_m15                          = 0.004173
2025-12-19 17:47:49 - ml.src.training.sequence_feature_analysis - INFO -   13. t-21_dist_sma_20_m5                      = 0.004021
2025-12-19 17:47:49 - ml.src.training.sequence_feature_analysis - INFO -   14. t-11_rsi_m60                             = 0.003965
2025-12-19 17:47:49 - ml.src.training.sequence_feature_analysis - INFO -   15. t-27_rsi_m60                             = 0.003920
2025-12-19 17:47:49 - ml.src.training.sequence_feature_analysis - INFO -   16. t-56_bb_pos_m60                          = 0.003901
2025-12-19 17:47:49 - ml.src.training.sequence_feature_analysis - INFO -   17. t-30_bb_pos_m60                          = 0.003863
2025-12-19 17:47:49 - ml.src.training.sequence_feature_analysis - INFO -   18. t-9_rsi_m60                              = 0.003706
2025-12-19 17:47:49 - ml.src.training.sequence_feature_analysis - INFO -   19. t-49_bb_pos_m15                          = 0.003698
2025-12-19 17:47:49 - ml.src.training.sequence_feature_analysis - INFO -   20. t-50_adx                                 = 0.003650
2025-12-19 17:47:49 - ml.src.training.sequence_feature_analysis - INFO -   21. t-33_dist_sma_200                        = 0.003620
2025-12-19 17:47:49 - ml.src.training.sequence_feature_analysis - INFO -   22. t-0_rsi_m60                              = 0.003610
2025-12-19 17:47:49 - ml.src.training.sequence_feature_analysis - INFO -   23. t-13_rsi_m60                             = 0.003603
2025-12-19 17:47:49 - ml.src.training.sequence_feature_analysis - INFO -   24. t-37_stoch_d_m5                          = 0.003588
2025-12-19 17:47:49 - ml.src.training.sequence_feature_analysis - INFO -   25. t-1_atr_norm_m5                          = 0.003527
2025-12-19 17:47:49 - ml.src.training.sequence_feature_analysis - INFO -   26. t-21_rsi_m15                             = 0.003478
2025-12-19 17:47:49 - ml.src.training.sequence_feature_analysis - INFO -   27. t-22_bb_pos_m5                           = 0.003468
2025-12-19 17:47:49 - ml.src.training.sequence_feature_analysis - INFO -   28. t-48_rsi_m60                             = 0.003437
2025-12-19 17:47:49 - ml.src.training.sequence_feature_analysis - INFO -   29. t-0_bb_pos_m60                           = 0.003417
2025-12-19 17:47:49 - ml.src.training.sequence_feature_analysis - INFO -   30. t-37_dist_sma_200                        = 0.003355
2025-12-19 17:47:49 - ml.src.training.sequence_feature_analysis - INFO - 
Aggregated importance by feature type:
2025-12-19 17:47:49 - ml.src.training.sequence_feature_analysis - INFO -   rsi_m60                        = 0.104164
2025-12-19 17:47:49 - ml.src.training.sequence_feature_analysis - INFO -   adx                            = 0.093381
2025-12-19 17:47:49 - ml.src.training.sequence_feature_analysis - INFO -   bb_pos_m60                     = 0.089865
2025-12-19 17:47:49 - ml.src.training.sequence_feature_analysis - INFO -   atr_norm_m5                    = 0.075468
2025-12-19 17:47:49 - ml.src.training.sequence_feature_analysis - INFO -   bb_pos_m15                     = 0.071137
2025-12-19 17:47:49 - ml.src.training.sequence_feature_analysis - INFO -   macd_hist_m5                   = 0.070550
2025-12-19 17:47:49 - ml.src.training.sequence_feature_analysis - INFO -   rsi_m15                        = 0.070508
2025-12-19 17:47:49 - ml.src.training.sequence_feature_analysis - INFO -   stoch_d_m5                     = 0.070319
2025-12-19 17:47:49 - ml.src.training.sequence_feature_analysis - INFO -   dist_sma_200                   = 0.068752
2025-12-19 17:47:49 - ml.src.training.sequence_feature_analysis - INFO -   dist_sma_20_m5                 = 0.059363
2025-12-19 17:47:49 - ml.src.training.sequence_artifacts - INFO - Saved feature importance to sequence_feature_importance.json
2025-12-19 17:47:49 - ml.src.pipeline_stages - INFO - Artifacts saved to C:\Users\Arek\Documents\Repos\Traiding\Trading-ML\ml\outputs\models
2025-12-19 17:47:49 - __main__ - INFO - 
================================================================================
2025-12-19 17:47:49 - __main__ - INFO - TRAINING COMPLETE - SUMMARY
2025-12-19 17:47:49 - __main__ - INFO - ================================================================================
2025-12-19 17:47:49 - __main__ - INFO - End time: 2025-12-19 17:47:49
2025-12-19 17:47:49 - __main__ - INFO - 
Final Metrics:
2025-12-19 17:47:49 - __main__ - INFO -   Window Size:       60 candles
2025-12-19 17:47:49 - __main__ - INFO -   Threshold:         0.4950
2025-12-19 17:47:49 - __main__ - INFO -   WIN RATE:          0.5196 (51.96%)
2025-12-19 17:47:49 - __main__ - INFO -   Precision:         0.5196
2025-12-19 17:47:49 - __main__ - INFO -   Recall:            0.4454
2025-12-19 17:47:49 - __main__ - INFO -   F1 Score:          0.4796
2025-12-19 17:47:49 - __main__ - INFO -   ROC-AUC:           0.5996
2025-12-19 17:47:49 - __main__ - INFO -   PR-AUC:            0.4071
2025-12-19 17:47:49 - __main__ - INFO - 
Artifacts saved to: C:\Users\Arek\Documents\Repos\Traiding\Trading-ML\ml\outputs\models
2025-12-19 17:47:49 - __main__ - INFO - ================================================================================
