2025-12-21 21:55:38 - ml.src.pipeline_config_extended - INFO - Pipeline configuration validated successfully
2025-12-21 21:55:38 - __main__ - INFO - 
================================================================================
2025-12-21 21:55:38 - __main__ - INFO - SEQUENCE XGBoost TRAINING PIPELINE - XAU/USD 1-Minute Data
2025-12-21 21:55:38 - __main__ - INFO - ================================================================================
2025-12-21 21:55:38 - __main__ - INFO - Log file: C:\Users\Arek\Documents\Repos\Traiding\Trading-ML\ml\outputs\logs\sequence_xgb_train_years_2025_20251221_215538.log
2025-12-21 21:55:38 - __main__ - INFO - Start time: 2025-12-21 21:55:38
2025-12-21 21:55:38 - __main__ - INFO - Data years: [2025]
2025-12-21 21:55:38 - __main__ - INFO - 
Pipeline Configuration:
2025-12-21 21:55:38 - __main__ - INFO -   Feature engineering version: v1
2025-12-21 21:55:38 - __main__ - INFO -   Window size: 50 candles
2025-12-21 21:55:38 - __main__ - INFO -   ATR SL multiplier: 1.0x (from risk_config.py)
2025-12-21 21:55:38 - __main__ - INFO -   ATR TP multiplier: 2.0x (from risk_config.py)
2025-12-21 21:55:38 - __main__ - INFO -   Min hold time: 2 M5 candles
2025-12-21 21:55:38 - __main__ - INFO -   Max horizon: 60 M5 candles
2025-12-21 21:55:38 - __main__ - INFO -   Trading session: london_ny
2025-12-21 21:55:38 - __main__ - INFO -   Threshold optimization: HYBRID (EV with precision AND recall floors)
2025-12-21 21:55:38 - __main__ - INFO -     - Min precision: 0.55
2025-12-21 21:55:38 - __main__ - INFO -     - Min recall: 0.4
2025-12-21 21:55:38 - __main__ - INFO -     - Win coefficient: 1.0
2025-12-21 21:55:38 - __main__ - INFO -     - Loss coefficient: -1.0
2025-12-21 21:55:38 - __main__ - INFO -   M5 alignment filter: disabled
2025-12-21 21:55:38 - __main__ - INFO -   Trend filter: enabled
2025-12-21 21:55:38 - __main__ - INFO -   Pullback filter: disabled
2025-12-21 21:55:38 - __main__ - INFO -   Random state: 42
2025-12-21 21:55:38 - __main__ - INFO - ================================================================================

2025-12-21 21:55:38 - ml.src.pipeline_stages - INFO - Loading data from C:\Users\Arek\Documents\Repos\Traiding\Trading-ML\ml\src\data
2025-12-21 21:55:38 - ml.src.data_loading.loaders - INFO - Year filter applied: loading only [2025]
2025-12-21 21:55:38 - ml.src.pipeline_stages - INFO - Loaded 18,875 rows from C:\Users\Arek\Documents\Repos\Traiding\Trading-ML\ml\src\data
2025-12-21 21:55:38 - ml.src.pipeline_stages - INFO - Date range: 2025-12-01 00:00:00 to 2025-12-18 17:39:00
2025-12-21 21:55:38 - ml.src.pipeline_stages - WARNING - window_size parameter is deprecated and ignored (passed: 50)
2025-12-21 21:55:38 - ml.src.pipeline_stages - WARNING - feature_version parameter is deprecated and ignored (passed: v1)
2025-12-21 21:55:38 - ml.src.pipeline_stages - INFO - Aggregating M1 data to M5 timeframe...
2025-12-21 21:55:38 - ml.src.features.engineer_m5 - INFO - Aggregating 18875 M1 candles to M5...
2025-12-21 21:55:38 - ml.src.features.engineer_m5 - INFO - Aggregated to 3776 M5 candles (5.0x compression)
2025-12-21 21:55:38 - ml.src.pipeline_stages - INFO - Aggregated 18,875 M1 candles → 3,776 M5 candles (20.0% compression)
2025-12-21 21:55:38 - ml.src.pipeline_stages - INFO - Engineering technical features on M5 timeframe (with M15/M60 context)...
2025-12-21 21:55:38 - ml.src.features.engineer_m5 - INFO - Engineering M5 features...
2025-12-21 21:55:38 - ml.src.features.engineer_m5 - INFO - Aggregating 3776 M1 candles to M5...
2025-12-21 21:55:38 - ml.src.features.engineer_m5 - INFO - Aggregated to 3776 M5 candles (1.0x compression)
2025-12-21 21:55:38 - ml.src.features.engineer_m5 - INFO - Computing M5 primary features...
2025-12-21 21:55:38 - ml.src.features.engineer_m5 - INFO - Computing M15 context from M5...
2025-12-21 21:55:38 - ml.src.features.engineer_m5 - INFO - Computing M60 context from M5...
2025-12-21 21:55:38 - ml.src.features.engineer_m5 - INFO - M5 feature engineering complete: 3776 rows × 24 features
2025-12-21 21:55:38 - ml.src.features.engineer_m5 - INFO - Timeframe: M5 (5-minute candles)
2025-12-21 21:55:38 - ml.src.features.engineer_m5 - INFO - Date range: 2025-12-01 00:00:00 to 2025-12-18 17:35:00
2025-12-21 21:55:38 - ml.src.pipeline_stages - INFO - Features shape: (3776, 24)
2025-12-21 21:55:38 - ml.src.pipeline_stages - INFO - Feature columns: 24
2025-12-21 21:55:38 - ml.src.features.engineer_m5 - INFO - Aggregating 18875 M1 candles to M5...
2025-12-21 21:55:38 - ml.src.features.engineer_m5 - INFO - Aggregated to 3776 M5 candles (5.0x compression)
2025-12-21 21:55:38 - ml.src.pipeline_stages - INFO - Creating targets on M5 timeframe (SL=1.0×ATR, TP=2.0×ATR, min_hold=2 M5 candles, max_horizon=60 M5 candles)
2025-12-21 21:55:38 - ml.src.targets.target_maker - INFO - Creating targets (SL/TP simulation) for 3,776 candles...
2025-12-21 21:55:38 - ml.src.targets.target_maker - INFO - Parameters: SL=1.0×ATR, TP=2.0×ATR, min_hold=2min, max_horizon=60min
2025-12-21 21:55:38 - ml.src.targets.target_maker - INFO - Calculating M1 ATR(14) for SL/TP targets (fallback)
2025-12-21 21:55:38 - ml.src.targets.target_maker - INFO - Target creation complete: 3,716 valid targets
2025-12-21 21:55:38 - ml.src.pipeline_stages - INFO - Targets shape: 3716
2025-12-21 21:55:38 - ml.src.pipeline_stages - INFO - Positive class (win): 1,174 (31.59%)
2025-12-21 21:55:38 - ml.src.pipeline_stages - INFO - Negative class (loss): 2,542 (68.41%)
2025-12-21 21:55:38 - ml.src.pipeline_stages - INFO - Creating sequences on M5 timeframe (window_size=50 M5 candles = 250 minutes)...
2025-12-21 21:55:38 - ml.src.pipeline_stages - INFO - Filter config: m5_alignment=False (already M5), trend=True, pullback=False, max_windows=200,000
2025-12-21 21:55:38 - ml.src.sequences.sequencer - INFO - M5 alignment filter disabled; keeping all timestamps irrespective of minute alignment
2025-12-21 21:55:38 - ml.src.sequences.sequencer - INFO - Applied Trend Filter (dist_sma_200 > 0.00, ADX > 15.00): kept 1711/3667 (46.7%)
2025-12-21 21:55:38 - ml.src.sequences.sequencer - INFO - Pullback filter disabled; not constraining RSI_M5
2025-12-21 21:55:38 - ml.src.sequences.sequencer - INFO - Session filter 'london_ny': keeping 1,039 / 3,667 windows (28.3%)
2025-12-21 21:55:38 - ml.src.pipeline_stages - INFO - Sequences created: X.shape=(1039, 1200), y.shape=(1039,)
2025-12-21 21:55:38 - ml.src.pipeline_stages - INFO - Positive class in sequences: 326 (31.38%)
2025-12-21 21:55:38 - ml.src.pipeline_stages - INFO - Splitting data chronologically (train/val/test)...
2025-12-21 21:55:38 - ml.src.pipeline_stages - INFO - Using percentage split (70/15/15) for year_filter=[2025]
2025-12-21 21:55:38 - ml.src.pipeline_stages - INFO - Split sizes: train=727, val=156, test=156
2025-12-21 21:55:38 - ml.src.pipeline_stages - INFO - Scaling features with RobustScaler (robust to outliers)...
2025-12-21 21:55:39 - ml.src.pipeline_stages - INFO - Feature scaling complete: mean=-0.0129, std=0.7394
2025-12-21 21:55:39 - ml.src.pipeline_stages - INFO - 
[POINT 1 OPTIMIZATION] Applying cost-sensitive learning...
2025-12-21 21:55:39 - ml.src.pipeline_stages - INFO -   Sample weights: positive=3.0, negative=1.0
2025-12-21 21:55:39 - ml.src.pipeline_stages - INFO -   Weight ratio (positive/negative): 3.00x
2025-12-21 21:55:39 - ml.src.pipeline_stages - INFO - Training XGBoost classifier...
2025-12-21 21:55:39 - ml.src.training.sequence_xgb_trainer - INFO - Class balance (train): pos=230, neg=497, imbalance_ratio=2.16
2025-12-21 21:55:39 - ml.src.training.sequence_xgb_trainer - INFO - Applied scale_pos_weight=2.1609 to handle class imbalance
2025-12-21 21:55:39 - ml.src.training.sequence_xgb_trainer - INFO - [POINT 1] Cost-Sensitive Learning: using sample weights (mean=1.6327)
2025-12-21 21:55:39 - ml.src.training.sequence_xgb_trainer - INFO - Training XGBoost classifier...
2025-12-21 21:56:05 - ml.src.training.sequence_xgb_trainer - INFO - Training completed
2025-12-21 21:56:05 - ml.src.pipeline_stages - INFO - Evaluating model on test set...
2025-12-21 21:56:05 - ml.src.training.sequence_evaluation - INFO - Probability stats: min=0.0021, max=0.8611, mean=0.1563, std=0.2171
2025-12-21 21:56:05 - ml.src.training.sequence_evaluation - INFO - Threshold constraints: min_precision=0.55, min_recall=0.40, min_trades=5, max_trades_per_day=10
2025-12-21 21:56:05 - ml.src.training.sequence_evaluation - INFO - Using HYBRID optimization: EV with precision AND recall floors...
2025-12-21 21:56:06 - ml.src.training.sequence_evaluation - WARNING - No threshold met BOTH precision >= 0.55 AND recall >= 0.40 with >= 5 trades. Using improved fallback: maximize F1 with relaxed constraints.
2025-12-21 21:56:08 - ml.src.training.sequence_evaluation - WARNING - Fallback selected boundary threshold=0.0100 (grid=[0.0100..0.9900], size=327). If this repeats, consider widening candidate grid or reviewing probability calibration.
2025-12-21 21:56:08 - ml.src.training.sequence_evaluation - INFO - Fallback F1-optimized threshold: 0.0100 (F1=0.5135, precision=0.9500, recall=0.3519)
2025-12-21 21:56:08 - ml.src.training.sequence_evaluation - INFO - Confusion matrix@thr=0.01:
2025-12-21 21:56:08 - ml.src.training.sequence_evaluation - INFO -   [[TN=101, FP=1],
2025-12-21 21:56:08 - ml.src.training.sequence_evaluation - INFO -    [FN=35, TP=19]]
2025-12-21 21:56:08 - ml.src.pipeline_stages - INFO - Evaluation metrics: threshold=0.01, win_rate=0.9500 (95.00%), precision=0.9500, recall=0.3519, f1=0.5135, roc_auc=0.7571, pr_auc=0.6606
2025-12-21 21:56:08 - ml.src.pipeline_stages - INFO - Saving artifacts...
2025-12-21 21:56:08 - ml.src.training.sequence_artifacts - INFO - Saved model to sequence_xgb_model.pkl
2025-12-21 21:56:08 - ml.src.training.sequence_artifacts - INFO - Saved scaler to sequence_scaler.pkl (required for inference)
2025-12-21 21:56:08 - ml.src.training.sequence_artifacts - INFO - Saved feature columns to sequence_feature_columns.json
2025-12-21 21:56:08 - ml.src.training.sequence_artifacts - INFO - Saved metadata to sequence_threshold.json (analysis_window=7 days)
2025-12-21 21:56:08 - ml.src.training.sequence_artifacts - INFO - Analyzing feature importance...
2025-12-21 21:56:08 - ml.src.training.sequence_feature_analysis - INFO - 
Top 30 most important features:
2025-12-21 21:56:08 - ml.src.training.sequence_feature_analysis - INFO -    1. t-35_obv_m60                             = 0.015593
2025-12-21 21:56:08 - ml.src.training.sequence_feature_analysis - INFO -    2. t-23_obv_m60                             = 0.014910
2025-12-21 21:56:08 - ml.src.training.sequence_feature_analysis - INFO -    3. t-25_dist_sma_20_m15                     = 0.014183
2025-12-21 21:56:08 - ml.src.training.sequence_feature_analysis - INFO -    4. t-27_dist_sma_20_m15                     = 0.012058
2025-12-21 21:56:08 - ml.src.training.sequence_feature_analysis - INFO -    5. t-27_cvd_m15                             = 0.011967
2025-12-21 21:56:08 - ml.src.training.sequence_feature_analysis - INFO -    6. t-7_bb_pos_m60                           = 0.008972
2025-12-21 21:56:08 - ml.src.training.sequence_feature_analysis - INFO -    7. t-19_bb_pos_m60                          = 0.008743
2025-12-21 21:56:08 - ml.src.training.sequence_feature_analysis - INFO -    8. t-3_obv_m60                              = 0.008074
2025-12-21 21:56:08 - ml.src.training.sequence_feature_analysis - INFO -    9. t-37_obv_m60                             = 0.008035
2025-12-21 21:56:08 - ml.src.training.sequence_feature_analysis - INFO -   10. t-47_rsi_m15                             = 0.007747
2025-12-21 21:56:08 - ml.src.training.sequence_feature_analysis - INFO -   11. t-19_rsi_m60                             = 0.006655
2025-12-21 21:56:08 - ml.src.training.sequence_feature_analysis - INFO -   12. t-5_macd_hist_m5                         = 0.006217
2025-12-21 21:56:08 - ml.src.training.sequence_feature_analysis - INFO -   13. t-30_cvd_m60                             = 0.006156
2025-12-21 21:56:08 - ml.src.training.sequence_feature_analysis - INFO -   14. t-4_obv_m60                              = 0.006143
2025-12-21 21:56:08 - ml.src.training.sequence_feature_analysis - INFO -   15. t-6_bb_pos_m60                           = 0.006122
2025-12-21 21:56:08 - ml.src.training.sequence_feature_analysis - INFO -   16. t-14_cvd_m5                              = 0.006036
2025-12-21 21:56:08 - ml.src.training.sequence_feature_analysis - INFO -   17. t-24_obv_m5                              = 0.005546
2025-12-21 21:56:08 - ml.src.training.sequence_feature_analysis - INFO -   18. t-2_bb_pos_m60                           = 0.005502
2025-12-21 21:56:08 - ml.src.training.sequence_feature_analysis - INFO -   19. t-36_bb_pos_m60                          = 0.005103
2025-12-21 21:56:08 - ml.src.training.sequence_feature_analysis - INFO -   20. t-1_obv_m60                              = 0.004950
2025-12-21 21:56:08 - ml.src.training.sequence_feature_analysis - INFO -   21. t-3_cvd_m60                              = 0.004895
2025-12-21 21:56:08 - ml.src.training.sequence_feature_analysis - INFO -   22. t-26_adx                                 = 0.004736
2025-12-21 21:56:08 - ml.src.training.sequence_feature_analysis - INFO -   23. t-17_obv_m60                             = 0.004622
2025-12-21 21:56:08 - ml.src.training.sequence_feature_analysis - INFO -   24. t-19_cvd_m60                             = 0.004163
2025-12-21 21:56:08 - ml.src.training.sequence_feature_analysis - INFO -   25. t-32_bb_pos_m60                          = 0.004138
2025-12-21 21:56:08 - ml.src.training.sequence_feature_analysis - INFO -   26. t-25_obv_m15                             = 0.004073
2025-12-21 21:56:08 - ml.src.training.sequence_feature_analysis - INFO -   27. t-30_adx                                 = 0.004032
2025-12-21 21:56:08 - ml.src.training.sequence_feature_analysis - INFO -   28. t-40_dist_sma_200                        = 0.003998
2025-12-21 21:56:08 - ml.src.training.sequence_feature_analysis - INFO -   29. t-4_cvd_m15                              = 0.003965
2025-12-21 21:56:08 - ml.src.training.sequence_feature_analysis - INFO -   30. t-41_rsi_m15                             = 0.003886
2025-12-21 21:56:08 - ml.src.training.sequence_feature_analysis - INFO - 
Aggregated importance by feature type:
2025-12-21 21:56:08 - ml.src.training.sequence_feature_analysis - INFO -   obv_m60                        = 0.087919
2025-12-21 21:56:08 - ml.src.training.sequence_feature_analysis - INFO -   bb_pos_m60                     = 0.075349
2025-12-21 21:56:08 - ml.src.training.sequence_feature_analysis - INFO -   adx                            = 0.059211
2025-12-21 21:56:08 - ml.src.training.sequence_feature_analysis - INFO -   dist_sma_20_m15                = 0.055214
2025-12-21 21:56:08 - ml.src.training.sequence_feature_analysis - INFO -   macd_hist_m5                   = 0.052438
2025-12-21 21:56:08 - ml.src.training.sequence_feature_analysis - INFO -   cvd_m15                        = 0.051564
2025-12-21 21:56:08 - ml.src.training.sequence_feature_analysis - INFO -   cvd_m60                        = 0.051160
2025-12-21 21:56:08 - ml.src.training.sequence_feature_analysis - INFO -   obv_m15                        = 0.049785
2025-12-21 21:56:08 - ml.src.training.sequence_feature_analysis - INFO -   rsi_m15                        = 0.045601
2025-12-21 21:56:08 - ml.src.training.sequence_feature_analysis - INFO -   obv_m5                         = 0.044845
2025-12-21 21:56:08 - ml.src.training.sequence_artifacts - INFO - Saved feature importance to sequence_feature_importance.json
2025-12-21 21:56:08 - ml.src.pipeline_stages - INFO - Artifacts saved to C:\Users\Arek\Documents\Repos\Traiding\Trading-ML\ml\outputs\models
2025-12-21 21:56:08 - __main__ - INFO - 
================================================================================
2025-12-21 21:56:08 - __main__ - INFO - TRAINING COMPLETE - SUMMARY
2025-12-21 21:56:08 - __main__ - INFO - ================================================================================
2025-12-21 21:56:08 - __main__ - INFO - End time: 2025-12-21 21:56:08
2025-12-21 21:56:08 - __main__ - INFO - 
Final Metrics:
2025-12-21 21:56:08 - __main__ - INFO -   Window Size:       50 candles
2025-12-21 21:56:08 - __main__ - INFO -   Threshold:         0.0100
2025-12-21 21:56:08 - __main__ - INFO -   WIN RATE:          0.9500 (95.00%)
2025-12-21 21:56:08 - __main__ - INFO -   Precision:         0.9500
2025-12-21 21:56:08 - __main__ - INFO -   Recall:            0.3519
2025-12-21 21:56:08 - __main__ - INFO -   F1 Score:          0.5135
2025-12-21 21:56:08 - __main__ - INFO -   ROC-AUC:           0.7571
2025-12-21 21:56:08 - __main__ - INFO -   PR-AUC:            0.6606
2025-12-21 21:56:08 - __main__ - INFO - 
Artifacts saved to: C:\Users\Arek\Documents\Repos\Traiding\Trading-ML\ml\outputs\models
2025-12-21 21:56:08 - __main__ - INFO - ================================================================================
