2025-12-21 22:59:53 - ml.src.pipeline_config_extended - INFO - Pipeline configuration validated successfully
2025-12-21 22:59:53 - __main__ - INFO - 
================================================================================
2025-12-21 22:59:53 - __main__ - INFO - SEQUENCE XGBoost TRAINING PIPELINE - XAU/USD 1-Minute Data
2025-12-21 22:59:53 - __main__ - INFO - ================================================================================
2025-12-21 22:59:53 - __main__ - INFO - Log file: C:\Users\Arek\Documents\Repos\Traiding\Trading-ML\ml\outputs\logs\sequence_xgb_train_years_2024_20251221_225953.log
2025-12-21 22:59:53 - __main__ - INFO - Start time: 2025-12-21 22:59:53
2025-12-21 22:59:53 - __main__ - INFO - Data years: [2024]
2025-12-21 22:59:53 - __main__ - INFO - 
Pipeline Configuration:
2025-12-21 22:59:53 - __main__ - INFO -   Feature engineering version: v1
2025-12-21 22:59:53 - __main__ - INFO -   Window size: 60 candles
2025-12-21 22:59:53 - __main__ - INFO -   ATR SL multiplier: 1.0x (from risk_config.py)
2025-12-21 22:59:53 - __main__ - INFO -   ATR TP multiplier: 2.0x (from risk_config.py)
2025-12-21 22:59:53 - __main__ - INFO -   Min hold time: 2 M5 candles
2025-12-21 22:59:53 - __main__ - INFO -   Max horizon: 60 M5 candles
2025-12-21 22:59:53 - __main__ - INFO -   Trading session: london_ny
2025-12-21 22:59:53 - __main__ - INFO -   Threshold optimization: HYBRID (EV with precision AND recall floors)
2025-12-21 22:59:53 - __main__ - INFO -     - Min precision: 0.55
2025-12-21 22:59:53 - __main__ - INFO -     - Min recall: 0.0
2025-12-21 22:59:53 - __main__ - INFO -     - Win coefficient: 1.0
2025-12-21 22:59:53 - __main__ - INFO -     - Loss coefficient: -1.0
2025-12-21 22:59:53 - __main__ - INFO -   M5 alignment filter: disabled
2025-12-21 22:59:53 - __main__ - INFO -   Trend filter: enabled
2025-12-21 22:59:53 - __main__ - INFO -   Pullback filter: disabled
2025-12-21 22:59:53 - __main__ - INFO -   Random state: 42
2025-12-21 22:59:53 - __main__ - INFO - ================================================================================

2025-12-21 22:59:53 - ml.src.pipeline_stages - INFO - Loading data from C:\Users\Arek\Documents\Repos\Traiding\Trading-ML\ml\src\data
2025-12-21 22:59:53 - ml.src.data_loading.loaders - INFO - Year filter applied: loading only [2024]
2025-12-21 22:59:54 - ml.src.pipeline_stages - INFO - Loaded 355,661 rows from C:\Users\Arek\Documents\Repos\Traiding\Trading-ML\ml\src\data
2025-12-21 22:59:54 - ml.src.pipeline_stages - INFO - Date range: 2024-01-02 01:00:00 to 2024-12-31 23:46:00
2025-12-21 22:59:54 - ml.src.pipeline_stages - WARNING - feature_version parameter is deprecated and ignored (passed: v1)
2025-12-21 22:59:54 - ml.src.pipeline_stages - INFO - Aggregating M1 data to M5 timeframe...
2025-12-21 22:59:54 - ml.src.features.engineer_m5 - INFO - Aggregating 355661 M1 candles to M5...
2025-12-21 22:59:54 - ml.src.features.engineer_m5 - INFO - Aggregated to 71208 M5 candles (5.0x compression)
2025-12-21 22:59:54 - ml.src.pipeline_stages - INFO - Aggregated 355,661 M1 candles → 71,208 M5 candles (20.0% compression)
2025-12-21 22:59:54 - ml.src.pipeline_stages - INFO - Engineering technical features on M5 timeframe (with M15/M60 context)...
2025-12-21 22:59:54 - ml.src.features.engineer_m5 - INFO - Engineering M5 features...
2025-12-21 22:59:54 - ml.src.features.engineer_m5 - INFO - Aggregating 71208 M1 candles to M5...
2025-12-21 22:59:54 - ml.src.features.engineer_m5 - INFO - Aggregated to 71208 M5 candles (1.0x compression)
2025-12-21 22:59:54 - ml.src.features.engineer_m5 - INFO - Computing M5 primary features...
