2025-12-18 12:34:53 - ml.src.pipeline_config_extended - INFO - Pipeline configuration validated successfully
2025-12-18 12:34:53 - __main__ - INFO - 
================================================================================
2025-12-18 12:34:53 - __main__ - INFO - SEQUENCE XGBoost TRAINING PIPELINE - XAU/USD 1-Minute Data
2025-12-18 12:34:53 - __main__ - INFO - ================================================================================
2025-12-18 12:34:53 - __main__ - INFO - Log file: C:\Users\Arek\Documents\Repos\Traiding\Trading-ML\ml\outputs\logs\sequence_xgb_train_years_2023_20251218_123453.log
2025-12-18 12:34:53 - __main__ - INFO - Start time: 2025-12-18 12:34:53
2025-12-18 12:34:53 - __main__ - INFO - Data years: [2023]
2025-12-18 12:34:53 - __main__ - INFO - 
Pipeline Configuration:
2025-12-18 12:34:53 - __main__ - INFO -   Feature engineering version: v1
2025-12-18 12:34:53 - __main__ - INFO -   Window size: 60 candles
2025-12-18 12:34:53 - __main__ - INFO -   ATR SL multiplier: 0.1x (OPTION B optimized)
2025-12-18 12:34:53 - __main__ - INFO -   ATR TP multiplier: 0.2x (OPTION B optimized)
2025-12-18 12:34:53 - __main__ - INFO -   Min hold time: 5 minutes
2025-12-18 12:34:53 - __main__ - INFO -   Max horizon: 60 candles
2025-12-18 12:34:53 - __main__ - INFO -   Trading session: london
2025-12-18 12:34:53 - __main__ - INFO -   Min precision threshold: 0.85
2025-12-18 12:34:53 - __main__ - INFO -   M5 alignment filter: enabled
2025-12-18 12:34:53 - __main__ - INFO -   Trend filter: enabled
2025-12-18 12:34:53 - __main__ - INFO -   Pullback filter: enabled
2025-12-18 12:34:53 - __main__ - INFO -   Random state: 42
2025-12-18 12:34:53 - __main__ - INFO - ================================================================================

2025-12-18 12:34:53 - ml.src.pipeline_stages - INFO - Loading data from C:\Users\Arek\Documents\Repos\Traiding\Trading-ML\ml\src\data
2025-12-18 12:34:53 - ml.src.data_loading.loaders - INFO - Year filter applied: loading only [2023]
2025-12-18 12:34:54 - ml.src.pipeline_stages - INFO - Loaded 352,744 rows from C:\Users\Arek\Documents\Repos\Traiding\Trading-ML\ml\src\data
2025-12-18 12:34:54 - ml.src.pipeline_stages - INFO - Date range: 2023-01-03 01:01:00 to 2023-12-29 23:44:00
2025-12-18 12:34:54 - ml.src.pipeline_stages - WARNING - feature_version parameter is deprecated and ignored (passed: v1)
2025-12-18 12:34:54 - ml.src.pipeline_stages - INFO - Aggregating M1 data to M5 timeframe...
2025-12-18 12:34:54 - ml.src.features.engineer_m5 - INFO - Aggregating 352744 M1 candles to M5...
2025-12-18 12:34:54 - ml.src.features.engineer_m5 - INFO - Aggregated to 70668 M5 candles (5.0x compression)
2025-12-18 12:34:54 - ml.src.pipeline_stages - INFO - Aggregated 352,744 M1 candles → 70,668 M5 candles (20.0% compression)
2025-12-18 12:34:54 - ml.src.pipeline_stages - INFO - Engineering technical features on M5 timeframe (with M15/M60 context)...
2025-12-18 12:34:54 - ml.src.features.engineer_m5 - INFO - Engineering M5 features...
2025-12-18 12:34:54 - ml.src.features.engineer_m5 - INFO - Aggregating 70668 M1 candles to M5...
2025-12-18 12:34:54 - ml.src.features.engineer_m5 - INFO - Aggregated to 70668 M5 candles (1.0x compression)
2025-12-18 12:34:54 - ml.src.features.engineer_m5 - INFO - Computing M5 primary features...
2025-12-18 12:34:54 - ml.src.features.engineer_m5 - INFO - Computing M15 context from M5...
2025-12-18 12:34:54 - ml.src.features.engineer_m5 - INFO - Computing M60 context from M5...
2025-12-18 12:34:54 - __main__ - ERROR - Training pipeline failed: 'tuple' object has no attribute 'fillna'
Traceback (most recent call last):
  File "C:\Users\Arek\Documents\Repos\Traiding\Trading-ML\ml\src\pipelines\sequence_training_pipeline.py", line 325, in <module>
    metrics = run_pipeline(params)
  File "C:\Users\Arek\Documents\Repos\Traiding\Trading-ML\ml\src\pipelines\sequence_training_pipeline.py", line 197, in run_pipeline
    features = engineer_features_stage(df_m1, window_size=params.window_size, feature_version=params.feature_version)
  File "C:\Users\Arek\Documents\Repos\Traiding\Trading-ML\ml\src\pipeline_stages.py", line 146, in engineer_features_stage
    features = engineer_m5_candle_features(df_m5)
  File "C:\Users\Arek\Documents\Repos\Traiding\Trading-ML\ml\src\features\engineer_m5.py", line 269, in engineer_m5_candle_features
    "adx": adx.fillna(20),
           ^^^^^^^^^^
AttributeError: 'tuple' object has no attribute 'fillna'
