2025-12-20 23:58:00 - ml.src.pipeline_config_extended - INFO - Pipeline configuration validated successfully
2025-12-20 23:58:00 - __main__ - INFO - 
================================================================================
2025-12-20 23:58:00 - __main__ - INFO - SEQUENCE XGBoost TRAINING PIPELINE - XAU/USD 1-Minute Data
2025-12-20 23:58:00 - __main__ - INFO - ================================================================================
2025-12-20 23:58:00 - __main__ - INFO - Log file: C:\Users\Arek\Documents\Repos\Traiding\Trading-ML\ml\outputs\logs\sequence_xgb_train_years_2024_2025_20251220_235800.log
2025-12-20 23:58:00 - __main__ - INFO - Start time: 2025-12-20 23:58:00
2025-12-20 23:58:00 - __main__ - INFO - Data years: [2024, 2025]
2025-12-20 23:58:00 - __main__ - INFO - 
Pipeline Configuration:
2025-12-20 23:58:00 - __main__ - INFO -   Feature engineering version: v1
2025-12-20 23:58:00 - __main__ - INFO -   Window size: 50 candles
2025-12-20 23:58:00 - __main__ - INFO -   ATR SL multiplier: 1x (from risk_config.py)
2025-12-20 23:58:00 - __main__ - INFO -   ATR TP multiplier: 3.0x (from risk_config.py)
2025-12-20 23:58:00 - __main__ - INFO -   Min hold time: 5 minutes
2025-12-20 23:58:00 - __main__ - INFO -   Max horizon: 60 candles
2025-12-20 23:58:00 - __main__ - INFO -   Trading session: london_ny
2025-12-20 23:58:00 - __main__ - INFO -   Min precision threshold: 0.55
2025-12-20 23:58:00 - __main__ - INFO -   M5 alignment filter: disabled
2025-12-20 23:58:00 - __main__ - INFO -   Trend filter: enabled
2025-12-20 23:58:00 - __main__ - INFO -   Pullback filter: disabled
2025-12-20 23:58:00 - __main__ - INFO -   Random state: 42
2025-12-20 23:58:00 - __main__ - INFO - ================================================================================

2025-12-20 23:58:00 - ml.src.pipeline_stages - INFO - Loading data from C:\Users\Arek\Documents\Repos\Traiding\Trading-ML\ml\src\data
2025-12-20 23:58:00 - ml.src.data_loading.loaders - INFO - Year filter applied: loading only [2024, 2025]
2025-12-20 23:58:01 - ml.src.pipeline_stages - INFO - Loaded 374,536 rows from C:\Users\Arek\Documents\Repos\Traiding\Trading-ML\ml\src\data
2025-12-20 23:58:01 - ml.src.pipeline_stages - INFO - Date range: 2024-01-02 01:00:00 to 2025-12-18 17:39:00
2025-12-20 23:58:01 - ml.src.pipeline_stages - WARNING - window_size parameter is deprecated and ignored (passed: 50)
2025-12-20 23:58:01 - ml.src.pipeline_stages - WARNING - feature_version parameter is deprecated and ignored (passed: v1)
2025-12-20 23:58:01 - ml.src.pipeline_stages - INFO - Aggregating M1 data to M5 timeframe...
2025-12-20 23:58:01 - ml.src.features.engineer_m5 - INFO - Aggregating 374536 M1 candles to M5...
2025-12-20 23:58:01 - ml.src.features.engineer_m5 - INFO - Aggregated to 74984 M5 candles (5.0x compression)
2025-12-20 23:58:01 - ml.src.pipeline_stages - INFO - Aggregated 374,536 M1 candles → 74,984 M5 candles (20.0% compression)
2025-12-20 23:58:01 - ml.src.pipeline_stages - INFO - Engineering technical features on M5 timeframe (with M15/M60 context)...
2025-12-20 23:58:01 - ml.src.features.engineer_m5 - INFO - Engineering M5 features...
2025-12-20 23:58:01 - ml.src.features.engineer_m5 - INFO - Aggregating 74984 M1 candles to M5...
2025-12-20 23:58:01 - ml.src.features.engineer_m5 - INFO - Aggregated to 74984 M5 candles (1.0x compression)
2025-12-20 23:58:01 - ml.src.features.engineer_m5 - INFO - Computing M5 primary features...
2025-12-20 23:58:05 - ml.src.features.engineer_m5 - INFO - Computing M15 context from M5...
2025-12-20 23:58:07 - ml.src.features.engineer_m5 - INFO - Computing M60 context from M5...
2025-12-20 23:58:07 - ml.src.features.engineer_m5 - INFO - M5 feature engineering complete: 74984 rows × 24 features
2025-12-20 23:58:07 - ml.src.features.engineer_m5 - INFO - Timeframe: M5 (5-minute candles)
2025-12-20 23:58:07 - ml.src.features.engineer_m5 - INFO - Date range: 2024-01-02 01:00:00 to 2025-12-18 17:35:00
2025-12-20 23:58:07 - ml.src.pipeline_stages - INFO - Features shape: (74984, 24)
2025-12-20 23:58:07 - ml.src.pipeline_stages - INFO - Feature columns: 24
2025-12-20 23:58:07 - ml.src.features.engineer_m5 - INFO - Aggregating 374536 M1 candles to M5...
2025-12-20 23:58:07 - ml.src.features.engineer_m5 - INFO - Aggregated to 74984 M5 candles (5.0x compression)
2025-12-20 23:58:07 - ml.src.pipeline_stages - INFO - Creating targets on M5 timeframe (SL=1×ATR, TP=3.0×ATR, min_hold=5 M5 candles, max_horizon=60 M5 candles)
2025-12-20 23:58:07 - ml.src.targets.target_maker - INFO - Creating targets (SL/TP simulation) for 74,984 candles...
2025-12-20 23:58:07 - ml.src.targets.target_maker - INFO - Parameters: SL=1×ATR, TP=3.0×ATR, min_hold=5min, max_horizon=60min
2025-12-20 23:58:07 - ml.src.targets.target_maker - INFO - Calculating M1 ATR(14) for SL/TP targets (fallback)
2025-12-20 23:58:07 - ml.src.targets.target_maker - INFO - Target creation complete: 74,924 valid targets
2025-12-20 23:58:07 - ml.src.pipeline_stages - INFO - Targets shape: 74924
2025-12-20 23:58:07 - ml.src.pipeline_stages - INFO - Positive class (win): 22,301 (29.76%)
2025-12-20 23:58:07 - ml.src.pipeline_stages - INFO - Negative class (loss): 52,623 (70.24%)
2025-12-20 23:58:07 - ml.src.pipeline_stages - INFO - Creating sequences on M5 timeframe (window_size=50 M5 candles = 250 minutes)...
2025-12-20 23:58:07 - ml.src.pipeline_stages - INFO - Filter config: m5_alignment=False (already M5), trend=True, pullback=False, max_windows=200,000
2025-12-20 23:58:07 - ml.src.sequences.sequencer - INFO - M5 alignment filter disabled; keeping all timestamps irrespective of minute alignment
2025-12-20 23:58:07 - ml.src.sequences.sequencer - INFO - Applied Trend Filter (dist_sma_200 > 0.00, ADX > 15.00): kept 39148/74875 (52.3%)
2025-12-20 23:58:07 - ml.src.sequences.sequencer - INFO - Pullback filter disabled; not constraining RSI_M5
2025-12-20 23:58:07 - ml.src.sequences.sequencer - INFO - Session filter 'london_ny': keeping 23,951 / 74,875 windows (32.0%)
2025-12-20 23:58:07 - ml.src.pipeline_stages - INFO - Sequences created: X.shape=(23951, 1200), y.shape=(23951,)
2025-12-20 23:58:07 - ml.src.pipeline_stages - INFO - Positive class in sequences: 6,694 (27.95%)
2025-12-20 23:58:07 - ml.src.pipeline_stages - INFO - Splitting data chronologically (train/val/test)...
2025-12-20 23:58:07 - ml.src.pipeline_stages - INFO - Using percentage split (70/15/15) for year_filter=[2024, 2025]
2025-12-20 23:58:07 - ml.src.pipeline_stages - INFO - Split sizes: train=16,765, val=3,593, test=3,593
2025-12-20 23:58:07 - ml.src.pipeline_stages - INFO - Scaling features with RobustScaler (robust to outliers)...
2025-12-20 23:58:09 - ml.src.pipeline_stages - INFO - Feature scaling complete: mean=-0.0140, std=0.7451
2025-12-20 23:58:09 - ml.src.pipeline_stages - INFO - Training XGBoost classifier...
2025-12-20 23:58:09 - ml.src.training.sequence_xgb_trainer - INFO - Class balance (train): pos=4,961, neg=11,804, imbalance_ratio=2.38
2025-12-20 23:58:09 - ml.src.training.sequence_xgb_trainer - INFO - Applied scale_pos_weight=2.3794 to handle class imbalance
2025-12-20 23:58:09 - ml.src.training.sequence_xgb_trainer - INFO - Training XGBoost classifier...
2025-12-21 00:00:17 - ml.src.training.sequence_xgb_trainer - INFO - Training completed
2025-12-21 00:00:17 - ml.src.pipeline_stages - INFO - Evaluating model on test set...
2025-12-21 00:00:17 - ml.src.training.sequence_evaluation - INFO - Probability stats: min=0.0022, max=0.9881, mean=0.3238, std=0.2374
2025-12-21 00:00:19 - ml.src.training.sequence_evaluation - INFO - Confusion matrix@thr=0.54:
2025-12-21 00:00:19 - ml.src.training.sequence_evaluation - INFO -   [[TN=2694, FP=108],
2025-12-21 00:00:19 - ml.src.training.sequence_evaluation - INFO -    [FN=578, TP=213]]
2025-12-21 00:00:19 - ml.src.pipeline_stages - INFO - Evaluation metrics: threshold=0.54, win_rate=0.6636 (66.36%), precision=0.6636, recall=0.2693, f1=0.3831, roc_auc=0.7608, pr_auc=0.5157
2025-12-21 00:00:19 - ml.src.pipeline_stages - INFO - Saving artifacts...
2025-12-21 00:00:19 - ml.src.training.sequence_artifacts - INFO - Saved model to sequence_xgb_model.pkl
2025-12-21 00:00:19 - ml.src.training.sequence_artifacts - INFO - Saved scaler to sequence_scaler.pkl (required for inference)
2025-12-21 00:00:19 - ml.src.training.sequence_artifacts - INFO - Saved feature columns to sequence_feature_columns.json
2025-12-21 00:00:19 - ml.src.training.sequence_artifacts - INFO - Saved metadata to sequence_threshold.json (analysis_window=7 days)
2025-12-21 00:00:19 - ml.src.training.sequence_artifacts - INFO - Analyzing feature importance...
2025-12-21 00:00:19 - ml.src.training.sequence_feature_analysis - INFO - 
Top 30 most important features:
2025-12-21 00:00:19 - ml.src.training.sequence_feature_analysis - INFO -    1. t-0_bb_pos_m60                           = 0.004139
2025-12-21 00:00:19 - ml.src.training.sequence_feature_analysis - INFO -    2. t-7_bb_pos_m60                           = 0.004131
2025-12-21 00:00:19 - ml.src.training.sequence_feature_analysis - INFO -    3. t-12_bb_pos_m60                          = 0.004111
2025-12-21 00:00:19 - ml.src.training.sequence_feature_analysis - INFO -    4. t-1_bb_pos_m60                           = 0.004009
2025-12-21 00:00:19 - ml.src.training.sequence_feature_analysis - INFO -    5. t-8_bb_pos_m60                           = 0.003918
2025-12-21 00:00:19 - ml.src.training.sequence_feature_analysis - INFO -    6. t-13_bb_pos_m60                          = 0.003592
2025-12-21 00:00:19 - ml.src.training.sequence_feature_analysis - INFO -    7. t-6_bb_pos_m60                           = 0.003561
2025-12-21 00:00:19 - ml.src.training.sequence_feature_analysis - INFO -    8. t-11_bb_pos_m60                          = 0.003482
2025-12-21 00:00:19 - ml.src.training.sequence_feature_analysis - INFO -    9. t-9_bb_pos_m60                           = 0.003198
2025-12-21 00:00:19 - ml.src.training.sequence_feature_analysis - INFO -   10. t-0_dist_sma_200                         = 0.002801
2025-12-21 00:00:19 - ml.src.training.sequence_feature_analysis - INFO -   11. t-10_bb_pos_m60                          = 0.002761
2025-12-21 00:00:19 - ml.src.training.sequence_feature_analysis - INFO -   12. t-1_dist_sma_20_m15                      = 0.002555
2025-12-21 00:00:19 - ml.src.training.sequence_feature_analysis - INFO -   13. t-10_obv_m60                             = 0.002438
2025-12-21 00:00:19 - ml.src.training.sequence_feature_analysis - INFO -   14. t-2_dist_sma_20_m15                      = 0.002424
2025-12-21 00:00:19 - ml.src.training.sequence_feature_analysis - INFO -   15. t-0_cvd_m5                               = 0.002349
2025-12-21 00:00:19 - ml.src.training.sequence_feature_analysis - INFO -   16. t-2_bb_pos_m60                           = 0.002294
2025-12-21 00:00:19 - ml.src.training.sequence_feature_analysis - INFO -   17. t-3_bb_pos_m60                           = 0.002275
2025-12-21 00:00:19 - ml.src.training.sequence_feature_analysis - INFO -   18. t-12_obv_m60                             = 0.002247
2025-12-21 00:00:19 - ml.src.training.sequence_feature_analysis - INFO -   19. t-0_obv_m60                              = 0.002194
2025-12-21 00:00:19 - ml.src.training.sequence_feature_analysis - INFO -   20. t-24_obv_m15                             = 0.002175
2025-12-21 00:00:19 - ml.src.training.sequence_feature_analysis - INFO -   21. t-14_obv_m60                             = 0.002160
2025-12-21 00:00:19 - ml.src.training.sequence_feature_analysis - INFO -   22. t-2_cvd_m15                              = 0.002124
2025-12-21 00:00:19 - ml.src.training.sequence_feature_analysis - INFO -   23. t-48_rsi_m60                             = 0.002098
2025-12-21 00:00:19 - ml.src.training.sequence_feature_analysis - INFO -   24. t-12_cvd_m60                             = 0.002090
2025-12-21 00:00:19 - ml.src.training.sequence_feature_analysis - INFO -   25. t-2_bb_pos_m15                           = 0.002036
2025-12-21 00:00:19 - ml.src.training.sequence_feature_analysis - INFO -   26. t-13_obv_m60                             = 0.002027
2025-12-21 00:00:19 - ml.src.training.sequence_feature_analysis - INFO -   27. t-1_dist_sma_200                         = 0.002017
2025-12-21 00:00:19 - ml.src.training.sequence_feature_analysis - INFO -   28. t-5_bb_pos_m60                           = 0.001976
2025-12-21 00:00:19 - ml.src.training.sequence_feature_analysis - INFO -   29. t-2_rsi_m15                              = 0.001961
2025-12-21 00:00:19 - ml.src.training.sequence_feature_analysis - INFO -   30. t-37_bb_pos_m60                          = 0.001960
2025-12-21 00:00:19 - ml.src.training.sequence_feature_analysis - INFO - 
Aggregated importance by feature type:
2025-12-21 00:00:19 - ml.src.training.sequence_feature_analysis - INFO -   bb_pos_m60                     = 0.095698
2025-12-21 00:00:19 - ml.src.training.sequence_feature_analysis - INFO -   obv_m60                        = 0.070221
2025-12-21 00:00:19 - ml.src.training.sequence_feature_analysis - INFO -   cvd_m60                        = 0.062853
2025-12-21 00:00:19 - ml.src.training.sequence_feature_analysis - INFO -   rsi_m60                        = 0.057613
2025-12-21 00:00:19 - ml.src.training.sequence_feature_analysis - INFO -   obv_m15                        = 0.050388
2025-12-21 00:00:19 - ml.src.training.sequence_feature_analysis - INFO -   volume_m15_norm                = 0.047245
2025-12-21 00:00:19 - ml.src.training.sequence_feature_analysis - INFO -   dist_sma_200                   = 0.047042
2025-12-21 00:00:19 - ml.src.training.sequence_feature_analysis - INFO -   rsi_m15                        = 0.047006
2025-12-21 00:00:19 - ml.src.training.sequence_feature_analysis - INFO -   dist_sma_20_m15                = 0.045955
2025-12-21 00:00:19 - ml.src.training.sequence_feature_analysis - INFO -   cvd_m15                        = 0.044426
2025-12-21 00:00:19 - ml.src.training.sequence_artifacts - INFO - Saved feature importance to sequence_feature_importance.json
2025-12-21 00:00:19 - ml.src.pipeline_stages - INFO - Artifacts saved to C:\Users\Arek\Documents\Repos\Traiding\Trading-ML\ml\outputs\models
2025-12-21 00:00:19 - __main__ - INFO - 
================================================================================
2025-12-21 00:00:19 - __main__ - INFO - TRAINING COMPLETE - SUMMARY
2025-12-21 00:00:19 - __main__ - INFO - ================================================================================
2025-12-21 00:00:19 - __main__ - INFO - End time: 2025-12-21 00:00:19
2025-12-21 00:00:19 - __main__ - INFO - 
Final Metrics:
2025-12-21 00:00:19 - __main__ - INFO -   Window Size:       50 candles
2025-12-21 00:00:19 - __main__ - INFO -   Threshold:         0.5350
2025-12-21 00:00:19 - __main__ - INFO -   WIN RATE:          0.6636 (66.36%)
2025-12-21 00:00:19 - __main__ - INFO -   Precision:         0.6636
2025-12-21 00:00:19 - __main__ - INFO -   Recall:            0.2693
2025-12-21 00:00:19 - __main__ - INFO -   F1 Score:          0.3831
2025-12-21 00:00:19 - __main__ - INFO -   ROC-AUC:           0.7608
2025-12-21 00:00:19 - __main__ - INFO -   PR-AUC:            0.5157
2025-12-21 00:00:19 - __main__ - INFO - 
Artifacts saved to: C:\Users\Arek\Documents\Repos\Traiding\Trading-ML\ml\outputs\models
2025-12-21 00:00:19 - __main__ - INFO - ================================================================================
