2026-01-02 12:13:57 - ml.src.pipeline_config_extended - INFO - Pipeline configuration validated successfully
2026-01-02 12:13:57 - __main__ - INFO - 
================================================================================
2026-01-02 12:13:57 - __main__ - INFO - SEQUENCE XGBoost TRAINING PIPELINE - XAU/USD 1-Minute Data
2026-01-02 12:13:57 - __main__ - INFO - ================================================================================
2026-01-02 12:13:57 - __main__ - INFO - Log file: C:\Users\Arek\Documents\Repos\Traiding\Trading-ML\ml\outputs\logs\sequence_xgb_train_years_2020_2021_2022_2023_2024_2025_20260102_121357.log
2026-01-02 12:13:57 - __main__ - INFO - Start time: 2026-01-02 12:13:57
2026-01-02 12:13:57 - __main__ - INFO - Data years: [2020, 2021, 2022, 2023, 2024, 2025]
2026-01-02 12:13:57 - __main__ - INFO - 
Pipeline Configuration:
2026-01-02 12:13:57 - __main__ - INFO -   Feature engineering version: v1
2026-01-02 12:13:57 - __main__ - INFO -   Window size: 80 candles
2026-01-02 12:13:57 - __main__ - INFO -   ATR SL multiplier: 1.0x (from risk_config.py)
2026-01-02 12:13:57 - __main__ - INFO -   ATR TP multiplier: 2.0x (from risk_config.py)
2026-01-02 12:13:57 - __main__ - INFO -   Min hold time: 2 M5 candles
2026-01-02 12:13:57 - __main__ - INFO -   Max horizon: 60 M5 candles
2026-01-02 12:13:57 - __main__ - INFO -   Trading session: london_ny
2026-01-02 12:13:57 - __main__ - INFO -   Threshold optimization: HYBRID (EV with precision AND recall floors)
2026-01-02 12:13:57 - __main__ - INFO -     - Min precision: 0.7
2026-01-02 12:13:57 - __main__ - INFO -     - Min recall: 0.3
2026-01-02 12:13:57 - __main__ - INFO -     - Win coefficient: 1.2
2026-01-02 12:13:57 - __main__ - INFO -     - Loss coefficient: -1.0
2026-01-02 12:13:57 - __main__ - INFO -   M5 alignment filter: disabled
2026-01-02 12:13:57 - __main__ - INFO -   Trend filter: enabled
2026-01-02 12:13:57 - __main__ - INFO -   Pullback filter: disabled
2026-01-02 12:13:57 - __main__ - INFO -   Random state: 42
2026-01-02 12:13:57 - __main__ - INFO - ================================================================================

2026-01-02 12:13:57 - ml.src.pipeline_stages - INFO - Loading data from C:\Users\Arek\Documents\Repos\Traiding\Trading-ML\ml\src\data
2026-01-02 12:13:57 - ml.src.data_loading.loaders - INFO - Year filter applied: loading only [2020, 2021, 2022, 2023, 2024, 2025]
2026-01-02 12:14:00 - ml.src.pipeline_stages - INFO - Loaded 1,844,538 rows from C:\Users\Arek\Documents\Repos\Traiding\Trading-ML\ml\src\data
2026-01-02 12:14:00 - ml.src.pipeline_stages - INFO - Date range: 2020-01-02 06:00:00 to 2025-11-28 19:43:00
2026-01-02 12:14:00 - ml.src.pipeline_stages - WARNING - window_size parameter is deprecated and ignored (passed: 80)
2026-01-02 12:14:00 - ml.src.pipeline_stages - WARNING - feature_version parameter is deprecated and ignored (passed: v1)
2026-01-02 12:14:00 - ml.src.pipeline_stages - INFO - Aggregating M1 data to M5 timeframe...
2026-01-02 12:14:00 - ml.src.features.engineer_m5 - INFO - Aggregating 1844538 M1 candles to M5...
2026-01-02 12:14:01 - ml.src.features.engineer_m5 - INFO - Aggregated to 369330 M5 candles (5.0x compression)
2026-01-02 12:14:01 - ml.src.pipeline_stages - INFO - Aggregated 1,844,538 M1 candles → 369,330 M5 candles (20.0% compression)
2026-01-02 12:14:01 - ml.src.pipeline_stages - INFO - Engineering technical features on M5 timeframe (with M15/M60 context)...
2026-01-02 12:14:01 - ml.src.features.engineer_m5 - INFO - Engineering M5 features...
2026-01-02 12:14:01 - ml.src.features.engineer_m5 - INFO - Aggregating 369330 M1 candles to M5...
2026-01-02 12:14:01 - ml.src.features.engineer_m5 - INFO - Aggregated to 369330 M5 candles (1.0x compression)
2026-01-02 12:14:01 - ml.src.features.engineer_m5 - INFO - Computing M5 primary features...
2026-01-02 12:14:04 - ml.src.features.engineer_m5 - INFO - Computing M15 context from M5...
2026-01-02 12:14:04 - ml.src.features.engineer_m5 - INFO - Computing M60 context from M5...
2026-01-02 12:14:05 - ml.src.features.engineer_m5 - INFO - M5 feature engineering complete: 369327 rows × 34 features
2026-01-02 12:14:05 - ml.src.features.engineer_m5 - INFO - Timeframe: M5 (5-minute candles)
2026-01-02 12:14:05 - ml.src.features.engineer_m5 - INFO - Date range: 2020-01-02 06:15:00 to 2025-11-28 19:40:00
2026-01-02 12:14:05 - ml.src.pipeline_stages - INFO - Features shape: (369327, 34)
2026-01-02 12:14:05 - ml.src.pipeline_stages - INFO - Feature columns: 34
2026-01-02 12:14:05 - ml.src.pipeline_stages - INFO - Creating targets on M5 timeframe (SL=1.0×ATR, TP=2.0×ATR, min_hold=2 M5 candles, max_horizon=60 M5 candles)
2026-01-02 12:14:05 - ml.src.targets.target_maker - INFO - Creating targets (SL/TP simulation) for 369,327 candles...
2026-01-02 12:14:05 - ml.src.targets.target_maker - INFO - Parameters: SL=1.0×ATR, TP=2.0×ATR, min_hold=2min, max_horizon=60min
2026-01-02 12:14:05 - ml.src.targets.target_maker - INFO - Using pre-calculated M5 ATR (atr_m5) for SL/TP targets
2026-01-02 12:14:05 - ml.src.targets.target_maker - INFO - Target creation complete: 369,267 valid targets
2026-01-02 12:14:05 - ml.src.pipeline_stages - INFO - Targets shape: 369267
2026-01-02 12:14:05 - ml.src.pipeline_stages - INFO - Positive class (win): 125,985 (34.12%)
2026-01-02 12:14:05 - ml.src.pipeline_stages - INFO - Negative class (loss): 243,282 (65.88%)
2026-01-02 12:14:05 - ml.src.pipeline_stages - INFO - Creating sequences on M5 timeframe (window_size=80 M5 candles = 400 minutes)...
2026-01-02 12:14:05 - ml.src.pipeline_stages - INFO - Filter config: m5_alignment=False (already M5), trend=True, pullback=False, max_windows=200,000
2026-01-02 12:14:05 - ml.src.sequences.sequencer - INFO - M5 alignment filter disabled; keeping all timestamps irrespective of minute alignment
2026-01-02 12:14:05 - ml.src.sequences.sequencer - INFO - Applied Trend Filter (dist_sma_200 > 0.00, ADX > 15.00): kept 185353/369188 (50.2%)
2026-01-02 12:14:05 - ml.src.sequences.sequencer - INFO - Pullback filter disabled; not constraining RSI_M5
2026-01-02 12:14:05 - ml.src.sequences.sequencer - INFO - Session filter 'london_ny': keeping 113,504 / 369,188 windows (30.7%)
2026-01-02 12:14:06 - ml.src.pipeline_stages - INFO - Sequences created: X.shape=(113504, 2720), y.shape=(113504,)
2026-01-02 12:14:06 - ml.src.pipeline_stages - INFO - Positive class in sequences: 39,556 (34.85%)
2026-01-02 12:14:06 - ml.src.pipeline_stages - INFO - Using chronological 3-way split (train/val/test)...
2026-01-02 12:14:06 - ml.src.pipeline_stages - INFO - Using percentage split (70/15/15) for year_filter=[2020, 2021, 2022, 2023, 2024, 2025]
2026-01-02 12:14:06 - ml.src.pipeline_stages - INFO - Split sizes: train=79,452, val=17,026, test=17,026
2026-01-02 12:14:06 - ml.src.pipeline_stages - INFO - Class distribution validation:
2026-01-02 12:14:06 - ml.src.pipeline_stages - INFO -   TRAIN: pos=27,608 (34.7%), neg=51,844 (65.3%)
2026-01-02 12:14:06 - ml.src.pipeline_stages - INFO -   VAL: pos=5,988 (35.2%), neg=11,038 (64.8%)
2026-01-02 12:14:06 - ml.src.pipeline_stages - INFO -   TEST: pos=5,960 (35.0%), neg=11,066 (65.0%)
2026-01-02 12:14:06 - ml.src.pipeline_stages - INFO -   Max difference in positive class: 0.4% (tolerance: 10.0%)
2026-01-02 12:14:06 - ml.src.pipeline_stages - INFO -   ✅ Class distributions are stable (max diff: 0.4% < 10.0%)
2026-01-02 12:14:06 - ml.src.pipeline_stages - WARNING - ⚠️  158 sequences cross temporal boundaries (potential data leakage)
2026-01-02 12:14:06 - ml.src.pipeline_stages - WARNING -    Removing 158 sequences to prevent data leakage
2026-01-02 12:14:06 - ml.src.pipeline_stages - INFO - Removing 158 boundary-crossing sequences...
2026-01-02 12:14:07 - ml.src.pipeline_stages - INFO - After removal: train=79,342, val=17,002, test=17,002
2026-01-02 12:14:07 - ml.src.pipeline_stages - INFO - Scaling features with RobustScaler (robust to outliers)...
2026-01-02 12:14:31 - ml.src.pipeline_stages - INFO - Feature scaling complete: mean=0.0430, std=0.7686
2026-01-02 12:14:31 - ml.src.pipeline_stages - INFO - Training XGBoost model...
2026-01-02 12:14:31 - ml.src.pipeline_stages - INFO - 
[POINT 1 OPTIMIZATION] Applying cost-sensitive learning...
2026-01-02 12:14:31 - ml.src.pipeline_stages - INFO -   Sample weights: positive=2.0, negative=1.0
2026-01-02 12:14:31 - ml.src.pipeline_stages - INFO -   Weight ratio (positive/negative): 2.00x
2026-01-02 12:14:31 - ml.src.training.sequence_xgb_trainer - INFO - Class balance (train): pos=27,590, neg=51,752, imbalance_ratio=1.88
2026-01-02 12:14:31 - ml.src.training.sequence_xgb_trainer - INFO - Applied scale_pos_weight=1.8758 to handle class imbalance
2026-01-02 12:14:31 - ml.src.training.sequence_xgb_trainer - INFO - [POINT 1] Cost-Sensitive Learning: using sample weights (mean=1.3477)
2026-01-02 12:14:31 - ml.src.training.sequence_xgb_trainer - INFO - Training XGBoost classifier...
2026-01-02 12:27:10 - ml.src.training.sequence_xgb_trainer - INFO - Training completed
2026-01-02 12:27:10 - ml.src.pipeline_stages - INFO - Model training complete
2026-01-02 12:27:10 - ml.src.pipeline_stages - INFO - Optimizing decision threshold on VAL set...
2026-01-02 12:27:10 - ml.src.training.sequence_evaluation - INFO - Running threshold optimization on VAL set...
2026-01-02 12:27:14 - ml.src.training.sequence_evaluation - INFO - 
Top 5 thresholds on VAL set:
2026-01-02 12:27:14 - ml.src.training.sequence_evaluation - INFO -   T=0.80: Precision=0.8069, Recall=0.3039, F1=0.4415, Score=1.1614
2026-01-02 12:27:14 - ml.src.training.sequence_evaluation - INFO -   T=0.80: Precision=0.8053, Recall=0.3090, F1=0.4467, Score=1.1611
2026-01-02 12:27:14 - ml.src.training.sequence_evaluation - INFO -   T=0.79: Precision=0.8033, Recall=0.3139, F1=0.4514, Score=1.1607
2026-01-02 12:27:14 - ml.src.training.sequence_evaluation - INFO -   T=0.79: Precision=0.8009, Recall=0.3187, F1=0.4560, Score=1.1602
2026-01-02 12:27:14 - ml.src.training.sequence_evaluation - INFO -   T=0.79: Precision=0.7978, Recall=0.3231, F1=0.4599, Score=1.1596
2026-01-02 12:27:14 - ml.src.pipeline_stages - INFO - Optimal threshold: 0.7989 (Score=1.1614 on VAL)
2026-01-02 12:27:14 - ml.src.pipeline_stages - INFO - Evaluating on TEST set with optimized threshold...
2026-01-02 12:27:15 - ml.src.training.sequence_evaluation - INFO - Probability stats: min=0.0011, max=0.9950, mean=0.4871, std=0.2453
2026-01-02 12:27:15 - ml.src.training.sequence_evaluation - INFO - Using fixed threshold: 0.7989
2026-01-02 12:27:15 - ml.src.training.sequence_evaluation - INFO - Confusion matrix@thr=0.7989:
2026-01-02 12:27:15 - ml.src.training.sequence_evaluation - INFO -   [[TN=10689, FP=365],
2026-01-02 12:27:15 - ml.src.training.sequence_evaluation - INFO -    [FN=4306, TP=1642]]
2026-01-02 12:27:15 - ml.src.training.sequence_evaluation - INFO - 
TEST SET EVALUATION:
2026-01-02 12:27:15 - ml.src.training.sequence_evaluation - INFO -   Precision: 0.8181
2026-01-02 12:27:15 - ml.src.training.sequence_evaluation - INFO -   Recall:    0.2761
2026-01-02 12:27:15 - ml.src.training.sequence_evaluation - INFO -   F1:        0.4128
2026-01-02 12:27:15 - ml.src.training.sequence_evaluation - INFO -   ROC-AUC:   0.8024
2026-01-02 12:27:15 - ml.src.pipeline_stages - INFO - Final TEST metrics: threshold=0.7989, win_rate=0.8181 (81.81%), precision=0.8181, recall=0.2761, f1=0.4128, roc_auc=0.8024, pr_auc=0.6961
2026-01-02 12:27:15 - ml.src.pipeline_stages - INFO - Saving artifacts...
2026-01-02 12:27:15 - ml.src.training.sequence_artifacts - INFO - Saved model to sequence_xgb_model.pkl
2026-01-02 12:27:15 - ml.src.training.sequence_artifacts - INFO - Saved scaler to sequence_scaler.pkl (required for inference)
2026-01-02 12:27:15 - ml.src.training.sequence_artifacts - INFO - Saved feature columns to sequence_feature_columns.json
2026-01-02 12:27:15 - ml.src.training.sequence_artifacts - INFO - Saved metadata to sequence_threshold.json (analysis_window=7 days)
2026-01-02 12:27:15 - ml.src.training.sequence_artifacts - INFO - Analyzing feature importance...
2026-01-02 12:27:15 - ml.src.training.sequence_feature_analysis - INFO - 
Top 30 most important features:
2026-01-02 12:27:15 - ml.src.training.sequence_feature_analysis - INFO -    1. t-2_dist_sma_200_m5                      = 0.004460
2026-01-02 12:27:15 - ml.src.training.sequence_feature_analysis - INFO -    2. t-8_cvd_m60                              = 0.003251
2026-01-02 12:27:15 - ml.src.training.sequence_feature_analysis - INFO -    3. t-8_bb_pos_m60                           = 0.003120
2026-01-02 12:27:15 - ml.src.training.sequence_feature_analysis - INFO -    4. t-10_cvd_m60                             = 0.003061
2026-01-02 12:27:15 - ml.src.training.sequence_feature_analysis - INFO -    5. t-0_dist_sma_200_m5                      = 0.002898
2026-01-02 12:27:15 - ml.src.training.sequence_feature_analysis - INFO -    6. t-9_bb_pos_m60                           = 0.002804
2026-01-02 12:27:15 - ml.src.training.sequence_feature_analysis - INFO -    7. t-10_bb_pos_m60                          = 0.002580
2026-01-02 12:27:15 - ml.src.training.sequence_feature_analysis - INFO -    8. t-1_dist_sma_200_m5                      = 0.002397
2026-01-02 12:27:15 - ml.src.training.sequence_feature_analysis - INFO -    9. t-0_bb_pos_m60                           = 0.002362
2026-01-02 12:27:15 - ml.src.training.sequence_feature_analysis - INFO -   10. t-11_bb_pos_m60                          = 0.002361
2026-01-02 12:27:15 - ml.src.training.sequence_feature_analysis - INFO -   11. t-7_bb_pos_m60                           = 0.002315
2026-01-02 12:27:15 - ml.src.training.sequence_feature_analysis - INFO -   12. t-11_cvd_m60                             = 0.002200
2026-01-02 12:27:15 - ml.src.training.sequence_feature_analysis - INFO -   13. t-2_cvd_m15                              = 0.002132
2026-01-02 12:27:15 - ml.src.training.sequence_feature_analysis - INFO -   14. t-9_cvd_m60                              = 0.002125
2026-01-02 12:27:15 - ml.src.training.sequence_feature_analysis - INFO -   15. t-12_cvd_m60                             = 0.001861
2026-01-02 12:27:15 - ml.src.training.sequence_feature_analysis - INFO -   16. t-12_bb_pos_m60                          = 0.001852
2026-01-02 12:27:15 - ml.src.training.sequence_feature_analysis - INFO -   17. t-1_bb_pos_m60                           = 0.001603
2026-01-02 12:27:15 - ml.src.training.sequence_feature_analysis - INFO -   18. t-2_dist_sma_20_m15                      = 0.001469
2026-01-02 12:27:15 - ml.src.training.sequence_feature_analysis - INFO -   19. t-0_cvd_m60                              = 0.001394
2026-01-02 12:27:15 - ml.src.training.sequence_feature_analysis - INFO -   20. t-14_bb_pos_m60                          = 0.001330
2026-01-02 12:27:15 - ml.src.training.sequence_feature_analysis - INFO -   21. t-13_bb_pos_m60                          = 0.001300
2026-01-02 12:27:15 - ml.src.training.sequence_feature_analysis - INFO -   22. t-10_rsi_m60                             = 0.001257
2026-01-02 12:27:15 - ml.src.training.sequence_feature_analysis - INFO -   23. t-15_bb_pos_m60                          = 0.001241
2026-01-02 12:27:15 - ml.src.training.sequence_feature_analysis - INFO -   24. t-2_bb_pos_m15                           = 0.001219
2026-01-02 12:27:15 - ml.src.training.sequence_feature_analysis - INFO -   25. t-0_stoch_k_m5                           = 0.001197
2026-01-02 12:27:15 - ml.src.training.sequence_feature_analysis - INFO -   26. t-6_bb_pos_m60                           = 0.001156
2026-01-02 12:27:15 - ml.src.training.sequence_feature_analysis - INFO -   27. t-19_bb_pos_m60                          = 0.001149
2026-01-02 12:27:15 - ml.src.training.sequence_feature_analysis - INFO -   28. t-31_dist_sma_200                        = 0.001118
2026-01-02 12:27:15 - ml.src.training.sequence_feature_analysis - INFO -   29. t-68_rsi_m60                             = 0.001107
2026-01-02 12:27:15 - ml.src.training.sequence_feature_analysis - INFO -   30. t-31_sma_200                             = 0.001098
2026-01-02 12:27:15 - ml.src.training.sequence_feature_analysis - INFO - 
Aggregated importance by feature type:
2026-01-02 12:27:15 - ml.src.training.sequence_feature_analysis - INFO -   bb_pos_m60                     = 0.062356
2026-01-02 12:27:15 - ml.src.training.sequence_feature_analysis - INFO -   cvd_m60                        = 0.056622
2026-01-02 12:27:15 - ml.src.training.sequence_feature_analysis - INFO -   rsi_m60                        = 0.048340
2026-01-02 12:27:15 - ml.src.training.sequence_feature_analysis - INFO -   dist_sma_200_m5                = 0.042864
2026-01-02 12:27:15 - ml.src.training.sequence_feature_analysis - INFO -   sma_200                        = 0.041785
2026-01-02 12:27:15 - ml.src.training.sequence_feature_analysis - INFO -   atr_m5                         = 0.038421
2026-01-02 12:27:15 - ml.src.training.sequence_feature_analysis - INFO -   atr_norm_m5                    = 0.037882
2026-01-02 12:27:15 - ml.src.training.sequence_feature_analysis - INFO -   obv_m60                        = 0.037847
2026-01-02 12:27:15 - ml.src.training.sequence_feature_analysis - INFO -   cvd_m15                        = 0.037078
2026-01-02 12:27:15 - ml.src.training.sequence_feature_analysis - INFO -   dist_sma_20_m15                = 0.035370
2026-01-02 12:27:15 - ml.src.training.sequence_artifacts - INFO - Saved feature importance to sequence_feature_importance.json
2026-01-02 12:27:15 - ml.src.pipeline_stages - INFO - Artifacts saved to C:\Users\Arek\Documents\Repos\Traiding\Trading-ML\ml\outputs\models
2026-01-02 12:27:15 - __main__ - INFO - 
================================================================================
2026-01-02 12:27:15 - __main__ - INFO - TRAINING COMPLETE - SUMMARY
2026-01-02 12:27:15 - __main__ - INFO - ================================================================================
2026-01-02 12:27:15 - __main__ - INFO - End time: 2026-01-02 12:27:15
2026-01-02 12:27:15 - __main__ - INFO - 
Final Metrics:
2026-01-02 12:27:15 - __main__ - INFO -   Window Size:       80 candles
2026-01-02 12:27:15 - __main__ - INFO -   Threshold:         0.7989
2026-01-02 12:27:15 - __main__ - INFO -   WIN RATE:          0.8181 (81.81%)
2026-01-02 12:27:15 - __main__ - INFO -   Precision:         0.8181
2026-01-02 12:27:15 - __main__ - INFO -   Recall:            0.2761
2026-01-02 12:27:15 - __main__ - INFO -   F1 Score:          0.4128
2026-01-02 12:27:15 - __main__ - INFO -   ROC-AUC:           0.8024
2026-01-02 12:27:15 - __main__ - INFO -   PR-AUC:            0.6961
2026-01-02 12:27:15 - __main__ - INFO - 
Artifacts saved to: C:\Users\Arek\Documents\Repos\Traiding\Trading-ML\ml\outputs\models
2026-01-02 12:27:15 - __main__ - INFO - ================================================================================
