2025-12-20 23:12:44 - ml.src.pipeline_config_extended - INFO - Pipeline configuration validated successfully
2025-12-20 23:12:44 - __main__ - INFO - 
================================================================================
2025-12-20 23:12:44 - __main__ - INFO - SEQUENCE XGBoost TRAINING PIPELINE - XAU/USD 1-Minute Data
2025-12-20 23:12:44 - __main__ - INFO - ================================================================================
2025-12-20 23:12:44 - __main__ - INFO - Log file: C:\Users\Arek\Documents\Repos\Traiding\Trading-ML\ml\outputs\logs\sequence_xgb_train_years_2025_20251220_231244.log
2025-12-20 23:12:44 - __main__ - INFO - Start time: 2025-12-20 23:12:44
2025-12-20 23:12:44 - __main__ - INFO - Data years: [2025]
2025-12-20 23:12:44 - __main__ - INFO - 
Pipeline Configuration:
2025-12-20 23:12:44 - __main__ - INFO -   Feature engineering version: v1
2025-12-20 23:12:44 - __main__ - INFO -   Window size: 20 candles
2025-12-20 23:12:44 - __main__ - INFO -   ATR SL multiplier: 1x (from risk_config.py)
2025-12-20 23:12:44 - __main__ - INFO -   ATR TP multiplier: 3.0x (from risk_config.py)
2025-12-20 23:12:44 - __main__ - INFO -   Min hold time: 5 minutes
2025-12-20 23:12:44 - __main__ - INFO -   Max horizon: 60 candles
2025-12-20 23:12:44 - __main__ - INFO -   Trading session: london_ny
2025-12-20 23:12:44 - __main__ - INFO -   Min precision threshold: 0.55
2025-12-20 23:12:44 - __main__ - INFO -   M5 alignment filter: disabled
2025-12-20 23:12:44 - __main__ - INFO -   Trend filter: enabled
2025-12-20 23:12:44 - __main__ - INFO -   Pullback filter: disabled
2025-12-20 23:12:44 - __main__ - INFO -   Random state: 42
2025-12-20 23:12:44 - __main__ - INFO - ================================================================================

2025-12-20 23:12:44 - ml.src.pipeline_stages - INFO - Loading data from C:\Users\Arek\Documents\Repos\Traiding\Trading-ML\ml\src\data
2025-12-20 23:12:44 - ml.src.data_loading.loaders - INFO - Year filter applied: loading only [2025]
2025-12-20 23:12:44 - ml.src.pipeline_stages - INFO - Loaded 18,875 rows from C:\Users\Arek\Documents\Repos\Traiding\Trading-ML\ml\src\data
2025-12-20 23:12:44 - ml.src.pipeline_stages - INFO - Date range: 2025-12-01 00:00:00 to 2025-12-18 17:39:00
2025-12-20 23:12:44 - ml.src.pipeline_stages - WARNING - window_size parameter is deprecated and ignored (passed: 20)
2025-12-20 23:12:44 - ml.src.pipeline_stages - WARNING - feature_version parameter is deprecated and ignored (passed: v1)
2025-12-20 23:12:44 - ml.src.pipeline_stages - INFO - Aggregating M1 data to M5 timeframe...
2025-12-20 23:12:44 - ml.src.features.engineer_m5 - INFO - Aggregating 18875 M1 candles to M5...
2025-12-20 23:12:44 - ml.src.features.engineer_m5 - INFO - Aggregated to 3776 M5 candles (5.0x compression)
2025-12-20 23:12:44 - ml.src.pipeline_stages - INFO - Aggregated 18,875 M1 candles → 3,776 M5 candles (20.0% compression)
2025-12-20 23:12:44 - ml.src.pipeline_stages - INFO - Engineering technical features on M5 timeframe (with M15/M60 context)...
2025-12-20 23:12:44 - ml.src.features.engineer_m5 - INFO - Engineering M5 features...
2025-12-20 23:12:44 - ml.src.features.engineer_m5 - INFO - Aggregating 3776 M1 candles to M5...
2025-12-20 23:12:44 - ml.src.features.engineer_m5 - INFO - Aggregated to 3776 M5 candles (1.0x compression)
2025-12-20 23:12:44 - ml.src.features.engineer_m5 - INFO - Computing M5 primary features...
2025-12-20 23:12:44 - ml.src.features.engineer_m5 - INFO - Computing M15 context from M5...
2025-12-20 23:12:44 - ml.src.features.engineer_m5 - INFO - Computing M60 context from M5...
2025-12-20 23:12:44 - ml.src.features.engineer_m5 - INFO - M5 feature engineering complete: 3776 rows × 20 features
2025-12-20 23:12:44 - ml.src.features.engineer_m5 - INFO - Timeframe: M5 (5-minute candles)
2025-12-20 23:12:44 - ml.src.features.engineer_m5 - INFO - Date range: 2025-12-01 00:00:00 to 2025-12-18 17:35:00
2025-12-20 23:12:44 - ml.src.pipeline_stages - INFO - Features shape: (3776, 20)
2025-12-20 23:12:44 - ml.src.pipeline_stages - INFO - Feature columns: 20
2025-12-20 23:12:44 - ml.src.features.engineer_m5 - INFO - Aggregating 18875 M1 candles to M5...
2025-12-20 23:12:44 - ml.src.features.engineer_m5 - INFO - Aggregated to 3776 M5 candles (5.0x compression)
2025-12-20 23:12:44 - ml.src.pipeline_stages - INFO - Creating targets on M5 timeframe (SL=1×ATR, TP=3.0×ATR, min_hold=5 M5 candles, max_horizon=60 M5 candles)
2025-12-20 23:12:44 - ml.src.targets.target_maker - INFO - Creating targets (SL/TP simulation) for 3,776 candles...
2025-12-20 23:12:44 - ml.src.targets.target_maker - INFO - Parameters: SL=1×ATR, TP=3.0×ATR, min_hold=5min, max_horizon=60min
2025-12-20 23:12:44 - ml.src.targets.target_maker - INFO - Calculating M1 ATR(14) for SL/TP targets (fallback)
2025-12-20 23:12:44 - ml.src.targets.target_maker - INFO - Target creation complete: 3,716 valid targets
2025-12-20 23:12:44 - ml.src.pipeline_stages - INFO - Targets shape: 3716
2025-12-20 23:12:44 - ml.src.pipeline_stages - INFO - Positive class (win): 976 (26.26%)
2025-12-20 23:12:44 - ml.src.pipeline_stages - INFO - Negative class (loss): 2,740 (73.74%)
2025-12-20 23:12:44 - ml.src.pipeline_stages - INFO - Creating sequences on M5 timeframe (window_size=20 M5 candles = 100 minutes)...
2025-12-20 23:12:44 - ml.src.pipeline_stages - INFO - Filter config: m5_alignment=False (already M5), trend=True, pullback=False, max_windows=200,000
2025-12-20 23:12:44 - ml.src.sequences.sequencer - INFO - M5 alignment filter disabled; keeping all timestamps irrespective of minute alignment
2025-12-20 23:12:44 - ml.src.sequences.sequencer - INFO - Applied Trend Filter (dist_sma_200 > 0.00, ADX > 15.00): kept 1738/3697 (47.0%)
2025-12-20 23:12:44 - ml.src.sequences.sequencer - INFO - Pullback filter disabled; not constraining RSI_M5
2025-12-20 23:12:44 - ml.src.sequences.sequencer - INFO - Session filter 'london_ny': keeping 1,039 / 3,697 windows (28.1%)
2025-12-20 23:12:44 - ml.src.pipeline_stages - INFO - Sequences created: X.shape=(1039, 400), y.shape=(1039,)
2025-12-20 23:12:44 - ml.src.pipeline_stages - INFO - Positive class in sequences: 230 (22.14%)
2025-12-20 23:12:44 - ml.src.pipeline_stages - INFO - Splitting data chronologically (train/val/test)...
2025-12-20 23:12:44 - ml.src.pipeline_stages - INFO - Using percentage split (70/15/15) for year_filter=[2025]
2025-12-20 23:12:44 - ml.src.pipeline_stages - INFO - Split sizes: train=727, val=156, test=156
2025-12-20 23:12:44 - ml.src.pipeline_stages - INFO - Scaling features with RobustScaler (robust to outliers)...
2025-12-20 23:12:45 - ml.src.pipeline_stages - INFO - Feature scaling complete: mean=-0.0016, std=0.7926
2025-12-20 23:12:45 - ml.src.pipeline_stages - INFO - Training XGBoost classifier...
2025-12-20 23:12:45 - ml.src.training.sequence_xgb_trainer - INFO - Class balance (train): pos=177, neg=550, imbalance_ratio=3.11
2025-12-20 23:12:45 - ml.src.training.sequence_xgb_trainer - INFO - Applied scale_pos_weight=3.1073 to handle class imbalance
2025-12-20 23:12:45 - ml.src.training.sequence_xgb_trainer - INFO - Training XGBoost classifier...
2025-12-20 23:12:53 - ml.src.training.sequence_xgb_trainer - INFO - Training completed
2025-12-20 23:12:53 - ml.src.pipeline_stages - INFO - Evaluating model on test set...
2025-12-20 23:12:53 - ml.src.training.sequence_evaluation - INFO - Probability stats: min=0.0033, max=0.6762, mean=0.1018, std=0.1342
2025-12-20 23:12:53 - ml.src.training.sequence_evaluation - INFO - Confusion matrix@thr=0.39:
2025-12-20 23:12:53 - ml.src.training.sequence_evaluation - INFO -   [[TN=122, FP=2],
2025-12-20 23:12:53 - ml.src.training.sequence_evaluation - INFO -    [FN=26, TP=6]]
2025-12-20 23:12:53 - ml.src.pipeline_stages - INFO - Evaluation metrics: threshold=0.39, win_rate=0.7500 (75.00%), precision=0.7500, recall=0.1875, f1=0.3000, roc_auc=0.6416, pr_auc=0.3829
2025-12-20 23:12:53 - ml.src.pipeline_stages - INFO - Saving artifacts...
2025-12-20 23:12:53 - ml.src.training.sequence_artifacts - INFO - Saved model to sequence_xgb_model.pkl
2025-12-20 23:12:53 - ml.src.training.sequence_artifacts - INFO - Saved scaler to sequence_scaler.pkl (required for inference)
2025-12-20 23:12:53 - ml.src.training.sequence_artifacts - INFO - Saved feature columns to sequence_feature_columns.json
2025-12-20 23:12:53 - ml.src.training.sequence_artifacts - INFO - Saved metadata to sequence_threshold.json (analysis_window=7 days)
2025-12-20 23:12:53 - ml.src.training.sequence_artifacts - INFO - Analyzing feature importance...
2025-12-20 23:12:53 - ml.src.training.sequence_feature_analysis - INFO - 
Top 30 most important features:
2025-12-20 23:12:53 - ml.src.training.sequence_feature_analysis - INFO -    1. t-5_cvd_m60                              = 0.016844
2025-12-20 23:12:53 - ml.src.training.sequence_feature_analysis - INFO -    2. t-16_rsi_m60                             = 0.012825
2025-12-20 23:12:53 - ml.src.training.sequence_feature_analysis - INFO -    3. t-1_dist_sma_200                         = 0.010483
2025-12-20 23:12:53 - ml.src.training.sequence_feature_analysis - INFO -    4. t-16_bb_pos_m15                          = 0.009880
2025-12-20 23:12:53 - ml.src.training.sequence_feature_analysis - INFO -    5. t-11_dist_sma_200                        = 0.009770
2025-12-20 23:12:53 - ml.src.training.sequence_feature_analysis - INFO -    6. t-2_adx                                  = 0.009226
2025-12-20 23:12:53 - ml.src.training.sequence_feature_analysis - INFO -    7. t-0_dist_sma_200                         = 0.008618
2025-12-20 23:12:53 - ml.src.training.sequence_feature_analysis - INFO -    8. t-18_cvd_m60                             = 0.008185
2025-12-20 23:12:53 - ml.src.training.sequence_feature_analysis - INFO -    9. t-12_rsi_m60                             = 0.007806
2025-12-20 23:12:53 - ml.src.training.sequence_feature_analysis - INFO -   10. t-0_rsi_m60                              = 0.007629
2025-12-20 23:12:53 - ml.src.training.sequence_feature_analysis - INFO -   11. t-3_bb_pos_m60                           = 0.007123
2025-12-20 23:12:53 - ml.src.training.sequence_feature_analysis - INFO -   12. t-7_bb_pos_m15                           = 0.006586
2025-12-20 23:12:53 - ml.src.training.sequence_feature_analysis - INFO -   13. t-1_cvd_m60                              = 0.006441
2025-12-20 23:12:53 - ml.src.training.sequence_feature_analysis - INFO -   14. t-13_cvd_m5                              = 0.006361
2025-12-20 23:12:53 - ml.src.training.sequence_feature_analysis - INFO -   15. t-10_rsi_m60                             = 0.006296
2025-12-20 23:12:53 - ml.src.training.sequence_feature_analysis - INFO -   16. t-1_adx                                  = 0.006260
2025-12-20 23:12:53 - ml.src.training.sequence_feature_analysis - INFO -   17. t-13_stoch_d_m5                          = 0.006242
2025-12-20 23:12:53 - ml.src.training.sequence_feature_analysis - INFO -   18. t-17_bb_pos_m60                          = 0.006170
2025-12-20 23:12:53 - ml.src.training.sequence_feature_analysis - INFO -   19. t-7_rsi_m60                              = 0.006105
2025-12-20 23:12:53 - ml.src.training.sequence_feature_analysis - INFO -   20. t-18_rsi_m60                             = 0.005972
2025-12-20 23:12:53 - ml.src.training.sequence_feature_analysis - INFO -   21. t-9_bb_pos_m60                           = 0.005834
2025-12-20 23:12:53 - ml.src.training.sequence_feature_analysis - INFO -   22. t-0_bb_pos_m60                           = 0.005797
2025-12-20 23:12:53 - ml.src.training.sequence_feature_analysis - INFO -   23. t-5_bb_pos_m60                           = 0.005778
2025-12-20 23:12:53 - ml.src.training.sequence_feature_analysis - INFO -   24. t-3_adx                                  = 0.005739
2025-12-20 23:12:53 - ml.src.training.sequence_feature_analysis - INFO -   25. t-0_cvd_m60                              = 0.005652
2025-12-20 23:12:53 - ml.src.training.sequence_feature_analysis - INFO -   26. t-8_rsi_m60                              = 0.005454
2025-12-20 23:12:53 - ml.src.training.sequence_feature_analysis - INFO -   27. t-0_stoch_d_m5                           = 0.005183
2025-12-20 23:12:53 - ml.src.training.sequence_feature_analysis - INFO -   28. t-10_volume_m15_norm                     = 0.005087
2025-12-20 23:12:53 - ml.src.training.sequence_feature_analysis - INFO -   29. t-8_cvd_m15                              = 0.005081
2025-12-20 23:12:53 - ml.src.training.sequence_feature_analysis - INFO -   30. t-12_cvd_m60                             = 0.005064
2025-12-20 23:12:53 - ml.src.training.sequence_feature_analysis - INFO - 
Aggregated importance by feature type:
2025-12-20 23:12:53 - ml.src.training.sequence_feature_analysis - INFO -   rsi_m60                        = 0.082244
2025-12-20 23:12:53 - ml.src.training.sequence_feature_analysis - INFO -   bb_pos_m60                     = 0.078037
2025-12-20 23:12:53 - ml.src.training.sequence_feature_analysis - INFO -   cvd_m60                        = 0.073002
2025-12-20 23:12:53 - ml.src.training.sequence_feature_analysis - INFO -   adx                            = 0.068251
2025-12-20 23:12:53 - ml.src.training.sequence_feature_analysis - INFO -   dist_sma_200                   = 0.062083
2025-12-20 23:12:53 - ml.src.training.sequence_feature_analysis - INFO -   bb_pos_m15                     = 0.059997
2025-12-20 23:12:53 - ml.src.training.sequence_feature_analysis - INFO -   volume_m15_norm                = 0.055003
2025-12-20 23:12:53 - ml.src.training.sequence_feature_analysis - INFO -   macd_hist_m5                   = 0.050214
2025-12-20 23:12:53 - ml.src.training.sequence_feature_analysis - INFO -   cvd_m15                        = 0.049980
2025-12-20 23:12:53 - ml.src.training.sequence_feature_analysis - INFO -   atr_norm_m5                    = 0.049623
2025-12-20 23:12:53 - ml.src.training.sequence_artifacts - INFO - Saved feature importance to sequence_feature_importance.json
2025-12-20 23:12:53 - ml.src.pipeline_stages - INFO - Artifacts saved to C:\Users\Arek\Documents\Repos\Traiding\Trading-ML\ml\outputs\models
2025-12-20 23:12:53 - __main__ - INFO - 
================================================================================
2025-12-20 23:12:53 - __main__ - INFO - TRAINING COMPLETE - SUMMARY
2025-12-20 23:12:53 - __main__ - INFO - ================================================================================
2025-12-20 23:12:53 - __main__ - INFO - End time: 2025-12-20 23:12:53
2025-12-20 23:12:53 - __main__ - INFO - 
Final Metrics:
2025-12-20 23:12:53 - __main__ - INFO -   Window Size:       20 candles
2025-12-20 23:12:53 - __main__ - INFO -   Threshold:         0.3900
2025-12-20 23:12:53 - __main__ - INFO -   WIN RATE:          0.7500 (75.00%)
2025-12-20 23:12:53 - __main__ - INFO -   Precision:         0.7500
2025-12-20 23:12:53 - __main__ - INFO -   Recall:            0.1875
2025-12-20 23:12:53 - __main__ - INFO -   F1 Score:          0.3000
2025-12-20 23:12:53 - __main__ - INFO -   ROC-AUC:           0.6416
2025-12-20 23:12:53 - __main__ - INFO -   PR-AUC:            0.3829
2025-12-20 23:12:53 - __main__ - INFO - 
Artifacts saved to: C:\Users\Arek\Documents\Repos\Traiding\Trading-ML\ml\outputs\models
2025-12-20 23:12:53 - __main__ - INFO - ================================================================================
