2025-12-19 18:05:35 - ml.src.pipeline_config_extended - INFO - Pipeline configuration validated successfully
2025-12-19 18:05:35 - __main__ - INFO - 
================================================================================
2025-12-19 18:05:35 - __main__ - INFO - SEQUENCE XGBoost TRAINING PIPELINE - XAU/USD 1-Minute Data
2025-12-19 18:05:35 - __main__ - INFO - ================================================================================
2025-12-19 18:05:35 - __main__ - INFO - Log file: C:\Users\Arek\Documents\Repos\Traiding\Trading-ML\ml\outputs\logs\sequence_xgb_train_years_2025_20251219_180535.log
2025-12-19 18:05:35 - __main__ - INFO - Start time: 2025-12-19 18:05:35
2025-12-19 18:05:35 - __main__ - INFO - Data years: [2025]
2025-12-19 18:05:35 - __main__ - INFO - 
Pipeline Configuration:
2025-12-19 18:05:35 - __main__ - INFO -   Feature engineering version: v1
2025-12-19 18:05:35 - __main__ - INFO -   Window size: 60 candles
2025-12-19 18:05:35 - __main__ - INFO -   ATR SL multiplier: 0.1x (from risk_config.py)
2025-12-19 18:05:35 - __main__ - INFO -   ATR TP multiplier: 0.2x (from risk_config.py)
2025-12-19 18:05:35 - __main__ - INFO -   Min hold time: 5 minutes
2025-12-19 18:05:35 - __main__ - INFO -   Max horizon: 60 candles
2025-12-19 18:05:35 - __main__ - INFO -   Trading session: london_ny
2025-12-19 18:05:35 - __main__ - INFO -   Min precision threshold: 0.85
2025-12-19 18:05:35 - __main__ - INFO -   M5 alignment filter: enabled
2025-12-19 18:05:35 - __main__ - INFO -   Trend filter: enabled
2025-12-19 18:05:35 - __main__ - INFO -   Pullback filter: enabled
2025-12-19 18:05:35 - __main__ - INFO -   Random state: 42
2025-12-19 18:05:35 - __main__ - INFO - ================================================================================

2025-12-19 18:05:35 - ml.src.pipeline_stages - INFO - Loading data from C:\Users\Arek\Documents\Repos\Traiding\Trading-ML\ml\src\data
2025-12-19 18:05:35 - ml.src.data_loading.loaders - INFO - Year filter applied: loading only [2025]
2025-12-19 18:05:35 - ml.src.pipeline_stages - INFO - Loaded 18,875 rows from C:\Users\Arek\Documents\Repos\Traiding\Trading-ML\ml\src\data
2025-12-19 18:05:35 - ml.src.pipeline_stages - INFO - Date range: 2025-12-01 00:00:00 to 2025-12-18 17:39:00
2025-12-19 18:05:35 - ml.src.pipeline_stages - WARNING - feature_version parameter is deprecated and ignored (passed: v1)
2025-12-19 18:05:35 - ml.src.pipeline_stages - INFO - Aggregating M1 data to M5 timeframe...
2025-12-19 18:05:35 - ml.src.features.engineer_m5 - INFO - Aggregating 18875 M1 candles to M5...
2025-12-19 18:05:35 - ml.src.features.engineer_m5 - INFO - Aggregated to 3776 M5 candles (5.0x compression)
2025-12-19 18:05:35 - ml.src.pipeline_stages - INFO - Aggregated 18,875 M1 candles → 3,776 M5 candles (20.0% compression)
2025-12-19 18:05:35 - ml.src.pipeline_stages - INFO - Engineering technical features on M5 timeframe (with M15/M60 context)...
2025-12-19 18:05:35 - ml.src.features.engineer_m5 - INFO - Engineering M5 features...
2025-12-19 18:05:35 - ml.src.features.engineer_m5 - INFO - Aggregating 3776 M1 candles to M5...
2025-12-19 18:05:35 - ml.src.features.engineer_m5 - INFO - Aggregated to 3776 M5 candles (1.0x compression)
2025-12-19 18:05:35 - ml.src.features.engineer_m5 - INFO - Computing M5 primary features...
2025-12-19 18:05:35 - ml.src.features.engineer_m5 - INFO - Computing M15 context from M5...
2025-12-19 18:05:35 - ml.src.features.engineer_m5 - INFO - Computing M60 context from M5...
2025-12-19 18:05:35 - ml.src.features.engineer_m5 - INFO - M5 feature engineering complete: 3776 rows × 15 features
2025-12-19 18:05:35 - ml.src.features.engineer_m5 - INFO - Timeframe: M5 (5-minute candles)
2025-12-19 18:05:35 - ml.src.features.engineer_m5 - INFO - Date range: 2025-12-01 00:00:00 to 2025-12-18 17:35:00
2025-12-19 18:05:35 - ml.src.pipeline_stages - INFO - Features shape: (3776, 15)
2025-12-19 18:05:35 - ml.src.pipeline_stages - INFO - Feature columns: 15
2025-12-19 18:05:35 - ml.src.features.engineer_m5 - INFO - Aggregating 18875 M1 candles to M5...
2025-12-19 18:05:35 - ml.src.features.engineer_m5 - INFO - Aggregated to 3776 M5 candles (5.0x compression)
2025-12-19 18:05:35 - ml.src.pipeline_stages - INFO - Creating targets on M5 timeframe (SL=0.1×ATR, TP=0.2×ATR, min_hold=5 M5 candles, max_horizon=60 M5 candles)
2025-12-19 18:05:35 - ml.src.targets.target_maker - INFO - Creating targets (SL/TP simulation) for 3,776 candles...
2025-12-19 18:05:35 - ml.src.targets.target_maker - INFO - Parameters: SL=0.1×ATR, TP=0.2×ATR, min_hold=5min, max_horizon=60min
2025-12-19 18:05:35 - ml.src.targets.target_maker - INFO - Calculating M1 ATR(14) for SL/TP targets (fallback)
2025-12-19 18:05:35 - ml.src.targets.target_maker - INFO - Target creation complete: 3,716 valid targets
2025-12-19 18:05:35 - ml.src.pipeline_stages - INFO - Targets shape: 3716
2025-12-19 18:05:35 - ml.src.pipeline_stages - INFO - Positive class (win): 2,231 (60.04%)
2025-12-19 18:05:35 - ml.src.pipeline_stages - INFO - Negative class (loss): 1,485 (39.96%)
2025-12-19 18:05:35 - ml.src.pipeline_stages - INFO - Creating sequences on M5 timeframe (window_size=60 M5 candles = 300 minutes)...
2025-12-19 18:05:35 - ml.src.pipeline_stages - WARNING - M5 alignment filter is DISABLED for M5 data (data already M5-aligned)
2025-12-19 18:05:35 - ml.src.pipeline_stages - INFO - Filter config: m5_alignment=False (already M5), trend=True, pullback=True, max_windows=200,000
2025-12-19 18:05:35 - ml.src.sequences.sequencer - INFO - M5 alignment filter disabled; keeping all timestamps irrespective of minute alignment
2025-12-19 18:05:35 - ml.src.sequences.sequencer - INFO - Applied Trend Filter (dist_sma_200 > 0.00, ADX > 15.00): kept 1701/3657 (46.5%)
2025-12-19 18:05:35 - ml.src.sequences.sequencer - INFO - Applied Pullback Filter (RSI_M5 < 75.00): kept 3387/3657 (92.6%)
2025-12-19 18:05:35 - ml.src.sequences.sequencer - INFO - Session filter 'london_ny': keeping 918 / 3,657 windows (25.1%)
2025-12-19 18:05:35 - ml.src.pipeline_stages - INFO - Sequences created: X.shape=(918, 900), y.shape=(918,)
2025-12-19 18:05:35 - ml.src.pipeline_stages - INFO - Positive class in sequences: 535 (58.28%)
2025-12-19 18:05:35 - ml.src.pipeline_stages - INFO - Splitting data chronologically (train/val/test)...
2025-12-19 18:05:35 - ml.src.pipeline_stages - INFO - Using percentage split (70/15/15) for year_filter=[2025]
2025-12-19 18:05:35 - ml.src.pipeline_stages - INFO - Split sizes: train=642, val=138, test=138
2025-12-19 18:05:35 - ml.src.pipeline_stages - INFO - Scaling features with RobustScaler (robust to outliers)...
2025-12-19 18:05:36 - ml.src.pipeline_stages - INFO - Feature scaling complete: mean=-0.0037, std=0.7414
2025-12-19 18:05:36 - ml.src.pipeline_stages - INFO - Training XGBoost classifier...
2025-12-19 18:05:36 - ml.src.training.sequence_xgb_trainer - INFO - Class balance (train): pos=380, neg=262, imbalance_ratio=0.69
2025-12-19 18:05:36 - ml.src.training.sequence_xgb_trainer - INFO - Applied scale_pos_weight=0.6895 to handle class imbalance
2025-12-19 18:05:36 - ml.src.training.sequence_xgb_trainer - INFO - Training XGBoost classifier...
2025-12-19 18:05:40 - ml.src.training.sequence_xgb_trainer - INFO - Training completed
2025-12-19 18:05:40 - ml.src.pipeline_stages - INFO - Evaluating model on test set...
2025-12-19 18:05:40 - ml.src.training.sequence_evaluation - INFO - Probability stats: min=0.3613, max=0.6224, mean=0.4965, std=0.0589
2025-12-19 18:05:40 - ml.src.training.sequence_evaluation - INFO - Confusion matrix@thr=0.52:
2025-12-19 18:05:40 - ml.src.training.sequence_evaluation - INFO -   [[TN=48, FP=5],
2025-12-19 18:05:40 - ml.src.training.sequence_evaluation - INFO -    [FN=43, TP=42]]
2025-12-19 18:05:40 - ml.src.pipeline_stages - INFO - Evaluation metrics: threshold=0.52, win_rate=0.8936 (89.36%), precision=0.8936, recall=0.4941, f1=0.6364, roc_auc=0.7456, pr_auc=0.7989
2025-12-19 18:05:40 - ml.src.pipeline_stages - INFO - Saving artifacts...
2025-12-19 18:05:40 - ml.src.training.sequence_artifacts - INFO - Saved model to sequence_xgb_model.pkl
2025-12-19 18:05:40 - ml.src.training.sequence_artifacts - INFO - Saved scaler to sequence_scaler.pkl (required for inference)
2025-12-19 18:05:40 - ml.src.training.sequence_artifacts - INFO - Saved feature columns to sequence_feature_columns.json
2025-12-19 18:05:40 - ml.src.training.sequence_artifacts - INFO - Saved metadata to sequence_threshold.json (analysis_window=7 days)
2025-12-19 18:05:40 - ml.src.training.sequence_artifacts - INFO - Analyzing feature importance...
2025-12-19 18:05:40 - ml.src.training.sequence_feature_analysis - INFO - 
Top 30 most important features:
2025-12-19 18:05:40 - ml.src.training.sequence_feature_analysis - INFO -    1. t-37_bb_pos_m15                          = 0.008179
2025-12-19 18:05:40 - ml.src.training.sequence_feature_analysis - INFO -    2. t-49_bb_pos_m60                          = 0.005849
2025-12-19 18:05:40 - ml.src.training.sequence_feature_analysis - INFO -    3. t-36_rsi_m60                             = 0.005075
2025-12-19 18:05:40 - ml.src.training.sequence_feature_analysis - INFO -    4. t-54_dist_sma_20_m5                      = 0.004943
2025-12-19 18:05:40 - ml.src.training.sequence_feature_analysis - INFO -    5. t-48_atr_norm_m5                         = 0.004641
2025-12-19 18:05:40 - ml.src.training.sequence_feature_analysis - INFO -    6. t-30_dist_sma_20_m15                     = 0.004548
2025-12-19 18:05:40 - ml.src.training.sequence_feature_analysis - INFO -    7. t-30_dist_sma_200                        = 0.004314
2025-12-19 18:05:40 - ml.src.training.sequence_feature_analysis - INFO -    8. t-11_bb_pos_m60                          = 0.004296
2025-12-19 18:05:40 - ml.src.training.sequence_feature_analysis - INFO -    9. t-9_bb_pos_m60                           = 0.004267
2025-12-19 18:05:40 - ml.src.training.sequence_feature_analysis - INFO -   10. t-23_stoch_d_m5                          = 0.004237
2025-12-19 18:05:40 - ml.src.training.sequence_feature_analysis - INFO -   11. t-46_bb_pos_m60                          = 0.004054
2025-12-19 18:05:40 - ml.src.training.sequence_feature_analysis - INFO -   12. t-12_adx                                 = 0.004006
2025-12-19 18:05:40 - ml.src.training.sequence_feature_analysis - INFO -   13. t-30_rsi_m5                              = 0.004003
2025-12-19 18:05:40 - ml.src.training.sequence_feature_analysis - INFO -   14. t-40_rsi_m15                             = 0.003965
2025-12-19 18:05:40 - ml.src.training.sequence_feature_analysis - INFO -   15. t-53_bb_pos_m60                          = 0.003917
2025-12-19 18:05:40 - ml.src.training.sequence_feature_analysis - INFO -   16. t-51_rsi_m60                             = 0.003876
2025-12-19 18:05:40 - ml.src.training.sequence_feature_analysis - INFO -   17. t-10_rsi_m60                             = 0.003872
2025-12-19 18:05:40 - ml.src.training.sequence_feature_analysis - INFO -   18. t-27_stoch_d_m5                          = 0.003854
2025-12-19 18:05:40 - ml.src.training.sequence_feature_analysis - INFO -   19. t-30_bb_pos_m60                          = 0.003718
2025-12-19 18:05:40 - ml.src.training.sequence_feature_analysis - INFO -   20. t-55_ret_1_m5                            = 0.003694
2025-12-19 18:05:40 - ml.src.training.sequence_feature_analysis - INFO -   21. t-0_rsi_m60                              = 0.003669
2025-12-19 18:05:40 - ml.src.training.sequence_feature_analysis - INFO -   22. t-33_adx                                 = 0.003666
2025-12-19 18:05:40 - ml.src.training.sequence_feature_analysis - INFO -   23. t-26_rsi_m60                             = 0.003663
2025-12-19 18:05:40 - ml.src.training.sequence_feature_analysis - INFO -   24. t-37_bb_pos_m60                          = 0.003621
2025-12-19 18:05:40 - ml.src.training.sequence_feature_analysis - INFO -   25. t-30_macd_hist_m5                        = 0.003512
2025-12-19 18:05:40 - ml.src.training.sequence_feature_analysis - INFO -   26. t-42_macd_hist_m5                        = 0.003508
2025-12-19 18:05:40 - ml.src.training.sequence_feature_analysis - INFO -   27. t-54_bb_pos_m15                          = 0.003506
2025-12-19 18:05:40 - ml.src.training.sequence_feature_analysis - INFO -   28. t-32_dist_sma_200                        = 0.003459
2025-12-19 18:05:40 - ml.src.training.sequence_feature_analysis - INFO -   29. t-43_rsi_m15                             = 0.003420
2025-12-19 18:05:40 - ml.src.training.sequence_feature_analysis - INFO -   30. t-38_dist_sma_20_m15                     = 0.003412
2025-12-19 18:05:40 - ml.src.training.sequence_feature_analysis - INFO - 
Aggregated importance by feature type:
2025-12-19 18:05:40 - ml.src.training.sequence_feature_analysis - INFO -   atr_norm_m5                    = 0.080437
2025-12-19 18:05:40 - ml.src.training.sequence_feature_analysis - INFO -   adx                            = 0.080047
2025-12-19 18:05:40 - ml.src.training.sequence_feature_analysis - INFO -   stoch_d_m5                     = 0.074365
2025-12-19 18:05:40 - ml.src.training.sequence_feature_analysis - INFO -   bb_pos_m60                     = 0.072339
2025-12-19 18:05:40 - ml.src.training.sequence_feature_analysis - INFO -   macd_hist_m5                   = 0.071390
2025-12-19 18:05:40 - ml.src.training.sequence_feature_analysis - INFO -   dist_sma_20_m5                 = 0.071336
2025-12-19 18:05:40 - ml.src.training.sequence_feature_analysis - INFO -   rsi_m5                         = 0.071300
2025-12-19 18:05:40 - ml.src.training.sequence_feature_analysis - INFO -   dist_sma_200                   = 0.071000
2025-12-19 18:05:40 - ml.src.training.sequence_feature_analysis - INFO -   bb_pos_m15                     = 0.069750
2025-12-19 18:05:40 - ml.src.training.sequence_feature_analysis - INFO -   ret_1_m5                       = 0.064390
2025-12-19 18:05:40 - ml.src.training.sequence_artifacts - INFO - Saved feature importance to sequence_feature_importance.json
2025-12-19 18:05:40 - ml.src.pipeline_stages - INFO - Artifacts saved to C:\Users\Arek\Documents\Repos\Traiding\Trading-ML\ml\outputs\models
2025-12-19 18:05:40 - __main__ - INFO - 
================================================================================
2025-12-19 18:05:40 - __main__ - INFO - TRAINING COMPLETE - SUMMARY
2025-12-19 18:05:40 - __main__ - INFO - ================================================================================
2025-12-19 18:05:40 - __main__ - INFO - End time: 2025-12-19 18:05:40
2025-12-19 18:05:40 - __main__ - INFO - 
Final Metrics:
2025-12-19 18:05:40 - __main__ - INFO -   Window Size:       60 candles
2025-12-19 18:05:40 - __main__ - INFO -   Threshold:         0.5200
2025-12-19 18:05:40 - __main__ - INFO -   WIN RATE:          0.8936 (89.36%)
2025-12-19 18:05:40 - __main__ - INFO -   Precision:         0.8936
2025-12-19 18:05:40 - __main__ - INFO -   Recall:            0.4941
2025-12-19 18:05:40 - __main__ - INFO -   F1 Score:          0.6364
2025-12-19 18:05:40 - __main__ - INFO -   ROC-AUC:           0.7456
2025-12-19 18:05:40 - __main__ - INFO -   PR-AUC:            0.7989
2025-12-19 18:05:40 - __main__ - INFO - 
Artifacts saved to: C:\Users\Arek\Documents\Repos\Traiding\Trading-ML\ml\outputs\models
2025-12-19 18:05:40 - __main__ - INFO - ================================================================================
