2025-12-18 11:42:32 - ml.src.pipeline_config_extended - INFO - Pipeline configuration validated successfully
2025-12-18 11:42:32 - __main__ - INFO - 
================================================================================
2025-12-18 11:42:32 - __main__ - INFO - SEQUENCE XGBoost TRAINING PIPELINE - XAU/USD 1-Minute Data
2025-12-18 11:42:32 - __main__ - INFO - ================================================================================
2025-12-18 11:42:32 - __main__ - INFO - Log file: C:\Users\Arek\Documents\Repos\Traiding\Trading-ML\ml\outputs\logs\sequence_xgb_train_years_2024_20251218_114232.log
2025-12-18 11:42:32 - __main__ - INFO - Start time: 2025-12-18 11:42:32
2025-12-18 11:42:32 - __main__ - INFO - Data years: [2024]
2025-12-18 11:42:32 - __main__ - INFO - 
Pipeline Configuration:
2025-12-18 11:42:32 - __main__ - INFO -   Feature engineering version: v1
2025-12-18 11:42:32 - __main__ - INFO -   Window size: 100 candles
2025-12-18 11:42:32 - __main__ - INFO -   ATR SL multiplier: 1.0x (OPTION B optimized)
2025-12-18 11:42:32 - __main__ - INFO -   ATR TP multiplier: 2.0x (OPTION B optimized)
2025-12-18 11:42:32 - __main__ - INFO -   Min hold time: 5 minutes
2025-12-18 11:42:32 - __main__ - INFO -   Max horizon: 60 candles
2025-12-18 11:42:32 - __main__ - INFO -   Trading session: london
2025-12-18 11:42:32 - __main__ - INFO -   Min precision threshold: 0.85
2025-12-18 11:42:32 - __main__ - INFO -   M5 alignment filter: enabled
2025-12-18 11:42:32 - __main__ - INFO -   Trend filter: enabled
2025-12-18 11:42:32 - __main__ - INFO -   Pullback filter: enabled
2025-12-18 11:42:32 - __main__ - INFO -   Random state: 42
2025-12-18 11:42:32 - __main__ - INFO - ================================================================================

2025-12-18 11:42:32 - ml.src.pipeline_stages - INFO - Loading data from C:\Users\Arek\Documents\Repos\Traiding\Trading-ML\ml\src\data
2025-12-18 11:42:32 - ml.src.data_loading.loaders - INFO - Year filter applied: loading only [2024]
2025-12-18 11:42:32 - ml.src.pipeline_stages - INFO - Loaded 355,661 rows from C:\Users\Arek\Documents\Repos\Traiding\Trading-ML\ml\src\data
2025-12-18 11:42:32 - ml.src.pipeline_stages - INFO - Date range: 2024-01-02 01:00:00 to 2024-12-31 23:46:00
2025-12-18 11:42:32 - ml.src.pipeline_stages - WARNING - window_size parameter is deprecated and ignored (passed: 100)
2025-12-18 11:42:32 - ml.src.pipeline_stages - WARNING - feature_version parameter is deprecated and ignored (passed: v1)
2025-12-18 11:42:32 - ml.src.pipeline_stages - INFO - Engineering technical features (multi-timeframe)...
2025-12-18 11:42:33 - ml.src.pipeline_stages - INFO - Features shape: (355661, 15)
2025-12-18 11:42:33 - ml.src.pipeline_stages - INFO - Feature columns: 15
2025-12-18 11:42:33 - ml.src.pipeline_stages - INFO - Creating targets (SL=1.0×ATR, TP=2.0×ATR, min_hold=5min, max_horizon=60)
2025-12-18 11:42:33 - ml.src.targets.target_maker - INFO - Creating targets (SL/TP simulation) for 355,661 candles...
2025-12-18 11:42:33 - ml.src.targets.target_maker - INFO - Parameters: SL=1.0×ATR, TP=2.0×ATR, min_hold=5min, max_horizon=60min
2025-12-18 11:42:33 - ml.src.targets.target_maker - INFO - Calculating M1 ATR(14) for SL/TP targets (fallback)
2025-12-18 11:42:33 - ml.src.targets.target_maker - INFO - Target creation complete: 355,601 valid targets
2025-12-18 11:42:33 - ml.src.pipeline_stages - INFO - Targets shape: 355601
2025-12-18 11:42:33 - ml.src.pipeline_stages - INFO - Positive class (win): 137,725 (38.73%)
2025-12-18 11:42:33 - ml.src.pipeline_stages - INFO - Negative class (loss): 217,876 (61.27%)
2025-12-18 11:42:33 - ml.src.pipeline_stages - INFO - Creating sequences (window_size=100)...
2025-12-18 11:42:33 - ml.src.pipeline_stages - INFO - Filter config: m5=True, trend=True, pullback=True, max_windows=200,000
2025-12-18 11:42:34 - ml.src.sequences.sequencer - INFO - Applied M5 alignment filter (keeping only candles ending at 4, 9, 14... to trade at 0, 5, 10...)
2025-12-18 11:42:34 - ml.src.sequences.sequencer - WARNING - dist_sma_200 or adx feature not found; skipping trend filter
2025-12-18 11:42:34 - ml.src.sequences.sequencer - INFO - Applied Pullback Filter (RSI_M5 < 75.00): kept 302028/355502 (85.0%)
2025-12-18 11:42:34 - ml.src.sequences.sequencer - INFO - Session filter 'london': keeping 22,322 / 355,502 windows (6.3%)
2025-12-18 11:42:34 - ml.src.pipeline_stages - INFO - Sequences created: X.shape=(22322, 1500), y.shape=(22322,)
2025-12-18 11:42:34 - ml.src.pipeline_stages - INFO - Positive class in sequences: 8,632 (38.67%)
2025-12-18 11:42:34 - ml.src.pipeline_stages - INFO - Splitting data chronologically (train/val/test)...
2025-12-18 11:42:34 - ml.src.pipeline_stages - INFO - Using percentage split (70/15/15) for year_filter=[2024]
2025-12-18 11:42:34 - ml.src.pipeline_stages - INFO - Split sizes: train=15,625, val=3,348, test=3,349
2025-12-18 11:42:34 - ml.src.pipeline_stages - INFO - Scaling features with RobustScaler (robust to outliers)...
2025-12-18 11:42:35 - ml.src.pipeline_stages - INFO - Feature scaling complete: mean=-0.3614, std=4.4555
2025-12-18 11:42:35 - ml.src.pipeline_stages - INFO - Training XGBoost classifier...
2025-12-18 11:42:35 - ml.src.training.sequence_xgb_trainer - INFO - Class balance (train): pos=5,989, neg=9,636, imbalance_ratio=1.61
2025-12-18 11:42:35 - ml.src.training.sequence_xgb_trainer - INFO - Applied scale_pos_weight=1.6089 to handle class imbalance
2025-12-18 11:42:35 - ml.src.training.sequence_xgb_trainer - INFO - Training XGBoost classifier...
2025-12-18 11:44:36 - ml.src.training.sequence_xgb_trainer - INFO - Training completed
2025-12-18 11:44:36 - ml.src.pipeline_stages - INFO - Evaluating model on test set...
2025-12-18 11:44:36 - ml.src.training.sequence_evaluation - INFO - Probability stats: min=0.0025, max=0.9952, mean=0.4322, std=0.2782
2025-12-18 11:44:36 - ml.src.training.sequence_evaluation - INFO - Confusion matrix@thr=0.76:
2025-12-18 11:44:36 - ml.src.training.sequence_evaluation - INFO -   [[TN=1965, FP=79],
2025-12-18 11:44:36 - ml.src.training.sequence_evaluation - INFO -    [FN=855, TP=450]]
2025-12-18 11:44:36 - ml.src.pipeline_stages - INFO - Evaluation metrics: threshold=0.76, win_rate=0.8507 (85.07%), precision=0.8507, recall=0.3448, f1=0.4907, roc_auc=0.8229, pr_auc=0.7561
2025-12-18 11:44:36 - ml.src.pipeline_stages - INFO - Saving artifacts...
2025-12-18 11:44:36 - ml.src.training.sequence_artifacts - INFO - Saved model to sequence_xgb_model.pkl
2025-12-18 11:44:36 - ml.src.training.sequence_artifacts - INFO - Saved scaler to sequence_scaler.pkl (required for inference)
2025-12-18 11:44:36 - ml.src.training.sequence_artifacts - INFO - Saved feature columns to sequence_feature_columns.json
2025-12-18 11:44:36 - ml.src.training.sequence_artifacts - INFO - Saved metadata to sequence_threshold.json
2025-12-18 11:44:36 - ml.src.training.sequence_artifacts - INFO - Analyzing feature importance...
2025-12-18 11:44:37 - ml.src.training.sequence_feature_analysis - INFO - 
Top 30 most important features:
2025-12-18 11:44:37 - ml.src.training.sequence_feature_analysis - INFO -    1. t-0_rsi_m15                              = 0.025536
2025-12-18 11:44:37 - ml.src.training.sequence_feature_analysis - INFO -    2. t-1_bb_pos_m15                           = 0.008220
2025-12-18 11:44:37 - ml.src.training.sequence_feature_analysis - INFO -    3. t-0_dist_sma_20_m15                      = 0.007099
2025-12-18 11:44:37 - ml.src.training.sequence_feature_analysis - INFO -    4. t-2_bb_pos_m15                           = 0.006158
2025-12-18 11:44:37 - ml.src.training.sequence_feature_analysis - INFO -    5. t-1_dist_sma_20_m15                      = 0.005879
2025-12-18 11:44:37 - ml.src.training.sequence_feature_analysis - INFO -    6. t-0_bb_pos_m15                           = 0.004213
2025-12-18 11:44:37 - ml.src.training.sequence_feature_analysis - INFO -    7. t-2_dist_sma_20_m15                      = 0.003885
2025-12-18 11:44:37 - ml.src.training.sequence_feature_analysis - INFO -    8. t-1_dist_sma_20_m5                       = 0.002946
2025-12-18 11:44:37 - ml.src.training.sequence_feature_analysis - INFO -    9. t-2_rsi_m60                              = 0.002839
2025-12-18 11:44:37 - ml.src.training.sequence_feature_analysis - INFO -   10. t-0_dist_sma_20_m5                       = 0.002822
2025-12-18 11:44:37 - ml.src.training.sequence_feature_analysis - INFO -   11. t-2_bb_pos_m5                            = 0.002809
2025-12-18 11:44:37 - ml.src.training.sequence_feature_analysis - INFO -   12. t-0_bb_pos_m5                            = 0.002718
2025-12-18 11:44:37 - ml.src.training.sequence_feature_analysis - INFO -   13. t-1_bb_pos_m5                            = 0.002691
2025-12-18 11:44:37 - ml.src.training.sequence_feature_analysis - INFO -   14. t-6_bb_pos_m60                           = 0.002534
2025-12-18 11:44:37 - ml.src.training.sequence_feature_analysis - INFO -   15. t-14_bb_pos_m60                          = 0.002481
2025-12-18 11:44:37 - ml.src.training.sequence_feature_analysis - INFO -   16. t-12_bb_pos_m60                          = 0.002476
2025-12-18 11:44:37 - ml.src.training.sequence_feature_analysis - INFO -   17. t-0_rsi_m5                               = 0.002417
2025-12-18 11:44:37 - ml.src.training.sequence_feature_analysis - INFO -   18. t-12_rsi_m60                             = 0.002377
2025-12-18 11:44:37 - ml.src.training.sequence_feature_analysis - INFO -   19. t-3_dist_sma_20_m15                      = 0.002364
2025-12-18 11:44:37 - ml.src.training.sequence_feature_analysis - INFO -   20. t-9_bb_pos_m15                           = 0.002341
2025-12-18 11:44:37 - ml.src.training.sequence_feature_analysis - INFO -   21. t-18_rsi_m60                             = 0.002322
2025-12-18 11:44:37 - ml.src.training.sequence_feature_analysis - INFO -   22. t-9_rsi_m60                              = 0.002294
2025-12-18 11:44:37 - ml.src.training.sequence_feature_analysis - INFO -   23. t-8_bb_pos_m15                           = 0.002207
2025-12-18 11:44:37 - ml.src.training.sequence_feature_analysis - INFO -   24. t-28_bb_pos_m60                          = 0.002193
2025-12-18 11:44:37 - ml.src.training.sequence_feature_analysis - INFO -   25. t-41_bb_pos_m60                          = 0.002146
2025-12-18 11:44:37 - ml.src.training.sequence_feature_analysis - INFO -   26. t-26_bb_pos_m60                          = 0.002139
2025-12-18 11:44:37 - ml.src.training.sequence_feature_analysis - INFO -   27. t-0_dist_sma_20                          = 0.002098
2025-12-18 11:44:37 - ml.src.training.sequence_feature_analysis - INFO -   28. t-7_bb_pos_m60                           = 0.002092
2025-12-18 11:44:37 - ml.src.training.sequence_feature_analysis - INFO -   29. t-30_rsi_m15                             = 0.002011
2025-12-18 11:44:37 - ml.src.training.sequence_feature_analysis - INFO -   30. t-2_dist_sma_20_m5                       = 0.002004
2025-12-18 11:44:37 - ml.src.training.sequence_feature_analysis - INFO - 
Aggregated importance by feature type:
2025-12-18 11:44:37 - ml.src.training.sequence_feature_analysis - INFO -   bb_pos_m15                     = 0.092201
2025-12-18 11:44:37 - ml.src.training.sequence_feature_analysis - INFO -   dist_sma_20_m15                = 0.088070
2025-12-18 11:44:37 - ml.src.training.sequence_feature_analysis - INFO -   bb_pos_m60                     = 0.087240
2025-12-18 11:44:37 - ml.src.training.sequence_feature_analysis - INFO -   dist_sma_20_m5                 = 0.072882
2025-12-18 11:44:37 - ml.src.training.sequence_feature_analysis - INFO -   bb_pos_m5                      = 0.071281
2025-12-18 11:44:37 - ml.src.training.sequence_feature_analysis - INFO -   dist_sma_20                    = 0.068345
2025-12-18 11:44:37 - ml.src.training.sequence_feature_analysis - INFO -   stoch_k_m5                     = 0.066229
2025-12-18 11:44:37 - ml.src.training.sequence_feature_analysis - INFO -   macd_hist_m5                   = 0.065461
2025-12-18 11:44:37 - ml.src.training.sequence_feature_analysis - INFO -   bb_position                    = 0.063689
2025-12-18 11:44:37 - ml.src.training.sequence_feature_analysis - INFO -   atr_14                         = 0.063175
2025-12-18 11:44:37 - ml.src.training.sequence_artifacts - INFO - Saved feature importance to sequence_feature_importance.json
2025-12-18 11:44:37 - ml.src.pipeline_stages - INFO - Artifacts saved to C:\Users\Arek\Documents\Repos\Traiding\Trading-ML\ml\outputs\models
2025-12-18 11:44:37 - __main__ - INFO - 
================================================================================
2025-12-18 11:44:37 - __main__ - INFO - TRAINING COMPLETE - SUMMARY
2025-12-18 11:44:37 - __main__ - INFO - ================================================================================
2025-12-18 11:44:37 - __main__ - INFO - End time: 2025-12-18 11:44:37
2025-12-18 11:44:37 - __main__ - INFO - 
Final Metrics:
2025-12-18 11:44:37 - __main__ - INFO -   Window Size:       100 candles
2025-12-18 11:44:37 - __main__ - INFO -   Threshold:         0.7550
2025-12-18 11:44:37 - __main__ - INFO -   WIN RATE:          0.8507 (85.07%)
2025-12-18 11:44:37 - __main__ - INFO -   Precision:         0.8507
2025-12-18 11:44:37 - __main__ - INFO -   Recall:            0.3448
2025-12-18 11:44:37 - __main__ - INFO -   F1 Score:          0.4907
2025-12-18 11:44:37 - __main__ - INFO -   ROC-AUC:           0.8229
2025-12-18 11:44:37 - __main__ - INFO -   PR-AUC:            0.7561
2025-12-18 11:44:37 - __main__ - INFO - 
Artifacts saved to: C:\Users\Arek\Documents\Repos\Traiding\Trading-ML\ml\outputs\models
2025-12-18 11:44:37 - __main__ - INFO - ================================================================================
