2025-12-22 14:33:00 - ml.src.pipeline_config_extended - INFO - Pipeline configuration validated successfully
2025-12-22 14:33:00 - __main__ - INFO - 
================================================================================
2025-12-22 14:33:00 - __main__ - INFO - SEQUENCE XGBoost TRAINING PIPELINE - XAU/USD 1-Minute Data
2025-12-22 14:33:00 - __main__ - INFO - ================================================================================
2025-12-22 14:33:00 - __main__ - INFO - Log file: C:\Users\Arek\Documents\Repos\Traiding\Trading-ML\ml\outputs\logs\sequence_xgb_train_years_2024_20251222_143300.log
2025-12-22 14:33:00 - __main__ - INFO - Start time: 2025-12-22 14:33:00
2025-12-22 14:33:00 - __main__ - INFO - Data years: [2024]
2025-12-22 14:33:00 - __main__ - INFO - 
Pipeline Configuration:
2025-12-22 14:33:00 - __main__ - INFO -   Feature engineering version: v1
2025-12-22 14:33:00 - __main__ - INFO -   Window size: 60 candles
2025-12-22 14:33:00 - __main__ - INFO -   ATR SL multiplier: 1.0x (from risk_config.py)
2025-12-22 14:33:00 - __main__ - INFO -   ATR TP multiplier: 2.0x (from risk_config.py)
2025-12-22 14:33:00 - __main__ - INFO -   Min hold time: 2 M5 candles
2025-12-22 14:33:00 - __main__ - INFO -   Max horizon: 60 M5 candles
2025-12-22 14:33:00 - __main__ - INFO -   Trading session: london_ny
2025-12-22 14:33:00 - __main__ - INFO -   Threshold optimization: HYBRID (EV with precision AND recall floors)
2025-12-22 14:33:00 - __main__ - INFO -     - Min precision: 0.55
2025-12-22 14:33:00 - __main__ - INFO -     - Min recall: 0.0
2025-12-22 14:33:00 - __main__ - INFO -     - Win coefficient: 1.0
2025-12-22 14:33:00 - __main__ - INFO -     - Loss coefficient: -1.0
2025-12-22 14:33:00 - __main__ - INFO -   M5 alignment filter: disabled
2025-12-22 14:33:00 - __main__ - INFO -   Trend filter: enabled
2025-12-22 14:33:00 - __main__ - INFO -   Pullback filter: disabled
2025-12-22 14:33:00 - __main__ - INFO -   Random state: 42
2025-12-22 14:33:00 - __main__ - INFO - ================================================================================

2025-12-22 14:33:00 - ml.src.pipeline_stages - INFO - Loading data from C:\Users\Arek\Documents\Repos\Traiding\Trading-ML\ml\src\data
2025-12-22 14:33:00 - ml.src.data_loading.loaders - INFO - Year filter applied: loading only [2024]
2025-12-22 14:33:01 - ml.src.pipeline_stages - INFO - Loaded 355,661 rows from C:\Users\Arek\Documents\Repos\Traiding\Trading-ML\ml\src\data
2025-12-22 14:33:01 - ml.src.pipeline_stages - INFO - Date range: 2024-01-02 01:00:00 to 2024-12-31 23:46:00
2025-12-22 14:33:01 - ml.src.pipeline_stages - WARNING - feature_version parameter is deprecated and ignored (passed: v1)
2025-12-22 14:33:01 - ml.src.pipeline_stages - INFO - Aggregating M1 data to M5 timeframe...
2025-12-22 14:33:01 - ml.src.features.engineer_m5 - INFO - Aggregating 355661 M1 candles to M5...
2025-12-22 14:33:01 - ml.src.features.engineer_m5 - INFO - Aggregated to 71208 M5 candles (5.0x compression)
2025-12-22 14:33:01 - ml.src.pipeline_stages - INFO - Aggregated 355,661 M1 candles → 71,208 M5 candles (20.0% compression)
2025-12-22 14:33:01 - ml.src.pipeline_stages - INFO - Engineering technical features on M5 timeframe (with M15/M60 context)...
2025-12-22 14:33:01 - ml.src.features.engineer_m5 - INFO - Engineering M5 features...
2025-12-22 14:33:01 - ml.src.features.engineer_m5 - INFO - Aggregating 71208 M1 candles to M5...
2025-12-22 14:33:01 - ml.src.features.engineer_m5 - INFO - Aggregated to 71208 M5 candles (1.0x compression)
2025-12-22 14:33:01 - ml.src.features.engineer_m5 - INFO - Computing M5 primary features...
2025-12-22 14:33:04 - ml.src.features.engineer_m5 - INFO - Computing M15 context from M5...
2025-12-22 14:33:06 - ml.src.features.engineer_m5 - INFO - Computing M60 context from M5...
2025-12-22 14:33:06 - ml.src.features.engineer_m5 - INFO - M5 feature engineering complete: 71208 rows × 26 features
2025-12-22 14:33:06 - ml.src.features.engineer_m5 - INFO - Timeframe: M5 (5-minute candles)
2025-12-22 14:33:06 - ml.src.features.engineer_m5 - INFO - Date range: 2024-01-02 01:00:00 to 2024-12-31 23:45:00
2025-12-22 14:33:06 - ml.src.pipeline_stages - INFO - Features shape: (71208, 26)
2025-12-22 14:33:06 - ml.src.pipeline_stages - INFO - Feature columns: 26
2025-12-22 14:33:06 - ml.src.features.engineer_m5 - INFO - Aggregating 355660 M1 candles to M5...
2025-12-22 14:33:06 - ml.src.features.engineer_m5 - INFO - Aggregated to 71208 M5 candles (5.0x compression)
2025-12-22 14:33:06 - ml.src.pipeline_stages - INFO - Creating targets on M5 timeframe (SL=1.0×ATR, TP=2.0×ATR, min_hold=2 M5 candles, max_horizon=60 M5 candles)
2025-12-22 14:33:06 - ml.src.targets.target_maker - INFO - Creating targets (SL/TP simulation) for 71,208 candles...
2025-12-22 14:33:06 - ml.src.targets.target_maker - INFO - Parameters: SL=1.0×ATR, TP=2.0×ATR, min_hold=2min, max_horizon=60min
2025-12-22 14:33:06 - ml.src.targets.target_maker - INFO - Calculating M1 ATR(14) for SL/TP targets (fallback)
2025-12-22 14:33:06 - ml.src.targets.target_maker - INFO - Target creation complete: 71,148 valid targets
2025-12-22 14:33:06 - ml.src.pipeline_stages - INFO - Targets shape: 71148
2025-12-22 14:33:06 - ml.src.pipeline_stages - INFO - Positive class (win): 25,616 (36.00%)
2025-12-22 14:33:06 - ml.src.pipeline_stages - INFO - Negative class (loss): 45,532 (64.00%)
2025-12-22 14:33:06 - ml.src.pipeline_stages - INFO - Creating sequences on M5 timeframe (window_size=60 M5 candles = 300 minutes)...
2025-12-22 14:33:06 - ml.src.pipeline_stages - INFO - Filter config: m5_alignment=False (already M5), trend=True, pullback=False, max_windows=10,000
2025-12-22 14:33:06 - ml.src.sequences.sequencer - INFO - M5 alignment filter disabled; keeping all timestamps irrespective of minute alignment
2025-12-22 14:33:06 - ml.src.sequences.sequencer - INFO - Applied Trend Filter (dist_sma_200 > 0.00, ADX > 15.00): kept 37283/71089 (52.4%)
2025-12-22 14:33:06 - ml.src.sequences.sequencer - INFO - Pullback filter disabled; not constraining RSI_M5
2025-12-22 14:33:06 - ml.src.sequences.sequencer - INFO - Session filter 'london_ny': keeping 22,857 / 71,089 windows (32.2%)
2025-12-22 14:33:06 - ml.src.sequences.sequencer - WARNING - Too many windows (22,857) for memory safety. Capping to last 10,000 windows.
2025-12-22 14:33:06 - ml.src.sequences.sequencer - INFO - After capping: 10,000 windows
2025-12-22 14:33:06 - ml.src.pipeline_stages - INFO - Sequences created: X.shape=(10000, 1560), y.shape=(10000,)
2025-12-22 14:33:06 - ml.src.pipeline_stages - INFO - Positive class in sequences: 3,394 (33.94%)
2025-12-22 14:33:06 - ml.src.pipeline_stages - INFO - Using chronological 3-way split (train/val/test)...
2025-12-22 14:33:06 - ml.src.pipeline_stages - INFO - Using percentage split (70/15/15) for year_filter=[2024]
2025-12-22 14:33:06 - ml.src.pipeline_stages - INFO - Split sizes: train=7,000, val=1,500, test=1,500
2025-12-22 14:33:06 - ml.src.pipeline_stages - INFO - Class distribution validation:
2025-12-22 14:33:06 - ml.src.pipeline_stages - INFO -   TRAIN: pos=2,480 (35.4%), neg=4,520 (64.6%)
2025-12-22 14:33:06 - ml.src.pipeline_stages - INFO -   VAL: pos=482 (32.1%), neg=1,018 (67.9%)
2025-12-22 14:33:06 - ml.src.pipeline_stages - INFO -   TEST: pos=432 (28.8%), neg=1,068 (71.2%)
2025-12-22 14:33:06 - ml.src.pipeline_stages - INFO -   Max difference in positive class: 6.6% (tolerance: 10.0%)
2025-12-22 14:33:06 - ml.src.pipeline_stages - INFO -   ✅ Class distributions are stable (max diff: 6.6% < 10.0%)
2025-12-22 14:33:06 - ml.src.pipeline_stages - WARNING - ⚠️  64 sequences cross train/val boundary (potential data leakage)
2025-12-22 14:33:06 - ml.src.pipeline_stages - WARNING - ⚠️  64 sequences cross val/test boundary (potential data leakage)
2025-12-22 14:33:06 - ml.src.pipeline_stages - WARNING -    Consider removing boundary-crossing sequences to prevent data leakage
2025-12-22 14:33:06 - ml.src.pipeline_stages - INFO - Scaling features with RobustScaler (robust to outliers)...
2025-12-22 14:33:07 - ml.src.pipeline_stages - INFO - Feature scaling complete: mean=-0.0309, std=0.7351
2025-12-22 14:33:07 - ml.src.pipeline_stages - INFO - Training XGBoost model...
2025-12-22 14:33:07 - ml.src.pipeline_stages - INFO - 
[POINT 1 OPTIMIZATION] Applying cost-sensitive learning...
2025-12-22 14:33:07 - ml.src.pipeline_stages - INFO -   Sample weights: positive=3.0, negative=1.0
2025-12-22 14:33:07 - ml.src.pipeline_stages - INFO -   Weight ratio (positive/negative): 3.00x
2025-12-22 14:33:07 - ml.src.training.sequence_xgb_trainer - INFO - Class balance (train): pos=2,480, neg=4,520, imbalance_ratio=1.82
2025-12-22 14:33:07 - ml.src.training.sequence_xgb_trainer - INFO - Applied scale_pos_weight=1.8226 to handle class imbalance
2025-12-22 14:33:07 - ml.src.training.sequence_xgb_trainer - INFO - [POINT 1] Cost-Sensitive Learning: using sample weights (mean=1.7086)
2025-12-22 14:33:07 - ml.src.training.sequence_xgb_trainer - INFO - Training XGBoost classifier...
2025-12-22 14:34:56 - ml.src.training.sequence_xgb_trainer - INFO - Training completed
2025-12-22 14:34:56 - ml.src.pipeline_stages - INFO - Model training complete
2025-12-22 14:34:56 - ml.src.pipeline_stages - INFO - Optimizing decision threshold on VAL set...
2025-12-22 14:34:56 - ml.src.training.sequence_evaluation - INFO - Running threshold optimization on VAL set...
2025-12-22 14:34:59 - ml.src.training.sequence_evaluation - INFO - 
Top 5 thresholds on VAL set:
2025-12-22 14:34:59 - ml.src.training.sequence_evaluation - INFO -   T=0.96: Precision=0.9062, Recall=0.1203, F1=0.2125, Score=1.0000
2025-12-22 14:34:59 - ml.src.training.sequence_evaluation - INFO -   T=0.96: Precision=0.8824, Recall=0.1245, F1=0.2182, Score=1.0000
2025-12-22 14:34:59 - ml.src.training.sequence_evaluation - INFO -   T=0.96: Precision=0.8889, Recall=0.1328, F1=0.2310, Score=1.0000
2025-12-22 14:34:59 - ml.src.training.sequence_evaluation - INFO -   T=0.95: Precision=0.8800, Recall=0.1369, F1=0.2370, Score=1.0000
2025-12-22 14:34:59 - ml.src.training.sequence_evaluation - INFO -   T=0.95: Precision=0.8734, Recall=0.1432, F1=0.2460, Score=1.0000
2025-12-22 14:34:59 - ml.src.pipeline_stages - INFO - Optimal threshold: 0.2249 (Score=1.0000 on VAL)
2025-12-22 14:34:59 - ml.src.pipeline_stages - INFO - Evaluating on TEST set with optimized threshold...
2025-12-22 14:34:59 - ml.src.training.sequence_evaluation - INFO - Probability stats: min=0.0013, max=0.9971, mean=0.3865, std=0.3349
2025-12-22 14:34:59 - ml.src.training.sequence_evaluation - INFO - Using fixed threshold: 0.2249
2025-12-22 14:34:59 - ml.src.training.sequence_evaluation - INFO - Confusion matrix@thr=0.2249:
2025-12-22 14:34:59 - ml.src.training.sequence_evaluation - INFO -   [[TN=996, FP=72],
2025-12-22 14:34:59 - ml.src.training.sequence_evaluation - INFO -    [FN=261, TP=171]]
2025-12-22 14:34:59 - ml.src.training.sequence_evaluation - INFO - 
TEST SET EVALUATION:
2025-12-22 14:34:59 - ml.src.training.sequence_evaluation - INFO -   Precision: 0.7037
2025-12-22 14:34:59 - ml.src.training.sequence_evaluation - INFO -   Recall:    0.3958
2025-12-22 14:34:59 - ml.src.training.sequence_evaluation - INFO -   F1:        0.5067
2025-12-22 14:34:59 - ml.src.training.sequence_evaluation - INFO -   ROC-AUC:   0.8860
2025-12-22 14:34:59 - ml.src.pipeline_stages - INFO - Final TEST metrics: threshold=0.2249, win_rate=0.7037 (70.37%), precision=0.7037, recall=0.3958, f1=0.5067, roc_auc=0.8860, pr_auc=0.7623
2025-12-22 14:34:59 - ml.src.pipeline_stages - INFO - Saving artifacts...
2025-12-22 14:34:59 - ml.src.training.sequence_artifacts - INFO - Saved model to sequence_xgb_model.pkl
2025-12-22 14:34:59 - ml.src.training.sequence_artifacts - INFO - Saved scaler to sequence_scaler.pkl (required for inference)
2025-12-22 14:34:59 - ml.src.training.sequence_artifacts - INFO - Saved feature columns to sequence_feature_columns.json
2025-12-22 14:34:59 - ml.src.training.sequence_artifacts - INFO - Saved metadata to sequence_threshold.json (analysis_window=7 days)
2025-12-22 14:34:59 - ml.src.training.sequence_artifacts - INFO - Analyzing feature importance...
2025-12-22 14:34:59 - ml.src.training.sequence_feature_analysis - INFO - 
Top 30 most important features:
2025-12-22 14:34:59 - ml.src.training.sequence_feature_analysis - INFO -    1. t-19_bb_pos_m60                          = 0.007230
2025-12-22 14:34:59 - ml.src.training.sequence_feature_analysis - INFO -    2. t-4_bb_pos_m60                           = 0.006318
2025-12-22 14:34:59 - ml.src.training.sequence_feature_analysis - INFO -    3. t-18_cvd_m60                             = 0.004714
2025-12-22 14:34:59 - ml.src.training.sequence_feature_analysis - INFO -    4. t-3_bb_pos_m60                           = 0.004681
2025-12-22 14:34:59 - ml.src.training.sequence_feature_analysis - INFO -    5. t-7_bb_pos_m60                           = 0.004558
2025-12-22 14:34:59 - ml.src.training.sequence_feature_analysis - INFO -    6. t-20_bb_pos_m60                          = 0.004378
2025-12-22 14:34:59 - ml.src.training.sequence_feature_analysis - INFO -    7. t-6_bb_pos_m60                           = 0.004250
2025-12-22 14:34:59 - ml.src.training.sequence_feature_analysis - INFO -    8. t-18_bb_pos_m60                          = 0.003709
2025-12-22 14:34:59 - ml.src.training.sequence_feature_analysis - INFO -    9. t-17_bb_pos_m60                          = 0.003612
2025-12-22 14:34:59 - ml.src.training.sequence_feature_analysis - INFO -   10. t-22_bb_pos_m60                          = 0.003552
2025-12-22 14:34:59 - ml.src.training.sequence_feature_analysis - INFO -   11. t-21_bb_pos_m60                          = 0.003268
2025-12-22 14:34:59 - ml.src.training.sequence_feature_analysis - INFO -   12. t-5_bb_pos_m60                           = 0.003237
2025-12-22 14:34:59 - ml.src.training.sequence_feature_analysis - INFO -   13. t-2_bb_pos_m60                           = 0.003009
2025-12-22 14:34:59 - ml.src.training.sequence_feature_analysis - INFO -   14. t-48_bb_pos_m60                          = 0.002928
2025-12-22 14:34:59 - ml.src.training.sequence_feature_analysis - INFO -   15. t-41_cvd_m60                             = 0.002928
2025-12-22 14:34:59 - ml.src.training.sequence_feature_analysis - INFO -   16. t-3_cvd_m15                              = 0.002818
2025-12-22 14:34:59 - ml.src.training.sequence_feature_analysis - INFO -   17. t-8_bb_pos_m60                           = 0.002755
2025-12-22 14:34:59 - ml.src.training.sequence_feature_analysis - INFO -   18. t-32_obv_m60                             = 0.002737
2025-12-22 14:34:59 - ml.src.training.sequence_feature_analysis - INFO -   19. t-7_rsi_m60                              = 0.002553
2025-12-22 14:34:59 - ml.src.training.sequence_feature_analysis - INFO -   20. t-0_bb_pos_m60                           = 0.002508
2025-12-22 14:34:59 - ml.src.training.sequence_feature_analysis - INFO -   21. t-3_bb_pos_m15                           = 0.002418
2025-12-22 14:34:59 - ml.src.training.sequence_feature_analysis - INFO -   22. t-1_dist_sma_200                         = 0.002352
2025-12-22 14:34:59 - ml.src.training.sequence_feature_analysis - INFO -   23. t-1_bb_pos_m60                           = 0.002269
2025-12-22 14:34:59 - ml.src.training.sequence_feature_analysis - INFO -   24. t-29_cvd_m60                             = 0.002183
2025-12-22 14:34:59 - ml.src.training.sequence_feature_analysis - INFO -   25. t-28_cvd_m60                             = 0.002165
2025-12-22 14:34:59 - ml.src.training.sequence_feature_analysis - INFO -   26. t-0_bb_pos_m15                           = 0.002132
2025-12-22 14:34:59 - ml.src.training.sequence_feature_analysis - INFO -   27. t-26_cvd_m60                             = 0.002106
2025-12-22 14:34:59 - ml.src.training.sequence_feature_analysis - INFO -   28. t-4_dist_sma_20_m15                      = 0.002075
2025-12-22 14:34:59 - ml.src.training.sequence_feature_analysis - INFO -   29. t-0_cvd_m5                               = 0.002064
2025-12-22 14:34:59 - ml.src.training.sequence_feature_analysis - INFO -   30. t-0_dist_sma_200_m15                     = 0.002063
2025-12-22 14:34:59 - ml.src.training.sequence_feature_analysis - INFO - 
Aggregated importance by feature type:
2025-12-22 14:34:59 - ml.src.training.sequence_feature_analysis - INFO -   bb_pos_m60                     = 0.105212
2025-12-22 14:34:59 - ml.src.training.sequence_feature_analysis - INFO -   cvd_m60                        = 0.056419
2025-12-22 14:34:59 - ml.src.training.sequence_feature_analysis - INFO -   rsi_m60                        = 0.052574
2025-12-22 14:34:59 - ml.src.training.sequence_feature_analysis - INFO -   dist_sma_20_m15                = 0.046943
2025-12-22 14:34:59 - ml.src.training.sequence_feature_analysis - INFO -   cvd_m15                        = 0.046180
2025-12-22 14:34:59 - ml.src.training.sequence_feature_analysis - INFO -   obv_m60                        = 0.044878
2025-12-22 14:34:59 - ml.src.training.sequence_feature_analysis - INFO -   dist_sma_200_m15               = 0.043633
2025-12-22 14:34:59 - ml.src.training.sequence_feature_analysis - INFO -   rsi_m15                        = 0.042674
2025-12-22 14:34:59 - ml.src.training.sequence_feature_analysis - INFO -   bb_pos_m15                     = 0.041473
2025-12-22 14:34:59 - ml.src.training.sequence_feature_analysis - INFO -   volume_m15_norm                = 0.038966
2025-12-22 14:34:59 - ml.src.training.sequence_artifacts - INFO - Saved feature importance to sequence_feature_importance.json
2025-12-22 14:34:59 - ml.src.pipeline_stages - INFO - Artifacts saved to C:\Users\Arek\Documents\Repos\Traiding\Trading-ML\ml\outputs\models
2025-12-22 14:34:59 - __main__ - INFO - 
================================================================================
2025-12-22 14:34:59 - __main__ - INFO - TRAINING COMPLETE - SUMMARY
2025-12-22 14:34:59 - __main__ - INFO - ================================================================================
2025-12-22 14:34:59 - __main__ - INFO - End time: 2025-12-22 14:34:59
2025-12-22 14:34:59 - __main__ - INFO - 
Final Metrics:
2025-12-22 14:34:59 - __main__ - INFO -   Window Size:       60 candles
2025-12-22 14:34:59 - __main__ - INFO -   Threshold:         0.2249
2025-12-22 14:34:59 - __main__ - INFO -   WIN RATE:          0.7037 (70.37%)
2025-12-22 14:34:59 - __main__ - INFO -   Precision:         0.7037
2025-12-22 14:34:59 - __main__ - INFO -   Recall:            0.3958
2025-12-22 14:34:59 - __main__ - INFO -   F1 Score:          0.5067
2025-12-22 14:34:59 - __main__ - INFO -   ROC-AUC:           0.8860
2025-12-22 14:34:59 - __main__ - INFO -   PR-AUC:            0.7623
2025-12-22 14:34:59 - __main__ - INFO - 
Artifacts saved to: C:\Users\Arek\Documents\Repos\Traiding\Trading-ML\ml\outputs\models
2025-12-22 14:34:59 - __main__ - INFO - ================================================================================
