2025-12-29 00:19:49 - ml.src.pipeline_config_extended - INFO - Pipeline configuration validated successfully
2025-12-29 00:19:49 - __main__ - INFO - 
================================================================================
2025-12-29 00:19:49 - __main__ - INFO - SEQUENCE XGBoost TRAINING PIPELINE - XAU/USD 1-Minute Data
2025-12-29 00:19:49 - __main__ - INFO - ================================================================================
2025-12-29 00:19:49 - __main__ - INFO - Log file: C:\Users\Arek\Documents\Repos\Traiding\Trading-ML\ml\outputs\logs\sequence_xgb_train_years_2020_2021_2022_2023_2024_2025_20251229_001949.log
2025-12-29 00:19:49 - __main__ - INFO - Start time: 2025-12-29 00:19:49
2025-12-29 00:19:49 - __main__ - INFO - Data years: [2020, 2021, 2022, 2023, 2024, 2025]
2025-12-29 00:19:49 - __main__ - INFO - 
Pipeline Configuration:
2025-12-29 00:19:49 - __main__ - INFO -   Feature engineering version: v1
2025-12-29 00:19:49 - __main__ - INFO -   Window size: 80 candles
2025-12-29 00:19:49 - __main__ - INFO -   ATR SL multiplier: 1.0x (from risk_config.py)
2025-12-29 00:19:49 - __main__ - INFO -   ATR TP multiplier: 2.0x (from risk_config.py)
2025-12-29 00:19:49 - __main__ - INFO -   Min hold time: 3 M5 candles
2025-12-29 00:19:49 - __main__ - INFO -   Max horizon: 60 M5 candles
2025-12-29 00:19:49 - __main__ - INFO -   Trading session: london_ny
2025-12-29 00:19:49 - __main__ - INFO -   Threshold optimization: HYBRID (EV with precision AND recall floors)
2025-12-29 00:19:49 - __main__ - INFO -     - Min precision: 0.8
2025-12-29 00:19:49 - __main__ - INFO -     - Min recall: 0.0
2025-12-29 00:19:49 - __main__ - INFO -     - Win coefficient: 1.0
2025-12-29 00:19:49 - __main__ - INFO -     - Loss coefficient: -1.0
2025-12-29 00:19:49 - __main__ - INFO -   M5 alignment filter: disabled
2025-12-29 00:19:49 - __main__ - INFO -   Trend filter: enabled
2025-12-29 00:19:49 - __main__ - INFO -   Pullback filter: disabled
2025-12-29 00:19:49 - __main__ - INFO -   Random state: 42
2025-12-29 00:19:49 - __main__ - INFO - ================================================================================

2025-12-29 00:19:49 - ml.src.pipeline_stages - INFO - Loading data from C:\Users\Arek\Documents\Repos\Traiding\Trading-ML\ml\src\data
2025-12-29 00:19:49 - ml.src.data_loading.loaders - INFO - Year filter applied: loading only [2020, 2021, 2022, 2023, 2024, 2025]
2025-12-29 00:19:52 - ml.src.pipeline_stages - INFO - Loaded 1,844,538 rows from C:\Users\Arek\Documents\Repos\Traiding\Trading-ML\ml\src\data
2025-12-29 00:19:52 - ml.src.pipeline_stages - INFO - Date range: 2020-01-02 06:00:00 to 2025-11-28 19:43:00
2025-12-29 00:19:52 - ml.src.pipeline_stages - WARNING - window_size parameter is deprecated and ignored (passed: 80)
2025-12-29 00:19:52 - ml.src.pipeline_stages - WARNING - feature_version parameter is deprecated and ignored (passed: v1)
2025-12-29 00:19:52 - ml.src.pipeline_stages - INFO - Aggregating M1 data to M5 timeframe...
2025-12-29 00:19:52 - ml.src.features.engineer_m5 - INFO - Aggregating 1844538 M1 candles to M5...
2025-12-29 00:19:52 - ml.src.features.engineer_m5 - INFO - Aggregated to 369330 M5 candles (5.0x compression)
2025-12-29 00:19:52 - ml.src.pipeline_stages - INFO - Aggregated 1,844,538 M1 candles → 369,330 M5 candles (20.0% compression)
2025-12-29 00:19:52 - ml.src.pipeline_stages - INFO - Engineering technical features on M5 timeframe (with M15/M60 context)...
2025-12-29 00:19:52 - ml.src.features.engineer_m5 - INFO - Engineering M5 features...
2025-12-29 00:19:52 - ml.src.features.engineer_m5 - INFO - Aggregating 369330 M1 candles to M5...
2025-12-29 00:19:53 - ml.src.features.engineer_m5 - INFO - Aggregated to 369330 M5 candles (1.0x compression)
2025-12-29 00:19:53 - ml.src.features.engineer_m5 - INFO - Computing M5 primary features...
2025-12-29 00:20:11 - ml.src.features.engineer_m5 - INFO - Computing M15 context from M5...
2025-12-29 00:20:17 - ml.src.features.engineer_m5 - INFO - Computing M60 context from M5...
2025-12-29 00:20:19 - ml.src.features.engineer_m5 - INFO - M5 feature engineering complete: 369327 rows × 28 features
2025-12-29 00:20:19 - ml.src.features.engineer_m5 - INFO - Timeframe: M5 (5-minute candles)
2025-12-29 00:20:19 - ml.src.features.engineer_m5 - INFO - Date range: 2020-01-02 06:15:00 to 2025-11-28 19:40:00
2025-12-29 00:20:19 - ml.src.pipeline_stages - INFO - Features shape: (369327, 28)
2025-12-29 00:20:19 - ml.src.pipeline_stages - INFO - Feature columns: 28
2025-12-29 00:20:19 - ml.src.features.engineer_m5 - INFO - Aggregating 1844520 M1 candles to M5...
2025-12-29 00:20:20 - ml.src.features.engineer_m5 - INFO - Aggregated to 369327 M5 candles (5.0x compression)
2025-12-29 00:20:20 - ml.src.pipeline_stages - INFO - Creating targets on M5 timeframe (SL=1.0×ATR, TP=2.0×ATR, min_hold=3 M5 candles, max_horizon=60 M5 candles)
2025-12-29 00:20:20 - ml.src.targets.target_maker - INFO - Creating targets (SL/TP simulation) for 369,327 candles...
2025-12-29 00:20:20 - ml.src.targets.target_maker - INFO - Parameters: SL=1.0×ATR, TP=2.0×ATR, min_hold=3min, max_horizon=60min
2025-12-29 00:20:20 - ml.src.targets.target_maker - INFO - No precomputed ATR column found; calculating ATR (14) on provided timeframe
2025-12-29 00:20:20 - ml.src.targets.target_maker - INFO - Target creation complete: 369,267 valid targets
2025-12-29 00:20:20 - ml.src.pipeline_stages - INFO - Targets shape: 369267
2025-12-29 00:20:20 - ml.src.pipeline_stages - INFO - Positive class (win): 130,645 (35.38%)
2025-12-29 00:20:20 - ml.src.pipeline_stages - INFO - Negative class (loss): 238,622 (64.62%)
2025-12-29 00:20:20 - ml.src.pipeline_stages - INFO - Creating sequences on M5 timeframe (window_size=80 M5 candles = 400 minutes)...
2025-12-29 00:20:20 - ml.src.pipeline_stages - INFO - Filter config: m5_alignment=False (already M5), trend=True, pullback=False, max_windows=200,000
2025-12-29 00:20:20 - ml.src.sequences.sequencer - INFO - M5 alignment filter disabled; keeping all timestamps irrespective of minute alignment
2025-12-29 00:20:20 - ml.src.sequences.sequencer - INFO - Applied Trend Filter (dist_sma_200 > 0.00, ADX > 15.00): kept 181638/369188 (49.2%)
2025-12-29 00:20:20 - ml.src.sequences.sequencer - INFO - Pullback filter disabled; not constraining RSI_M5
2025-12-29 00:20:20 - ml.src.sequences.sequencer - INFO - Session filter 'london_ny': keeping 111,372 / 369,188 windows (30.2%)
2025-12-29 00:20:20 - ml.src.pipeline_stages - INFO - Sequences created: X.shape=(111372, 2240), y.shape=(111372,)
2025-12-29 00:20:20 - ml.src.pipeline_stages - INFO - Positive class in sequences: 38,645 (34.70%)
2025-12-29 00:20:20 - ml.src.pipeline_stages - INFO - Using chronological 3-way split (train/val/test)...
2025-12-29 00:20:20 - ml.src.pipeline_stages - INFO - Using percentage split (70/15/15) for year_filter=[2020, 2021, 2022, 2023, 2024, 2025]
2025-12-29 00:20:20 - ml.src.pipeline_stages - INFO - Split sizes: train=77,960, val=16,706, test=16,706
2025-12-29 00:20:20 - ml.src.pipeline_stages - INFO - Class distribution validation:
2025-12-29 00:20:20 - ml.src.pipeline_stages - INFO -   TRAIN: pos=26,791 (34.4%), neg=51,169 (65.6%)
2025-12-29 00:20:20 - ml.src.pipeline_stages - INFO -   VAL: pos=6,006 (36.0%), neg=10,700 (64.0%)
2025-12-29 00:20:20 - ml.src.pipeline_stages - INFO -   TEST: pos=5,848 (35.0%), neg=10,858 (65.0%)
2025-12-29 00:20:20 - ml.src.pipeline_stages - INFO -   Max difference in positive class: 1.6% (tolerance: 10.0%)
2025-12-29 00:20:20 - ml.src.pipeline_stages - INFO -   ✅ Class distributions are stable (max diff: 1.6% < 10.0%)
2025-12-29 00:20:20 - ml.src.pipeline_stages - WARNING - ⚠️  79 sequences cross train/val boundary (potential data leakage)
2025-12-29 00:20:20 - ml.src.pipeline_stages - WARNING - ⚠️  79 sequences cross val/test boundary (potential data leakage)
2025-12-29 00:20:20 - ml.src.pipeline_stages - WARNING -    Consider removing boundary-crossing sequences to prevent data leakage
2025-12-29 00:20:20 - ml.src.pipeline_stages - INFO - Scaling features with RobustScaler (robust to outliers)...
2025-12-29 00:20:33 - ml.src.pipeline_stages - INFO - Feature scaling complete: mean=0.0034, std=0.7562
2025-12-29 00:20:33 - ml.src.pipeline_stages - INFO - Training XGBoost model...
2025-12-29 00:20:33 - ml.src.pipeline_stages - INFO - 
[POINT 1 OPTIMIZATION] Applying cost-sensitive learning...
2025-12-29 00:20:33 - ml.src.pipeline_stages - INFO -   Sample weights: positive=3.0, negative=1.0
2025-12-29 00:20:33 - ml.src.pipeline_stages - INFO -   Weight ratio (positive/negative): 3.00x
2025-12-29 00:20:33 - ml.src.training.sequence_xgb_trainer - INFO - Class balance (train): pos=26,791, neg=51,169, imbalance_ratio=1.91
2025-12-29 00:20:33 - ml.src.training.sequence_xgb_trainer - INFO - Applied scale_pos_weight=1.9099 to handle class imbalance
2025-12-29 00:20:33 - ml.src.training.sequence_xgb_trainer - INFO - [POINT 1] Cost-Sensitive Learning: using sample weights (mean=1.6873)
2025-12-29 00:20:33 - ml.src.training.sequence_xgb_trainer - INFO - Training XGBoost classifier...
