2025-12-17 22:31:51 - ml.src.pipeline_config_extended - INFO - Pipeline configuration validated successfully
2025-12-17 22:31:51 - __main__ - INFO - 
================================================================================
2025-12-17 22:31:51 - __main__ - INFO - SEQUENCE XGBoost TRAINING PIPELINE - XAU/USD 1-Minute Data
2025-12-17 22:31:51 - __main__ - INFO - ================================================================================
2025-12-17 22:31:51 - __main__ - INFO - Log file: C:\Users\Arek\Documents\Repos\Traiding\Trading-ML\ml\outputs\logs\sequence_xgb_train_years_2024_20251217_223151.log
2025-12-17 22:31:51 - __main__ - INFO - Start time: 2025-12-17 22:31:51
2025-12-17 22:31:51 - __main__ - INFO - Data years: [2024]
2025-12-17 22:31:51 - __main__ - INFO - 
Pipeline Configuration:
2025-12-17 22:31:51 - __main__ - INFO -   Feature engineering version: v1
2025-12-17 22:31:51 - __main__ - INFO -   Window size: 100 candles
2025-12-17 22:31:51 - __main__ - INFO -   ATR SL multiplier: 0.5x (OPTION B optimized)
2025-12-17 22:31:51 - __main__ - INFO -   ATR TP multiplier: 1.0x (OPTION B optimized)
2025-12-17 22:31:51 - __main__ - INFO -   Min hold time: 5 minutes
2025-12-17 22:31:51 - __main__ - INFO -   Max horizon: 60 candles
2025-12-17 22:31:51 - __main__ - INFO -   Trading session: london_ny
2025-12-17 22:31:51 - __main__ - INFO -   Min precision threshold: 0.85
2025-12-17 22:31:51 - __main__ - INFO -   M5 alignment filter: enabled
2025-12-17 22:31:51 - __main__ - INFO -   Trend filter: enabled
2025-12-17 22:31:51 - __main__ - INFO -   Pullback filter: enabled
2025-12-17 22:31:51 - __main__ - INFO -   Random state: 42
2025-12-17 22:31:51 - __main__ - INFO - ================================================================================

2025-12-17 22:31:51 - ml.src.pipeline_stages - INFO - Loading data from C:\Users\Arek\Documents\Repos\Traiding\Trading-ML\ml\src\data
2025-12-17 22:31:51 - ml.src.data_loading.loaders - INFO - Year filter applied: loading only [2024]
2025-12-17 22:31:51 - ml.src.pipeline_stages - INFO - Loaded 355,661 rows from C:\Users\Arek\Documents\Repos\Traiding\Trading-ML\ml\src\data
2025-12-17 22:31:51 - ml.src.pipeline_stages - INFO - Date range: 2024-01-02 01:00:00 to 2024-12-31 23:46:00
2025-12-17 22:31:51 - ml.src.pipeline_stages - WARNING - window_size parameter is deprecated and ignored (passed: 100)
2025-12-17 22:31:51 - ml.src.pipeline_stages - WARNING - feature_version parameter is deprecated and ignored (passed: v1)
2025-12-17 22:31:51 - ml.src.pipeline_stages - INFO - Engineering technical features (multi-timeframe)...
2025-12-17 22:31:52 - ml.src.pipeline_stages - INFO - Features shape: (355661, 15)
2025-12-17 22:31:52 - ml.src.pipeline_stages - INFO - Feature columns: 15
2025-12-17 22:31:52 - ml.src.pipeline_stages - INFO - Creating targets (SL=0.5×ATR, TP=1.0×ATR, min_hold=5min, max_horizon=60)
2025-12-17 22:31:52 - ml.src.targets.target_maker - INFO - Creating targets (SL/TP simulation) for 355,661 candles...
2025-12-17 22:31:52 - ml.src.targets.target_maker - INFO - Parameters: SL=0.5×ATR, TP=1.0×ATR, min_hold=5min, max_horizon=60min
2025-12-17 22:31:52 - ml.src.targets.target_maker - INFO - Calculating M1 ATR(14) for SL/TP targets (fallback)
2025-12-17 22:31:52 - ml.src.targets.target_maker - INFO - Target creation complete: 355,601 valid targets
2025-12-17 22:31:52 - ml.src.pipeline_stages - INFO - Targets shape: 355601
2025-12-17 22:31:52 - ml.src.pipeline_stages - INFO - Positive class (win): 156,685 (44.06%)
2025-12-17 22:31:52 - ml.src.pipeline_stages - INFO - Negative class (loss): 198,916 (55.94%)
2025-12-17 22:31:52 - ml.src.pipeline_stages - INFO - Creating sequences (window_size=100)...
2025-12-17 22:31:52 - ml.src.pipeline_stages - INFO - Filter config: m5=True, trend=True, pullback=True, max_windows=200,000
2025-12-17 22:31:53 - ml.src.sequences.sequencer - INFO - Applied M5 alignment filter (keeping only candles ending at 4, 9, 14... to trade at 0, 5, 10...)
2025-12-17 22:31:53 - ml.src.sequences.sequencer - WARNING - dist_sma_200 or adx feature not found; skipping trend filter
2025-12-17 22:31:53 - ml.src.sequences.sequencer - INFO - Applied Pullback Filter (RSI_M5 < 75.00): kept 302028/355502 (85.0%)
2025-12-17 22:31:53 - ml.src.sequences.sequencer - INFO - Session filter 'london_ny': keeping 39,067 / 355,502 windows (11.0%)
2025-12-17 22:31:53 - ml.src.pipeline_stages - INFO - Sequences created: X.shape=(39067, 1500), y.shape=(39067,)
2025-12-17 22:31:53 - ml.src.pipeline_stages - INFO - Positive class in sequences: 17,141 (43.88%)
2025-12-17 22:31:53 - ml.src.pipeline_stages - INFO - Splitting data chronologically (train/val/test)...
2025-12-17 22:31:53 - ml.src.pipeline_stages - INFO - Using percentage split (70/15/15) for year_filter=[2024]
2025-12-17 22:31:53 - ml.src.pipeline_stages - INFO - Split sizes: train=27,346, val=5,860, test=5,861
2025-12-17 22:31:53 - ml.src.pipeline_stages - INFO - Scaling features with RobustScaler (robust to outliers)...
2025-12-17 22:31:56 - ml.src.pipeline_stages - INFO - Feature scaling complete: mean=-0.3566, std=4.4261
2025-12-17 22:31:56 - ml.src.pipeline_stages - INFO - Training XGBoost classifier...
2025-12-17 22:31:56 - ml.src.training.sequence_xgb_trainer - INFO - Class balance (train): pos=11,917, neg=15,429, imbalance_ratio=1.29
2025-12-17 22:31:56 - ml.src.training.sequence_xgb_trainer - INFO - Applied scale_pos_weight=1.2947 to handle class imbalance
2025-12-17 22:31:56 - ml.src.training.sequence_xgb_trainer - INFO - Training XGBoost classifier...
