2025-12-17 19:02:11 - ml.src.pipeline_config_extended - INFO - Pipeline configuration validated successfully
2025-12-17 19:02:11 - __main__ - INFO - 
================================================================================
2025-12-17 19:02:11 - __main__ - INFO - SEQUENCE XGBoost TRAINING PIPELINE - XAU/USD 1-Minute Data
2025-12-17 19:02:11 - __main__ - INFO - ================================================================================
2025-12-17 19:02:11 - __main__ - INFO - Log file: C:\Users\Arek\Documents\Repos\Traiding\Trading-ML\ml\outputs\logs\sequence_xgb_train_all_years_20251217_190211.log
2025-12-17 19:02:11 - __main__ - INFO - Start time: 2025-12-17 19:02:11
2025-12-17 19:02:11 - __main__ - INFO - Data years: All available years
2025-12-17 19:02:11 - __main__ - INFO - 
Pipeline Configuration:
2025-12-17 19:02:11 - __main__ - INFO -   Feature engineering version: v2
2025-12-17 19:02:11 - __main__ - INFO -   Window size: 60 candles
2025-12-17 19:02:11 - __main__ - INFO -   ATR SL multiplier: 0.1x (OPTION B optimized)
2025-12-17 19:02:11 - __main__ - INFO -   ATR TP multiplier: 0.2x (OPTION B optimized)
2025-12-17 19:02:11 - __main__ - INFO -   Min hold time: 5 minutes
2025-12-17 19:02:11 - __main__ - INFO -   Max horizon: 60 candles
2025-12-17 19:02:11 - __main__ - INFO -   Trading session: london_ny
2025-12-17 19:02:11 - __main__ - INFO -   Min precision threshold: 0.85
2025-12-17 19:02:11 - __main__ - INFO -   M5 alignment filter: enabled
2025-12-17 19:02:11 - __main__ - INFO -   Trend filter: enabled
2025-12-17 19:02:11 - __main__ - INFO -   Pullback filter: enabled
2025-12-17 19:02:11 - __main__ - INFO -   Random state: 42
2025-12-17 19:02:11 - __main__ - INFO - ================================================================================

2025-12-17 19:02:11 - ml.src.pipeline_stages - INFO - Loading data from C:\Users\Arek\Documents\Repos\Traiding\Trading-ML\ml\src\data
2025-12-17 19:02:28 - ml.src.pipeline_stages - INFO - Loaded 6,695,760 rows from C:\Users\Arek\Documents\Repos\Traiding\Trading-ML\ml\src\data
2025-12-17 19:02:28 - ml.src.pipeline_stages - INFO - Date range: 2004-06-11 07:18:00 to 2025-12-01 04:19:00
2025-12-17 19:02:28 - ml.src.pipeline_stages - INFO - Engineering technical features (version=v2, window_size=60)...
2025-12-17 19:02:28 - ml.src.features.engineer_v2 - INFO - Engineering features for 6,695,760 candles (V2 - Multi-TF Focus)...
2025-12-17 19:02:28 - ml.src.features.engineer_v2 - INFO - Computing M5 features...
2025-12-17 19:02:37 - ml.src.features.engineer_v2 - INFO - Computing M15 features...
2025-12-17 19:02:43 - ml.src.features.engineer_v2 - INFO - Computing M60 features...
