2025-12-29 00:54:15 - ml.src.pipeline_config_extended - INFO - Pipeline configuration validated successfully
2025-12-29 00:54:15 - __main__ - INFO - 
================================================================================
2025-12-29 00:54:15 - __main__ - INFO - SEQUENCE XGBoost TRAINING PIPELINE - XAU/USD 1-Minute Data
2025-12-29 00:54:15 - __main__ - INFO - ================================================================================
2025-12-29 00:54:15 - __main__ - INFO - Log file: C:\Users\Arek\Documents\Repos\Traiding\Trading-ML\ml\outputs\logs\sequence_xgb_train_years_2021_2022_2023_2024_2025_20251229_005415.log
2025-12-29 00:54:15 - __main__ - INFO - Start time: 2025-12-29 00:54:15
2025-12-29 00:54:15 - __main__ - INFO - Data years: [2021, 2022, 2023, 2024, 2025]
2025-12-29 00:54:15 - __main__ - INFO - 
Pipeline Configuration:
2025-12-29 00:54:15 - __main__ - INFO -   Feature engineering version: v1
2025-12-29 00:54:15 - __main__ - INFO -   Window size: 60 candles
2025-12-29 00:54:15 - __main__ - INFO -   ATR SL multiplier: 1.0x (from risk_config.py)
2025-12-29 00:54:15 - __main__ - INFO -   ATR TP multiplier: 2.0x (from risk_config.py)
2025-12-29 00:54:15 - __main__ - INFO -   Min hold time: 3 M5 candles
2025-12-29 00:54:15 - __main__ - INFO -   Max horizon: 60 M5 candles
2025-12-29 00:54:15 - __main__ - INFO -   Trading session: london_ny
2025-12-29 00:54:15 - __main__ - INFO -   Threshold optimization: HYBRID (EV with precision AND recall floors)
2025-12-29 00:54:15 - __main__ - INFO -     - Min precision: 0.65
2025-12-29 00:54:15 - __main__ - INFO -     - Min recall: 0.35
2025-12-29 00:54:15 - __main__ - INFO -     - Win coefficient: 1.0
2025-12-29 00:54:15 - __main__ - INFO -     - Loss coefficient: -1.0
2025-12-29 00:54:15 - __main__ - INFO -   M5 alignment filter: disabled
2025-12-29 00:54:15 - __main__ - INFO -   Trend filter: enabled
2025-12-29 00:54:15 - __main__ - INFO -   Pullback filter: disabled
2025-12-29 00:54:15 - __main__ - INFO -   Random state: 42
2025-12-29 00:54:15 - __main__ - INFO - ================================================================================

2025-12-29 00:54:15 - ml.src.pipeline_stages - INFO - Loading data from C:\Users\Arek\Documents\Repos\Traiding\Trading-ML\ml\src\data
2025-12-29 00:54:15 - ml.src.data_loading.loaders - INFO - Year filter applied: loading only [2021, 2022, 2023, 2024, 2025]
2025-12-29 00:54:17 - ml.src.pipeline_stages - INFO - Loaded 1,493,292 rows from C:\Users\Arek\Documents\Repos\Traiding\Trading-ML\ml\src\data
2025-12-29 00:54:17 - ml.src.pipeline_stages - INFO - Date range: 2021-01-04 01:05:00 to 2025-11-28 19:43:00
2025-12-29 00:54:17 - ml.src.pipeline_stages - WARNING - feature_version parameter is deprecated and ignored (passed: v1)
2025-12-29 00:54:17 - ml.src.pipeline_stages - INFO - Aggregating M1 data to M5 timeframe...
2025-12-29 00:54:17 - ml.src.features.engineer_m5 - INFO - Aggregating 1493292 M1 candles to M5...
2025-12-29 00:54:17 - ml.src.features.engineer_m5 - INFO - Aggregated to 299005 M5 candles (5.0x compression)
2025-12-29 00:54:17 - ml.src.pipeline_stages - INFO - Aggregated 1,493,292 M1 candles → 299,005 M5 candles (20.0% compression)
2025-12-29 00:54:17 - ml.src.pipeline_stages - INFO - Engineering technical features on M5 timeframe (with M15/M60 context)...
2025-12-29 00:54:17 - ml.src.features.engineer_m5 - INFO - Engineering M5 features...
2025-12-29 00:54:17 - ml.src.features.engineer_m5 - INFO - Aggregating 299005 M1 candles to M5...
2025-12-29 00:54:17 - ml.src.features.engineer_m5 - INFO - Aggregated to 299005 M5 candles (1.0x compression)
2025-12-29 00:54:17 - ml.src.features.engineer_m5 - INFO - Computing M5 primary features...
2025-12-29 00:54:33 - ml.src.features.engineer_m5 - INFO - Computing M15 context from M5...
2025-12-29 00:54:39 - ml.src.features.engineer_m5 - INFO - Computing M60 context from M5...
2025-12-29 00:54:40 - ml.src.features.engineer_m5 - INFO - M5 feature engineering complete: 299003 rows × 28 features
2025-12-29 00:54:40 - ml.src.features.engineer_m5 - INFO - Timeframe: M5 (5-minute candles)
2025-12-29 00:54:40 - ml.src.features.engineer_m5 - INFO - Date range: 2021-01-04 01:15:00 to 2025-11-28 19:40:00
2025-12-29 00:54:40 - ml.src.pipeline_stages - INFO - Features shape: (299003, 28)
2025-12-29 00:54:40 - ml.src.pipeline_stages - INFO - Feature columns: 28
2025-12-29 00:54:41 - ml.src.features.engineer_m5 - INFO - Aggregating 1493279 M1 candles to M5...
2025-12-29 00:54:41 - ml.src.features.engineer_m5 - INFO - Aggregated to 299003 M5 candles (5.0x compression)
2025-12-29 00:54:41 - ml.src.pipeline_stages - INFO - Creating targets on M5 timeframe (SL=1.0×ATR, TP=2.0×ATR, min_hold=3 M5 candles, max_horizon=60 M5 candles)
2025-12-29 00:54:41 - ml.src.targets.target_maker - INFO - Creating targets (SL/TP simulation) for 299,003 candles...
2025-12-29 00:54:41 - ml.src.targets.target_maker - INFO - Parameters: SL=1.0×ATR, TP=2.0×ATR, min_hold=3min, max_horizon=60min
2025-12-29 00:54:41 - ml.src.targets.target_maker - INFO - No precomputed ATR column found; calculating ATR (14) on provided timeframe
2025-12-29 00:54:41 - ml.src.targets.target_maker - INFO - Target creation complete: 298,943 valid targets
2025-12-29 00:54:41 - ml.src.pipeline_stages - INFO - Targets shape: 298943
2025-12-29 00:54:41 - ml.src.pipeline_stages - INFO - Positive class (win): 105,681 (35.35%)
2025-12-29 00:54:41 - ml.src.pipeline_stages - INFO - Negative class (loss): 193,262 (64.65%)
2025-12-29 00:54:41 - ml.src.pipeline_stages - INFO - Creating sequences on M5 timeframe (window_size=60 M5 candles = 300 minutes)...
2025-12-29 00:54:41 - ml.src.pipeline_stages - INFO - Filter config: m5_alignment=False (already M5), trend=True, pullback=False, max_windows=200,000
2025-12-29 00:54:41 - ml.src.sequences.sequencer - INFO - M5 alignment filter disabled; keeping all timestamps irrespective of minute alignment
2025-12-29 00:54:41 - ml.src.sequences.sequencer - INFO - Applied Trend Filter (dist_sma_200 > 0.00, ADX > 15.00): kept 145423/298884 (48.7%)
2025-12-29 00:54:41 - ml.src.sequences.sequencer - INFO - Pullback filter disabled; not constraining RSI_M5
2025-12-29 00:54:41 - ml.src.sequences.sequencer - INFO - Session filter 'london_ny': keeping 89,077 / 298,884 windows (29.8%)
2025-12-29 00:54:41 - ml.src.pipeline_stages - INFO - Sequences created: X.shape=(89077, 1680), y.shape=(89077,)
2025-12-29 00:54:41 - ml.src.pipeline_stages - INFO - Positive class in sequences: 30,833 (34.61%)
2025-12-29 00:54:41 - ml.src.pipeline_stages - INFO - Using chronological 3-way split (train/val/test)...
2025-12-29 00:54:41 - ml.src.pipeline_stages - INFO - Using percentage split (70/15/15) for year_filter=[2021, 2022, 2023, 2024, 2025]
2025-12-29 00:54:41 - ml.src.pipeline_stages - INFO - Split sizes: train=62,353, val=13,362, test=13,362
2025-12-29 00:54:41 - ml.src.pipeline_stages - INFO - Class distribution validation:
2025-12-29 00:54:41 - ml.src.pipeline_stages - INFO -   TRAIN: pos=21,280 (34.1%), neg=41,073 (65.9%)
2025-12-29 00:54:41 - ml.src.pipeline_stages - INFO -   VAL: pos=4,961 (37.1%), neg=8,401 (62.9%)
2025-12-29 00:54:41 - ml.src.pipeline_stages - INFO -   TEST: pos=4,592 (34.4%), neg=8,770 (65.6%)
2025-12-29 00:54:41 - ml.src.pipeline_stages - INFO -   Max difference in positive class: 3.0% (tolerance: 10.0%)
2025-12-29 00:54:41 - ml.src.pipeline_stages - INFO -   ✅ Class distributions are stable (max diff: 3.0% < 10.0%)
2025-12-29 00:54:41 - ml.src.pipeline_stages - WARNING - ⚠️  118 sequences cross temporal boundaries (potential data leakage)
2025-12-29 00:54:41 - ml.src.pipeline_stages - WARNING -    Removing 118 sequences to prevent data leakage
2025-12-29 00:54:41 - ml.src.pipeline_stages - INFO - Removing 118 boundary-crossing sequences...
2025-12-29 00:54:42 - ml.src.pipeline_stages - INFO - After removal: train=62,271, val=13,344, test=13,344
2025-12-29 00:54:42 - ml.src.pipeline_stages - INFO - Scaling features with RobustScaler (robust to outliers)...
2025-12-29 00:54:50 - ml.src.pipeline_stages - INFO - Feature scaling complete: mean=0.0102, std=0.7527
2025-12-29 00:54:50 - ml.src.pipeline_stages - INFO - Training XGBoost model...
2025-12-29 00:54:50 - ml.src.pipeline_stages - INFO - 
[POINT 1 OPTIMIZATION] Applying cost-sensitive learning...
2025-12-29 00:54:50 - ml.src.pipeline_stages - INFO -   Sample weights: positive=2.0, negative=1.0
2025-12-29 00:54:50 - ml.src.pipeline_stages - INFO -   Weight ratio (positive/negative): 2.00x
2025-12-29 00:54:50 - ml.src.training.sequence_xgb_trainer - INFO - Class balance (train): pos=21,249, neg=41,022, imbalance_ratio=1.93
2025-12-29 00:54:50 - ml.src.training.sequence_xgb_trainer - INFO - Applied scale_pos_weight=1.9305 to handle class imbalance
2025-12-29 00:54:50 - ml.src.training.sequence_xgb_trainer - INFO - [POINT 1] Cost-Sensitive Learning: using sample weights (mean=1.3412)
2025-12-29 00:54:50 - ml.src.training.sequence_xgb_trainer - INFO - Training XGBoost classifier...
2025-12-29 01:01:11 - ml.src.training.sequence_xgb_trainer - INFO - Training completed
2025-12-29 01:01:11 - ml.src.pipeline_stages - INFO - Model training complete
2025-12-29 01:01:11 - ml.src.pipeline_stages - INFO - Optimizing decision threshold on VAL set...
2025-12-29 01:01:12 - ml.src.training.sequence_evaluation - INFO - Running threshold optimization on VAL set...
2025-12-29 01:01:15 - ml.src.training.sequence_evaluation - INFO - 
Top 5 thresholds on VAL set:
2025-12-29 01:01:15 - ml.src.training.sequence_evaluation - INFO -   T=0.62: Precision=0.6511, Recall=0.6177, F1=0.6340, Score=1.0000
2025-12-29 01:01:15 - ml.src.training.sequence_evaluation - INFO -   T=0.62: Precision=0.6525, Recall=0.6146, F1=0.6330, Score=1.0000
2025-12-29 01:01:15 - ml.src.training.sequence_evaluation - INFO -   T=0.63: Precision=0.6541, Recall=0.6116, F1=0.6321, Score=1.0000
2025-12-29 01:01:15 - ml.src.training.sequence_evaluation - INFO -   T=0.63: Precision=0.6546, Recall=0.6078, F1=0.6303, Score=1.0000
2025-12-29 01:01:15 - ml.src.training.sequence_evaluation - INFO -   T=0.63: Precision=0.6567, Recall=0.6052, F1=0.6299, Score=1.0000
2025-12-29 01:01:15 - ml.src.pipeline_stages - INFO - Optimal threshold: 0.6232 (Score=1.0000 on VAL)
2025-12-29 01:01:15 - ml.src.pipeline_stages - INFO - Evaluating on TEST set with optimized threshold...
2025-12-29 01:01:15 - ml.src.training.sequence_evaluation - INFO - Probability stats: min=0.0014, max=0.9827, mean=0.4547, std=0.2533
2025-12-29 01:01:15 - ml.src.training.sequence_evaluation - INFO - Using fixed threshold: 0.6232
2025-12-29 01:01:15 - ml.src.training.sequence_evaluation - INFO - Confusion matrix@thr=0.6232:
2025-12-29 01:01:15 - ml.src.training.sequence_evaluation - INFO -   [[TN=7851, FP=904],
2025-12-29 01:01:15 - ml.src.training.sequence_evaluation - INFO -    [FN=2663, TP=1926]]
2025-12-29 01:01:15 - ml.src.training.sequence_evaluation - INFO - 
TEST SET EVALUATION:
2025-12-29 01:01:15 - ml.src.training.sequence_evaluation - INFO -   Precision: 0.6806
2025-12-29 01:01:15 - ml.src.training.sequence_evaluation - INFO -   Recall:    0.4197
2025-12-29 01:01:15 - ml.src.training.sequence_evaluation - INFO -   F1:        0.5192
2025-12-29 01:01:15 - ml.src.training.sequence_evaluation - INFO -   ROC-AUC:   0.7894
2025-12-29 01:01:15 - ml.src.pipeline_stages - INFO - Final TEST metrics: threshold=0.6232, win_rate=0.6806 (68.06%), precision=0.6806, recall=0.4197, f1=0.5192, roc_auc=0.7894, pr_auc=0.6787
2025-12-29 01:01:15 - ml.src.pipeline_stages - INFO - Saving artifacts...
2025-12-29 01:01:15 - ml.src.training.sequence_artifacts - INFO - Saved model to sequence_xgb_model.pkl
2025-12-29 01:01:15 - ml.src.training.sequence_artifacts - INFO - Saved scaler to sequence_scaler.pkl (required for inference)
2025-12-29 01:01:15 - ml.src.training.sequence_artifacts - INFO - Saved feature columns to sequence_feature_columns.json
2025-12-29 01:01:15 - ml.src.training.sequence_artifacts - INFO - Saved metadata to sequence_threshold.json (analysis_window=7 days)
2025-12-29 01:01:15 - ml.src.training.sequence_artifacts - INFO - Analyzing feature importance...
2025-12-29 01:01:15 - ml.src.training.sequence_feature_analysis - INFO - 
Top 30 most important features:
2025-12-29 01:01:15 - ml.src.training.sequence_feature_analysis - INFO -    1. t-9_bb_pos_m60                           = 0.004971
2025-12-29 01:01:15 - ml.src.training.sequence_feature_analysis - INFO -    2. t-10_bb_pos_m60                          = 0.004631
2025-12-29 01:01:15 - ml.src.training.sequence_feature_analysis - INFO -    3. t-11_bb_pos_m60                          = 0.004159
2025-12-29 01:01:15 - ml.src.training.sequence_feature_analysis - INFO -    4. t-1_bb_pos_m60                           = 0.004053
2025-12-29 01:01:15 - ml.src.training.sequence_feature_analysis - INFO -    5. t-8_bb_pos_m60                           = 0.003974
2025-12-29 01:01:15 - ml.src.training.sequence_feature_analysis - INFO -    6. t-0_bb_pos_m60                           = 0.003901
2025-12-29 01:01:15 - ml.src.training.sequence_feature_analysis - INFO -    7. t-0_dist_sma_200_m5                      = 0.002488
2025-12-29 01:01:15 - ml.src.training.sequence_feature_analysis - INFO -    8. t-2_cvd_m15                              = 0.002410
2025-12-29 01:01:15 - ml.src.training.sequence_feature_analysis - INFO -    9. t-0_dist_sma_200                         = 0.002219
2025-12-29 01:01:15 - ml.src.training.sequence_feature_analysis - INFO -   10. t-12_bb_pos_m60                          = 0.002170
2025-12-29 01:01:15 - ml.src.training.sequence_feature_analysis - INFO -   11. t-7_bb_pos_m60                           = 0.002025
2025-12-29 01:01:15 - ml.src.training.sequence_feature_analysis - INFO -   12. t-0_rsi_m60                              = 0.001973
2025-12-29 01:01:15 - ml.src.training.sequence_feature_analysis - INFO -   13. t-2_dist_sma_20_m15                      = 0.001908
2025-12-29 01:01:15 - ml.src.training.sequence_feature_analysis - INFO -   14. t-11_cvd_m60                             = 0.001836
2025-12-29 01:01:15 - ml.src.training.sequence_feature_analysis - INFO -   15. t-20_sma_200                             = 0.001781
2025-12-29 01:01:15 - ml.src.training.sequence_feature_analysis - INFO -   16. t-0_stoch_k_m5                           = 0.001706
2025-12-29 01:01:15 - ml.src.training.sequence_feature_analysis - INFO -   17. t-6_bb_pos_m60                           = 0.001687
2025-12-29 01:01:15 - ml.src.training.sequence_feature_analysis - INFO -   18. t-18_bb_pos_m60                          = 0.001566
2025-12-29 01:01:15 - ml.src.training.sequence_feature_analysis - INFO -   19. t-12_cvd_m60                             = 0.001560
2025-12-29 01:01:15 - ml.src.training.sequence_feature_analysis - INFO -   20. t-22_bb_pos_m60                          = 0.001559
2025-12-29 01:01:15 - ml.src.training.sequence_feature_analysis - INFO -   21. t-2_bb_pos_m15                           = 0.001548
2025-12-29 01:01:15 - ml.src.training.sequence_feature_analysis - INFO -   22. t-1_bb_pos_m15                           = 0.001529
2025-12-29 01:01:15 - ml.src.training.sequence_feature_analysis - INFO -   23. t-3_bb_pos_m60                           = 0.001525
2025-12-29 01:01:15 - ml.src.training.sequence_feature_analysis - INFO -   24. t-3_dist_sma_20_m15                      = 0.001483
2025-12-29 01:01:15 - ml.src.training.sequence_feature_analysis - INFO -   25. t-11_rsi_m60                             = 0.001461
2025-12-29 01:01:15 - ml.src.training.sequence_feature_analysis - INFO -   26. t-16_bb_pos_m60                          = 0.001441
2025-12-29 01:01:15 - ml.src.training.sequence_feature_analysis - INFO -   27. t-13_cvd_m60                             = 0.001422
2025-12-29 01:01:15 - ml.src.training.sequence_feature_analysis - INFO -   28. t-7_rsi_m60                              = 0.001392
2025-12-29 01:01:15 - ml.src.training.sequence_feature_analysis - INFO -   29. t-24_bb_pos_m60                          = 0.001389
2025-12-29 01:01:15 - ml.src.training.sequence_feature_analysis - INFO -   30. t-17_dist_sma_20_m15                     = 0.001373
2025-12-29 01:01:15 - ml.src.training.sequence_feature_analysis - INFO - 
Aggregated importance by feature type:
2025-12-29 01:01:15 - ml.src.training.sequence_feature_analysis - INFO -   bb_pos_m60                     = 0.077433
2025-12-29 01:01:15 - ml.src.training.sequence_feature_analysis - INFO -   rsi_m60                        = 0.053846
2025-12-29 01:01:15 - ml.src.training.sequence_feature_analysis - INFO -   cvd_m60                        = 0.049449
2025-12-29 01:01:15 - ml.src.training.sequence_feature_analysis - INFO -   sma_200                        = 0.048991
2025-12-29 01:01:15 - ml.src.training.sequence_feature_analysis - INFO -   atr_m5                         = 0.044126
2025-12-29 01:01:15 - ml.src.training.sequence_feature_analysis - INFO -   obv_m60                        = 0.043855
2025-12-29 01:01:15 - ml.src.training.sequence_feature_analysis - INFO -   cvd_m15                        = 0.042276
2025-12-29 01:01:15 - ml.src.training.sequence_feature_analysis - INFO -   dist_sma_200_m15               = 0.042190
2025-12-29 01:01:15 - ml.src.training.sequence_feature_analysis - INFO -   dist_sma_20_m15                = 0.040541
2025-12-29 01:01:15 - ml.src.training.sequence_feature_analysis - INFO -   volume_m15_norm                = 0.038264
2025-12-29 01:01:15 - ml.src.training.sequence_artifacts - INFO - Saved feature importance to sequence_feature_importance.json
2025-12-29 01:01:15 - ml.src.pipeline_stages - INFO - Artifacts saved to C:\Users\Arek\Documents\Repos\Traiding\Trading-ML\ml\outputs\models
2025-12-29 01:01:16 - __main__ - INFO - 
================================================================================
2025-12-29 01:01:16 - __main__ - INFO - TRAINING COMPLETE - SUMMARY
2025-12-29 01:01:16 - __main__ - INFO - ================================================================================
2025-12-29 01:01:16 - __main__ - INFO - End time: 2025-12-29 01:01:16
2025-12-29 01:01:16 - __main__ - INFO - 
Final Metrics:
2025-12-29 01:01:16 - __main__ - INFO -   Window Size:       60 candles
2025-12-29 01:01:16 - __main__ - INFO -   Threshold:         0.6232
2025-12-29 01:01:16 - __main__ - INFO -   WIN RATE:          0.6806 (68.06%)
2025-12-29 01:01:16 - __main__ - INFO -   Precision:         0.6806
2025-12-29 01:01:16 - __main__ - INFO -   Recall:            0.4197
2025-12-29 01:01:16 - __main__ - INFO -   F1 Score:          0.5192
2025-12-29 01:01:16 - __main__ - INFO -   ROC-AUC:           0.7894
2025-12-29 01:01:16 - __main__ - INFO -   PR-AUC:            0.6787
2025-12-29 01:01:16 - __main__ - INFO - 
Artifacts saved to: C:\Users\Arek\Documents\Repos\Traiding\Trading-ML\ml\outputs\models
2025-12-29 01:01:16 - __main__ - INFO - ================================================================================
