2025-12-17 22:39:26 - ml.src.pipeline_config_extended - INFO - Pipeline configuration validated successfully
2025-12-17 22:39:26 - __main__ - INFO - 
================================================================================
2025-12-17 22:39:26 - __main__ - INFO - SEQUENCE XGBoost TRAINING PIPELINE - XAU/USD 1-Minute Data
2025-12-17 22:39:26 - __main__ - INFO - ================================================================================
2025-12-17 22:39:26 - __main__ - INFO - Log file: C:\Users\Arek\Documents\Repos\Traiding\Trading-ML\ml\outputs\logs\sequence_xgb_train_years_2024_20251217_223926.log
2025-12-17 22:39:26 - __main__ - INFO - Start time: 2025-12-17 22:39:26
2025-12-17 22:39:26 - __main__ - INFO - Data years: [2024]
2025-12-17 22:39:26 - __main__ - INFO - 
Pipeline Configuration:
2025-12-17 22:39:26 - __main__ - INFO -   Feature engineering version: v1
2025-12-17 22:39:26 - __main__ - INFO -   Window size: 100 candles
2025-12-17 22:39:26 - __main__ - INFO -   ATR SL multiplier: 0.5x (OPTION B optimized)
2025-12-17 22:39:26 - __main__ - INFO -   ATR TP multiplier: 1.0x (OPTION B optimized)
2025-12-17 22:39:26 - __main__ - INFO -   Min hold time: 5 minutes
2025-12-17 22:39:26 - __main__ - INFO -   Max horizon: 60 candles
2025-12-17 22:39:26 - __main__ - INFO -   Trading session: london_ny
2025-12-17 22:39:26 - __main__ - INFO -   Min precision threshold: 0.85
2025-12-17 22:39:26 - __main__ - INFO -   M5 alignment filter: enabled
2025-12-17 22:39:26 - __main__ - INFO -   Trend filter: enabled
2025-12-17 22:39:26 - __main__ - INFO -   Pullback filter: enabled
2025-12-17 22:39:26 - __main__ - INFO -   Random state: 42
2025-12-17 22:39:26 - __main__ - INFO - ================================================================================

2025-12-17 22:39:26 - ml.src.pipeline_stages - INFO - Loading data from C:\Users\Arek\Documents\Repos\Traiding\Trading-ML\ml\src\data
2025-12-17 22:39:26 - ml.src.data_loading.loaders - INFO - Year filter applied: loading only [2024]
2025-12-17 22:39:26 - ml.src.pipeline_stages - INFO - Loaded 355,661 rows from C:\Users\Arek\Documents\Repos\Traiding\Trading-ML\ml\src\data
2025-12-17 22:39:26 - ml.src.pipeline_stages - INFO - Date range: 2024-01-02 01:00:00 to 2024-12-31 23:46:00
2025-12-17 22:39:26 - ml.src.pipeline_stages - WARNING - window_size parameter is deprecated and ignored (passed: 100)
2025-12-17 22:39:26 - ml.src.pipeline_stages - WARNING - feature_version parameter is deprecated and ignored (passed: v1)
2025-12-17 22:39:26 - ml.src.pipeline_stages - INFO - Engineering technical features (multi-timeframe)...
2025-12-17 22:39:27 - ml.src.pipeline_stages - INFO - Features shape: (355661, 15)
2025-12-17 22:39:27 - ml.src.pipeline_stages - INFO - Feature columns: 15
2025-12-17 22:39:27 - ml.src.pipeline_stages - INFO - Creating targets (SL=0.5×ATR, TP=1.0×ATR, min_hold=5min, max_horizon=60)
2025-12-17 22:39:27 - ml.src.targets.target_maker - INFO - Creating targets (SL/TP simulation) for 355,661 candles...
2025-12-17 22:39:27 - ml.src.targets.target_maker - INFO - Parameters: SL=0.5×ATR, TP=1.0×ATR, min_hold=5min, max_horizon=60min
2025-12-17 22:39:27 - ml.src.targets.target_maker - INFO - Calculating M1 ATR(14) for SL/TP targets (fallback)
2025-12-17 22:39:27 - ml.src.targets.target_maker - INFO - Target creation complete: 355,601 valid targets
2025-12-17 22:39:27 - ml.src.pipeline_stages - INFO - Targets shape: 355601
2025-12-17 22:39:27 - ml.src.pipeline_stages - INFO - Positive class (win): 156,685 (44.06%)
2025-12-17 22:39:27 - ml.src.pipeline_stages - INFO - Negative class (loss): 198,916 (55.94%)
2025-12-17 22:39:27 - ml.src.pipeline_stages - INFO - Creating sequences (window_size=100)...
2025-12-17 22:39:27 - ml.src.pipeline_stages - INFO - Filter config: m5=True, trend=True, pullback=True, max_windows=200,000
2025-12-17 22:39:27 - ml.src.sequences.sequencer - INFO - Applied M5 alignment filter (keeping only candles ending at 4, 9, 14... to trade at 0, 5, 10...)
2025-12-17 22:39:27 - ml.src.sequences.sequencer - WARNING - dist_sma_200 or adx feature not found; skipping trend filter
2025-12-17 22:39:27 - ml.src.sequences.sequencer - INFO - Applied Pullback Filter (RSI_M5 < 75.00): kept 302028/355502 (85.0%)
2025-12-17 22:39:27 - ml.src.sequences.sequencer - INFO - Session filter 'london_ny': keeping 39,067 / 355,502 windows (11.0%)
2025-12-17 22:39:28 - ml.src.pipeline_stages - INFO - Sequences created: X.shape=(39067, 1500), y.shape=(39067,)
2025-12-17 22:39:28 - ml.src.pipeline_stages - INFO - Positive class in sequences: 17,141 (43.88%)
2025-12-17 22:39:28 - ml.src.pipeline_stages - INFO - Splitting data chronologically (train/val/test)...
2025-12-17 22:39:28 - ml.src.pipeline_stages - INFO - Using percentage split (70/15/15) for year_filter=[2024]
2025-12-17 22:39:28 - ml.src.pipeline_stages - INFO - Split sizes: train=27,346, val=5,860, test=5,861
2025-12-17 22:39:28 - ml.src.pipeline_stages - INFO - Scaling features with RobustScaler (robust to outliers)...
2025-12-17 22:39:30 - ml.src.pipeline_stages - INFO - Feature scaling complete: mean=-0.3566, std=4.4261
2025-12-17 22:39:30 - ml.src.pipeline_stages - INFO - Training XGBoost classifier...
2025-12-17 22:39:30 - ml.src.training.sequence_xgb_trainer - INFO - Class balance (train): pos=11,917, neg=15,429, imbalance_ratio=1.29
2025-12-17 22:39:30 - ml.src.training.sequence_xgb_trainer - INFO - Applied scale_pos_weight=1.2947 to handle class imbalance
2025-12-17 22:39:30 - ml.src.training.sequence_xgb_trainer - INFO - Training XGBoost classifier...
2025-12-17 22:42:30 - ml.src.training.sequence_xgb_trainer - INFO - Training completed
2025-12-17 22:42:30 - ml.src.pipeline_stages - INFO - Evaluating model on test set...
2025-12-17 22:42:30 - ml.src.training.sequence_evaluation - INFO - Probability stats: min=0.0081, max=0.9896, mean=0.4687, std=0.2605
2025-12-17 22:42:30 - ml.src.training.sequence_evaluation - INFO - Confusion matrix@thr=0.71:
2025-12-17 22:42:30 - ml.src.training.sequence_evaluation - INFO -   [[TN=3126, FP=177],
2025-12-17 22:42:30 - ml.src.training.sequence_evaluation - INFO -    [FN=1535, TP=1023]]
2025-12-17 22:42:30 - ml.src.pipeline_stages - INFO - Evaluation metrics: threshold=0.71, win_rate=0.8525 (85.25%), precision=0.8525, recall=0.3999, f1=0.5444, roc_auc=0.8145, pr_auc=0.7824
2025-12-17 22:42:30 - ml.src.pipeline_stages - INFO - Saving artifacts...
2025-12-17 22:42:30 - ml.src.training.sequence_artifacts - INFO - Saved model to sequence_xgb_model.pkl
2025-12-17 22:42:30 - ml.src.training.sequence_artifacts - INFO - Saved scaler to sequence_scaler.pkl (required for inference)
2025-12-17 22:42:30 - ml.src.training.sequence_artifacts - INFO - Saved feature columns to sequence_feature_columns.json
2025-12-17 22:42:30 - ml.src.training.sequence_artifacts - INFO - Saved metadata to sequence_threshold.json
2025-12-17 22:42:30 - ml.src.training.sequence_artifacts - INFO - Analyzing feature importance...
2025-12-17 22:42:30 - ml.src.training.sequence_feature_analysis - INFO - 
Top 30 most important features:
2025-12-17 22:42:30 - ml.src.training.sequence_feature_analysis - INFO -    1. t-0_rsi_m15                              = 0.032153
2025-12-17 22:42:30 - ml.src.training.sequence_feature_analysis - INFO -    2. t-2_bb_pos_m15                           = 0.014733
2025-12-17 22:42:30 - ml.src.training.sequence_feature_analysis - INFO -    3. t-1_bb_pos_m15                           = 0.010346
2025-12-17 22:42:30 - ml.src.training.sequence_feature_analysis - INFO -    4. t-0_dist_sma_20_m15                      = 0.007173
2025-12-17 22:42:30 - ml.src.training.sequence_feature_analysis - INFO -    5. t-0_bb_pos_m15                           = 0.006877
2025-12-17 22:42:30 - ml.src.training.sequence_feature_analysis - INFO -    6. t-1_dist_sma_20_m15                      = 0.005888
2025-12-17 22:42:30 - ml.src.training.sequence_feature_analysis - INFO -    7. t-60_rsi_m15                             = 0.003851
2025-12-17 22:42:30 - ml.src.training.sequence_feature_analysis - INFO -    8. t-0_dist_sma_20_m5                       = 0.003768
2025-12-17 22:42:30 - ml.src.training.sequence_feature_analysis - INFO -    9. t-0_rsi_m5                               = 0.003518
2025-12-17 22:42:30 - ml.src.training.sequence_feature_analysis - INFO -   10. t-2_dist_sma_20_m15                      = 0.003444
2025-12-17 22:42:30 - ml.src.training.sequence_feature_analysis - INFO -   11. t-3_bb_pos_m15                           = 0.003367
2025-12-17 22:42:30 - ml.src.training.sequence_feature_analysis - INFO -   12. t-31_bb_pos_m60                          = 0.003294
2025-12-17 22:42:30 - ml.src.training.sequence_feature_analysis - INFO -   13. t-1_dist_sma_20_m5                       = 0.003146
2025-12-17 22:42:30 - ml.src.training.sequence_feature_analysis - INFO -   14. t-0_bb_pos_m5                            = 0.003135
2025-12-17 22:42:30 - ml.src.training.sequence_feature_analysis - INFO -   15. t-5_bb_pos_m15                           = 0.003052
2025-12-17 22:42:30 - ml.src.training.sequence_feature_analysis - INFO -   16. t-56_bb_pos_m60                          = 0.002819
2025-12-17 22:42:30 - ml.src.training.sequence_feature_analysis - INFO -   17. t-10_bb_pos_m15                          = 0.002431
2025-12-17 22:42:30 - ml.src.training.sequence_feature_analysis - INFO -   18. t-10_rsi_m15                             = 0.002339
2025-12-17 22:42:30 - ml.src.training.sequence_feature_analysis - INFO -   19. t-0_dist_sma_20                          = 0.002314
2025-12-17 22:42:30 - ml.src.training.sequence_feature_analysis - INFO -   20. t-5_rsi_m15                              = 0.002312
2025-12-17 22:42:30 - ml.src.training.sequence_feature_analysis - INFO -   21. t-28_bb_pos_m60                          = 0.002298
2025-12-17 22:42:30 - ml.src.training.sequence_feature_analysis - INFO -   22. t-2_bb_pos_m5                            = 0.002288
2025-12-17 22:42:30 - ml.src.training.sequence_feature_analysis - INFO -   23. t-2_dist_sma_20_m5                       = 0.002283
2025-12-17 22:42:30 - ml.src.training.sequence_feature_analysis - INFO -   24. t-1_bb_pos_m60                           = 0.002139
2025-12-17 22:42:30 - ml.src.training.sequence_feature_analysis - INFO -   25. t-4_bb_pos_m15                           = 0.002091
2025-12-17 22:42:30 - ml.src.training.sequence_feature_analysis - INFO -   26. t-3_dist_sma_20_m5                       = 0.002014
2025-12-17 22:42:30 - ml.src.training.sequence_feature_analysis - INFO -   27. t-3_dist_sma_20_m15                      = 0.001974
2025-12-17 22:42:30 - ml.src.training.sequence_feature_analysis - INFO -   28. t-1_bb_pos_m5                            = 0.001919
2025-12-17 22:42:30 - ml.src.training.sequence_feature_analysis - INFO -   29. t-26_bb_pos_m60                          = 0.001880
2025-12-17 22:42:30 - ml.src.training.sequence_feature_analysis - INFO -   30. t-10_rsi_m60                             = 0.001815
2025-12-17 22:42:30 - ml.src.training.sequence_feature_analysis - INFO - 
Aggregated importance by feature type:
2025-12-17 22:42:30 - ml.src.training.sequence_feature_analysis - INFO -   bb_pos_m15                     = 0.112184
2025-12-17 22:42:30 - ml.src.training.sequence_feature_analysis - INFO -   dist_sma_20_m15                = 0.086175
2025-12-17 22:42:30 - ml.src.training.sequence_feature_analysis - INFO -   bb_pos_m60                     = 0.077277
2025-12-17 22:42:30 - ml.src.training.sequence_feature_analysis - INFO -   dist_sma_20_m5                 = 0.076031
2025-12-17 22:42:30 - ml.src.training.sequence_feature_analysis - INFO -   bb_pos_m5                      = 0.069941
2025-12-17 22:42:30 - ml.src.training.sequence_feature_analysis - INFO -   dist_sma_20                    = 0.064914
2025-12-17 22:42:30 - ml.src.training.sequence_feature_analysis - INFO -   stoch_k_m5                     = 0.064681
2025-12-17 22:42:30 - ml.src.training.sequence_feature_analysis - INFO -   macd_hist_m5                   = 0.062852
2025-12-17 22:42:30 - ml.src.training.sequence_feature_analysis - INFO -   rsi_m5                         = 0.062661
2025-12-17 22:42:30 - ml.src.training.sequence_feature_analysis - INFO -   bb_position                    = 0.062356
2025-12-17 22:42:30 - ml.src.training.sequence_artifacts - INFO - Saved feature importance to sequence_feature_importance.json
2025-12-17 22:42:30 - ml.src.pipeline_stages - INFO - Artifacts saved to C:\Users\Arek\Documents\Repos\Traiding\Trading-ML\ml\outputs\models
2025-12-17 22:42:30 - __main__ - INFO - 
================================================================================
2025-12-17 22:42:30 - __main__ - INFO - TRAINING COMPLETE - SUMMARY
2025-12-17 22:42:30 - __main__ - INFO - ================================================================================
2025-12-17 22:42:30 - __main__ - INFO - End time: 2025-12-17 22:42:30
2025-12-17 22:42:30 - __main__ - INFO - 
Final Metrics:
2025-12-17 22:42:30 - __main__ - INFO -   Window Size:       100 candles
2025-12-17 22:42:30 - __main__ - INFO -   Threshold:         0.7100
2025-12-17 22:42:30 - __main__ - INFO -   WIN RATE:          0.8525 (85.25%)
2025-12-17 22:42:30 - __main__ - INFO -   Precision:         0.8525
2025-12-17 22:42:30 - __main__ - INFO -   Recall:            0.3999
2025-12-17 22:42:30 - __main__ - INFO -   F1 Score:          0.5444
2025-12-17 22:42:30 - __main__ - INFO -   ROC-AUC:           0.8145
2025-12-17 22:42:30 - __main__ - INFO -   PR-AUC:            0.7824
2025-12-17 22:42:30 - __main__ - INFO - 
Artifacts saved to: C:\Users\Arek\Documents\Repos\Traiding\Trading-ML\ml\outputs\models
2025-12-17 22:42:30 - __main__ - INFO - ================================================================================
