2026-01-07 13:36:59 - ml.src.pipeline_config_extended - INFO - Pipeline configuration validated successfully
2026-01-07 13:36:59 - __main__ - INFO - 
================================================================================
2026-01-07 13:36:59 - __main__ - INFO - SEQUENCE XGBoost TRAINING PIPELINE - XAU/USD 1-Minute Data
2026-01-07 13:36:59 - __main__ - INFO - ================================================================================
2026-01-07 13:36:59 - __main__ - INFO - Log file: C:\Users\Arek\Documents\Repos\Traiding\Trading-ML\ml\outputs\logs\sequence_xgb_train_years_2020_2021_2022_2023_2024_2025_20260107_133659.log
2026-01-07 13:36:59 - __main__ - INFO - Start time: 2026-01-07 13:36:59
2026-01-07 13:36:59 - __main__ - INFO - Data years: [2020, 2021, 2022, 2023, 2024, 2025]
2026-01-07 13:36:59 - __main__ - INFO - 
Pipeline Configuration:
2026-01-07 13:36:59 - __main__ - INFO -   Feature engineering version: v1
2026-01-07 13:36:59 - __main__ - INFO -   Window size: 80 candles
2026-01-07 13:36:59 - __main__ - INFO -   ATR SL multiplier: 1.0x (from risk_config.py)
2026-01-07 13:36:59 - __main__ - INFO -   ATR TP multiplier: 2.0x (from risk_config.py)
2026-01-07 13:36:59 - __main__ - INFO -   Min hold time: 2 M5 candles
2026-01-07 13:36:59 - __main__ - INFO -   Max horizon: 60 M5 candles
2026-01-07 13:36:59 - __main__ - INFO -   Trading session: london_ny
2026-01-07 13:36:59 - __main__ - INFO -   Threshold optimization: HYBRID (EV with precision AND recall floors)
2026-01-07 13:36:59 - __main__ - INFO -     - Min precision: 0.7
2026-01-07 13:36:59 - __main__ - INFO -     - Min recall: 0.3
2026-01-07 13:36:59 - __main__ - INFO -     - Win coefficient: 1.2
2026-01-07 13:36:59 - __main__ - INFO -     - Loss coefficient: -1.0
2026-01-07 13:36:59 - __main__ - INFO -   M5 alignment filter: disabled
2026-01-07 13:36:59 - __main__ - INFO -   Trend filter: disabled
2026-01-07 13:36:59 - __main__ - INFO -   Pullback filter: disabled
2026-01-07 13:36:59 - __main__ - INFO -   Random state: 42
2026-01-07 13:36:59 - __main__ - INFO -   XGBoost profile: regularized
2026-01-07 13:36:59 - __main__ - INFO -   XGBoost overrides: none
2026-01-07 13:36:59 - __main__ - INFO - ================================================================================

2026-01-07 13:36:59 - ml.src.pipeline_stages - INFO - Loading data from C:\Users\Arek\Documents\Repos\Traiding\Trading-ML\ml\src\data
2026-01-07 13:36:59 - ml.src.data_loading.loaders - INFO - Year filter applied: loading only [2020, 2021, 2022, 2023, 2024, 2025]
2026-01-07 13:37:02 - ml.src.pipeline_stages - INFO - Loaded 1,844,538 rows from C:\Users\Arek\Documents\Repos\Traiding\Trading-ML\ml\src\data
2026-01-07 13:37:02 - ml.src.pipeline_stages - INFO - Date range: 2020-01-02 06:00:00 to 2025-11-28 19:43:00
2026-01-07 13:37:02 - ml.src.pipeline_stages - WARNING - window_size parameter is deprecated and ignored (passed: 80)
2026-01-07 13:37:02 - ml.src.pipeline_stages - WARNING - feature_version parameter is deprecated and ignored (passed: v1)
2026-01-07 13:37:02 - ml.src.pipeline_stages - INFO - Aggregating M1 data to M5 timeframe...
2026-01-07 13:37:02 - ml.src.features.engineer_m5 - INFO - Aggregating 1844538 M1 candles to M5...
2026-01-07 13:37:03 - ml.src.features.engineer_m5 - INFO - Aggregated to 369330 M5 candles (5.0x compression)
2026-01-07 13:37:03 - ml.src.pipeline_stages - INFO - Aggregated 1,844,538 M1 candles → 369,330 M5 candles (20.0% compression)
2026-01-07 13:37:03 - ml.src.pipeline_stages - INFO - Engineering technical features on M5 timeframe (with M15/M60 context)...
2026-01-07 13:37:03 - ml.src.features.engineer_m5 - INFO - Engineering M5 features...
2026-01-07 13:37:03 - ml.src.features.engineer_m5 - INFO - Aggregating 369330 M1 candles to M5...
2026-01-07 13:37:03 - ml.src.features.engineer_m5 - INFO - Aggregated to 369330 M5 candles (1.0x compression)
2026-01-07 13:37:03 - ml.src.features.engineer_m5 - INFO - Computing M5 primary features...
2026-01-07 13:37:06 - ml.src.features.engineer_m5 - INFO - Computing M15 context from M5...
2026-01-07 13:37:06 - ml.src.features.engineer_m5 - INFO - Computing M60 context from M5...
2026-01-07 13:37:07 - ml.src.features.engineer_m5 - INFO - M5 feature engineering complete: 369327 rows × 36 features
2026-01-07 13:37:07 - ml.src.features.engineer_m5 - INFO - Timeframe: M5 (5-minute candles)
2026-01-07 13:37:07 - ml.src.features.engineer_m5 - INFO - Date range: 2020-01-02 06:15:00 to 2025-11-28 19:40:00
2026-01-07 13:37:07 - ml.src.pipeline_stages - INFO - Features shape: (369327, 36)
2026-01-07 13:37:07 - ml.src.pipeline_stages - INFO - Feature columns: 36
2026-01-07 13:37:07 - ml.src.pipeline_stages - INFO - Creating targets on M5 timeframe (SL=1.0×ATR, TP=2.0×ATR, min_hold=2 M5 candles, max_horizon=60 M5 candles)
2026-01-07 13:37:07 - ml.src.targets.target_maker - INFO - Creating targets (SL/TP simulation) for 369,327 candles...
2026-01-07 13:37:07 - ml.src.targets.target_maker - INFO - Parameters: SL=1.0×ATR, TP=2.0×ATR, min_hold=2min, max_horizon=60min
2026-01-07 13:37:07 - ml.src.targets.target_maker - INFO - Using pre-calculated M5 ATR (atr_m5) for SL/TP targets
2026-01-07 13:37:07 - ml.src.targets.target_maker - INFO - Target creation complete: 369,267 valid targets
2026-01-07 13:37:07 - ml.src.pipeline_stages - INFO - Targets shape: 369267
2026-01-07 13:37:07 - ml.src.pipeline_stages - INFO - Positive class (win): 125,985 (34.12%)
2026-01-07 13:37:07 - ml.src.pipeline_stages - INFO - Negative class (loss): 243,282 (65.88%)
2026-01-07 13:37:07 - ml.src.pipeline_stages - INFO - Creating sequences on M5 timeframe (window_size=80 M5 candles = 400 minutes)...
2026-01-07 13:37:07 - ml.src.pipeline_stages - INFO - Filter config: m5_alignment=False (already M5), trend=False, pullback=False, max_windows=200,000
2026-01-07 13:37:07 - ml.src.sequences.sequencer - INFO - M5 alignment filter disabled; keeping all timestamps irrespective of minute alignment
2026-01-07 13:37:07 - ml.src.sequences.sequencer - INFO - Trend filter disabled; not enforcing SMA/ADX conditions
2026-01-07 13:37:07 - ml.src.sequences.sequencer - INFO - Pullback filter disabled; not constraining RSI_M5
2026-01-07 13:37:07 - ml.src.sequences.sequencer - INFO - Session filter 'london_ny': keeping 225,658 / 369,188 windows (61.1%)
2026-01-07 13:37:07 - ml.src.sequences.sequencer - WARNING - Too many windows (225,658) for memory safety. Capping to last 200,000 windows.
2026-01-07 13:37:07 - ml.src.sequences.sequencer - INFO - After capping: 200,000 windows
2026-01-07 13:37:09 - ml.src.pipeline_stages - INFO - Sequences created: X.shape=(200000, 2880), y.shape=(200000,)
2026-01-07 13:37:09 - ml.src.pipeline_stages - INFO - Positive class in sequences: 66,862 (33.43%)
2026-01-07 13:37:09 - ml.src.pipeline_stages - INFO - Using chronological 3-way split (train/val/test)...
2026-01-07 13:37:09 - ml.src.pipeline_stages - INFO - Using percentage split (70/15/15) for year_filter=[2020, 2021, 2022, 2023, 2024, 2025]
2026-01-07 13:37:09 - ml.src.pipeline_stages - INFO - Split sizes: train=140,000, val=30,000, test=30,000
2026-01-07 13:37:09 - ml.src.pipeline_stages - INFO - Class distribution validation:
2026-01-07 13:37:09 - ml.src.pipeline_stages - INFO -   TRAIN: pos=46,188 (33.0%), neg=93,812 (67.0%)
2026-01-07 13:37:09 - ml.src.pipeline_stages - INFO -   VAL: pos=10,319 (34.4%), neg=19,681 (65.6%)
2026-01-07 13:37:09 - ml.src.pipeline_stages - INFO -   TEST: pos=10,355 (34.5%), neg=19,645 (65.5%)
2026-01-07 13:37:10 - ml.src.pipeline_stages - INFO -   Max difference in positive class: 1.5% (tolerance: 10.0%)
2026-01-07 13:37:10 - ml.src.pipeline_stages - INFO -   ✅ Class distributions are stable (max diff: 1.5% < 10.0%)
2026-01-07 13:37:10 - ml.src.pipeline_stages - WARNING - ⚠️  158 sequences cross temporal boundaries (potential data leakage)
2026-01-07 13:37:10 - ml.src.pipeline_stages - WARNING -    Removing 158 sequences to prevent data leakage
2026-01-07 13:37:10 - ml.src.pipeline_stages - INFO - Removing 158 boundary-crossing sequences...
2026-01-07 13:37:20 - ml.src.pipeline_stages - INFO - After removal: train=139,889, val=29,976, test=29,977
2026-01-07 13:37:20 - ml.src.pipeline_stages - INFO - Scaling features with RobustScaler (robust to outliers)...
2026-01-07 13:38:10 - ml.src.pipeline_stages - INFO - Feature scaling complete: mean=0.0659, std=0.7158
2026-01-07 13:38:10 - __main__ - INFO - Resolved XGBoost profile 'regularized'
2026-01-07 13:38:10 - __main__ - INFO -   colsample_bynode = 0.8
2026-01-07 13:38:10 - __main__ - INFO -   colsample_bytree = 0.45
2026-01-07 13:38:10 - __main__ - INFO -   gamma = 1.0
2026-01-07 13:38:10 - __main__ - INFO -   learning_rate = 0.018
2026-01-07 13:38:10 - __main__ - INFO -   max_delta_step = 1.0
2026-01-07 13:38:10 - __main__ - INFO -   max_depth = 4
2026-01-07 13:38:10 - __main__ - INFO -   min_child_weight = 8.0
2026-01-07 13:38:10 - __main__ - INFO -   n_estimators = 850
2026-01-07 13:38:10 - __main__ - INFO -   reg_alpha = 1.2
2026-01-07 13:38:10 - __main__ - INFO -   reg_lambda = 2.5
2026-01-07 13:38:10 - __main__ - INFO -   subsample = 0.55
2026-01-07 13:38:10 - ml.src.pipeline_stages - INFO - Training XGBoost model...
2026-01-07 13:38:10 - ml.src.pipeline_stages - INFO - 
[POINT 1 OPTIMIZATION] Applying cost-sensitive learning...
2026-01-07 13:38:10 - ml.src.pipeline_stages - INFO -   Sample weights: positive=2.0, negative=1.0
2026-01-07 13:38:10 - ml.src.pipeline_stages - INFO -   Weight ratio (positive/negative): 2.00x
2026-01-07 13:38:10 - ml.src.pipeline_stages - INFO - XGBoost profile parameters in use (11 entries):
2026-01-07 13:38:10 - ml.src.pipeline_stages - INFO -   colsample_bynode = 0.8
2026-01-07 13:38:10 - ml.src.pipeline_stages - INFO -   colsample_bytree = 0.45
2026-01-07 13:38:10 - ml.src.pipeline_stages - INFO -   gamma = 1.0
2026-01-07 13:38:10 - ml.src.pipeline_stages - INFO -   learning_rate = 0.018
2026-01-07 13:38:10 - ml.src.pipeline_stages - INFO -   max_delta_step = 1.0
2026-01-07 13:38:10 - ml.src.pipeline_stages - INFO -   max_depth = 4
2026-01-07 13:38:10 - ml.src.pipeline_stages - INFO -   min_child_weight = 8.0
2026-01-07 13:38:10 - ml.src.pipeline_stages - INFO -   n_estimators = 850
2026-01-07 13:38:10 - ml.src.pipeline_stages - INFO -   reg_alpha = 1.2
2026-01-07 13:38:10 - ml.src.pipeline_stages - INFO -   reg_lambda = 2.5
2026-01-07 13:38:10 - ml.src.pipeline_stages - INFO -   subsample = 0.55
2026-01-07 13:38:10 - ml.src.training.sequence_xgb_trainer - INFO - Class balance (train): pos=46,146, neg=93,743, imbalance_ratio=2.03
2026-01-07 13:38:10 - ml.src.training.sequence_xgb_trainer - INFO - Applied scale_pos_weight=2.0314 to handle class imbalance
2026-01-07 13:38:10 - ml.src.training.sequence_xgb_trainer - INFO - [POINT 1] Cost-Sensitive Learning: using sample weights (mean=1.3299)
2026-01-07 13:38:10 - ml.src.training.sequence_xgb_trainer - INFO - Final XGBoost parameters (including overrides):
2026-01-07 13:38:10 - ml.src.training.sequence_xgb_trainer - INFO -   colsample_bynode = 0.8
2026-01-07 13:38:10 - ml.src.training.sequence_xgb_trainer - INFO -   colsample_bytree = 0.45
2026-01-07 13:38:10 - ml.src.training.sequence_xgb_trainer - INFO -   early_stopping_rounds = 20
2026-01-07 13:38:10 - ml.src.training.sequence_xgb_trainer - INFO -   eval_metric = aucpr
2026-01-07 13:38:10 - ml.src.training.sequence_xgb_trainer - INFO -   gamma = 1.0
2026-01-07 13:38:10 - ml.src.training.sequence_xgb_trainer - INFO -   grow_policy = depthwise
2026-01-07 13:38:10 - ml.src.training.sequence_xgb_trainer - INFO -   learning_rate = 0.018
2026-01-07 13:38:10 - ml.src.training.sequence_xgb_trainer - INFO -   max_delta_step = 1.0
2026-01-07 13:38:10 - ml.src.training.sequence_xgb_trainer - INFO -   max_depth = 4
2026-01-07 13:38:10 - ml.src.training.sequence_xgb_trainer - INFO -   min_child_weight = 8.0
2026-01-07 13:38:10 - ml.src.training.sequence_xgb_trainer - INFO -   n_estimators = 850
2026-01-07 13:38:10 - ml.src.training.sequence_xgb_trainer - INFO -   n_jobs = 4
2026-01-07 13:38:10 - ml.src.training.sequence_xgb_trainer - INFO -   objective = binary:logistic
2026-01-07 13:38:10 - ml.src.training.sequence_xgb_trainer - INFO -   random_state = 42
2026-01-07 13:38:10 - ml.src.training.sequence_xgb_trainer - INFO -   reg_alpha = 1.2
2026-01-07 13:38:10 - ml.src.training.sequence_xgb_trainer - INFO -   reg_lambda = 2.5
2026-01-07 13:38:10 - ml.src.training.sequence_xgb_trainer - INFO -   scale_pos_weight = 2.0314436787587224
2026-01-07 13:38:10 - ml.src.training.sequence_xgb_trainer - INFO -   subsample = 0.55
2026-01-07 13:38:10 - ml.src.training.sequence_xgb_trainer - INFO -   tree_method = hist
2026-01-07 13:38:10 - ml.src.training.sequence_xgb_trainer - INFO -   verbosity = 0
2026-01-07 13:38:10 - ml.src.training.sequence_xgb_trainer - INFO - Training XGBoost classifier...
2026-01-07 13:50:14 - ml.src.training.sequence_xgb_trainer - INFO - Training completed
2026-01-07 13:50:14 - ml.src.pipeline_stages - INFO - Model training complete
2026-01-07 13:50:14 - ml.src.pipeline_stages - INFO - Optimizing decision threshold on VAL set...
2026-01-07 13:50:15 - ml.src.training.sequence_evaluation - INFO - Running threshold optimization on VAL set...
2026-01-07 13:50:20 - ml.src.training.sequence_evaluation - INFO - 
Top 5 thresholds on VAL set:
2026-01-07 13:50:20 - ml.src.training.sequence_evaluation - INFO -   T=0.00: Precision=0.3442, Recall=1.0000, F1=0.5121, Score=-inf
2026-01-07 13:50:20 - ml.src.training.sequence_evaluation - INFO -   T=0.03: Precision=0.3442, Recall=1.0000, F1=0.5121, Score=-inf
2026-01-07 13:50:20 - ml.src.training.sequence_evaluation - INFO -   T=0.17: Precision=0.3450, Recall=1.0000, F1=0.5131, Score=-inf
2026-01-07 13:50:20 - ml.src.training.sequence_evaluation - INFO -   T=0.22: Precision=0.3459, Recall=1.0000, F1=0.5140, Score=-inf
2026-01-07 13:50:20 - ml.src.training.sequence_evaluation - INFO -   T=0.25: Precision=0.3467, Recall=0.9999, F1=0.5149, Score=-inf
2026-01-07 13:50:20 - ml.src.pipeline_stages - INFO - Optimal threshold: 0.5000 (Score=-inf on VAL)
2026-01-07 13:50:20 - ml.src.pipeline_stages - INFO - Evaluating on TEST set with optimized threshold...
2026-01-07 13:50:21 - ml.src.training.sequence_evaluation - INFO - Probability stats: min=0.0510, max=0.9733, mean=0.6178, std=0.1031
2026-01-07 13:50:21 - ml.src.training.sequence_evaluation - INFO - Using fixed threshold: 0.5000
2026-01-07 13:50:21 - ml.src.training.sequence_evaluation - INFO - Confusion matrix@thr=0.5000:
2026-01-07 13:50:21 - ml.src.training.sequence_evaluation - INFO -   [[TN=3200, FP=16426],
2026-01-07 13:50:21 - ml.src.training.sequence_evaluation - INFO -    [FN=269, TP=10082]]
2026-01-07 13:50:21 - ml.src.training.sequence_evaluation - INFO - 
TEST SET EVALUATION:
2026-01-07 13:50:21 - ml.src.training.sequence_evaluation - INFO -   Precision: 0.3803
2026-01-07 13:50:21 - ml.src.training.sequence_evaluation - INFO -   Recall:    0.9740
2026-01-07 13:50:21 - ml.src.training.sequence_evaluation - INFO -   F1:        0.5471
2026-01-07 13:50:21 - ml.src.training.sequence_evaluation - INFO -   ROC-AUC:   0.6769
2026-01-07 13:50:21 - ml.src.pipeline_stages - INFO - Final TEST metrics: threshold=0.5000, win_rate=0.3803 (38.03%), precision=0.3803, recall=0.9740, f1=0.5471, roc_auc=0.6769, pr_auc=0.5294
2026-01-07 13:50:21 - ml.src.pipeline_stages - INFO - Saving artifacts...
2026-01-07 13:50:21 - ml.src.training.sequence_artifacts - INFO - Saved model to sequence_xgb_model.pkl
2026-01-07 13:50:21 - ml.src.training.sequence_artifacts - INFO - Saved scaler to sequence_scaler.pkl (required for inference)
2026-01-07 13:50:21 - ml.src.training.sequence_artifacts - INFO - Saved feature columns to sequence_feature_columns.json
2026-01-07 13:50:21 - ml.src.training.sequence_artifacts - INFO - Saved metadata to sequence_threshold.json (analysis_window=7 days)
2026-01-07 13:50:21 - ml.src.training.sequence_artifacts - INFO - Analyzing feature importance...
2026-01-07 13:50:21 - ml.src.training.sequence_feature_analysis - INFO - 
Top 30 most important features:
2026-01-07 13:50:21 - ml.src.training.sequence_feature_analysis - INFO -    1. t-2_bb_pos_m15                           = 0.003011
2026-01-07 13:50:21 - ml.src.training.sequence_feature_analysis - INFO -    2. t-1_bb_pos_m15                           = 0.002603
2026-01-07 13:50:21 - ml.src.training.sequence_feature_analysis - INFO -    3. t-2_cvd_m15                              = 0.002500
2026-01-07 13:50:21 - ml.src.training.sequence_feature_analysis - INFO -    4. t-2_dist_sma_200_m15                     = 0.002469
2026-01-07 13:50:21 - ml.src.training.sequence_feature_analysis - INFO -    5. t-2_dist_sma_20_m15                      = 0.002434
2026-01-07 13:50:21 - ml.src.training.sequence_feature_analysis - INFO -    6. t-1_obv_m15                              = 0.002380
2026-01-07 13:50:21 - ml.src.training.sequence_feature_analysis - INFO -    7. t-2_dist_sma_200                         = 0.002294
2026-01-07 13:50:21 - ml.src.training.sequence_feature_analysis - INFO -    8. t-1_dist_sma_20_m15                      = 0.002217
2026-01-07 13:50:21 - ml.src.training.sequence_feature_analysis - INFO -    9. t-0_cvd_m5                               = 0.001990
2026-01-07 13:50:21 - ml.src.training.sequence_feature_analysis - INFO -   10. t-2_rsi_m15                              = 0.001957
2026-01-07 13:50:21 - ml.src.training.sequence_feature_analysis - INFO -   11. t-0_bb_pos_m15                           = 0.001948
2026-01-07 13:50:21 - ml.src.training.sequence_feature_analysis - INFO -   12. t-1_cvd_m15                              = 0.001913
2026-01-07 13:50:21 - ml.src.training.sequence_feature_analysis - INFO -   13. t-1_rsi_m15                              = 0.001879
2026-01-07 13:50:21 - ml.src.training.sequence_feature_analysis - INFO -   14. t-3_dist_sma_20_m15                      = 0.001845
2026-01-07 13:50:21 - ml.src.training.sequence_feature_analysis - INFO -   15. t-5_dist_sma_200                         = 0.001779
2026-01-07 13:50:21 - ml.src.training.sequence_feature_analysis - INFO -   16. t-3_obv_m15                              = 0.001737
2026-01-07 13:50:21 - ml.src.training.sequence_feature_analysis - INFO -   17. t-0_dist_sma_20_m5                       = 0.001711
2026-01-07 13:50:21 - ml.src.training.sequence_feature_analysis - INFO -   18. t-31_dist_sma_200                        = 0.001703
2026-01-07 13:50:21 - ml.src.training.sequence_feature_analysis - INFO -   19. t-1_dist_sma_200                         = 0.001676
2026-01-07 13:50:21 - ml.src.training.sequence_feature_analysis - INFO -   20. t-3_bb_pos_m15                           = 0.001518
2026-01-07 13:50:21 - ml.src.training.sequence_feature_analysis - INFO -   21. t-2_obv_m15                              = 0.001489
2026-01-07 13:50:21 - ml.src.training.sequence_feature_analysis - INFO -   22. t-3_cvd_m15                              = 0.001473
2026-01-07 13:50:21 - ml.src.training.sequence_feature_analysis - INFO -   23. t-11_dist_sma_200_m15                    = 0.001466
2026-01-07 13:50:21 - ml.src.training.sequence_feature_analysis - INFO -   24. t-0_dist_sma_20_m15                      = 0.001463
2026-01-07 13:50:21 - ml.src.training.sequence_feature_analysis - INFO -   25. t-9_atr_norm_m5_smooth                   = 0.001456
2026-01-07 13:50:21 - ml.src.training.sequence_feature_analysis - INFO -   26. t-3_rsi_m15                              = 0.001446
2026-01-07 13:50:21 - ml.src.training.sequence_feature_analysis - INFO -   27. t-37_dist_sma_200                        = 0.001436
2026-01-07 13:50:21 - ml.src.training.sequence_feature_analysis - INFO -   28. t-13_dist_sma_20_m15                     = 0.001422
2026-01-07 13:50:21 - ml.src.training.sequence_feature_analysis - INFO -   29. t-15_bb_pos_m5                           = 0.001419
2026-01-07 13:50:21 - ml.src.training.sequence_feature_analysis - INFO -   30. t-4_dist_sma_20_m15                      = 0.001412
2026-01-07 13:50:21 - ml.src.training.sequence_feature_analysis - INFO - 
Aggregated importance by feature type:
2026-01-07 13:50:21 - ml.src.training.sequence_feature_analysis - INFO -   dist_sma_20_m15                = 0.055087
2026-01-07 13:50:21 - ml.src.training.sequence_feature_analysis - INFO -   atr_norm_m5_smooth             = 0.048235
2026-01-07 13:50:21 - ml.src.training.sequence_feature_analysis - INFO -   cvd_m15                        = 0.048234
2026-01-07 13:50:21 - ml.src.training.sequence_feature_analysis - INFO -   bb_pos_m15                     = 0.045928
2026-01-07 13:50:21 - ml.src.training.sequence_feature_analysis - INFO -   obv_m15                        = 0.044662
2026-01-07 13:50:21 - ml.src.training.sequence_feature_analysis - INFO -   atr_m5_smooth                  = 0.043828
2026-01-07 13:50:21 - ml.src.training.sequence_feature_analysis - INFO -   rsi_m15                        = 0.042526
2026-01-07 13:50:21 - ml.src.training.sequence_feature_analysis - INFO -   atr_m5                         = 0.042370
2026-01-07 13:50:21 - ml.src.training.sequence_feature_analysis - INFO -   volume_m15_norm                = 0.042323
2026-01-07 13:50:21 - ml.src.training.sequence_feature_analysis - INFO -   sma_200                        = 0.040033
2026-01-07 13:50:21 - ml.src.training.sequence_artifacts - INFO - Saved feature importance to sequence_feature_importance.json
2026-01-07 13:50:21 - ml.src.pipeline_stages - INFO - Artifacts saved to C:\Users\Arek\Documents\Repos\Traiding\Trading-ML\ml\outputs\models
2026-01-07 13:50:22 - __main__ - INFO - 
================================================================================
2026-01-07 13:50:22 - __main__ - INFO - TRAINING COMPLETE - SUMMARY
2026-01-07 13:50:22 - __main__ - INFO - ================================================================================
2026-01-07 13:50:22 - __main__ - INFO - End time: 2026-01-07 13:50:22
2026-01-07 13:50:22 - __main__ - INFO - 
Final Metrics:
2026-01-07 13:50:22 - __main__ - INFO -   Window Size:       80 candles
2026-01-07 13:50:22 - __main__ - INFO -   Threshold:         0.5000
2026-01-07 13:50:22 - __main__ - INFO -   WIN RATE:          0.3803 (38.03%)
2026-01-07 13:50:22 - __main__ - INFO -   Precision:         0.3803
2026-01-07 13:50:22 - __main__ - INFO -   Recall:            0.9740
2026-01-07 13:50:22 - __main__ - INFO -   F1 Score:          0.5471
2026-01-07 13:50:22 - __main__ - INFO -   ROC-AUC:           0.6769
2026-01-07 13:50:22 - __main__ - INFO -   PR-AUC:            0.5294
2026-01-07 13:50:22 - __main__ - INFO - 
Artifacts saved to: C:\Users\Arek\Documents\Repos\Traiding\Trading-ML\ml\outputs\models
2026-01-07 13:50:22 - __main__ - INFO - ================================================================================
