2025-12-21 20:18:15 - ml.src.pipeline_config_extended - INFO - Pipeline configuration validated successfully
2025-12-21 20:18:15 - __main__ - INFO - 
================================================================================
2025-12-21 20:18:15 - __main__ - INFO - SEQUENCE XGBoost TRAINING PIPELINE - XAU/USD 1-Minute Data
2025-12-21 20:18:15 - __main__ - INFO - ================================================================================
2025-12-21 20:18:15 - __main__ - INFO - Log file: C:\Users\Arek\Documents\Repos\Traiding\Trading-ML\ml\outputs\logs\sequence_xgb_train_years_2025_20251221_201815.log
2025-12-21 20:18:15 - __main__ - INFO - Start time: 2025-12-21 20:18:15
2025-12-21 20:18:15 - __main__ - INFO - Data years: [2025]
2025-12-21 20:18:15 - __main__ - INFO - 
Pipeline Configuration:
2025-12-21 20:18:15 - __main__ - INFO -   Feature engineering version: v1
2025-12-21 20:18:15 - __main__ - INFO -   Window size: 50 candles
2025-12-21 20:18:15 - __main__ - INFO -   ATR SL multiplier: 1x (from risk_config.py)
2025-12-21 20:18:15 - __main__ - INFO -   ATR TP multiplier: 3.0x (from risk_config.py)
2025-12-21 20:18:15 - __main__ - INFO -   Min hold time: 2 M5 candles
2025-12-21 20:18:15 - __main__ - INFO -   Max horizon: 60 M5 candles
2025-12-21 20:18:15 - __main__ - INFO -   Trading session: london_ny
2025-12-21 20:18:15 - __main__ - INFO -   Threshold optimization: HYBRID (EV with precision AND recall floors)
2025-12-21 20:18:15 - __main__ - INFO -     - Min precision: 0.55
2025-12-21 20:18:15 - __main__ - INFO -     - Min recall: 0.2
2025-12-21 20:18:15 - __main__ - INFO -     - Win coefficient: 1.0
2025-12-21 20:18:15 - __main__ - INFO -     - Loss coefficient: -1.0
2025-12-21 20:18:15 - __main__ - INFO -   M5 alignment filter: disabled
2025-12-21 20:18:15 - __main__ - INFO -   Trend filter: enabled
2025-12-21 20:18:15 - __main__ - INFO -   Pullback filter: disabled
2025-12-21 20:18:15 - __main__ - INFO -   Random state: 42
2025-12-21 20:18:15 - __main__ - INFO - ================================================================================

2025-12-21 20:18:15 - ml.src.pipeline_stages - INFO - Loading data from C:\Users\Arek\Documents\Repos\Traiding\Trading-ML\ml\src\data
2025-12-21 20:18:15 - ml.src.data_loading.loaders - INFO - Year filter applied: loading only [2025]
2025-12-21 20:18:15 - ml.src.pipeline_stages - INFO - Loaded 18,875 rows from C:\Users\Arek\Documents\Repos\Traiding\Trading-ML\ml\src\data
2025-12-21 20:18:15 - ml.src.pipeline_stages - INFO - Date range: 2025-12-01 00:00:00 to 2025-12-18 17:39:00
2025-12-21 20:18:15 - ml.src.pipeline_stages - WARNING - window_size parameter is deprecated and ignored (passed: 50)
2025-12-21 20:18:15 - ml.src.pipeline_stages - WARNING - feature_version parameter is deprecated and ignored (passed: v1)
2025-12-21 20:18:15 - ml.src.pipeline_stages - INFO - Aggregating M1 data to M5 timeframe...
2025-12-21 20:18:15 - ml.src.features.engineer_m5 - INFO - Aggregating 18875 M1 candles to M5...
2025-12-21 20:18:15 - ml.src.features.engineer_m5 - INFO - Aggregated to 3776 M5 candles (5.0x compression)
2025-12-21 20:18:15 - ml.src.pipeline_stages - INFO - Aggregated 18,875 M1 candles → 3,776 M5 candles (20.0% compression)
2025-12-21 20:18:15 - ml.src.pipeline_stages - INFO - Engineering technical features on M5 timeframe (with M15/M60 context)...
2025-12-21 20:18:15 - ml.src.features.engineer_m5 - INFO - Engineering M5 features...
2025-12-21 20:18:15 - ml.src.features.engineer_m5 - INFO - Aggregating 3776 M1 candles to M5...
2025-12-21 20:18:15 - ml.src.features.engineer_m5 - INFO - Aggregated to 3776 M5 candles (1.0x compression)
2025-12-21 20:18:15 - ml.src.features.engineer_m5 - INFO - Computing M5 primary features...
2025-12-21 20:18:15 - ml.src.features.engineer_m5 - INFO - Computing M15 context from M5...
2025-12-21 20:18:15 - ml.src.features.engineer_m5 - INFO - Computing M60 context from M5...
2025-12-21 20:18:15 - ml.src.features.engineer_m5 - INFO - M5 feature engineering complete: 3776 rows × 24 features
2025-12-21 20:18:15 - ml.src.features.engineer_m5 - INFO - Timeframe: M5 (5-minute candles)
2025-12-21 20:18:15 - ml.src.features.engineer_m5 - INFO - Date range: 2025-12-01 00:00:00 to 2025-12-18 17:35:00
2025-12-21 20:18:15 - ml.src.pipeline_stages - INFO - Features shape: (3776, 24)
2025-12-21 20:18:15 - ml.src.pipeline_stages - INFO - Feature columns: 24
2025-12-21 20:18:15 - ml.src.features.engineer_m5 - INFO - Aggregating 18875 M1 candles to M5...
2025-12-21 20:18:15 - ml.src.features.engineer_m5 - INFO - Aggregated to 3776 M5 candles (5.0x compression)
2025-12-21 20:18:15 - ml.src.pipeline_stages - INFO - Creating targets on M5 timeframe (SL=1×ATR, TP=3.0×ATR, min_hold=2 M5 candles, max_horizon=60 M5 candles)
2025-12-21 20:18:15 - ml.src.targets.target_maker - INFO - Creating targets (SL/TP simulation) for 3,776 candles...
2025-12-21 20:18:15 - ml.src.targets.target_maker - INFO - Parameters: SL=1×ATR, TP=3.0×ATR, min_hold=2min, max_horizon=60min
2025-12-21 20:18:15 - ml.src.targets.target_maker - INFO - Calculating M1 ATR(14) for SL/TP targets (fallback)
2025-12-21 20:18:15 - ml.src.targets.target_maker - INFO - Target creation complete: 3,716 valid targets
2025-12-21 20:18:15 - ml.src.pipeline_stages - INFO - Targets shape: 3716
2025-12-21 20:18:15 - ml.src.pipeline_stages - INFO - Positive class (win): 871 (23.44%)
2025-12-21 20:18:15 - ml.src.pipeline_stages - INFO - Negative class (loss): 2,845 (76.56%)
2025-12-21 20:18:15 - ml.src.pipeline_stages - INFO - Creating sequences on M5 timeframe (window_size=50 M5 candles = 250 minutes)...
2025-12-21 20:18:15 - ml.src.pipeline_stages - INFO - Filter config: m5_alignment=False (already M5), trend=True, pullback=False, max_windows=200,000
2025-12-21 20:18:15 - ml.src.sequences.sequencer - INFO - M5 alignment filter disabled; keeping all timestamps irrespective of minute alignment
2025-12-21 20:18:15 - ml.src.sequences.sequencer - INFO - Applied Trend Filter (dist_sma_200 > 0.00, ADX > 15.00): kept 1711/3667 (46.7%)
2025-12-21 20:18:15 - ml.src.sequences.sequencer - INFO - Pullback filter disabled; not constraining RSI_M5
2025-12-21 20:18:15 - ml.src.sequences.sequencer - INFO - Session filter 'london_ny': keeping 1,039 / 3,667 windows (28.3%)
2025-12-21 20:18:15 - ml.src.pipeline_stages - INFO - Sequences created: X.shape=(1039, 1200), y.shape=(1039,)
2025-12-21 20:18:15 - ml.src.pipeline_stages - INFO - Positive class in sequences: 205 (19.73%)
2025-12-21 20:18:15 - ml.src.pipeline_stages - INFO - Splitting data chronologically (train/val/test)...
2025-12-21 20:18:15 - ml.src.pipeline_stages - INFO - Using percentage split (70/15/15) for year_filter=[2025]
2025-12-21 20:18:15 - ml.src.pipeline_stages - INFO - Split sizes: train=727, val=156, test=156
2025-12-21 20:18:15 - ml.src.pipeline_stages - INFO - Scaling features with RobustScaler (robust to outliers)...
2025-12-21 20:18:16 - ml.src.pipeline_stages - INFO - Feature scaling complete: mean=-0.0129, std=0.7394
2025-12-21 20:18:16 - ml.src.pipeline_stages - INFO - 
[POINT 1 OPTIMIZATION] Applying cost-sensitive learning...
2025-12-21 20:18:16 - ml.src.pipeline_stages - INFO -   Sample weights: positive=3.0, negative=1.0
2025-12-21 20:18:16 - ml.src.pipeline_stages - INFO -   Weight ratio (positive/negative): 3.00x
2025-12-21 20:18:16 - ml.src.pipeline_stages - INFO - Training XGBoost classifier...
2025-12-21 20:18:16 - ml.src.training.sequence_xgb_trainer - INFO - Class balance (train): pos=155, neg=572, imbalance_ratio=3.69
2025-12-21 20:18:16 - ml.src.training.sequence_xgb_trainer - INFO - Applied scale_pos_weight=3.6903 to handle class imbalance
2025-12-21 20:18:16 - ml.src.training.sequence_xgb_trainer - INFO - [POINT 1] Cost-Sensitive Learning: using sample weights (mean=1.4264)
2025-12-21 20:18:16 - ml.src.training.sequence_xgb_trainer - INFO - Training XGBoost classifier...
2025-12-21 20:18:39 - ml.src.training.sequence_xgb_trainer - INFO - Training completed
2025-12-21 20:18:39 - ml.src.pipeline_stages - INFO - Evaluating model on test set...
2025-12-21 20:18:39 - ml.src.training.sequence_evaluation - INFO - Probability stats: min=0.0007, max=0.9072, mean=0.0942, std=0.1677
2025-12-21 20:18:39 - ml.src.training.sequence_evaluation - INFO - Using HYBRID optimization: EV with precision AND recall floors...
2025-12-21 20:18:39 - ml.src.training.sequence_evaluation - INFO - Hybrid-optimized threshold: 0.30 with EV=-0.5625 (precision=0.7000, recall=0.2188, win_coeff=1.0, loss_coeff=-1.0)
2025-12-21 20:18:39 - ml.src.training.sequence_evaluation - INFO - Confusion matrix@thr=0.30:
2025-12-21 20:18:39 - ml.src.training.sequence_evaluation - INFO -   [[TN=121, FP=3],
2025-12-21 20:18:39 - ml.src.training.sequence_evaluation - INFO -    [FN=25, TP=7]]
2025-12-21 20:18:39 - ml.src.pipeline_stages - INFO - Evaluation metrics: threshold=0.30, win_rate=0.7000 (70.00%), precision=0.7000, recall=0.2188, f1=0.3333, roc_auc=0.6109, pr_auc=0.4430
2025-12-21 20:18:39 - ml.src.pipeline_stages - INFO - Saving artifacts...
2025-12-21 20:18:39 - ml.src.training.sequence_artifacts - INFO - Saved model to sequence_xgb_model.pkl
2025-12-21 20:18:39 - ml.src.training.sequence_artifacts - INFO - Saved scaler to sequence_scaler.pkl (required for inference)
2025-12-21 20:18:39 - ml.src.training.sequence_artifacts - INFO - Saved feature columns to sequence_feature_columns.json
2025-12-21 20:18:39 - ml.src.training.sequence_artifacts - INFO - Saved metadata to sequence_threshold.json (analysis_window=7 days)
2025-12-21 20:18:39 - ml.src.training.sequence_artifacts - INFO - Analyzing feature importance...
2025-12-21 20:18:40 - ml.src.training.sequence_feature_analysis - INFO - 
Top 30 most important features:
2025-12-21 20:18:40 - ml.src.training.sequence_feature_analysis - INFO -    1. t-2_obv_m60                              = 0.017901
2025-12-21 20:18:40 - ml.src.training.sequence_feature_analysis - INFO -    2. t-7_bb_pos_m60                           = 0.011528
2025-12-21 20:18:40 - ml.src.training.sequence_feature_analysis - INFO -    3. t-42_rsi_m60                             = 0.010620
2025-12-21 20:18:40 - ml.src.training.sequence_feature_analysis - INFO -    4. t-1_obv_m60                              = 0.009957
2025-12-21 20:18:40 - ml.src.training.sequence_feature_analysis - INFO -    5. t-21_volume_m15_norm                     = 0.009466
2025-12-21 20:18:40 - ml.src.training.sequence_feature_analysis - INFO -    6. t-3_obv_m60                              = 0.009224
2025-12-21 20:18:40 - ml.src.training.sequence_feature_analysis - INFO -    7. t-20_atr_norm_m5                         = 0.009086
2025-12-21 20:18:40 - ml.src.training.sequence_feature_analysis - INFO -    8. t-36_obv_m60                             = 0.008793
2025-12-21 20:18:40 - ml.src.training.sequence_feature_analysis - INFO -    9. t-0_obv_m60                              = 0.008459
2025-12-21 20:18:40 - ml.src.training.sequence_feature_analysis - INFO -   10. t-10_obv_m15                             = 0.008329
2025-12-21 20:18:40 - ml.src.training.sequence_feature_analysis - INFO -   11. t-41_rsi_m5                              = 0.008150
2025-12-21 20:18:40 - ml.src.training.sequence_feature_analysis - INFO -   12. t-5_bb_pos_m60                           = 0.008011
2025-12-21 20:18:40 - ml.src.training.sequence_feature_analysis - INFO -   13. t-39_dist_sma_20_m15                     = 0.007619
2025-12-21 20:18:40 - ml.src.training.sequence_feature_analysis - INFO -   14. t-37_cvd_m15                             = 0.007462
2025-12-21 20:18:40 - ml.src.training.sequence_feature_analysis - INFO -   15. t-33_cvd_m60                             = 0.007287
2025-12-21 20:18:40 - ml.src.training.sequence_feature_analysis - INFO -   16. t-6_bb_pos_m60                           = 0.007203
2025-12-21 20:18:40 - ml.src.training.sequence_feature_analysis - INFO -   17. t-11_obv_m60                             = 0.007191
2025-12-21 20:18:40 - ml.src.training.sequence_feature_analysis - INFO -   18. t-22_obv_m60                             = 0.007050
2025-12-21 20:18:40 - ml.src.training.sequence_feature_analysis - INFO -   19. t-17_rsi_m15                             = 0.006217
2025-12-21 20:18:40 - ml.src.training.sequence_feature_analysis - INFO -   20. t-16_bb_pos_m60                          = 0.006139
2025-12-21 20:18:40 - ml.src.training.sequence_feature_analysis - INFO -   21. t-4_obv_m60                              = 0.006089
2025-12-21 20:18:40 - ml.src.training.sequence_feature_analysis - INFO -   22. t-45_atr_norm_m5                         = 0.005807
2025-12-21 20:18:40 - ml.src.training.sequence_feature_analysis - INFO -   23. t-1_dist_sma_200                         = 0.005157
2025-12-21 20:18:40 - ml.src.training.sequence_feature_analysis - INFO -   24. t-0_bb_pos_m60                           = 0.005030
2025-12-21 20:18:40 - ml.src.training.sequence_feature_analysis - INFO -   25. t-18_obv_m60                             = 0.005011
2025-12-21 20:18:40 - ml.src.training.sequence_feature_analysis - INFO -   26. t-6_volume_m15_norm                      = 0.005004
2025-12-21 20:18:40 - ml.src.training.sequence_feature_analysis - INFO -   27. t-8_bb_pos_m60                           = 0.005002
2025-12-21 20:18:40 - ml.src.training.sequence_feature_analysis - INFO -   28. t-35_dist_sma_20_m15                     = 0.004880
2025-12-21 20:18:40 - ml.src.training.sequence_feature_analysis - INFO -   29. t-37_macd_hist_m5                        = 0.004730
2025-12-21 20:18:40 - ml.src.training.sequence_feature_analysis - INFO -   30. t-3_cvd_m15                              = 0.004540
2025-12-21 20:18:40 - ml.src.training.sequence_feature_analysis - INFO - 
Aggregated importance by feature type:
2025-12-21 20:18:40 - ml.src.training.sequence_feature_analysis - INFO -   obv_m60                        = 0.106547
2025-12-21 20:18:40 - ml.src.training.sequence_feature_analysis - INFO -   bb_pos_m60                     = 0.079871
2025-12-21 20:18:40 - ml.src.training.sequence_feature_analysis - INFO -   volume_m15_norm                = 0.060996
2025-12-21 20:18:40 - ml.src.training.sequence_feature_analysis - INFO -   cvd_m15                        = 0.057957
2025-12-21 20:18:40 - ml.src.training.sequence_feature_analysis - INFO -   atr_norm_m5                    = 0.056416
2025-12-21 20:18:40 - ml.src.training.sequence_feature_analysis - INFO -   adx                            = 0.047456
2025-12-21 20:18:40 - ml.src.training.sequence_feature_analysis - INFO -   macd_hist_m5                   = 0.046437
2025-12-21 20:18:40 - ml.src.training.sequence_feature_analysis - INFO -   dist_sma_20_m15                = 0.044953
2025-12-21 20:18:40 - ml.src.training.sequence_feature_analysis - INFO -   bb_pos_m15                     = 0.043670
2025-12-21 20:18:40 - ml.src.training.sequence_feature_analysis - INFO -   rsi_m60                        = 0.042248
2025-12-21 20:18:40 - ml.src.training.sequence_artifacts - INFO - Saved feature importance to sequence_feature_importance.json
2025-12-21 20:18:40 - ml.src.pipeline_stages - INFO - Artifacts saved to C:\Users\Arek\Documents\Repos\Traiding\Trading-ML\ml\outputs\models
2025-12-21 20:18:40 - __main__ - INFO - 
================================================================================
2025-12-21 20:18:40 - __main__ - INFO - TRAINING COMPLETE - SUMMARY
2025-12-21 20:18:40 - __main__ - INFO - ================================================================================
2025-12-21 20:18:40 - __main__ - INFO - End time: 2025-12-21 20:18:40
2025-12-21 20:18:40 - __main__ - INFO - 
Final Metrics:
2025-12-21 20:18:40 - __main__ - INFO -   Window Size:       50 candles
2025-12-21 20:18:40 - __main__ - INFO -   Threshold:         0.3000
2025-12-21 20:18:40 - __main__ - INFO -   WIN RATE:          0.7000 (70.00%)
2025-12-21 20:18:40 - __main__ - INFO -   Precision:         0.7000
2025-12-21 20:18:40 - __main__ - INFO -   Recall:            0.2188
2025-12-21 20:18:40 - __main__ - INFO -   F1 Score:          0.3333
2025-12-21 20:18:40 - __main__ - INFO -   ROC-AUC:           0.6109
2025-12-21 20:18:40 - __main__ - INFO -   PR-AUC:            0.4430
2025-12-21 20:18:40 - __main__ - INFO - 
Artifacts saved to: C:\Users\Arek\Documents\Repos\Traiding\Trading-ML\ml\outputs\models
2025-12-21 20:18:40 - __main__ - INFO - ================================================================================
