2025-12-21 01:20:47 - ml.src.pipeline_config_extended - INFO - Pipeline configuration validated successfully
2025-12-21 01:20:47 - __main__ - INFO - 
================================================================================
2025-12-21 01:20:47 - __main__ - INFO - SEQUENCE XGBoost TRAINING PIPELINE - XAU/USD 1-Minute Data
2025-12-21 01:20:47 - __main__ - INFO - ================================================================================
2025-12-21 01:20:47 - __main__ - INFO - Log file: C:\Users\Arek\Documents\Repos\Traiding\Trading-ML\ml\outputs\logs\sequence_xgb_train_years_2025_20251221_012047.log
2025-12-21 01:20:47 - __main__ - INFO - Start time: 2025-12-21 01:20:47
2025-12-21 01:20:47 - __main__ - INFO - Data years: [2025]
2025-12-21 01:20:47 - __main__ - INFO - 
Pipeline Configuration:
2025-12-21 01:20:47 - __main__ - INFO -   Feature engineering version: v1
2025-12-21 01:20:47 - __main__ - INFO -   Window size: 50 candles
2025-12-21 01:20:47 - __main__ - INFO -   ATR SL multiplier: 1x (from risk_config.py)
2025-12-21 01:20:47 - __main__ - INFO -   ATR TP multiplier: 3.0x (from risk_config.py)
2025-12-21 01:20:47 - __main__ - INFO -   Min hold time: 2 M5 candles
2025-12-21 01:20:47 - __main__ - INFO -   Max horizon: 60 M5 candles
2025-12-21 01:20:47 - __main__ - INFO -   Trading session: london_ny
2025-12-21 01:20:47 - __main__ - INFO -   Threshold optimization: HYBRID (EV with precision AND recall floors)
2025-12-21 01:20:47 - __main__ - INFO -     - Min precision: 0.55
2025-12-21 01:20:47 - __main__ - INFO -     - Min recall: 0.2
2025-12-21 01:20:47 - __main__ - INFO -     - Win coefficient: 1.0
2025-12-21 01:20:47 - __main__ - INFO -     - Loss coefficient: -1.0
2025-12-21 01:20:47 - __main__ - INFO -   M5 alignment filter: disabled
2025-12-21 01:20:47 - __main__ - INFO -   Trend filter: enabled
2025-12-21 01:20:47 - __main__ - INFO -   Pullback filter: disabled
2025-12-21 01:20:47 - __main__ - INFO -   Random state: 42
2025-12-21 01:20:47 - __main__ - INFO - ================================================================================

2025-12-21 01:20:47 - ml.src.pipeline_stages - INFO - Loading data from C:\Users\Arek\Documents\Repos\Traiding\Trading-ML\ml\src\data
2025-12-21 01:20:47 - ml.src.data_loading.loaders - INFO - Year filter applied: loading only [2025]
2025-12-21 01:20:47 - ml.src.pipeline_stages - INFO - Loaded 18,875 rows from C:\Users\Arek\Documents\Repos\Traiding\Trading-ML\ml\src\data
2025-12-21 01:20:47 - ml.src.pipeline_stages - INFO - Date range: 2025-12-01 00:00:00 to 2025-12-18 17:39:00
2025-12-21 01:20:47 - ml.src.pipeline_stages - WARNING - window_size parameter is deprecated and ignored (passed: 50)
2025-12-21 01:20:47 - ml.src.pipeline_stages - WARNING - feature_version parameter is deprecated and ignored (passed: v1)
2025-12-21 01:20:47 - ml.src.pipeline_stages - INFO - Aggregating M1 data to M5 timeframe...
2025-12-21 01:20:47 - ml.src.features.engineer_m5 - INFO - Aggregating 18875 M1 candles to M5...
2025-12-21 01:20:47 - ml.src.features.engineer_m5 - INFO - Aggregated to 3776 M5 candles (5.0x compression)
2025-12-21 01:20:47 - ml.src.pipeline_stages - INFO - Aggregated 18,875 M1 candles → 3,776 M5 candles (20.0% compression)
2025-12-21 01:20:47 - ml.src.pipeline_stages - INFO - Engineering technical features on M5 timeframe (with M15/M60 context)...
2025-12-21 01:20:47 - ml.src.features.engineer_m5 - INFO - Engineering M5 features...
2025-12-21 01:20:47 - ml.src.features.engineer_m5 - INFO - Aggregating 3776 M1 candles to M5...
2025-12-21 01:20:47 - ml.src.features.engineer_m5 - INFO - Aggregated to 3776 M5 candles (1.0x compression)
2025-12-21 01:20:47 - ml.src.features.engineer_m5 - INFO - Computing M5 primary features...
2025-12-21 01:20:47 - ml.src.features.engineer_m5 - INFO - Computing M15 context from M5...
2025-12-21 01:20:47 - ml.src.features.engineer_m5 - INFO - Computing M60 context from M5...
2025-12-21 01:20:47 - ml.src.features.engineer_m5 - INFO - M5 feature engineering complete: 3776 rows × 24 features
2025-12-21 01:20:47 - ml.src.features.engineer_m5 - INFO - Timeframe: M5 (5-minute candles)
2025-12-21 01:20:47 - ml.src.features.engineer_m5 - INFO - Date range: 2025-12-01 00:00:00 to 2025-12-18 17:35:00
2025-12-21 01:20:47 - ml.src.pipeline_stages - INFO - Features shape: (3776, 24)
2025-12-21 01:20:47 - ml.src.pipeline_stages - INFO - Feature columns: 24
2025-12-21 01:20:47 - ml.src.features.engineer_m5 - INFO - Aggregating 18875 M1 candles to M5...
2025-12-21 01:20:47 - ml.src.features.engineer_m5 - INFO - Aggregated to 3776 M5 candles (5.0x compression)
2025-12-21 01:20:47 - ml.src.pipeline_stages - INFO - Creating targets on M5 timeframe (SL=1×ATR, TP=3.0×ATR, min_hold=2 M5 candles, max_horizon=60 M5 candles)
2025-12-21 01:20:47 - ml.src.targets.target_maker - INFO - Creating targets (SL/TP simulation) for 3,776 candles...
2025-12-21 01:20:47 - ml.src.targets.target_maker - INFO - Parameters: SL=1×ATR, TP=3.0×ATR, min_hold=2min, max_horizon=60min
2025-12-21 01:20:47 - ml.src.targets.target_maker - INFO - Calculating M1 ATR(14) for SL/TP targets (fallback)
2025-12-21 01:20:47 - ml.src.targets.target_maker - INFO - Target creation complete: 3,716 valid targets
2025-12-21 01:20:47 - ml.src.pipeline_stages - INFO - Targets shape: 3716
2025-12-21 01:20:47 - ml.src.pipeline_stages - INFO - Positive class (win): 871 (23.44%)
2025-12-21 01:20:47 - ml.src.pipeline_stages - INFO - Negative class (loss): 2,845 (76.56%)
2025-12-21 01:20:47 - ml.src.pipeline_stages - INFO - Creating sequences on M5 timeframe (window_size=50 M5 candles = 250 minutes)...
2025-12-21 01:20:47 - ml.src.pipeline_stages - INFO - Filter config: m5_alignment=False (already M5), trend=True, pullback=False, max_windows=200,000
2025-12-21 01:20:47 - ml.src.sequences.sequencer - INFO - M5 alignment filter disabled; keeping all timestamps irrespective of minute alignment
2025-12-21 01:20:47 - ml.src.sequences.sequencer - INFO - Applied Trend Filter (dist_sma_200 > 0.00, ADX > 15.00): kept 1711/3667 (46.7%)
2025-12-21 01:20:47 - ml.src.sequences.sequencer - INFO - Pullback filter disabled; not constraining RSI_M5
2025-12-21 01:20:47 - ml.src.sequences.sequencer - INFO - Session filter 'london_ny': keeping 1,039 / 3,667 windows (28.3%)
2025-12-21 01:20:47 - ml.src.pipeline_stages - INFO - Sequences created: X.shape=(1039, 1200), y.shape=(1039,)
2025-12-21 01:20:47 - ml.src.pipeline_stages - INFO - Positive class in sequences: 205 (19.73%)
2025-12-21 01:20:47 - ml.src.pipeline_stages - INFO - Splitting data chronologically (train/val/test)...
2025-12-21 01:20:47 - ml.src.pipeline_stages - INFO - Using percentage split (70/15/15) for year_filter=[2025]
2025-12-21 01:20:47 - ml.src.pipeline_stages - INFO - Split sizes: train=727, val=156, test=156
2025-12-21 01:20:47 - ml.src.pipeline_stages - INFO - Scaling features with RobustScaler (robust to outliers)...
2025-12-21 01:20:47 - ml.src.pipeline_stages - INFO - Feature scaling complete: mean=-0.0125, std=0.7390
2025-12-21 01:20:47 - __main__ - ERROR - Training pipeline failed: train_and_evaluate_stage() missing 1 required positional argument: 'min_recall'
Traceback (most recent call last):
  File "C:\Users\Arek\Documents\Repos\Traiding\Trading-ML\ml\src\pipelines\sequence_training_pipeline.py", line 339, in <module>
    metrics = run_pipeline(params)
  File "C:\Users\Arek\Documents\Repos\Traiding\Trading-ML\ml\src\pipelines\sequence_training_pipeline.py", line 244, in run_pipeline
    metrics, model = train_and_evaluate_stage(
                     ~~~~~~~~~~~~~~~~~~~~~~~~^
        X_train_scaled=X_train_scaled,
        ^^^^^^^^^^^^^^^^^^^^^^^^^^^^^^
    ...<12 lines>...
        ev_loss_coefficient=params.ev_loss_coefficient,
        ^^^^^^^^^^^^^^^^^^^^^^^^^^^^^^^^^^^^^^^^^^^^^^^
    )
    ^
TypeError: train_and_evaluate_stage() missing 1 required positional argument: 'min_recall'
