2025-12-21 22:31:57 - ml.src.pipeline_config_extended - INFO - Pipeline configuration validated successfully
2025-12-21 22:31:57 - __main__ - INFO - 
================================================================================
2025-12-21 22:31:57 - __main__ - INFO - SEQUENCE XGBoost TRAINING PIPELINE - XAU/USD 1-Minute Data
2025-12-21 22:31:57 - __main__ - INFO - ================================================================================
2025-12-21 22:31:57 - __main__ - INFO - Log file: C:\Users\Arek\Documents\Repos\Traiding\Trading-ML\ml\outputs\logs\sequence_xgb_train_years_2025_20251221_223157.log
2025-12-21 22:31:57 - __main__ - INFO - Start time: 2025-12-21 22:31:57
2025-12-21 22:31:57 - __main__ - INFO - Data years: [2025]
2025-12-21 22:31:57 - __main__ - INFO - 
Pipeline Configuration:
2025-12-21 22:31:57 - __main__ - INFO -   Feature engineering version: v1
2025-12-21 22:31:57 - __main__ - INFO -   Window size: 60 candles
2025-12-21 22:31:57 - __main__ - INFO -   ATR SL multiplier: 1.0x (from risk_config.py)
2025-12-21 22:31:57 - __main__ - INFO -   ATR TP multiplier: 2.0x (from risk_config.py)
2025-12-21 22:31:57 - __main__ - INFO -   Min hold time: 2 M5 candles
2025-12-21 22:31:57 - __main__ - INFO -   Max horizon: 60 M5 candles
2025-12-21 22:31:57 - __main__ - INFO -   Trading session: london_ny
2025-12-21 22:31:57 - __main__ - INFO -   Threshold optimization: HYBRID (EV with precision AND recall floors)
2025-12-21 22:31:57 - __main__ - INFO -     - Min precision: 0.55
2025-12-21 22:31:57 - __main__ - INFO -     - Min recall: 0.0
2025-12-21 22:31:57 - __main__ - INFO -     - Win coefficient: 1.0
2025-12-21 22:31:57 - __main__ - INFO -     - Loss coefficient: -1.0
2025-12-21 22:31:57 - __main__ - INFO -   M5 alignment filter: disabled
2025-12-21 22:31:57 - __main__ - INFO -   Trend filter: enabled
2025-12-21 22:31:57 - __main__ - INFO -   Pullback filter: disabled
2025-12-21 22:31:57 - __main__ - INFO -   Random state: 42
2025-12-21 22:31:57 - __main__ - INFO - ================================================================================

2025-12-21 22:31:57 - ml.src.pipeline_stages - INFO - Loading data from C:\Users\Arek\Documents\Repos\Traiding\Trading-ML\ml\src\data
2025-12-21 22:31:57 - ml.src.data_loading.loaders - INFO - Year filter applied: loading only [2025]
2025-12-21 22:31:57 - ml.src.pipeline_stages - INFO - Loaded 18,875 rows from C:\Users\Arek\Documents\Repos\Traiding\Trading-ML\ml\src\data
2025-12-21 22:31:57 - ml.src.pipeline_stages - INFO - Date range: 2025-12-01 00:00:00 to 2025-12-18 17:39:00
2025-12-21 22:31:57 - ml.src.pipeline_stages - WARNING - feature_version parameter is deprecated and ignored (passed: v1)
2025-12-21 22:31:57 - ml.src.pipeline_stages - INFO - Aggregating M1 data to M5 timeframe...
2025-12-21 22:31:57 - ml.src.features.engineer_m5 - INFO - Aggregating 18875 M1 candles to M5...
2025-12-21 22:31:57 - ml.src.features.engineer_m5 - INFO - Aggregated to 3776 M5 candles (5.0x compression)
2025-12-21 22:31:57 - ml.src.pipeline_stages - INFO - Aggregated 18,875 M1 candles → 3,776 M5 candles (20.0% compression)
2025-12-21 22:31:57 - ml.src.pipeline_stages - INFO - Engineering technical features on M5 timeframe (with M15/M60 context)...
2025-12-21 22:31:57 - ml.src.features.engineer_m5 - INFO - Engineering M5 features...
2025-12-21 22:31:57 - ml.src.features.engineer_m5 - INFO - Aggregating 3776 M1 candles to M5...
2025-12-21 22:31:57 - ml.src.features.engineer_m5 - INFO - Aggregated to 3776 M5 candles (1.0x compression)
2025-12-21 22:31:57 - ml.src.features.engineer_m5 - INFO - Computing M5 primary features...
2025-12-21 22:31:58 - ml.src.features.engineer_m5 - INFO - Computing M15 context from M5...
2025-12-21 22:31:58 - ml.src.features.engineer_m5 - INFO - Computing M60 context from M5...
2025-12-21 22:31:58 - ml.src.features.engineer_m5 - INFO - M5 feature engineering complete: 3776 rows × 24 features
2025-12-21 22:31:58 - ml.src.features.engineer_m5 - INFO - Timeframe: M5 (5-minute candles)
2025-12-21 22:31:58 - ml.src.features.engineer_m5 - INFO - Date range: 2025-12-01 00:00:00 to 2025-12-18 17:35:00
2025-12-21 22:31:58 - ml.src.pipeline_stages - INFO - Features shape: (3776, 24)
2025-12-21 22:31:58 - ml.src.pipeline_stages - INFO - Feature columns: 24
2025-12-21 22:31:58 - ml.src.features.engineer_m5 - INFO - Aggregating 18875 M1 candles to M5...
2025-12-21 22:31:58 - ml.src.features.engineer_m5 - INFO - Aggregated to 3776 M5 candles (5.0x compression)
2025-12-21 22:31:58 - ml.src.pipeline_stages - INFO - Creating targets on M5 timeframe (SL=1.0×ATR, TP=2.0×ATR, min_hold=2 M5 candles, max_horizon=60 M5 candles)
2025-12-21 22:31:58 - ml.src.targets.target_maker - INFO - Creating targets (SL/TP simulation) for 3,776 candles...
2025-12-21 22:31:58 - ml.src.targets.target_maker - INFO - Parameters: SL=1.0×ATR, TP=2.0×ATR, min_hold=2min, max_horizon=60min
2025-12-21 22:31:58 - ml.src.targets.target_maker - INFO - Calculating M1 ATR(14) for SL/TP targets (fallback)
2025-12-21 22:31:58 - ml.src.targets.target_maker - INFO - Target creation complete: 3,716 valid targets
2025-12-21 22:31:58 - ml.src.pipeline_stages - INFO - Targets shape: 3716
2025-12-21 22:31:58 - ml.src.pipeline_stages - INFO - Positive class (win): 1,174 (31.59%)
2025-12-21 22:31:58 - ml.src.pipeline_stages - INFO - Negative class (loss): 2,542 (68.41%)
2025-12-21 22:31:58 - ml.src.pipeline_stages - INFO - Creating sequences on M5 timeframe (window_size=60 M5 candles = 300 minutes)...
2025-12-21 22:31:58 - ml.src.pipeline_stages - INFO - Filter config: m5_alignment=False (already M5), trend=True, pullback=False, max_windows=200,000
2025-12-21 22:31:58 - ml.src.sequences.sequencer - INFO - M5 alignment filter disabled; keeping all timestamps irrespective of minute alignment
2025-12-21 22:31:58 - ml.src.sequences.sequencer - INFO - Applied Trend Filter (dist_sma_200 > 0.00, ADX > 15.00): kept 1701/3657 (46.5%)
2025-12-21 22:31:58 - ml.src.sequences.sequencer - INFO - Pullback filter disabled; not constraining RSI_M5
2025-12-21 22:31:58 - ml.src.sequences.sequencer - INFO - Session filter 'london_ny': keeping 1,039 / 3,657 windows (28.4%)
2025-12-21 22:31:58 - ml.src.pipeline_stages - INFO - Sequences created: X.shape=(1039, 1440), y.shape=(1039,)
2025-12-21 22:31:58 - ml.src.pipeline_stages - INFO - Positive class in sequences: 326 (31.38%)
2025-12-21 22:31:58 - ml.src.pipeline_stages - INFO - Splitting data chronologically (train/val/test)...
2025-12-21 22:31:58 - ml.src.pipeline_stages - INFO - Using percentage split (70/15/15) for year_filter=[2025]
2025-12-21 22:31:58 - ml.src.pipeline_stages - INFO - Split sizes: train=727, val=156, test=156
2025-12-21 22:31:58 - ml.src.pipeline_stages - INFO - Scaling features with RobustScaler (robust to outliers)...
2025-12-21 22:31:58 - ml.src.pipeline_stages - INFO - Feature scaling complete: mean=-0.0120, std=0.7337
2025-12-21 22:31:58 - ml.src.pipeline_stages - INFO - 
[POINT 1 OPTIMIZATION] Applying cost-sensitive learning...
2025-12-21 22:31:58 - ml.src.pipeline_stages - INFO -   Sample weights: positive=3.0, negative=1.0
2025-12-21 22:31:58 - ml.src.pipeline_stages - INFO -   Weight ratio (positive/negative): 3.00x
2025-12-21 22:31:58 - ml.src.pipeline_stages - INFO - Training XGBoost classifier...
2025-12-21 22:31:58 - ml.src.training.sequence_xgb_trainer - INFO - Class balance (train): pos=230, neg=497, imbalance_ratio=2.16
2025-12-21 22:31:58 - ml.src.training.sequence_xgb_trainer - INFO - Applied scale_pos_weight=2.1609 to handle class imbalance
2025-12-21 22:31:58 - ml.src.training.sequence_xgb_trainer - INFO - [POINT 1] Cost-Sensitive Learning: using sample weights (mean=1.6327)
2025-12-21 22:31:58 - ml.src.training.sequence_xgb_trainer - INFO - Training XGBoost classifier...
2025-12-21 22:32:26 - ml.src.training.sequence_xgb_trainer - INFO - Training completed
2025-12-21 22:32:26 - ml.src.pipeline_stages - INFO - Evaluating model on test set...
2025-12-21 22:32:26 - ml.src.training.sequence_evaluation - INFO - Probability stats: min=0.0021, max=0.8974, mean=0.1532, std=0.2164
2025-12-21 22:32:26 - ml.src.training.sequence_evaluation - INFO - Threshold constraints: min_precision=0.55, min_recall=0.00, min_trades=5, max_trades_per_day=15
2025-12-21 22:32:26 - ml.src.training.sequence_evaluation - INFO - Daily-cap recall upper bound: max_possible_recall≈0.5556 (max_trades_per_day=15)
2025-12-21 22:32:26 - ml.src.training.sequence_evaluation - INFO - Using HYBRID optimization: EV with precision AND recall floors...
2025-12-21 22:32:27 - ml.src.training.sequence_evaluation - INFO - Hybrid-optimized threshold: 0.0114 with EV_total=15.0000 (EV/trade=0.5172, precision=0.7586, recall=0.4074, trades=29, win_coeff=1.0, loss_coeff=-1.0)
2025-12-21 22:32:27 - ml.src.training.sequence_evaluation - INFO - Confusion matrix@thr=0.0115:
2025-12-21 22:32:27 - ml.src.training.sequence_evaluation - INFO -   [[TN=95, FP=7],
2025-12-21 22:32:27 - ml.src.training.sequence_evaluation - INFO -    [FN=32, TP=22]]
2025-12-21 22:32:27 - ml.src.training.sequence_evaluation - INFO - Effective min proba among selected trades (after daily cap) = 0.0115
2025-12-21 22:32:27 - ml.src.pipeline_stages - INFO - Evaluation metrics: threshold=0.0115, win_rate=0.7586 (75.86%), precision=0.7586, recall=0.4074, f1=0.5301, roc_auc=0.7251, pr_auc=0.6164
2025-12-21 22:32:27 - ml.src.pipeline_stages - INFO - Saving artifacts...
2025-12-21 22:32:27 - ml.src.training.sequence_artifacts - INFO - Saved model to sequence_xgb_model.pkl
2025-12-21 22:32:27 - ml.src.training.sequence_artifacts - INFO - Saved scaler to sequence_scaler.pkl (required for inference)
2025-12-21 22:32:27 - ml.src.training.sequence_artifacts - INFO - Saved feature columns to sequence_feature_columns.json
2025-12-21 22:32:27 - ml.src.training.sequence_artifacts - INFO - Saved metadata to sequence_threshold.json (analysis_window=7 days)
2025-12-21 22:32:27 - ml.src.training.sequence_artifacts - INFO - Analyzing feature importance...
2025-12-21 22:32:27 - ml.src.training.sequence_feature_analysis - INFO - 
Top 30 most important features:
2025-12-21 22:32:27 - ml.src.training.sequence_feature_analysis - INFO -    1. t-48_bb_pos_m15                          = 0.024069
2025-12-21 22:32:27 - ml.src.training.sequence_feature_analysis - INFO -    2. t-18_bb_pos_m60                          = 0.014023
2025-12-21 22:32:27 - ml.src.training.sequence_feature_analysis - INFO -    3. t-12_cvd_m15                             = 0.009945
2025-12-21 22:32:27 - ml.src.training.sequence_feature_analysis - INFO -    4. t-36_cvd_m15                             = 0.009491
2025-12-21 22:32:27 - ml.src.training.sequence_feature_analysis - INFO -    5. t-31_bb_pos_m60                          = 0.009016
2025-12-21 22:32:27 - ml.src.training.sequence_feature_analysis - INFO -    6. t-40_dist_sma_20_m15                     = 0.008263
2025-12-21 22:32:27 - ml.src.training.sequence_feature_analysis - INFO -    7. t-1_obv_m60                              = 0.006897
2025-12-21 22:32:27 - ml.src.training.sequence_feature_analysis - INFO -    8. t-35_obv_m60                             = 0.006856
2025-12-21 22:32:27 - ml.src.training.sequence_feature_analysis - INFO -    9. t-14_rsi_m15                             = 0.006523
2025-12-21 22:32:27 - ml.src.training.sequence_feature_analysis - INFO -   10. t-5_rsi_m60                              = 0.006469
2025-12-21 22:32:27 - ml.src.training.sequence_feature_analysis - INFO -   11. t-5_bb_pos_m60                           = 0.006231
2025-12-21 22:32:27 - ml.src.training.sequence_feature_analysis - INFO -   12. t-5_rsi_m15                              = 0.006083
2025-12-21 22:32:27 - ml.src.training.sequence_feature_analysis - INFO -   13. t-7_bb_pos_m60                           = 0.006023
2025-12-21 22:32:27 - ml.src.training.sequence_feature_analysis - INFO -   14. t-2_cvd_m15                              = 0.005853
2025-12-21 22:32:27 - ml.src.training.sequence_feature_analysis - INFO -   15. t-2_bb_pos_m60                           = 0.005713
2025-12-21 22:32:27 - ml.src.training.sequence_feature_analysis - INFO -   16. t-1_dist_sma_200                         = 0.005645
2025-12-21 22:32:27 - ml.src.training.sequence_feature_analysis - INFO -   17. t-0_atr_norm_m5                          = 0.005608
2025-12-21 22:32:27 - ml.src.training.sequence_feature_analysis - INFO -   18. t-50_obv_m15                             = 0.005303
2025-12-21 22:32:27 - ml.src.training.sequence_feature_analysis - INFO -   19. t-27_obv_m15                             = 0.005235
2025-12-21 22:32:27 - ml.src.training.sequence_feature_analysis - INFO -   20. t-2_dist_sma_20_m5                       = 0.005101
2025-12-21 22:32:27 - ml.src.training.sequence_feature_analysis - INFO -   21. t-4_obv_m60                              = 0.005043
2025-12-21 22:32:27 - ml.src.training.sequence_feature_analysis - INFO -   22. t-26_rsi_m5                              = 0.004780
2025-12-21 22:32:27 - ml.src.training.sequence_feature_analysis - INFO -   23. t-49_cvd_m15                             = 0.004751
2025-12-21 22:32:27 - ml.src.training.sequence_feature_analysis - INFO -   24. t-44_volume_m15_norm                     = 0.004630
2025-12-21 22:32:27 - ml.src.training.sequence_feature_analysis - INFO -   25. t-6_bb_pos_m60                           = 0.004590
2025-12-21 22:32:27 - ml.src.training.sequence_feature_analysis - INFO -   26. t-4_obv_m15                              = 0.004532
2025-12-21 22:32:27 - ml.src.training.sequence_feature_analysis - INFO -   27. t-59_rsi_m15                             = 0.004470
2025-12-21 22:32:27 - ml.src.training.sequence_feature_analysis - INFO -   28. t-15_rsi_m15                             = 0.004407
2025-12-21 22:32:27 - ml.src.training.sequence_feature_analysis - INFO -   29. t-3_cvd_m15                              = 0.004398
2025-12-21 22:32:27 - ml.src.training.sequence_feature_analysis - INFO -   30. t-6_dist_sma_20_m15                      = 0.004079
2025-12-21 22:32:27 - ml.src.training.sequence_feature_analysis - INFO - 
Aggregated importance by feature type:
2025-12-21 22:32:27 - ml.src.training.sequence_feature_analysis - INFO -   bb_pos_m60                     = 0.088710
2025-12-21 22:32:27 - ml.src.training.sequence_feature_analysis - INFO -   obv_m15                        = 0.078616
2025-12-21 22:32:27 - ml.src.training.sequence_feature_analysis - INFO -   cvd_m15                        = 0.062753
2025-12-21 22:32:27 - ml.src.training.sequence_feature_analysis - INFO -   bb_pos_m15                     = 0.055838
2025-12-21 22:32:27 - ml.src.training.sequence_feature_analysis - INFO -   rsi_m15                        = 0.052838
2025-12-21 22:32:27 - ml.src.training.sequence_feature_analysis - INFO -   obv_m60                        = 0.051493
2025-12-21 22:32:27 - ml.src.training.sequence_feature_analysis - INFO -   dist_sma_20_m15                = 0.046394
2025-12-21 22:32:27 - ml.src.training.sequence_feature_analysis - INFO -   dist_sma_20_m5                 = 0.042686
2025-12-21 22:32:27 - ml.src.training.sequence_feature_analysis - INFO -   adx                            = 0.042028
2025-12-21 22:32:27 - ml.src.training.sequence_feature_analysis - INFO -   rsi_m5                         = 0.041385
2025-12-21 22:32:27 - ml.src.training.sequence_artifacts - INFO - Saved feature importance to sequence_feature_importance.json
2025-12-21 22:32:27 - ml.src.pipeline_stages - INFO - Artifacts saved to C:\Users\Arek\Documents\Repos\Traiding\Trading-ML\ml\outputs\models
2025-12-21 22:32:27 - __main__ - INFO - 
================================================================================
2025-12-21 22:32:27 - __main__ - INFO - TRAINING COMPLETE - SUMMARY
2025-12-21 22:32:27 - __main__ - INFO - ================================================================================
2025-12-21 22:32:27 - __main__ - INFO - End time: 2025-12-21 22:32:27
2025-12-21 22:32:27 - __main__ - INFO - 
Final Metrics:
2025-12-21 22:32:27 - __main__ - INFO -   Window Size:       60 candles
2025-12-21 22:32:27 - __main__ - INFO -   Threshold:         0.0115
2025-12-21 22:32:27 - __main__ - INFO -   WIN RATE:          0.7586 (75.86%)
2025-12-21 22:32:27 - __main__ - INFO -   Precision:         0.7586
2025-12-21 22:32:27 - __main__ - INFO -   Recall:            0.4074
2025-12-21 22:32:27 - __main__ - INFO -   F1 Score:          0.5301
2025-12-21 22:32:27 - __main__ - INFO -   ROC-AUC:           0.7251
2025-12-21 22:32:27 - __main__ - INFO -   PR-AUC:            0.6164
2025-12-21 22:32:27 - __main__ - INFO - 
Artifacts saved to: C:\Users\Arek\Documents\Repos\Traiding\Trading-ML\ml\outputs\models
2025-12-21 22:32:27 - __main__ - INFO - ================================================================================
