2025-12-20 23:47:31 - ml.src.pipeline_config_extended - INFO - Pipeline configuration validated successfully
2025-12-20 23:47:31 - __main__ - INFO - 
================================================================================
2025-12-20 23:47:31 - __main__ - INFO - SEQUENCE XGBoost TRAINING PIPELINE - XAU/USD 1-Minute Data
2025-12-20 23:47:31 - __main__ - INFO - ================================================================================
2025-12-20 23:47:31 - __main__ - INFO - Log file: C:\Users\Arek\Documents\Repos\Traiding\Trading-ML\ml\outputs\logs\sequence_xgb_train_years_2024_2025_20251220_234731.log
2025-12-20 23:47:31 - __main__ - INFO - Start time: 2025-12-20 23:47:31
2025-12-20 23:47:31 - __main__ - INFO - Data years: [2024, 2025]
2025-12-20 23:47:31 - __main__ - INFO - 
Pipeline Configuration:
2025-12-20 23:47:31 - __main__ - INFO -   Feature engineering version: v1
2025-12-20 23:47:31 - __main__ - INFO -   Window size: 50 candles
2025-12-20 23:47:31 - __main__ - INFO -   ATR SL multiplier: 1x (from risk_config.py)
2025-12-20 23:47:31 - __main__ - INFO -   ATR TP multiplier: 3.0x (from risk_config.py)
2025-12-20 23:47:31 - __main__ - INFO -   Min hold time: 5 minutes
2025-12-20 23:47:31 - __main__ - INFO -   Max horizon: 60 candles
2025-12-20 23:47:31 - __main__ - INFO -   Trading session: london_ny
2025-12-20 23:47:31 - __main__ - INFO -   Min precision threshold: 0.55
2025-12-20 23:47:31 - __main__ - INFO -   M5 alignment filter: disabled
2025-12-20 23:47:31 - __main__ - INFO -   Trend filter: enabled
2025-12-20 23:47:31 - __main__ - INFO -   Pullback filter: disabled
2025-12-20 23:47:31 - __main__ - INFO -   Random state: 42
2025-12-20 23:47:31 - __main__ - INFO - ================================================================================

2025-12-20 23:47:31 - ml.src.pipeline_stages - INFO - Loading data from C:\Users\Arek\Documents\Repos\Traiding\Trading-ML\ml\src\data
2025-12-20 23:47:31 - ml.src.data_loading.loaders - INFO - Year filter applied: loading only [2024, 2025]
2025-12-20 23:47:31 - ml.src.pipeline_stages - INFO - Loaded 374,536 rows from C:\Users\Arek\Documents\Repos\Traiding\Trading-ML\ml\src\data
2025-12-20 23:47:31 - ml.src.pipeline_stages - INFO - Date range: 2024-01-02 01:00:00 to 2025-12-18 17:39:00
2025-12-20 23:47:31 - ml.src.pipeline_stages - WARNING - window_size parameter is deprecated and ignored (passed: 50)
2025-12-20 23:47:31 - ml.src.pipeline_stages - WARNING - feature_version parameter is deprecated and ignored (passed: v1)
2025-12-20 23:47:31 - ml.src.pipeline_stages - INFO - Aggregating M1 data to M5 timeframe...
2025-12-20 23:47:31 - ml.src.features.engineer_m5 - INFO - Aggregating 374536 M1 candles to M5...
2025-12-20 23:47:32 - ml.src.features.engineer_m5 - INFO - Aggregated to 74984 M5 candles (5.0x compression)
2025-12-20 23:47:32 - ml.src.pipeline_stages - INFO - Aggregated 374,536 M1 candles → 74,984 M5 candles (20.0% compression)
2025-12-20 23:47:32 - ml.src.pipeline_stages - INFO - Engineering technical features on M5 timeframe (with M15/M60 context)...
2025-12-20 23:47:32 - ml.src.features.engineer_m5 - INFO - Engineering M5 features...
2025-12-20 23:47:32 - ml.src.features.engineer_m5 - INFO - Aggregating 74984 M1 candles to M5...
2025-12-20 23:47:32 - ml.src.features.engineer_m5 - INFO - Aggregated to 74984 M5 candles (1.0x compression)
2025-12-20 23:47:32 - ml.src.features.engineer_m5 - INFO - Computing M5 primary features...
2025-12-20 23:47:32 - ml.src.features.engineer_m5 - INFO - Computing M15 context from M5...
2025-12-20 23:47:32 - ml.src.features.engineer_m5 - INFO - Computing M60 context from M5...
2025-12-20 23:47:32 - ml.src.features.engineer_m5 - INFO - M5 feature engineering complete: 74984 rows × 20 features
2025-12-20 23:47:32 - ml.src.features.engineer_m5 - INFO - Timeframe: M5 (5-minute candles)
2025-12-20 23:47:32 - ml.src.features.engineer_m5 - INFO - Date range: 2024-01-02 01:00:00 to 2025-12-18 17:35:00
2025-12-20 23:47:32 - ml.src.pipeline_stages - INFO - Features shape: (74984, 20)
2025-12-20 23:47:32 - ml.src.pipeline_stages - INFO - Feature columns: 20
2025-12-20 23:47:32 - ml.src.features.engineer_m5 - INFO - Aggregating 374536 M1 candles to M5...
2025-12-20 23:47:32 - ml.src.features.engineer_m5 - INFO - Aggregated to 74984 M5 candles (5.0x compression)
2025-12-20 23:47:32 - ml.src.pipeline_stages - INFO - Creating targets on M5 timeframe (SL=1×ATR, TP=3.0×ATR, min_hold=5 M5 candles, max_horizon=60 M5 candles)
2025-12-20 23:47:32 - ml.src.targets.target_maker - INFO - Creating targets (SL/TP simulation) for 74,984 candles...
2025-12-20 23:47:32 - ml.src.targets.target_maker - INFO - Parameters: SL=1×ATR, TP=3.0×ATR, min_hold=5min, max_horizon=60min
2025-12-20 23:47:32 - ml.src.targets.target_maker - INFO - Calculating M1 ATR(14) for SL/TP targets (fallback)
2025-12-20 23:47:32 - ml.src.targets.target_maker - INFO - Target creation complete: 74,924 valid targets
2025-12-20 23:47:32 - ml.src.pipeline_stages - INFO - Targets shape: 74924
2025-12-20 23:47:32 - ml.src.pipeline_stages - INFO - Positive class (win): 22,301 (29.76%)
2025-12-20 23:47:32 - ml.src.pipeline_stages - INFO - Negative class (loss): 52,623 (70.24%)
2025-12-20 23:47:32 - ml.src.pipeline_stages - INFO - Creating sequences on M5 timeframe (window_size=50 M5 candles = 250 minutes)...
2025-12-20 23:47:32 - ml.src.pipeline_stages - INFO - Filter config: m5_alignment=False (already M5), trend=True, pullback=False, max_windows=200,000
2025-12-20 23:47:32 - ml.src.sequences.sequencer - INFO - M5 alignment filter disabled; keeping all timestamps irrespective of minute alignment
2025-12-20 23:47:32 - ml.src.sequences.sequencer - INFO - Applied Trend Filter (dist_sma_200 > 0.00, ADX > 15.00): kept 39148/74875 (52.3%)
2025-12-20 23:47:32 - ml.src.sequences.sequencer - INFO - Pullback filter disabled; not constraining RSI_M5
2025-12-20 23:47:32 - ml.src.sequences.sequencer - INFO - Session filter 'london_ny': keeping 23,951 / 74,875 windows (32.0%)
2025-12-20 23:47:32 - ml.src.pipeline_stages - INFO - Sequences created: X.shape=(23951, 1000), y.shape=(23951,)
2025-12-20 23:47:32 - ml.src.pipeline_stages - INFO - Positive class in sequences: 6,694 (27.95%)
2025-12-20 23:47:32 - ml.src.pipeline_stages - INFO - Splitting data chronologically (train/val/test)...
2025-12-20 23:47:32 - ml.src.pipeline_stages - INFO - Using percentage split (70/15/15) for year_filter=[2024, 2025]
2025-12-20 23:47:32 - ml.src.pipeline_stages - INFO - Split sizes: train=16,765, val=3,593, test=3,593
2025-12-20 23:47:32 - ml.src.pipeline_stages - INFO - Scaling features with RobustScaler (robust to outliers)...
2025-12-20 23:47:34 - ml.src.pipeline_stages - INFO - Feature scaling complete: mean=-0.0059, std=0.7709
2025-12-20 23:47:34 - ml.src.pipeline_stages - INFO - Training XGBoost classifier...
2025-12-20 23:47:34 - ml.src.training.sequence_xgb_trainer - INFO - Class balance (train): pos=4,961, neg=11,804, imbalance_ratio=2.38
2025-12-20 23:47:34 - ml.src.training.sequence_xgb_trainer - INFO - Applied scale_pos_weight=2.3794 to handle class imbalance
2025-12-20 23:47:34 - ml.src.training.sequence_xgb_trainer - INFO - Training XGBoost classifier...
2025-12-20 23:49:40 - ml.src.training.sequence_xgb_trainer - INFO - Training completed
2025-12-20 23:49:40 - ml.src.pipeline_stages - INFO - Evaluating model on test set...
2025-12-20 23:49:40 - ml.src.training.sequence_evaluation - INFO - Probability stats: min=0.0023, max=0.9926, mean=0.3290, std=0.2385
2025-12-20 23:49:42 - ml.src.training.sequence_evaluation - INFO - Confusion matrix@thr=0.54:
2025-12-20 23:49:42 - ml.src.training.sequence_evaluation - INFO -   [[TN=2687, FP=115],
2025-12-20 23:49:42 - ml.src.training.sequence_evaluation - INFO -    [FN=592, TP=199]]
2025-12-20 23:49:42 - ml.src.pipeline_stages - INFO - Evaluation metrics: threshold=0.54, win_rate=0.6338 (63.38%), precision=0.6338, recall=0.2516, f1=0.3602, roc_auc=0.7669, pr_auc=0.5263
2025-12-20 23:49:42 - ml.src.pipeline_stages - INFO - Saving artifacts...
2025-12-20 23:49:42 - ml.src.training.sequence_artifacts - INFO - Saved model to sequence_xgb_model.pkl
2025-12-20 23:49:42 - ml.src.training.sequence_artifacts - INFO - Saved scaler to sequence_scaler.pkl (required for inference)
2025-12-20 23:49:42 - ml.src.training.sequence_artifacts - INFO - Saved feature columns to sequence_feature_columns.json
2025-12-20 23:49:42 - ml.src.training.sequence_artifacts - INFO - Saved metadata to sequence_threshold.json (analysis_window=7 days)
2025-12-20 23:49:42 - ml.src.training.sequence_artifacts - INFO - Analyzing feature importance...
2025-12-20 23:49:42 - ml.src.training.sequence_feature_analysis - INFO - 
Top 30 most important features:
2025-12-20 23:49:42 - ml.src.training.sequence_feature_analysis - INFO -    1. t-1_bb_pos_m60                           = 0.005568
2025-12-20 23:49:42 - ml.src.training.sequence_feature_analysis - INFO -    2. t-7_bb_pos_m60                           = 0.005289
2025-12-20 23:49:42 - ml.src.training.sequence_feature_analysis - INFO -    3. t-12_bb_pos_m60                          = 0.004675
2025-12-20 23:49:42 - ml.src.training.sequence_feature_analysis - INFO -    4. t-8_bb_pos_m60                           = 0.004493
2025-12-20 23:49:42 - ml.src.training.sequence_feature_analysis - INFO -    5. t-0_bb_pos_m60                           = 0.004207
2025-12-20 23:49:42 - ml.src.training.sequence_feature_analysis - INFO -    6. t-13_bb_pos_m60                          = 0.004172
2025-12-20 23:49:42 - ml.src.training.sequence_feature_analysis - INFO -    7. t-10_bb_pos_m60                          = 0.003831
2025-12-20 23:49:42 - ml.src.training.sequence_feature_analysis - INFO -    8. t-11_bb_pos_m60                          = 0.003525
2025-12-20 23:49:42 - ml.src.training.sequence_feature_analysis - INFO -    9. t-2_dist_sma_20_m15                      = 0.003429
2025-12-20 23:49:42 - ml.src.training.sequence_feature_analysis - INFO -   10. t-0_dist_sma_200                         = 0.003176
2025-12-20 23:49:42 - ml.src.training.sequence_feature_analysis - INFO -   11. t-1_dist_sma_20_m15                      = 0.003107
2025-12-20 23:49:42 - ml.src.training.sequence_feature_analysis - INFO -   12. t-2_bb_pos_m60                           = 0.003074
2025-12-20 23:49:42 - ml.src.training.sequence_feature_analysis - INFO -   13. t-2_bb_pos_m15                           = 0.002946
2025-12-20 23:49:42 - ml.src.training.sequence_feature_analysis - INFO -   14. t-9_bb_pos_m60                           = 0.002903
2025-12-20 23:49:42 - ml.src.training.sequence_feature_analysis - INFO -   15. t-6_bb_pos_m60                           = 0.002841
2025-12-20 23:49:42 - ml.src.training.sequence_feature_analysis - INFO -   16. t-8_rsi_m60                              = 0.002508
2025-12-20 23:49:42 - ml.src.training.sequence_feature_analysis - INFO -   17. t-12_cvd_m60                             = 0.002397
2025-12-20 23:49:42 - ml.src.training.sequence_feature_analysis - INFO -   18. t-37_rsi_m60                             = 0.002317
2025-12-20 23:49:42 - ml.src.training.sequence_feature_analysis - INFO -   19. t-29_cvd_m60                             = 0.002295
2025-12-20 23:49:42 - ml.src.training.sequence_feature_analysis - INFO -   20. t-0_cvd_m5                               = 0.002289
2025-12-20 23:49:42 - ml.src.training.sequence_feature_analysis - INFO -   21. t-0_rsi_m60                              = 0.002223
2025-12-20 23:49:42 - ml.src.training.sequence_feature_analysis - INFO -   22. t-2_cvd_m15                              = 0.002218
2025-12-20 23:49:42 - ml.src.training.sequence_feature_analysis - INFO -   23. t-1_cvd_m15                              = 0.002129
2025-12-20 23:49:42 - ml.src.training.sequence_feature_analysis - INFO -   24. t-14_cvd_m60                             = 0.002074
2025-12-20 23:49:42 - ml.src.training.sequence_feature_analysis - INFO -   25. t-11_cvd_m60                             = 0.002065
2025-12-20 23:49:42 - ml.src.training.sequence_feature_analysis - INFO -   26. t-8_cvd_m60                              = 0.002063
2025-12-20 23:49:42 - ml.src.training.sequence_feature_analysis - INFO -   27. t-0_dist_sma_20_m5                       = 0.002060
2025-12-20 23:49:42 - ml.src.training.sequence_feature_analysis - INFO -   28. t-13_cvd_m60                             = 0.002043
2025-12-20 23:49:42 - ml.src.training.sequence_feature_analysis - INFO -   29. t-36_rsi_m60                             = 0.002034
2025-12-20 23:49:42 - ml.src.training.sequence_feature_analysis - INFO -   30. t-14_bb_pos_m60                          = 0.002025
2025-12-20 23:49:42 - ml.src.training.sequence_feature_analysis - INFO - 
Aggregated importance by feature type:
2025-12-20 23:49:42 - ml.src.training.sequence_feature_analysis - INFO -   bb_pos_m60                     = 0.105132
2025-12-20 23:49:42 - ml.src.training.sequence_feature_analysis - INFO -   cvd_m60                        = 0.076661
2025-12-20 23:49:42 - ml.src.training.sequence_feature_analysis - INFO -   rsi_m60                        = 0.068906
2025-12-20 23:49:42 - ml.src.training.sequence_feature_analysis - INFO -   dist_sma_20_m15                = 0.057502
2025-12-20 23:49:42 - ml.src.training.sequence_feature_analysis - INFO -   rsi_m15                        = 0.056868
2025-12-20 23:49:42 - ml.src.training.sequence_feature_analysis - INFO -   cvd_m15                        = 0.055434
2025-12-20 23:49:42 - ml.src.training.sequence_feature_analysis - INFO -   dist_sma_200                   = 0.054397
2025-12-20 23:49:42 - ml.src.training.sequence_feature_analysis - INFO -   bb_pos_m15                     = 0.053414
2025-12-20 23:49:42 - ml.src.training.sequence_feature_analysis - INFO -   volume_m15_norm                = 0.053339
2025-12-20 23:49:42 - ml.src.training.sequence_feature_analysis - INFO -   adx                            = 0.049979
2025-12-20 23:49:42 - ml.src.training.sequence_artifacts - INFO - Saved feature importance to sequence_feature_importance.json
2025-12-20 23:49:42 - ml.src.pipeline_stages - INFO - Artifacts saved to C:\Users\Arek\Documents\Repos\Traiding\Trading-ML\ml\outputs\models
2025-12-20 23:49:42 - __main__ - INFO - 
================================================================================
2025-12-20 23:49:42 - __main__ - INFO - TRAINING COMPLETE - SUMMARY
2025-12-20 23:49:42 - __main__ - INFO - ================================================================================
2025-12-20 23:49:42 - __main__ - INFO - End time: 2025-12-20 23:49:42
2025-12-20 23:49:42 - __main__ - INFO - 
Final Metrics:
2025-12-20 23:49:42 - __main__ - INFO -   Window Size:       50 candles
2025-12-20 23:49:42 - __main__ - INFO -   Threshold:         0.5350
2025-12-20 23:49:42 - __main__ - INFO -   WIN RATE:          0.6338 (63.38%)
2025-12-20 23:49:42 - __main__ - INFO -   Precision:         0.6338
2025-12-20 23:49:42 - __main__ - INFO -   Recall:            0.2516
2025-12-20 23:49:42 - __main__ - INFO -   F1 Score:          0.3602
2025-12-20 23:49:42 - __main__ - INFO -   ROC-AUC:           0.7669
2025-12-20 23:49:42 - __main__ - INFO -   PR-AUC:            0.5263
2025-12-20 23:49:42 - __main__ - INFO - 
Artifacts saved to: C:\Users\Arek\Documents\Repos\Traiding\Trading-ML\ml\outputs\models
2025-12-20 23:49:42 - __main__ - INFO - ================================================================================
